{"D:\\Work\\Phincon\\caloried\\server\\index.js": {"path":"D:\\Work\\Phincon\\caloried\\server\\index.js","statementMap":{"0":{"start":{"line":1,"column":0},"end":{"line":1,"column":27}},"1":{"start":{"line":2,"column":16},"end":{"line":2,"column":34}},"2":{"start":{"line":3,"column":13},"end":{"line":3,"column":28}},"3":{"start":{"line":4,"column":12},"end":{"line":4,"column":21}},"4":{"start":{"line":5,"column":15},"end":{"line":5,"column":43}},"5":{"start":{"line":6,"column":27},"end":{"line":6,"column":63}},"6":{"start":{"line":8,"column":0},"end":{"line":8,"column":16}},"7":{"start":{"line":9,"column":0},"end":{"line":9,"column":24}},"8":{"start":{"line":10,"column":0},"end":{"line":10,"column":48}},"9":{"start":{"line":11,"column":0},"end":{"line":11,"column":47}},"10":{"start":{"line":13,"column":0},"end":{"line":13,"column":24}},"11":{"start":{"line":15,"column":0},"end":{"line":17,"column":3}},"12":{"start":{"line":16,"column":2},"end":{"line":16,"column":64}},"13":{"start":{"line":19,"column":0},"end":{"line":23,"column":1}},"14":{"start":{"line":20,"column":2},"end":{"line":22,"column":5}},"15":{"start":{"line":21,"column":4},"end":{"line":21,"column":65}},"16":{"start":{"line":25,"column":0},"end":{"line":25,"column":21}}},"fnMap":{"0":{"name":"(anonymous_0)","decl":{"start":{"line":15,"column":13},"end":{"line":15,"column":14}},"loc":{"start":{"line":15,"column":27},"end":{"line":17,"column":1}},"line":15},"1":{"name":"(anonymous_1)","decl":{"start":{"line":20,"column":31},"end":{"line":20,"column":32}},"loc":{"start":{"line":20,"column":37},"end":{"line":22,"column":3}},"line":20}},"branchMap":{"0":{"loc":{"start":{"line":19,"column":0},"end":{"line":23,"column":1}},"type":"if","locations":[{"start":{"line":19,"column":0},"end":{"line":23,"column":1}},{"start":{},"end":{}}],"line":19}},"s":{"0":4,"1":4,"2":4,"3":4,"4":4,"5":4,"6":4,"7":4,"8":4,"9":4,"10":4,"11":4,"12":0,"13":4,"14":0,"15":0,"16":4},"f":{"0":0,"1":0},"b":{"0":[0,4]},"_coverageSchema":"1a1c01bbd47fc00a2c39e90264f33305004495a9","hash":"397499caf92b5e22ca2c7d3b39e45d6293061758"}
,"D:\\Work\\Phincon\\caloried\\server\\controllers\\auth.controller.js": {"path":"D:\\Work\\Phincon\\caloried\\server\\controllers\\auth.controller.js","statementMap":{"0":{"start":{"line":1,"column":15},"end":{"line":1,"column":35}},"1":{"start":{"line":2,"column":17},"end":{"line":2,"column":37}},"2":{"start":{"line":6,"column":4},"end":{"line":6,"column":41}},"3":{"start":{"line":7,"column":42},"end":{"line":7,"column":68}},"4":{"start":{"line":13,"column":4},"end":{"line":13,"column":27}},"5":{"start":{"line":17,"column":4},"end":{"line":17,"column":34}},"6":{"start":{"line":18,"column":37},"end":{"line":18,"column":57}},"7":{"start":{"line":24,"column":4},"end":{"line":24,"column":43}},"8":{"start":{"line":25,"column":32},"end":{"line":25,"column":65}},"9":{"start":{"line":27,"column":0},"end":{"line":100,"column":2}},"10":{"start":{"line":28,"column":2},"end":{"line":99,"column":3}},"11":{"start":{"line":29,"column":21},"end":{"line":29,"column":29}},"12":{"start":{"line":31,"column":26},"end":{"line":34,"column":33}},"13":{"start":{"line":36,"column":4},"end":{"line":36,"column":38}},"14":{"start":{"line":38,"column":29},"end":{"line":38,"column":65}},"15":{"start":{"line":39,"column":4},"end":{"line":41,"column":5}},"16":{"start":{"line":40,"column":6},"end":{"line":40,"column":77}},"17":{"start":{"line":52,"column":8},"end":{"line":52,"column":13}},"18":{"start":{"line":54,"column":25},"end":{"line":58,"column":6}},"19":{"start":{"line":59,"column":4},"end":{"line":63,"column":5}},"20":{"start":{"line":60,"column":6},"end":{"line":62,"column":9}},"21":{"start":{"line":65,"column":27},"end":{"line":65,"column":49}},"22":{"start":{"line":67,"column":20},"end":{"line":78,"column":6}},"23":{"start":{"line":79,"column":16},"end":{"line":79,"column":66}},"24":{"start":{"line":80,"column":4},"end":{"line":80,"column":47}},"25":{"start":{"line":81,"column":30},"end":{"line":81,"column":72}},"26":{"start":{"line":82,"column":4},"end":{"line":82,"column":48}},"27":{"start":{"line":84,"column":4},"end":{"line":96,"column":5}},"28":{"start":{"line":85,"column":6},"end":{"line":89,"column":9}},"29":{"start":{"line":91,"column":6},"end":{"line":91,"column":34}},"30":{"start":{"line":92,"column":6},"end":{"line":95,"column":9}},"31":{"start":{"line":98,"column":4},"end":{"line":98,"column":34}},"32":{"start":{"line":102,"column":0},"end":{"line":128,"column":2}},"33":{"start":{"line":103,"column":2},"end":{"line":127,"column":3}},"34":{"start":{"line":104,"column":22},"end":{"line":104,"column":30}},"35":{"start":{"line":106,"column":17},"end":{"line":108,"column":6}},"36":{"start":{"line":110,"column":4},"end":{"line":112,"column":5}},"37":{"start":{"line":111,"column":6},"end":{"line":111,"column":70}},"38":{"start":{"line":113,"column":4},"end":{"line":115,"column":5}},"39":{"start":{"line":114,"column":6},"end":{"line":114,"column":78}},"40":{"start":{"line":117,"column":19},"end":{"line":117,"column":69}},"41":{"start":{"line":119,"column":33},"end":{"line":119,"column":78}},"42":{"start":{"line":120,"column":4},"end":{"line":120,"column":67}},"43":{"start":{"line":122,"column":4},"end":{"line":122,"column":50}},"44":{"start":{"line":124,"column":4},"end":{"line":124,"column":77}},"45":{"start":{"line":126,"column":4},"end":{"line":126,"column":34}},"46":{"start":{"line":130,"column":0},"end":{"line":159,"column":2}},"47":{"start":{"line":131,"column":2},"end":{"line":158,"column":3}},"48":{"start":{"line":132,"column":27},"end":{"line":132,"column":35}},"49":{"start":{"line":133,"column":17},"end":{"line":133,"column":57}},"50":{"start":{"line":134,"column":4},"end":{"line":136,"column":5}},"51":{"start":{"line":135,"column":6},"end":{"line":135,"column":70}},"52":{"start":{"line":137,"column":4},"end":{"line":155,"column":5}},"53":{"start":{"line":138,"column":22},"end":{"line":138,"column":57}},"54":{"start":{"line":140,"column":6},"end":{"line":150,"column":7}},"55":{"start":{"line":141,"column":8},"end":{"line":141,"column":36}},"56":{"start":{"line":142,"column":8},"end":{"line":142,"column":38}},"57":{"start":{"line":143,"column":8},"end":{"line":143,"column":26}},"58":{"start":{"line":145,"column":8},"end":{"line":145,"column":36}},"59":{"start":{"line":147,"column":8},"end":{"line":147,"column":78}},"60":{"start":{"line":149,"column":8},"end":{"line":149,"column":69}},"61":{"start":{"line":152,"column":6},"end":{"line":154,"column":9}},"62":{"start":{"line":157,"column":4},"end":{"line":157,"column":34}},"63":{"start":{"line":161,"column":0},"end":{"line":219,"column":2}},"64":{"start":{"line":162,"column":2},"end":{"line":218,"column":3}},"65":{"start":{"line":163,"column":21},"end":{"line":163,"column":29}},"66":{"start":{"line":165,"column":26},"end":{"line":168,"column":33}},"67":{"start":{"line":170,"column":4},"end":{"line":170,"column":38}},"68":{"start":{"line":172,"column":29},"end":{"line":172,"column":62}},"69":{"start":{"line":173,"column":4},"end":{"line":175,"column":5}},"70":{"start":{"line":174,"column":6},"end":{"line":174,"column":77}},"71":{"start":{"line":177,"column":32},"end":{"line":177,"column":37}},"72":{"start":{"line":179,"column":17},"end":{"line":179,"column":57}},"73":{"start":{"line":180,"column":4},"end":{"line":184,"column":5}},"74":{"start":{"line":181,"column":6},"end":{"line":183,"column":9}},"75":{"start":{"line":186,"column":4},"end":{"line":191,"column":5}},"76":{"start":{"line":187,"column":6},"end":{"line":190,"column":9}},"77":{"start":{"line":193,"column":28},"end":{"line":193,"column":74}},"78":{"start":{"line":194,"column":4},"end":{"line":198,"column":5}},"79":{"start":{"line":195,"column":6},"end":{"line":197,"column":9}},"80":{"start":{"line":200,"column":23},"end":{"line":200,"column":28}},"81":{"start":{"line":201,"column":4},"end":{"line":205,"column":5}},"82":{"start":{"line":202,"column":6},"end":{"line":202,"column":26}},"83":{"start":{"line":203,"column":6},"end":{"line":203,"column":30}},"84":{"start":{"line":204,"column":6},"end":{"line":204,"column":24}},"85":{"start":{"line":206,"column":25},"end":{"line":209,"column":5}},"86":{"start":{"line":211,"column":4},"end":{"line":215,"column":7}},"87":{"start":{"line":217,"column":4},"end":{"line":217,"column":34}},"88":{"start":{"line":221,"column":0},"end":{"line":264,"column":2}},"89":{"start":{"line":222,"column":2},"end":{"line":263,"column":3}},"90":{"start":{"line":223,"column":21},"end":{"line":223,"column":29}},"91":{"start":{"line":225,"column":26},"end":{"line":228,"column":33}},"92":{"start":{"line":229,"column":4},"end":{"line":229,"column":38}},"93":{"start":{"line":231,"column":29},"end":{"line":231,"column":62}},"94":{"start":{"line":232,"column":4},"end":{"line":234,"column":5}},"95":{"start":{"line":233,"column":6},"end":{"line":233,"column":77}},"96":{"start":{"line":236,"column":32},"end":{"line":236,"column":37}},"97":{"start":{"line":237,"column":18},"end":{"line":237,"column":59}},"98":{"start":{"line":239,"column":4},"end":{"line":243,"column":5}},"99":{"start":{"line":240,"column":6},"end":{"line":242,"column":9}},"100":{"start":{"line":245,"column":28},"end":{"line":245,"column":75}},"101":{"start":{"line":246,"column":4},"end":{"line":250,"column":5}},"102":{"start":{"line":247,"column":6},"end":{"line":249,"column":9}},"103":{"start":{"line":252,"column":25},"end":{"line":255,"column":5}},"104":{"start":{"line":257,"column":4},"end":{"line":260,"column":7}},"105":{"start":{"line":262,"column":4},"end":{"line":262,"column":34}},"106":{"start":{"line":266,"column":0},"end":{"line":302,"column":2}},"107":{"start":{"line":267,"column":2},"end":{"line":301,"column":3}},"108":{"start":{"line":268,"column":45},"end":{"line":268,"column":53}},"109":{"start":{"line":269,"column":19},"end":{"line":269,"column":30}},"110":{"start":{"line":271,"column":29},"end":{"line":274,"column":6}},"111":{"start":{"line":276,"column":4},"end":{"line":278,"column":5}},"112":{"start":{"line":277,"column":6},"end":{"line":277,"column":77}},"113":{"start":{"line":280,"column":17},"end":{"line":280,"column":44}},"114":{"start":{"line":282,"column":28},"end":{"line":285,"column":5}},"115":{"start":{"line":287,"column":4},"end":{"line":291,"column":5}},"116":{"start":{"line":288,"column":6},"end":{"line":290,"column":9}},"117":{"start":{"line":293,"column":30},"end":{"line":293,"column":61}},"118":{"start":{"line":294,"column":4},"end":{"line":294,"column":55}},"119":{"start":{"line":296,"column":4},"end":{"line":298,"column":7}},"120":{"start":{"line":300,"column":4},"end":{"line":300,"column":34}},"121":{"start":{"line":304,"column":0},"end":{"line":323,"column":2}},"122":{"start":{"line":305,"column":2},"end":{"line":322,"column":3}},"123":{"start":{"line":306,"column":22},"end":{"line":306,"column":30}},"124":{"start":{"line":308,"column":17},"end":{"line":308,"column":57}},"125":{"start":{"line":310,"column":4},"end":{"line":312,"column":5}},"126":{"start":{"line":311,"column":6},"end":{"line":311,"column":76}},"127":{"start":{"line":313,"column":18},"end":{"line":313,"column":52}},"128":{"start":{"line":315,"column":4},"end":{"line":315,"column":47}},"129":{"start":{"line":317,"column":4},"end":{"line":319,"column":7}},"130":{"start":{"line":321,"column":4},"end":{"line":321,"column":34}},"131":{"start":{"line":325,"column":0},"end":{"line":364,"column":2}},"132":{"start":{"line":326,"column":2},"end":{"line":363,"column":3}},"133":{"start":{"line":327,"column":21},"end":{"line":327,"column":29}},"134":{"start":{"line":329,"column":26},"end":{"line":332,"column":33}},"135":{"start":{"line":334,"column":4},"end":{"line":334,"column":41}},"136":{"start":{"line":336,"column":29},"end":{"line":336,"column":70}},"137":{"start":{"line":337,"column":4},"end":{"line":339,"column":5}},"138":{"start":{"line":338,"column":6},"end":{"line":338,"column":77}},"139":{"start":{"line":341,"column":42},"end":{"line":341,"column":47}},"140":{"start":{"line":343,"column":4},"end":{"line":347,"column":5}},"141":{"start":{"line":344,"column":6},"end":{"line":344,"column":25}},"142":{"start":{"line":346,"column":6},"end":{"line":346,"column":69}},"143":{"start":{"line":349,"column":17},"end":{"line":349,"column":57}},"144":{"start":{"line":351,"column":4},"end":{"line":353,"column":5}},"145":{"start":{"line":352,"column":6},"end":{"line":352,"column":76}},"146":{"start":{"line":355,"column":4},"end":{"line":358,"column":6}},"147":{"start":{"line":360,"column":4},"end":{"line":360,"column":79}},"148":{"start":{"line":362,"column":4},"end":{"line":362,"column":34}}},"fnMap":{"0":{"name":"(anonymous_0)","decl":{"start":{"line":27,"column":19},"end":{"line":27,"column":20}},"loc":{"start":{"line":27,"column":39},"end":{"line":100,"column":1}},"line":27},"1":{"name":"(anonymous_1)","decl":{"start":{"line":102,"column":34},"end":{"line":102,"column":35}},"loc":{"start":{"line":102,"column":54},"end":{"line":128,"column":1}},"line":102},"2":{"name":"(anonymous_2)","decl":{"start":{"line":130,"column":22},"end":{"line":130,"column":23}},"loc":{"start":{"line":130,"column":42},"end":{"line":159,"column":1}},"line":130},"3":{"name":"(anonymous_3)","decl":{"start":{"line":161,"column":16},"end":{"line":161,"column":17}},"loc":{"start":{"line":161,"column":36},"end":{"line":219,"column":1}},"line":161},"4":{"name":"(anonymous_4)","decl":{"start":{"line":221,"column":21},"end":{"line":221,"column":22}},"loc":{"start":{"line":221,"column":41},"end":{"line":264,"column":1}},"line":221},"5":{"name":"(anonymous_5)","decl":{"start":{"line":266,"column":25},"end":{"line":266,"column":26}},"loc":{"start":{"line":266,"column":45},"end":{"line":302,"column":1}},"line":266},"6":{"name":"(anonymous_6)","decl":{"start":{"line":304,"column":25},"end":{"line":304,"column":26}},"loc":{"start":{"line":304,"column":45},"end":{"line":323,"column":1}},"line":304},"7":{"name":"(anonymous_7)","decl":{"start":{"line":325,"column":24},"end":{"line":325,"column":25}},"loc":{"start":{"line":325,"column":44},"end":{"line":364,"column":1}},"line":325}},"branchMap":{"0":{"loc":{"start":{"line":39,"column":4},"end":{"line":41,"column":5}},"type":"if","locations":[{"start":{"line":39,"column":4},"end":{"line":41,"column":5}},{"start":{},"end":{}}],"line":39},"1":{"loc":{"start":{"line":59,"column":4},"end":{"line":63,"column":5}},"type":"if","locations":[{"start":{"line":59,"column":4},"end":{"line":63,"column":5}},{"start":{},"end":{}}],"line":59},"2":{"loc":{"start":{"line":84,"column":4},"end":{"line":96,"column":5}},"type":"if","locations":[{"start":{"line":84,"column":4},"end":{"line":96,"column":5}},{"start":{},"end":{}}],"line":84},"3":{"loc":{"start":{"line":110,"column":4},"end":{"line":112,"column":5}},"type":"if","locations":[{"start":{"line":110,"column":4},"end":{"line":112,"column":5}},{"start":{},"end":{}}],"line":110},"4":{"loc":{"start":{"line":113,"column":4},"end":{"line":115,"column":5}},"type":"if","locations":[{"start":{"line":113,"column":4},"end":{"line":115,"column":5}},{"start":{},"end":{}}],"line":113},"5":{"loc":{"start":{"line":134,"column":4},"end":{"line":136,"column":5}},"type":"if","locations":[{"start":{"line":134,"column":4},"end":{"line":136,"column":5}},{"start":{},"end":{}}],"line":134},"6":{"loc":{"start":{"line":140,"column":6},"end":{"line":150,"column":7}},"type":"if","locations":[{"start":{"line":140,"column":6},"end":{"line":150,"column":7}},{"start":{"line":148,"column":13},"end":{"line":150,"column":7}}],"line":140},"7":{"loc":{"start":{"line":140,"column":10},"end":{"line":140,"column":56}},"type":"binary-expr","locations":[{"start":{"line":140,"column":10},"end":{"line":140,"column":29}},{"start":{"line":140,"column":33},"end":{"line":140,"column":56}}],"line":140},"8":{"loc":{"start":{"line":173,"column":4},"end":{"line":175,"column":5}},"type":"if","locations":[{"start":{"line":173,"column":4},"end":{"line":175,"column":5}},{"start":{},"end":{}}],"line":173},"9":{"loc":{"start":{"line":180,"column":4},"end":{"line":184,"column":5}},"type":"if","locations":[{"start":{"line":180,"column":4},"end":{"line":184,"column":5}},{"start":{},"end":{}}],"line":180},"10":{"loc":{"start":{"line":186,"column":4},"end":{"line":191,"column":5}},"type":"if","locations":[{"start":{"line":186,"column":4},"end":{"line":191,"column":5}},{"start":{},"end":{}}],"line":186},"11":{"loc":{"start":{"line":194,"column":4},"end":{"line":198,"column":5}},"type":"if","locations":[{"start":{"line":194,"column":4},"end":{"line":198,"column":5}},{"start":{},"end":{}}],"line":194},"12":{"loc":{"start":{"line":201,"column":4},"end":{"line":205,"column":5}},"type":"if","locations":[{"start":{"line":201,"column":4},"end":{"line":205,"column":5}},{"start":{},"end":{}}],"line":201},"13":{"loc":{"start":{"line":232,"column":4},"end":{"line":234,"column":5}},"type":"if","locations":[{"start":{"line":232,"column":4},"end":{"line":234,"column":5}},{"start":{},"end":{}}],"line":232},"14":{"loc":{"start":{"line":239,"column":4},"end":{"line":243,"column":5}},"type":"if","locations":[{"start":{"line":239,"column":4},"end":{"line":243,"column":5}},{"start":{},"end":{}}],"line":239},"15":{"loc":{"start":{"line":246,"column":4},"end":{"line":250,"column":5}},"type":"if","locations":[{"start":{"line":246,"column":4},"end":{"line":250,"column":5}},{"start":{},"end":{}}],"line":246},"16":{"loc":{"start":{"line":276,"column":4},"end":{"line":278,"column":5}},"type":"if","locations":[{"start":{"line":276,"column":4},"end":{"line":278,"column":5}},{"start":{},"end":{}}],"line":276},"17":{"loc":{"start":{"line":287,"column":4},"end":{"line":291,"column":5}},"type":"if","locations":[{"start":{"line":287,"column":4},"end":{"line":291,"column":5}},{"start":{},"end":{}}],"line":287},"18":{"loc":{"start":{"line":310,"column":4},"end":{"line":312,"column":5}},"type":"if","locations":[{"start":{"line":310,"column":4},"end":{"line":312,"column":5}},{"start":{},"end":{}}],"line":310},"19":{"loc":{"start":{"line":337,"column":4},"end":{"line":339,"column":5}},"type":"if","locations":[{"start":{"line":337,"column":4},"end":{"line":339,"column":5}},{"start":{},"end":{}}],"line":337},"20":{"loc":{"start":{"line":351,"column":4},"end":{"line":353,"column":5}},"type":"if","locations":[{"start":{"line":351,"column":4},"end":{"line":353,"column":5}},{"start":{},"end":{}}],"line":351}},"s":{"0":4,"1":4,"2":4,"3":4,"4":4,"5":4,"6":4,"7":4,"8":4,"9":4,"10":6,"11":6,"12":6,"13":6,"14":6,"15":6,"16":1,"17":5,"18":5,"19":5,"20":1,"21":4,"22":4,"23":4,"24":4,"25":4,"26":4,"27":4,"28":4,"29":4,"30":4,"31":0,"32":4,"33":3,"34":3,"35":3,"36":3,"37":1,"38":2,"39":1,"40":1,"41":1,"42":1,"43":1,"44":1,"45":0,"46":4,"47":4,"48":4,"49":4,"50":4,"51":1,"52":3,"53":3,"54":2,"55":1,"56":1,"57":1,"58":1,"59":1,"60":1,"61":1,"62":0,"63":4,"64":4,"65":4,"66":4,"67":4,"68":4,"69":4,"70":1,"71":3,"72":3,"73":3,"74":0,"75":3,"76":1,"77":2,"78":2,"79":1,"80":1,"81":1,"82":1,"83":1,"84":1,"85":1,"86":1,"87":0,"88":4,"89":3,"90":3,"91":3,"92":3,"93":3,"94":3,"95":1,"96":2,"97":2,"98":2,"99":0,"100":2,"101":2,"102":1,"103":1,"104":1,"105":0,"106":4,"107":3,"108":3,"109":3,"110":3,"111":3,"112":1,"113":2,"114":2,"115":2,"116":1,"117":1,"118":1,"119":1,"120":0,"121":4,"122":2,"123":2,"124":2,"125":2,"126":1,"127":1,"128":1,"129":1,"130":0,"131":4,"132":4,"133":4,"134":4,"135":4,"136":4,"137":4,"138":1,"139":3,"140":3,"141":3,"142":1,"143":2,"144":2,"145":1,"146":1,"147":1,"148":0},"f":{"0":6,"1":3,"2":4,"3":4,"4":3,"5":3,"6":2,"7":4},"b":{"0":[1,5],"1":[1,4],"2":[4,0],"3":[1,2],"4":[1,1],"5":[1,3],"6":[1,1],"7":[2,1],"8":[1,3],"9":[0,3],"10":[1,2],"11":[1,1],"12":[1,0],"13":[1,2],"14":[0,2],"15":[1,1],"16":[1,2],"17":[1,1],"18":[1,1],"19":[1,3],"20":[1,1]},"_coverageSchema":"1a1c01bbd47fc00a2c39e90264f33305004495a9","hash":"852472e7dc2df4410dff5132960f0d7b6a776832"}
,"D:\\Work\\Phincon\\caloried\\server\\controllers\\diary.controller.js": {"path":"D:\\Work\\Phincon\\caloried\\server\\controllers\\diary.controller.js","statementMap":{"0":{"start":{"line":1,"column":15},"end":{"line":1,"column":35}},"1":{"start":{"line":5,"column":4},"end":{"line":5,"column":41}},"2":{"start":{"line":6,"column":50},"end":{"line":6,"column":70}},"3":{"start":{"line":10,"column":4},"end":{"line":10,"column":44}},"4":{"start":{"line":12,"column":0},"end":{"line":45,"column":2}},"5":{"start":{"line":13,"column":2},"end":{"line":44,"column":3}},"6":{"start":{"line":14,"column":19},"end":{"line":14,"column":30}},"7":{"start":{"line":15,"column":21},"end":{"line":15,"column":30}},"8":{"start":{"line":17,"column":18},"end":{"line":35,"column":6}},"9":{"start":{"line":37,"column":4},"end":{"line":39,"column":5}},"10":{"start":{"line":38,"column":6},"end":{"line":38,"column":71}},"11":{"start":{"line":41,"column":4},"end":{"line":41,"column":43}},"12":{"start":{"line":43,"column":4},"end":{"line":43,"column":34}},"13":{"start":{"line":47,"column":0},"end":{"line":108,"column":2}},"14":{"start":{"line":48,"column":2},"end":{"line":107,"column":3}},"15":{"start":{"line":49,"column":19},"end":{"line":49,"column":30}},"16":{"start":{"line":50,"column":21},"end":{"line":50,"column":29}},"17":{"start":{"line":52,"column":29},"end":{"line":52,"column":71}},"18":{"start":{"line":54,"column":4},"end":{"line":56,"column":5}},"19":{"start":{"line":55,"column":6},"end":{"line":55,"column":77}},"20":{"start":{"line":70,"column":8},"end":{"line":70,"column":13}},"21":{"start":{"line":72,"column":24},"end":{"line":72,"column":53}},"22":{"start":{"line":74,"column":31},"end":{"line":74,"column":50}},"23":{"start":{"line":75,"column":26},"end":{"line":75,"column":40}},"24":{"start":{"line":76,"column":28},"end":{"line":76,"column":44}},"25":{"start":{"line":77,"column":30},"end":{"line":77,"column":48}},"26":{"start":{"line":79,"column":32},"end":{"line":82,"column":6}},"27":{"start":{"line":83,"column":32},"end":{"line":93,"column":6}},"28":{"start":{"line":95,"column":4},"end":{"line":98,"column":6}},"29":{"start":{"line":100,"column":4},"end":{"line":100,"column":31}},"30":{"start":{"line":101,"column":4},"end":{"line":103,"column":7}},"31":{"start":{"line":105,"column":4},"end":{"line":105,"column":33}},"32":{"start":{"line":106,"column":4},"end":{"line":106,"column":34}},"33":{"start":{"line":110,"column":0},"end":{"line":179,"column":2}},"34":{"start":{"line":111,"column":2},"end":{"line":178,"column":3}},"35":{"start":{"line":112,"column":19},"end":{"line":112,"column":30}},"36":{"start":{"line":113,"column":22},"end":{"line":113,"column":42}},"37":{"start":{"line":114,"column":24},"end":{"line":114,"column":32}},"38":{"start":{"line":116,"column":29},"end":{"line":116,"column":75}},"39":{"start":{"line":118,"column":4},"end":{"line":120,"column":5}},"40":{"start":{"line":119,"column":6},"end":{"line":119,"column":77}},"41":{"start":{"line":122,"column":41},"end":{"line":122,"column":46}},"42":{"start":{"line":124,"column":20},"end":{"line":131,"column":6}},"43":{"start":{"line":133,"column":4},"end":{"line":135,"column":5}},"44":{"start":{"line":134,"column":6},"end":{"line":134,"column":70}},"45":{"start":{"line":137,"column":22},"end":{"line":137,"column":36}},"46":{"start":{"line":139,"column":22},"end":{"line":141,"column":6}},"47":{"start":{"line":143,"column":4},"end":{"line":143,"column":59}},"48":{"start":{"line":145,"column":27},"end":{"line":163,"column":6}},"49":{"start":{"line":165,"column":28},"end":{"line":167,"column":6}},"50":{"start":{"line":168,"column":4},"end":{"line":170,"column":5}},"51":{"start":{"line":169,"column":6},"end":{"line":169,"column":55}},"52":{"start":{"line":172,"column":4},"end":{"line":175,"column":7}},"53":{"start":{"line":177,"column":4},"end":{"line":177,"column":34}},"54":{"start":{"line":181,"column":0},"end":{"line":220,"column":2}},"55":{"start":{"line":182,"column":2},"end":{"line":219,"column":3}},"56":{"start":{"line":183,"column":19},"end":{"line":183,"column":30}},"57":{"start":{"line":184,"column":22},"end":{"line":184,"column":42}},"58":{"start":{"line":186,"column":20},"end":{"line":199,"column":6}},"59":{"start":{"line":201,"column":4},"end":{"line":203,"column":5}},"60":{"start":{"line":202,"column":6},"end":{"line":202,"column":70}},"61":{"start":{"line":205,"column":19},"end":{"line":205,"column":33}},"62":{"start":{"line":206,"column":4},"end":{"line":206,"column":28}},"63":{"start":{"line":208,"column":29},"end":{"line":210,"column":6}},"64":{"start":{"line":212,"column":4},"end":{"line":214,"column":5}},"65":{"start":{"line":213,"column":6},"end":{"line":213,"column":52}},"66":{"start":{"line":216,"column":4},"end":{"line":216,"column":66}},"67":{"start":{"line":218,"column":4},"end":{"line":218,"column":34}},"68":{"start":{"line":222,"column":0},"end":{"line":259,"column":2}},"69":{"start":{"line":223,"column":2},"end":{"line":258,"column":3}},"70":{"start":{"line":224,"column":19},"end":{"line":224,"column":30}},"71":{"start":{"line":225,"column":23},"end":{"line":225,"column":33}},"72":{"start":{"line":226,"column":4},"end":{"line":226,"column":57}},"73":{"start":{"line":228,"column":23},"end":{"line":253,"column":6}},"74":{"start":{"line":255,"column":4},"end":{"line":255,"column":48}},"75":{"start":{"line":257,"column":4},"end":{"line":257,"column":34}},"76":{"start":{"line":261,"column":0},"end":{"line":330,"column":2}},"77":{"start":{"line":262,"column":2},"end":{"line":329,"column":3}},"78":{"start":{"line":263,"column":19},"end":{"line":263,"column":30}},"79":{"start":{"line":264,"column":17},"end":{"line":264,"column":62}},"80":{"start":{"line":265,"column":20},"end":{"line":265,"column":30}},"81":{"start":{"line":266,"column":22},"end":{"line":266,"column":32}},"82":{"start":{"line":267,"column":4},"end":{"line":267,"column":54}},"83":{"start":{"line":269,"column":29},"end":{"line":309,"column":6}},"84":{"start":{"line":311,"column":24},"end":{"line":311,"column":26}},"85":{"start":{"line":312,"column":4},"end":{"line":324,"column":5}},"86":{"start":{"line":313,"column":14},"end":{"line":313,"column":33}},"87":{"start":{"line":317,"column":28},"end":{"line":317,"column":57}},"88":{"start":{"line":318,"column":20},"end":{"line":318,"column":78}},"89":{"start":{"line":318,"column":51},"end":{"line":318,"column":77}},"90":{"start":{"line":320,"column":6},"end":{"line":323,"column":9}},"91":{"start":{"line":325,"column":4},"end":{"line":325,"column":51}},"92":{"start":{"line":327,"column":4},"end":{"line":327,"column":23}},"93":{"start":{"line":328,"column":4},"end":{"line":328,"column":34}}},"fnMap":{"0":{"name":"(anonymous_0)","decl":{"start":{"line":12,"column":25},"end":{"line":12,"column":26}},"loc":{"start":{"line":12,"column":45},"end":{"line":45,"column":1}},"line":12},"1":{"name":"(anonymous_1)","decl":{"start":{"line":47,"column":25},"end":{"line":47,"column":26}},"loc":{"start":{"line":47,"column":45},"end":{"line":108,"column":1}},"line":47},"2":{"name":"(anonymous_2)","decl":{"start":{"line":110,"column":26},"end":{"line":110,"column":27}},"loc":{"start":{"line":110,"column":46},"end":{"line":179,"column":1}},"line":110},"3":{"name":"(anonymous_3)","decl":{"start":{"line":181,"column":30},"end":{"line":181,"column":31}},"loc":{"start":{"line":181,"column":50},"end":{"line":220,"column":1}},"line":181},"4":{"name":"(anonymous_4)","decl":{"start":{"line":222,"column":32},"end":{"line":222,"column":33}},"loc":{"start":{"line":222,"column":52},"end":{"line":259,"column":1}},"line":222},"5":{"name":"(anonymous_5)","decl":{"start":{"line":261,"column":34},"end":{"line":261,"column":35}},"loc":{"start":{"line":261,"column":54},"end":{"line":330,"column":1}},"line":261},"6":{"name":"(anonymous_6)","decl":{"start":{"line":318,"column":42},"end":{"line":318,"column":43}},"loc":{"start":{"line":318,"column":51},"end":{"line":318,"column":77}},"line":318}},"branchMap":{"0":{"loc":{"start":{"line":37,"column":4},"end":{"line":39,"column":5}},"type":"if","locations":[{"start":{"line":37,"column":4},"end":{"line":39,"column":5}},{"start":{},"end":{}}],"line":37},"1":{"loc":{"start":{"line":54,"column":4},"end":{"line":56,"column":5}},"type":"if","locations":[{"start":{"line":54,"column":4},"end":{"line":56,"column":5}},{"start":{},"end":{}}],"line":54},"2":{"loc":{"start":{"line":118,"column":4},"end":{"line":120,"column":5}},"type":"if","locations":[{"start":{"line":118,"column":4},"end":{"line":120,"column":5}},{"start":{},"end":{}}],"line":118},"3":{"loc":{"start":{"line":133,"column":4},"end":{"line":135,"column":5}},"type":"if","locations":[{"start":{"line":133,"column":4},"end":{"line":135,"column":5}},{"start":{},"end":{}}],"line":133},"4":{"loc":{"start":{"line":168,"column":4},"end":{"line":170,"column":5}},"type":"if","locations":[{"start":{"line":168,"column":4},"end":{"line":170,"column":5}},{"start":{},"end":{}}],"line":168},"5":{"loc":{"start":{"line":201,"column":4},"end":{"line":203,"column":5}},"type":"if","locations":[{"start":{"line":201,"column":4},"end":{"line":203,"column":5}},{"start":{},"end":{}}],"line":201},"6":{"loc":{"start":{"line":212,"column":4},"end":{"line":214,"column":5}},"type":"if","locations":[{"start":{"line":212,"column":4},"end":{"line":214,"column":5}},{"start":{},"end":{}}],"line":212},"7":{"loc":{"start":{"line":264,"column":17},"end":{"line":264,"column":62}},"type":"cond-expr","locations":[{"start":{"line":264,"column":34},"end":{"line":264,"column":58}},{"start":{"line":264,"column":61},"end":{"line":264,"column":62}}],"line":264},"8":{"loc":{"start":{"line":322,"column":11},"end":{"line":322,"column":65}},"type":"cond-expr","locations":[{"start":{"line":322,"column":19},"end":{"line":322,"column":61}},{"start":{"line":322,"column":64},"end":{"line":322,"column":65}}],"line":322}},"s":{"0":4,"1":4,"2":4,"3":4,"4":4,"5":1,"6":1,"7":1,"8":1,"9":1,"10":0,"11":1,"12":0,"13":4,"14":2,"15":2,"16":2,"17":2,"18":2,"19":1,"20":1,"21":1,"22":1,"23":1,"24":1,"25":1,"26":1,"27":1,"28":1,"29":1,"30":1,"31":0,"32":0,"33":4,"34":3,"35":3,"36":3,"37":3,"38":3,"39":3,"40":1,"41":2,"42":2,"43":2,"44":1,"45":1,"46":1,"47":1,"48":1,"49":1,"50":1,"51":0,"52":1,"53":0,"54":4,"55":2,"56":2,"57":2,"58":2,"59":2,"60":1,"61":1,"62":1,"63":1,"64":1,"65":0,"66":1,"67":0,"68":4,"69":1,"70":1,"71":1,"72":1,"73":1,"74":1,"75":0,"76":4,"77":1,"78":1,"79":1,"80":1,"81":1,"82":1,"83":1,"84":1,"85":1,"86":1,"87":7,"88":7,"89":0,"90":7,"91":1,"92":0,"93":0},"f":{"0":1,"1":2,"2":3,"3":2,"4":1,"5":1,"6":0},"b":{"0":[0,1],"1":[1,1],"2":[1,2],"3":[1,1],"4":[0,1],"5":[1,1],"6":[0,1],"7":[1,0],"8":[0,7]},"_coverageSchema":"1a1c01bbd47fc00a2c39e90264f33305004495a9","hash":"5b0855d7d9ed5e824c2e83264dc6c54c5abf4a51"}
,"D:\\Work\\Phincon\\caloried\\server\\controllers\\food.controller.js": {"path":"D:\\Work\\Phincon\\caloried\\server\\controllers\\food.controller.js","statementMap":{"0":{"start":{"line":4,"column":4},"end":{"line":4,"column":28}},"1":{"start":{"line":5,"column":37},"end":{"line":5,"column":77}},"2":{"start":{"line":9,"column":4},"end":{"line":9,"column":41}},"3":{"start":{"line":10,"column":20},"end":{"line":10,"column":51}},"4":{"start":{"line":12,"column":0},"end":{"line":56,"column":2}},"5":{"start":{"line":13,"column":2},"end":{"line":55,"column":3}},"6":{"start":{"line":14,"column":18},"end":{"line":14,"column":32}},"7":{"start":{"line":15,"column":21},"end":{"line":15,"column":38}},"8":{"start":{"line":16,"column":17},"end":{"line":16,"column":46}},"9":{"start":{"line":17,"column":21},"end":{"line":17,"column":54}},"10":{"start":{"line":19,"column":21},"end":{"line":19,"column":69}},"11":{"start":{"line":21,"column":23},"end":{"line":21,"column":54}},"12":{"start":{"line":24,"column":4},"end":{"line":34,"column":5}},"13":{"start":{"line":25,"column":6},"end":{"line":25,"column":49}},"14":{"start":{"line":27,"column":34},"end":{"line":30,"column":8}},"15":{"start":{"line":31,"column":6},"end":{"line":31,"column":56}},"16":{"start":{"line":33,"column":6},"end":{"line":33,"column":80}},"17":{"start":{"line":37,"column":6},"end":{"line":41,"column":11}},"18":{"start":{"line":40,"column":22},"end":{"line":40,"column":59}},"19":{"start":{"line":43,"column":23},"end":{"line":43,"column":44}},"20":{"start":{"line":44,"column":30},"end":{"line":47,"column":5}},"21":{"start":{"line":49,"column":4},"end":{"line":52,"column":7}},"22":{"start":{"line":54,"column":4},"end":{"line":54,"column":34}},"23":{"start":{"line":58,"column":0},"end":{"line":97,"column":2}},"24":{"start":{"line":59,"column":2},"end":{"line":96,"column":3}},"25":{"start":{"line":60,"column":35},"end":{"line":60,"column":45}},"26":{"start":{"line":62,"column":21},"end":{"line":62,"column":72}},"27":{"start":{"line":64,"column":23},"end":{"line":64,"column":54}},"28":{"start":{"line":67,"column":4},"end":{"line":91,"column":5}},"29":{"start":{"line":68,"column":6},"end":{"line":68,"column":43}},"30":{"start":{"line":70,"column":6},"end":{"line":88,"column":7}},"31":{"start":{"line":71,"column":36},"end":{"line":73,"column":10}},"32":{"start":{"line":74,"column":8},"end":{"line":74,"column":64}},"33":{"start":{"line":75,"column":13},"end":{"line":88,"column":7}},"34":{"start":{"line":76,"column":36},"end":{"line":79,"column":10}},"35":{"start":{"line":80,"column":34},"end":{"line":80,"column":63}},"36":{"start":{"line":81,"column":8},"end":{"line":83,"column":10}},"37":{"start":{"line":82,"column":20},"end":{"line":82,"column":74}},"38":{"start":{"line":85,"column":8},"end":{"line":87,"column":11}},"39":{"start":{"line":90,"column":6},"end":{"line":90,"column":74}},"40":{"start":{"line":93,"column":4},"end":{"line":93,"column":57}},"41":{"start":{"line":95,"column":4},"end":{"line":95,"column":34}}},"fnMap":{"0":{"name":"(anonymous_0)","decl":{"start":{"line":12,"column":21},"end":{"line":12,"column":22}},"loc":{"start":{"line":12,"column":41},"end":{"line":56,"column":1}},"line":12},"1":{"name":"(anonymous_1)","decl":{"start":{"line":40,"column":12},"end":{"line":40,"column":13}},"loc":{"start":{"line":40,"column":22},"end":{"line":40,"column":59}},"line":40},"2":{"name":"(anonymous_2)","decl":{"start":{"line":58,"column":27},"end":{"line":58,"column":28}},"loc":{"start":{"line":58,"column":47},"end":{"line":97,"column":1}},"line":58},"3":{"name":"(anonymous_3)","decl":{"start":{"line":82,"column":10},"end":{"line":82,"column":11}},"loc":{"start":{"line":82,"column":20},"end":{"line":82,"column":74}},"line":82}},"branchMap":{"0":{"loc":{"start":{"line":16,"column":17},"end":{"line":16,"column":46}},"type":"binary-expr","locations":[{"start":{"line":16,"column":17},"end":{"line":16,"column":41}},{"start":{"line":16,"column":45},"end":{"line":16,"column":46}}],"line":16},"1":{"loc":{"start":{"line":17,"column":21},"end":{"line":17,"column":54}},"type":"binary-expr","locations":[{"start":{"line":17,"column":21},"end":{"line":17,"column":49}},{"start":{"line":17,"column":53},"end":{"line":17,"column":54}}],"line":17},"2":{"loc":{"start":{"line":24,"column":4},"end":{"line":34,"column":5}},"type":"if","locations":[{"start":{"line":24,"column":4},"end":{"line":34,"column":5}},{"start":{"line":26,"column":11},"end":{"line":34,"column":5}}],"line":24},"3":{"loc":{"start":{"line":37,"column":6},"end":{"line":41,"column":11}},"type":"cond-expr","locations":[{"start":{"line":38,"column":10},"end":{"line":38,"column":27}},{"start":{"line":39,"column":10},"end":{"line":41,"column":11}}],"line":37},"4":{"loc":{"start":{"line":67,"column":4},"end":{"line":91,"column":5}},"type":"if","locations":[{"start":{"line":67,"column":4},"end":{"line":91,"column":5}},{"start":{"line":69,"column":11},"end":{"line":91,"column":5}}],"line":67},"5":{"loc":{"start":{"line":70,"column":6},"end":{"line":88,"column":7}},"type":"if","locations":[{"start":{"line":70,"column":6},"end":{"line":88,"column":7}},{"start":{"line":75,"column":13},"end":{"line":88,"column":7}}],"line":70},"6":{"loc":{"start":{"line":75,"column":13},"end":{"line":88,"column":7}},"type":"if","locations":[{"start":{"line":75,"column":13},"end":{"line":88,"column":7}},{"start":{"line":84,"column":13},"end":{"line":88,"column":7}}],"line":75},"7":{"loc":{"start":{"line":93,"column":36},"end":{"line":93,"column":55}},"type":"binary-expr","locations":[{"start":{"line":93,"column":36},"end":{"line":93,"column":47}},{"start":{"line":93,"column":51},"end":{"line":93,"column":55}}],"line":93}},"s":{"0":4,"1":4,"2":4,"3":4,"4":4,"5":1,"6":1,"7":1,"8":1,"9":1,"10":1,"11":1,"12":1,"13":0,"14":1,"15":1,"16":1,"17":1,"18":0,"19":1,"20":1,"21":1,"22":0,"23":4,"24":3,"25":3,"26":3,"27":3,"28":3,"29":0,"30":3,"31":1,"32":1,"33":2,"34":1,"35":1,"36":1,"37":1,"38":1,"39":2,"40":2,"41":0},"f":{"0":1,"1":0,"2":3,"3":1},"b":{"0":[1,1],"1":[1,1],"2":[0,1],"3":[1,0],"4":[0,3],"5":[1,2],"6":[1,1],"7":[2,0]},"_coverageSchema":"1a1c01bbd47fc00a2c39e90264f33305004495a9","hash":"346ab482c58ad78c67c4e8aa25d28f831d3d51d9"}
,"D:\\Work\\Phincon\\caloried\\server\\controllers\\user.controller.js": {"path":"D:\\Work\\Phincon\\caloried\\server\\controllers\\user.controller.js","statementMap":{"0":{"start":{"line":1,"column":26},"end":{"line":1,"column":46}},"1":{"start":{"line":5,"column":4},"end":{"line":5,"column":41}},"2":{"start":{"line":6,"column":11},"end":{"line":6,"column":24}},"3":{"start":{"line":7,"column":13},"end":{"line":7,"column":28}},"4":{"start":{"line":8,"column":30},"end":{"line":8,"column":50}},"5":{"start":{"line":9,"column":33},"end":{"line":9,"column":72}},"6":{"start":{"line":13,"column":4},"end":{"line":13,"column":40}},"7":{"start":{"line":14,"column":20},"end":{"line":14,"column":51}},"8":{"start":{"line":15,"column":32},"end":{"line":15,"column":65}},"9":{"start":{"line":17,"column":0},"end":{"line":62,"column":2}},"10":{"start":{"line":18,"column":2},"end":{"line":61,"column":3}},"11":{"start":{"line":19,"column":28},"end":{"line":19,"column":30}},"12":{"start":{"line":20,"column":24},"end":{"line":20,"column":25}},"13":{"start":{"line":22,"column":17},"end":{"line":22,"column":56}},"14":{"start":{"line":23,"column":21},"end":{"line":23,"column":68}},"15":{"start":{"line":24,"column":17},"end":{"line":24,"column":39}},"16":{"start":{"line":25,"column":18},"end":{"line":25,"column":42}},"17":{"start":{"line":27,"column":21},"end":{"line":27,"column":65}},"18":{"start":{"line":29,"column":23},"end":{"line":29,"column":54}},"19":{"start":{"line":31,"column":4},"end":{"line":58,"column":5}},"20":{"start":{"line":32,"column":27},"end":{"line":32,"column":49}},"21":{"start":{"line":33,"column":6},"end":{"line":33,"column":52}},"22":{"start":{"line":35,"column":21},"end":{"line":35,"column":42}},"23":{"start":{"line":36,"column":30},"end":{"line":41,"column":8}},"24":{"start":{"line":43,"column":6},"end":{"line":45,"column":7}},"25":{"start":{"line":44,"column":8},"end":{"line":44,"column":72}},"26":{"start":{"line":47,"column":21},"end":{"line":52,"column":7}},"27":{"start":{"line":54,"column":6},"end":{"line":54,"column":74}},"28":{"start":{"line":55,"column":6},"end":{"line":55,"column":57}},"29":{"start":{"line":57,"column":6},"end":{"line":57,"column":46}},"30":{"start":{"line":60,"column":4},"end":{"line":60,"column":34}},"31":{"start":{"line":64,"column":0},"end":{"line":76,"column":2}},"32":{"start":{"line":65,"column":2},"end":{"line":75,"column":3}},"33":{"start":{"line":66,"column":19},"end":{"line":66,"column":30}},"34":{"start":{"line":68,"column":17},"end":{"line":68,"column":44}},"35":{"start":{"line":70,"column":4},"end":{"line":70,"column":36}},"36":{"start":{"line":72,"column":4},"end":{"line":72,"column":42}},"37":{"start":{"line":74,"column":4},"end":{"line":74,"column":34}},"38":{"start":{"line":78,"column":0},"end":{"line":169,"column":2}},"39":{"start":{"line":79,"column":2},"end":{"line":168,"column":3}},"40":{"start":{"line":80,"column":19},"end":{"line":80,"column":30}},"41":{"start":{"line":81,"column":24},"end":{"line":81,"column":32}},"42":{"start":{"line":83,"column":29},"end":{"line":83,"column":71}},"43":{"start":{"line":84,"column":4},"end":{"line":86,"column":5}},"44":{"start":{"line":85,"column":6},"end":{"line":85,"column":77}},"45":{"start":{"line":89,"column":6},"end":{"line":89,"column":11}},"46":{"start":{"line":91,"column":24},"end":{"line":91,"column":69}},"47":{"start":{"line":92,"column":4},"end":{"line":94,"column":5}},"48":{"start":{"line":93,"column":6},"end":{"line":93,"column":69}},"49":{"start":{"line":96,"column":25},"end":{"line":103,"column":6}},"50":{"start":{"line":105,"column":4},"end":{"line":109,"column":5}},"51":{"start":{"line":106,"column":6},"end":{"line":108,"column":9}},"52":{"start":{"line":112,"column":4},"end":{"line":121,"column":5}},"53":{"start":{"line":113,"column":6},"end":{"line":113,"column":51}},"54":{"start":{"line":115,"column":6},"end":{"line":120,"column":7}},"55":{"start":{"line":116,"column":30},"end":{"line":116,"column":76}},"56":{"start":{"line":117,"column":8},"end":{"line":119,"column":11}},"57":{"start":{"line":118,"column":10},"end":{"line":118,"column":76}},"58":{"start":{"line":118,"column":19},"end":{"line":118,"column":76}},"59":{"start":{"line":123,"column":4},"end":{"line":136,"column":6}},"60":{"start":{"line":138,"column":24},"end":{"line":138,"column":69}},"61":{"start":{"line":140,"column":4},"end":{"line":165,"column":5}},"62":{"start":{"line":141,"column":6},"end":{"line":158,"column":7}},"63":{"start":{"line":142,"column":22},"end":{"line":142,"column":32}},"64":{"start":{"line":143,"column":8},"end":{"line":143,"column":35}},"65":{"start":{"line":145,"column":30},"end":{"line":147,"column":10}},"66":{"start":{"line":149,"column":8},"end":{"line":157,"column":9}},"67":{"start":{"line":150,"column":10},"end":{"line":150,"column":49}},"68":{"start":{"line":152,"column":10},"end":{"line":156,"column":13}},"69":{"start":{"line":159,"column":6},"end":{"line":159,"column":34}},"70":{"start":{"line":161,"column":6},"end":{"line":164,"column":9}},"71":{"start":{"line":167,"column":4},"end":{"line":167,"column":34}},"72":{"start":{"line":171,"column":0},"end":{"line":191,"column":2}},"73":{"start":{"line":172,"column":2},"end":{"line":190,"column":3}},"74":{"start":{"line":173,"column":23},"end":{"line":173,"column":33}},"75":{"start":{"line":175,"column":17},"end":{"line":175,"column":44}},"76":{"start":{"line":176,"column":4},"end":{"line":178,"column":5}},"77":{"start":{"line":177,"column":6},"end":{"line":177,"column":70}},"78":{"start":{"line":180,"column":4},"end":{"line":180,"column":25}},"79":{"start":{"line":182,"column":4},"end":{"line":182,"column":32}},"80":{"start":{"line":184,"column":4},"end":{"line":187,"column":7}},"81":{"start":{"line":189,"column":4},"end":{"line":189,"column":34}},"82":{"start":{"line":193,"column":0},"end":{"line":224,"column":2}},"83":{"start":{"line":194,"column":2},"end":{"line":223,"column":3}},"84":{"start":{"line":195,"column":18},"end":{"line":195,"column":38}},"85":{"start":{"line":197,"column":22},"end":{"line":204,"column":5}},"86":{"start":{"line":206,"column":4},"end":{"line":213,"column":7}},"87":{"start":{"line":207,"column":18},"end":{"line":207,"column":40}},"88":{"start":{"line":208,"column":23},"end":{"line":208,"column":45}},"89":{"start":{"line":210,"column":6},"end":{"line":212,"column":7}},"90":{"start":{"line":211,"column":8},"end":{"line":211,"column":43}},"91":{"start":{"line":215,"column":26},"end":{"line":218,"column":7}},"92":{"start":{"line":215,"column":68},"end":{"line":218,"column":5}},"93":{"start":{"line":220,"column":4},"end":{"line":220,"column":51}},"94":{"start":{"line":222,"column":4},"end":{"line":222,"column":34}},"95":{"start":{"line":226,"column":0},"end":{"line":240,"column":2}},"96":{"start":{"line":227,"column":2},"end":{"line":239,"column":3}},"97":{"start":{"line":228,"column":23},"end":{"line":228,"column":67}},"98":{"start":{"line":229,"column":25},"end":{"line":229,"column":71}},"99":{"start":{"line":231,"column":17},"end":{"line":234,"column":5}},"100":{"start":{"line":236,"column":4},"end":{"line":236,"column":42}},"101":{"start":{"line":238,"column":4},"end":{"line":238,"column":34}},"102":{"start":{"line":242,"column":0},"end":{"line":281,"column":2}},"103":{"start":{"line":243,"column":2},"end":{"line":280,"column":3}},"104":{"start":{"line":244,"column":19},"end":{"line":244,"column":30}},"105":{"start":{"line":245,"column":17},"end":{"line":245,"column":63}},"106":{"start":{"line":246,"column":20},"end":{"line":246,"column":30}},"107":{"start":{"line":247,"column":22},"end":{"line":247,"column":32}},"108":{"start":{"line":248,"column":4},"end":{"line":248,"column":48}},"109":{"start":{"line":250,"column":26},"end":{"line":259,"column":6}},"110":{"start":{"line":261,"column":24},"end":{"line":261,"column":26}},"111":{"start":{"line":262,"column":25},"end":{"line":262,"column":29}},"112":{"start":{"line":264,"column":4},"end":{"line":275,"column":5}},"113":{"start":{"line":265,"column":24},"end":{"line":265,"column":52}},"114":{"start":{"line":266,"column":28},"end":{"line":266,"column":65}},"115":{"start":{"line":268,"column":6},"end":{"line":274,"column":7}},"116":{"start":{"line":269,"column":8},"end":{"line":272,"column":11}},"117":{"start":{"line":273,"column":8},"end":{"line":273,"column":38}},"118":{"start":{"line":277,"column":4},"end":{"line":277,"column":51}},"119":{"start":{"line":279,"column":4},"end":{"line":279,"column":34}}},"fnMap":{"0":{"name":"(anonymous_0)","decl":{"start":{"line":17,"column":31},"end":{"line":17,"column":32}},"loc":{"start":{"line":17,"column":51},"end":{"line":62,"column":1}},"line":17},"1":{"name":"(anonymous_1)","decl":{"start":{"line":64,"column":22},"end":{"line":64,"column":23}},"loc":{"start":{"line":64,"column":42},"end":{"line":76,"column":1}},"line":64},"2":{"name":"(anonymous_2)","decl":{"start":{"line":78,"column":22},"end":{"line":78,"column":23}},"loc":{"start":{"line":78,"column":42},"end":{"line":169,"column":1}},"line":78},"3":{"name":"(anonymous_3)","decl":{"start":{"line":117,"column":33},"end":{"line":117,"column":34}},"loc":{"start":{"line":117,"column":42},"end":{"line":119,"column":9}},"line":117},"4":{"name":"(anonymous_4)","decl":{"start":{"line":171,"column":25},"end":{"line":171,"column":26}},"loc":{"start":{"line":171,"column":45},"end":{"line":191,"column":1}},"line":171},"5":{"name":"(anonymous_5)","decl":{"start":{"line":193,"column":29},"end":{"line":193,"column":30}},"loc":{"start":{"line":193,"column":49},"end":{"line":224,"column":1}},"line":193},"6":{"name":"(anonymous_6)","decl":{"start":{"line":206,"column":18},"end":{"line":206,"column":19}},"loc":{"start":{"line":206,"column":28},"end":{"line":213,"column":5}},"line":206},"7":{"name":"(anonymous_7)","decl":{"start":{"line":215,"column":53},"end":{"line":215,"column":54}},"loc":{"start":{"line":215,"column":68},"end":{"line":218,"column":5}},"line":215},"8":{"name":"(anonymous_8)","decl":{"start":{"line":226,"column":33},"end":{"line":226,"column":34}},"loc":{"start":{"line":226,"column":53},"end":{"line":240,"column":1}},"line":226},"9":{"name":"(anonymous_9)","decl":{"start":{"line":242,"column":31},"end":{"line":242,"column":32}},"loc":{"start":{"line":242,"column":51},"end":{"line":281,"column":1}},"line":242}},"branchMap":{"0":{"loc":{"start":{"line":22,"column":17},"end":{"line":22,"column":56}},"type":"binary-expr","locations":[{"start":{"line":22,"column":17},"end":{"line":22,"column":41}},{"start":{"line":22,"column":45},"end":{"line":22,"column":56}}],"line":22},"1":{"loc":{"start":{"line":23,"column":21},"end":{"line":23,"column":68}},"type":"binary-expr","locations":[{"start":{"line":23,"column":21},"end":{"line":23,"column":49}},{"start":{"line":23,"column":53},"end":{"line":23,"column":68}}],"line":23},"2":{"loc":{"start":{"line":24,"column":17},"end":{"line":24,"column":39}},"type":"binary-expr","locations":[{"start":{"line":24,"column":17},"end":{"line":24,"column":31}},{"start":{"line":24,"column":35},"end":{"line":24,"column":39}}],"line":24},"3":{"loc":{"start":{"line":25,"column":18},"end":{"line":25,"column":42}},"type":"binary-expr","locations":[{"start":{"line":25,"column":18},"end":{"line":25,"column":33}},{"start":{"line":25,"column":37},"end":{"line":25,"column":42}}],"line":25},"4":{"loc":{"start":{"line":31,"column":4},"end":{"line":58,"column":5}},"type":"if","locations":[{"start":{"line":31,"column":4},"end":{"line":58,"column":5}},{"start":{"line":34,"column":11},"end":{"line":58,"column":5}}],"line":31},"5":{"loc":{"start":{"line":43,"column":6},"end":{"line":45,"column":7}},"type":"if","locations":[{"start":{"line":43,"column":6},"end":{"line":45,"column":7}},{"start":{},"end":{}}],"line":43},"6":{"loc":{"start":{"line":84,"column":4},"end":{"line":86,"column":5}},"type":"if","locations":[{"start":{"line":84,"column":4},"end":{"line":86,"column":5}},{"start":{},"end":{}}],"line":84},"7":{"loc":{"start":{"line":92,"column":4},"end":{"line":94,"column":5}},"type":"if","locations":[{"start":{"line":92,"column":4},"end":{"line":94,"column":5}},{"start":{},"end":{}}],"line":92},"8":{"loc":{"start":{"line":105,"column":4},"end":{"line":109,"column":5}},"type":"if","locations":[{"start":{"line":105,"column":4},"end":{"line":109,"column":5}},{"start":{},"end":{}}],"line":105},"9":{"loc":{"start":{"line":112,"column":4},"end":{"line":121,"column":5}},"type":"if","locations":[{"start":{"line":112,"column":4},"end":{"line":121,"column":5}},{"start":{},"end":{}}],"line":112},"10":{"loc":{"start":{"line":115,"column":6},"end":{"line":120,"column":7}},"type":"if","locations":[{"start":{"line":115,"column":6},"end":{"line":120,"column":7}},{"start":{},"end":{}}],"line":115},"11":{"loc":{"start":{"line":118,"column":10},"end":{"line":118,"column":76}},"type":"if","locations":[{"start":{"line":118,"column":10},"end":{"line":118,"column":76}},{"start":{},"end":{}}],"line":118},"12":{"loc":{"start":{"line":133,"column":16},"end":{"line":133,"column":57}},"type":"binary-expr","locations":[{"start":{"line":133,"column":16},"end":{"line":133,"column":26}},{"start":{"line":133,"column":30},"end":{"line":133,"column":57}}],"line":133},"13":{"loc":{"start":{"line":140,"column":4},"end":{"line":165,"column":5}},"type":"if","locations":[{"start":{"line":140,"column":4},"end":{"line":165,"column":5}},{"start":{},"end":{}}],"line":140},"14":{"loc":{"start":{"line":141,"column":6},"end":{"line":158,"column":7}},"type":"if","locations":[{"start":{"line":141,"column":6},"end":{"line":158,"column":7}},{"start":{},"end":{}}],"line":141},"15":{"loc":{"start":{"line":149,"column":8},"end":{"line":157,"column":9}},"type":"if","locations":[{"start":{"line":149,"column":8},"end":{"line":157,"column":9}},{"start":{"line":151,"column":15},"end":{"line":157,"column":9}}],"line":149},"16":{"loc":{"start":{"line":176,"column":4},"end":{"line":178,"column":5}},"type":"if","locations":[{"start":{"line":176,"column":4},"end":{"line":178,"column":5}},{"start":{},"end":{}}],"line":176},"17":{"loc":{"start":{"line":210,"column":6},"end":{"line":212,"column":7}},"type":"if","locations":[{"start":{"line":210,"column":6},"end":{"line":212,"column":7}},{"start":{},"end":{}}],"line":210},"18":{"loc":{"start":{"line":245,"column":17},"end":{"line":245,"column":63}},"type":"cond-expr","locations":[{"start":{"line":245,"column":34},"end":{"line":245,"column":58}},{"start":{"line":245,"column":61},"end":{"line":245,"column":63}}],"line":245},"19":{"loc":{"start":{"line":268,"column":6},"end":{"line":274,"column":7}},"type":"if","locations":[{"start":{"line":268,"column":6},"end":{"line":274,"column":7}},{"start":{},"end":{}}],"line":268}},"s":{"0":4,"1":4,"2":4,"3":4,"4":4,"5":4,"6":4,"7":4,"8":4,"9":4,"10":1,"11":1,"12":1,"13":1,"14":1,"15":1,"16":1,"17":1,"18":1,"19":1,"20":0,"21":0,"22":1,"23":1,"24":1,"25":0,"26":1,"27":1,"28":1,"29":1,"30":0,"31":4,"32":1,"33":1,"34":1,"35":1,"36":1,"37":0,"38":4,"39":2,"40":2,"41":2,"42":2,"43":2,"44":1,"45":1,"46":1,"47":1,"48":0,"49":1,"50":1,"51":0,"52":1,"53":1,"54":1,"55":0,"56":0,"57":0,"58":0,"59":1,"60":1,"61":1,"62":1,"63":1,"64":1,"65":1,"66":1,"67":1,"68":0,"69":1,"70":1,"71":0,"72":4,"73":2,"74":2,"75":2,"76":2,"77":1,"78":1,"79":1,"80":1,"81":0,"82":4,"83":1,"84":1,"85":1,"86":1,"87":1,"88":1,"89":1,"90":1,"91":1,"92":6,"93":1,"94":0,"95":4,"96":1,"97":1,"98":1,"99":1,"100":1,"101":0,"102":4,"103":1,"104":1,"105":1,"106":1,"107":1,"108":1,"109":1,"110":1,"111":1,"112":1,"113":1,"114":1,"115":1,"116":1,"117":1,"118":1,"119":0},"f":{"0":1,"1":1,"2":2,"3":0,"4":2,"5":1,"6":1,"7":6,"8":1,"9":1},"b":{"0":[1,1],"1":[1,1],"2":[1,1],"3":[1,1],"4":[0,1],"5":[0,1],"6":[1,1],"7":[0,1],"8":[0,1],"9":[1,0],"10":[0,1],"11":[0,0],"12":[1,0],"13":[1,0],"14":[1,0],"15":[1,0],"16":[1,1],"17":[1,0],"18":[0,1],"19":[1,0]},"_coverageSchema":"1a1c01bbd47fc00a2c39e90264f33305004495a9","hash":"2520c5c4520677302c2c85ff44257b5819e653b9"}
,"D:\\Work\\Phincon\\caloried\\server\\domain\\api.js": {"path":"D:\\Work\\Phincon\\caloried\\server\\domain\\api.js","statementMap":{"0":{"start":{"line":1,"column":14},"end":{"line":1,"column":30}},"1":{"start":{"line":3,"column":16},"end":{"line":3,"column":48}},"2":{"start":{"line":5,"column":16},"end":{"line":27,"column":1}},"3":{"start":{"line":12,"column":18},"end":{"line":23,"column":3}},"4":{"start":{"line":25,"column":19},"end":{"line":25,"column":39}},"5":{"start":{"line":26,"column":2},"end":{"line":26,"column":24}},"6":{"start":{"line":29,"column":33},"end":{"line":30,"column":50}},"7":{"start":{"line":30,"column":2},"end":{"line":30,"column":50}},"8":{"start":{"line":32,"column":39},"end":{"line":33,"column":53}},"9":{"start":{"line":33,"column":2},"end":{"line":33,"column":53}},"10":{"start":{"line":35,"column":0},"end":{"line":35,"column":78}}},"fnMap":{"0":{"name":"(anonymous_0)","decl":{"start":{"line":5,"column":16},"end":{"line":5,"column":17}},"loc":{"start":{"line":11,"column":5},"end":{"line":27,"column":1}},"line":11},"1":{"name":"(anonymous_1)","decl":{"start":{"line":29,"column":33},"end":{"line":29,"column":34}},"loc":{"start":{"line":30,"column":2},"end":{"line":30,"column":50}},"line":30},"2":{"name":"(anonymous_2)","decl":{"start":{"line":32,"column":39},"end":{"line":32,"column":40}},"loc":{"start":{"line":33,"column":2},"end":{"line":33,"column":53}},"line":33}},"branchMap":{"0":{"loc":{"start":{"line":7,"column":2},"end":{"line":7,"column":16}},"type":"default-arg","locations":[{"start":{"line":7,"column":11},"end":{"line":7,"column":16}}],"line":7},"1":{"loc":{"start":{"line":8,"column":2},"end":{"line":8,"column":14}},"type":"default-arg","locations":[{"start":{"line":8,"column":12},"end":{"line":8,"column":14}}],"line":8},"2":{"loc":{"start":{"line":9,"column":2},"end":{"line":9,"column":13}},"type":"default-arg","locations":[{"start":{"line":9,"column":11},"end":{"line":9,"column":13}}],"line":9}},"s":{"0":4,"1":4,"2":4,"3":0,"4":0,"5":0,"6":4,"7":0,"8":4,"9":0,"10":4},"f":{"0":0,"1":0,"2":0},"b":{"0":[0],"1":[0],"2":[0]},"_coverageSchema":"1a1c01bbd47fc00a2c39e90264f33305004495a9","hash":"78f775b7cae247dac811f9bbd2e2329aaa9dae20"}
,"D:\\Work\\Phincon\\caloried\\server\\helpers\\cacheHelper.js": {"path":"D:\\Work\\Phincon\\caloried\\server\\helpers\\cacheHelper.js","statementMap":{"0":{"start":{"line":1,"column":20},"end":{"line":1,"column":51}},"1":{"start":{"line":3,"column":28},"end":{"line":11,"column":1}},"2":{"start":{"line":4,"column":2},"end":{"line":10,"column":3}},"3":{"start":{"line":5,"column":17},"end":{"line":5,"column":61}},"4":{"start":{"line":6,"column":4},"end":{"line":6,"column":48}},"5":{"start":{"line":6,"column":26},"end":{"line":6,"column":46}},"6":{"start":{"line":7,"column":4},"end":{"line":7,"column":44}},"7":{"start":{"line":9,"column":4},"end":{"line":9,"column":59}},"8":{"start":{"line":13,"column":0},"end":{"line":15,"column":2}}},"fnMap":{"0":{"name":"(anonymous_0)","decl":{"start":{"line":3,"column":28},"end":{"line":3,"column":29}},"loc":{"start":{"line":3,"column":40},"end":{"line":11,"column":1}},"line":3},"1":{"name":"(anonymous_1)","decl":{"start":{"line":6,"column":17},"end":{"line":6,"column":18}},"loc":{"start":{"line":6,"column":26},"end":{"line":6,"column":46}},"line":6}},"branchMap":{},"s":{"0":4,"1":4,"2":7,"3":7,"4":7,"5":1,"6":7,"7":0,"8":4},"f":{"0":7,"1":1},"b":{},"_coverageSchema":"1a1c01bbd47fc00a2c39e90264f33305004495a9","hash":"7cdfcebb77f1095d0044e3dca98eb5e8205cce11"}
,"D:\\Work\\Phincon\\caloried\\server\\helpers\\formatNutrientData.js": {"path":"D:\\Work\\Phincon\\caloried\\server\\helpers\\formatNutrientData.js","statementMap":{"0":{"start":{"line":1,"column":18},"end":{"line":18,"column":1}},"1":{"start":{"line":20,"column":20},"end":{"line":30,"column":1}},"2":{"start":{"line":21,"column":14},"end":{"line":21,"column":37}},"3":{"start":{"line":23,"column":2},"end":{"line":25,"column":3}},"4":{"start":{"line":24,"column":4},"end":{"line":24,"column":16}},"5":{"start":{"line":27,"column":23},"end":{"line":27,"column":50}},"6":{"start":{"line":29,"column":2},"end":{"line":29,"column":33}},"7":{"start":{"line":32,"column":21},"end":{"line":75,"column":1}},"8":{"start":{"line":33,"column":26},"end":{"line":50,"column":3}},"9":{"start":{"line":52,"column":26},"end":{"line":52,"column":28}},"10":{"start":{"line":54,"column":2},"end":{"line":72,"column":3}},"11":{"start":{"line":55,"column":25},"end":{"line":55,"column":58}},"12":{"start":{"line":56,"column":4},"end":{"line":71,"column":5}},"13":{"start":{"line":59,"column":6},"end":{"line":63,"column":7}},"14":{"start":{"line":60,"column":8},"end":{"line":60,"column":50}},"15":{"start":{"line":62,"column":8},"end":{"line":62,"column":61}},"16":{"start":{"line":65,"column":17},"end":{"line":65,"column":56}},"17":{"start":{"line":67,"column":6},"end":{"line":70,"column":8}},"18":{"start":{"line":74,"column":2},"end":{"line":74,"column":25}},"19":{"start":{"line":77,"column":17},"end":{"line":101,"column":1}},"20":{"start":{"line":78,"column":22},"end":{"line":78,"column":24}},"21":{"start":{"line":80,"column":22},"end":{"line":91,"column":4}},"22":{"start":{"line":80,"column":52},"end":{"line":91,"column":3}},"23":{"start":{"line":93,"column":22},"end":{"line":93,"column":74}},"24":{"start":{"line":93,"column":50},"end":{"line":93,"column":67}},"25":{"start":{"line":96,"column":4},"end":{"line":96,"column":63}},"26":{"start":{"line":96,"column":33},"end":{"line":96,"column":56}},"27":{"start":{"line":98,"column":2},"end":{"line":98,"column":52}},"28":{"start":{"line":100,"column":2},"end":{"line":100,"column":21}},"29":{"start":{"line":103,"column":23},"end":{"line":119,"column":1}},"30":{"start":{"line":104,"column":2},"end":{"line":106,"column":3}},"31":{"start":{"line":105,"column":4},"end":{"line":105,"column":16}},"32":{"start":{"line":107,"column":19},"end":{"line":107,"column":27}},"33":{"start":{"line":109,"column":2},"end":{"line":118,"column":4}},"34":{"start":{"line":121,"column":0},"end":{"line":121,"column":46}}},"fnMap":{"0":{"name":"(anonymous_0)","decl":{"start":{"line":20,"column":20},"end":{"line":20,"column":21}},"loc":{"start":{"line":20,"column":53},"end":{"line":30,"column":1}},"line":20},"1":{"name":"(anonymous_1)","decl":{"start":{"line":32,"column":21},"end":{"line":32,"column":22}},"loc":{"start":{"line":32,"column":36},"end":{"line":75,"column":1}},"line":32},"2":{"name":"(anonymous_2)","decl":{"start":{"line":77,"column":17},"end":{"line":77,"column":18}},"loc":{"start":{"line":77,"column":28},"end":{"line":101,"column":1}},"line":77},"3":{"name":"(anonymous_3)","decl":{"start":{"line":80,"column":22},"end":{"line":80,"column":23}},"loc":{"start":{"line":80,"column":52},"end":{"line":91,"column":3}},"line":80},"4":{"name":"(anonymous_4)","decl":{"start":{"line":93,"column":40},"end":{"line":93,"column":41}},"loc":{"start":{"line":93,"column":50},"end":{"line":93,"column":67}},"line":93},"5":{"name":"(anonymous_5)","decl":{"start":{"line":96,"column":23},"end":{"line":96,"column":24}},"loc":{"start":{"line":96,"column":33},"end":{"line":96,"column":56}},"line":96},"6":{"name":"(anonymous_6)","decl":{"start":{"line":103,"column":23},"end":{"line":103,"column":24}},"loc":{"start":{"line":103,"column":34},"end":{"line":119,"column":1}},"line":103}},"branchMap":{"0":{"loc":{"start":{"line":23,"column":2},"end":{"line":25,"column":3}},"type":"if","locations":[{"start":{"line":23,"column":2},"end":{"line":25,"column":3}},{"start":{},"end":{}}],"line":23},"1":{"loc":{"start":{"line":56,"column":4},"end":{"line":71,"column":5}},"type":"if","locations":[{"start":{"line":56,"column":4},"end":{"line":71,"column":5}},{"start":{},"end":{}}],"line":56},"2":{"loc":{"start":{"line":59,"column":6},"end":{"line":63,"column":7}},"type":"if","locations":[{"start":{"line":59,"column":6},"end":{"line":63,"column":7}},{"start":{"line":61,"column":13},"end":{"line":63,"column":7}}],"line":59},"3":{"loc":{"start":{"line":80,"column":29},"end":{"line":80,"column":46}},"type":"default-arg","locations":[{"start":{"line":80,"column":41},"end":{"line":80,"column":46}}],"line":80},"4":{"loc":{"start":{"line":85,"column":19},"end":{"line":87,"column":34}},"type":"cond-expr","locations":[{"start":{"line":86,"column":8},"end":{"line":86,"column":58}},{"start":{"line":87,"column":8},"end":{"line":87,"column":34}}],"line":85},"5":{"loc":{"start":{"line":88,"column":10},"end":{"line":88,"column":42}},"type":"cond-expr","locations":[{"start":{"line":88,"column":22},"end":{"line":88,"column":31}},{"start":{"line":88,"column":34},"end":{"line":88,"column":42}}],"line":88},"6":{"loc":{"start":{"line":89,"column":15},"end":{"line":89,"column":55}},"type":"cond-expr","locations":[{"start":{"line":89,"column":27},"end":{"line":89,"column":43}},{"start":{"line":89,"column":46},"end":{"line":89,"column":55}}],"line":89},"7":{"loc":{"start":{"line":93,"column":22},"end":{"line":93,"column":74}},"type":"binary-expr","locations":[{"start":{"line":93,"column":22},"end":{"line":93,"column":68}},{"start":{"line":93,"column":72},"end":{"line":93,"column":74}}],"line":93},"8":{"loc":{"start":{"line":96,"column":4},"end":{"line":96,"column":63}},"type":"binary-expr","locations":[{"start":{"line":96,"column":4},"end":{"line":96,"column":57}},{"start":{"line":96,"column":61},"end":{"line":96,"column":63}}],"line":96},"9":{"loc":{"start":{"line":104,"column":2},"end":{"line":106,"column":3}},"type":"if","locations":[{"start":{"line":104,"column":2},"end":{"line":106,"column":3}},{"start":{},"end":{}}],"line":104},"10":{"loc":{"start":{"line":104,"column":6},"end":{"line":104,"column":34}},"type":"binary-expr","locations":[{"start":{"line":104,"column":6},"end":{"line":104,"column":12}},{"start":{"line":104,"column":16},"end":{"line":104,"column":34}}],"line":104},"11":{"loc":{"start":{"line":112,"column":15},"end":{"line":112,"column":42}},"type":"binary-expr","locations":[{"start":{"line":112,"column":15},"end":{"line":112,"column":34}},{"start":{"line":112,"column":38},"end":{"line":112,"column":42}}],"line":112},"12":{"loc":{"start":{"line":117,"column":17},"end":{"line":117,"column":44}},"type":"binary-expr","locations":[{"start":{"line":117,"column":17},"end":{"line":117,"column":38}},{"start":{"line":117,"column":42},"end":{"line":117,"column":44}}],"line":117}},"s":{"0":4,"1":4,"2":76,"3":76,"4":26,"5":50,"6":50,"7":4,"8":5,"9":5,"10":5,"11":348,"12":348,"13":76,"14":30,"15":46,"16":76,"17":76,"18":5,"19":4,"20":2,"21":2,"22":4,"23":2,"24":2,"25":2,"26":2,"27":2,"28":2,"29":4,"30":1,"31":0,"32":1,"33":1,"34":4},"f":{"0":76,"1":5,"2":2,"3":4,"4":2,"5":2,"6":1},"b":{"0":[26,50],"1":[76,272],"2":[30,46],"3":[2],"4":[2,2],"5":[2,2],"6":[2,2],"7":[2,0],"8":[2,0],"9":[0,1],"10":[1,1],"11":[1,1],"12":[1,0]},"_coverageSchema":"1a1c01bbd47fc00a2c39e90264f33305004495a9","hash":"7602e9b84952fa2fd99b947fe27227c0a7221fbc"}
,"D:\\Work\\Phincon\\caloried\\server\\helpers\\functionHelper.js": {"path":"D:\\Work\\Phincon\\caloried\\server\\helpers\\functionHelper.js","statementMap":{"0":{"start":{"line":1,"column":21},"end":{"line":12,"column":1}},"1":{"start":{"line":2,"column":19},"end":{"line":2,"column":32}},"2":{"start":{"line":3,"column":16},"end":{"line":3,"column":26}},"3":{"start":{"line":4,"column":12},"end":{"line":4,"column":56}},"4":{"start":{"line":5,"column":12},"end":{"line":5,"column":50}},"5":{"start":{"line":7,"column":2},"end":{"line":9,"column":3}},"6":{"start":{"line":8,"column":4},"end":{"line":8,"column":10}},"7":{"start":{"line":11,"column":2},"end":{"line":11,"column":13}},"8":{"start":{"line":14,"column":26},"end":{"line":22,"column":1}},"9":{"start":{"line":15,"column":2},"end":{"line":15,"column":43}},"10":{"start":{"line":15,"column":29},"end":{"line":15,"column":43}},"11":{"start":{"line":16,"column":2},"end":{"line":16,"column":45}},"12":{"start":{"line":16,"column":30},"end":{"line":16,"column":45}},"13":{"start":{"line":17,"column":2},"end":{"line":17,"column":45}},"14":{"start":{"line":17,"column":30},"end":{"line":17,"column":45}},"15":{"start":{"line":18,"column":2},"end":{"line":18,"column":45}},"16":{"start":{"line":18,"column":30},"end":{"line":18,"column":45}},"17":{"start":{"line":19,"column":2},"end":{"line":19,"column":45}},"18":{"start":{"line":19,"column":30},"end":{"line":19,"column":45}},"19":{"start":{"line":20,"column":2},"end":{"line":20,"column":30}},"20":{"start":{"line":20,"column":17},"end":{"line":20,"column":30}},"21":{"start":{"line":21,"column":2},"end":{"line":21,"column":19}},"22":{"start":{"line":24,"column":0},"end":{"line":24,"column":53}}},"fnMap":{"0":{"name":"(anonymous_0)","decl":{"start":{"line":1,"column":21},"end":{"line":1,"column":22}},"loc":{"start":{"line":1,"column":30},"end":{"line":12,"column":1}},"line":1},"1":{"name":"(anonymous_1)","decl":{"start":{"line":14,"column":26},"end":{"line":14,"column":27}},"loc":{"start":{"line":14,"column":35},"end":{"line":22,"column":1}},"line":14}},"branchMap":{"0":{"loc":{"start":{"line":7,"column":2},"end":{"line":9,"column":3}},"type":"if","locations":[{"start":{"line":7,"column":2},"end":{"line":9,"column":3}},{"start":{},"end":{}}],"line":7},"1":{"loc":{"start":{"line":7,"column":6},"end":{"line":7,"column":64}},"type":"binary-expr","locations":[{"start":{"line":7,"column":6},"end":{"line":7,"column":11}},{"start":{"line":7,"column":16},"end":{"line":7,"column":23}},{"start":{"line":7,"column":27},"end":{"line":7,"column":63}}],"line":7},"2":{"loc":{"start":{"line":15,"column":2},"end":{"line":15,"column":43}},"type":"if","locations":[{"start":{"line":15,"column":2},"end":{"line":15,"column":43}},{"start":{},"end":{}}],"line":15},"3":{"loc":{"start":{"line":15,"column":6},"end":{"line":15,"column":27}},"type":"binary-expr","locations":[{"start":{"line":15,"column":6},"end":{"line":15,"column":14}},{"start":{"line":15,"column":18},"end":{"line":15,"column":27}}],"line":15},"4":{"loc":{"start":{"line":16,"column":2},"end":{"line":16,"column":45}},"type":"if","locations":[{"start":{"line":16,"column":2},"end":{"line":16,"column":45}},{"start":{},"end":{}}],"line":16},"5":{"loc":{"start":{"line":16,"column":6},"end":{"line":16,"column":28}},"type":"binary-expr","locations":[{"start":{"line":16,"column":6},"end":{"line":16,"column":15}},{"start":{"line":16,"column":19},"end":{"line":16,"column":28}}],"line":16},"6":{"loc":{"start":{"line":17,"column":2},"end":{"line":17,"column":45}},"type":"if","locations":[{"start":{"line":17,"column":2},"end":{"line":17,"column":45}},{"start":{},"end":{}}],"line":17},"7":{"loc":{"start":{"line":17,"column":6},"end":{"line":17,"column":28}},"type":"binary-expr","locations":[{"start":{"line":17,"column":6},"end":{"line":17,"column":15}},{"start":{"line":17,"column":19},"end":{"line":17,"column":28}}],"line":17},"8":{"loc":{"start":{"line":18,"column":2},"end":{"line":18,"column":45}},"type":"if","locations":[{"start":{"line":18,"column":2},"end":{"line":18,"column":45}},{"start":{},"end":{}}],"line":18},"9":{"loc":{"start":{"line":18,"column":6},"end":{"line":18,"column":28}},"type":"binary-expr","locations":[{"start":{"line":18,"column":6},"end":{"line":18,"column":15}},{"start":{"line":18,"column":19},"end":{"line":18,"column":28}}],"line":18},"10":{"loc":{"start":{"line":19,"column":2},"end":{"line":19,"column":45}},"type":"if","locations":[{"start":{"line":19,"column":2},"end":{"line":19,"column":45}},{"start":{},"end":{}}],"line":19},"11":{"loc":{"start":{"line":19,"column":6},"end":{"line":19,"column":28}},"type":"binary-expr","locations":[{"start":{"line":19,"column":6},"end":{"line":19,"column":15}},{"start":{"line":19,"column":19},"end":{"line":19,"column":28}}],"line":19},"12":{"loc":{"start":{"line":20,"column":2},"end":{"line":20,"column":30}},"type":"if","locations":[{"start":{"line":20,"column":2},"end":{"line":20,"column":30}},{"start":{},"end":{}}],"line":20}},"s":{"0":4,"1":1,"2":1,"3":1,"4":1,"5":1,"6":0,"7":1,"8":4,"9":1,"10":0,"11":1,"12":0,"13":1,"14":0,"15":1,"16":1,"17":0,"18":0,"19":0,"20":0,"21":0,"22":4},"f":{"0":1,"1":1},"b":{"0":[0,1],"1":[1,1,0],"2":[0,1],"3":[1,1],"4":[0,1],"5":[1,1],"6":[0,1],"7":[1,1],"8":[1,0],"9":[1,1],"10":[0,0],"11":[0,0],"12":[0,0]},"_coverageSchema":"1a1c01bbd47fc00a2c39e90264f33305004495a9","hash":"1679ac4c1af120bd8816e08b023b0b36fd53e1ac"}
,"D:\\Work\\Phincon\\caloried\\server\\helpers\\responseHandler.js": {"path":"D:\\Work\\Phincon\\caloried\\server\\helpers\\responseHandler.js","statementMap":{"0":{"start":{"line":1,"column":26},"end":{"line":3,"column":1}},"1":{"start":{"line":2,"column":2},"end":{"line":2,"column":68}},"2":{"start":{"line":5,"column":23},"end":{"line":7,"column":1}},"3":{"start":{"line":6,"column":2},"end":{"line":6,"column":39}},"4":{"start":{"line":9,"column":0},"end":{"line":9,"column":55}}},"fnMap":{"0":{"name":"(anonymous_0)","decl":{"start":{"line":1,"column":26},"end":{"line":1,"column":27}},"loc":{"start":{"line":1,"column":35},"end":{"line":3,"column":1}},"line":1},"1":{"name":"(anonymous_1)","decl":{"start":{"line":5,"column":23},"end":{"line":5,"column":24}},"loc":{"start":{"line":5,"column":46},"end":{"line":7,"column":1}},"line":5}},"branchMap":{},"s":{"0":4,"1":0,"2":4,"3":52,"4":4},"f":{"0":0,"1":52},"b":{},"_coverageSchema":"1a1c01bbd47fc00a2c39e90264f33305004495a9","hash":"4d3a3d7e127576b242b519d3717808c18925b821"}
,"D:\\Work\\Phincon\\caloried\\server\\middlewares\\authentication.js": {"path":"D:\\Work\\Phincon\\caloried\\server\\middlewares\\authentication.js","statementMap":{"0":{"start":{"line":4,"column":4},"end":{"line":4,"column":41}},"1":{"start":{"line":5,"column":24},"end":{"line":5,"column":47}},"2":{"start":{"line":7,"column":0},"end":{"line":24,"column":2}},"3":{"start":{"line":8,"column":2},"end":{"line":23,"column":3}},"4":{"start":{"line":9,"column":4},"end":{"line":11,"column":5}},"5":{"start":{"line":10,"column":6},"end":{"line":10,"column":80}},"6":{"start":{"line":13,"column":24},"end":{"line":13,"column":49}},"7":{"start":{"line":14,"column":18},"end":{"line":14,"column":43}},"8":{"start":{"line":15,"column":20},"end":{"line":15,"column":38}},"9":{"start":{"line":16,"column":4},"end":{"line":18,"column":5}},"10":{"start":{"line":17,"column":6},"end":{"line":17,"column":76}},"11":{"start":{"line":19,"column":4},"end":{"line":19,"column":23}},"12":{"start":{"line":20,"column":4},"end":{"line":20,"column":11}},"13":{"start":{"line":22,"column":4},"end":{"line":22,"column":27}}},"fnMap":{"0":{"name":"(anonymous_0)","decl":{"start":{"line":7,"column":23},"end":{"line":7,"column":24}},"loc":{"start":{"line":7,"column":49},"end":{"line":24,"column":1}},"line":7}},"branchMap":{"0":{"loc":{"start":{"line":9,"column":4},"end":{"line":11,"column":5}},"type":"if","locations":[{"start":{"line":9,"column":4},"end":{"line":11,"column":5}},{"start":{},"end":{}}],"line":9},"1":{"loc":{"start":{"line":16,"column":4},"end":{"line":18,"column":5}},"type":"if","locations":[{"start":{"line":16,"column":4},"end":{"line":18,"column":5}},{"start":{},"end":{}}],"line":16}},"s":{"0":4,"1":4,"2":4,"3":26,"4":26,"5":0,"6":26,"7":26,"8":26,"9":26,"10":0,"11":26,"12":26,"13":0},"f":{"0":26},"b":{"0":[0,26],"1":[0,26]},"_coverageSchema":"1a1c01bbd47fc00a2c39e90264f33305004495a9","hash":"8d8dccf413ae19647f1e973d9a27e0b175cfea4f"}
,"D:\\Work\\Phincon\\caloried\\server\\middlewares\\authorization.js": {"path":"D:\\Work\\Phincon\\caloried\\server\\middlewares\\authorization.js","statementMap":{"0":{"start":{"line":4,"column":4},"end":{"line":4,"column":41}},"1":{"start":{"line":6,"column":0},"end":{"line":19,"column":2}},"2":{"start":{"line":7,"column":2},"end":{"line":18,"column":3}},"3":{"start":{"line":8,"column":4},"end":{"line":12,"column":5}},"4":{"start":{"line":9,"column":6},"end":{"line":11,"column":9}},"5":{"start":{"line":14,"column":4},"end":{"line":14,"column":11}},"6":{"start":{"line":16,"column":4},"end":{"line":16,"column":23}},"7":{"start":{"line":17,"column":4},"end":{"line":17,"column":27}}},"fnMap":{"0":{"name":"(anonymous_0)","decl":{"start":{"line":6,"column":25},"end":{"line":6,"column":26}},"loc":{"start":{"line":6,"column":45},"end":{"line":19,"column":1}},"line":6}},"branchMap":{"0":{"loc":{"start":{"line":8,"column":4},"end":{"line":12,"column":5}},"type":"if","locations":[{"start":{"line":8,"column":4},"end":{"line":12,"column":5}},{"start":{},"end":{}}],"line":8},"1":{"loc":{"start":{"line":8,"column":8},"end":{"line":8,"column":46}},"type":"binary-expr","locations":[{"start":{"line":8,"column":8},"end":{"line":8,"column":17}},{"start":{"line":8,"column":21},"end":{"line":8,"column":46}}],"line":8}},"s":{"0":4,"1":4,"2":5,"3":5,"4":0,"5":5,"6":0,"7":0},"f":{"0":5},"b":{"0":[0,5],"1":[5,5]},"_coverageSchema":"1a1c01bbd47fc00a2c39e90264f33305004495a9","hash":"c0eb192dd189d11ae4ea05283b4a0a4d3ae52b7b"}
,"D:\\Work\\Phincon\\caloried\\server\\middlewares\\multer.js": {"path":"D:\\Work\\Phincon\\caloried\\server\\middlewares\\multer.js","statementMap":{"0":{"start":{"line":1,"column":15},"end":{"line":1,"column":32}},"1":{"start":{"line":2,"column":13},"end":{"line":2,"column":28}},"2":{"start":{"line":4,"column":16},"end":{"line":12,"column":2}},"3":{"start":{"line":6,"column":4},"end":{"line":6,"column":25}},"4":{"start":{"line":9,"column":16},"end":{"line":9,"column":47}},"5":{"start":{"line":10,"column":4},"end":{"line":10,"column":31}},"6":{"start":{"line":14,"column":15},"end":{"line":14,"column":43}},"7":{"start":{"line":16,"column":21},"end":{"line":16,"column":44}},"8":{"start":{"line":18,"column":0},"end":{"line":18,"column":34}}},"fnMap":{"0":{"name":"(anonymous_0)","decl":{"start":{"line":5,"column":15},"end":{"line":5,"column":16}},"loc":{"start":{"line":5,"column":40},"end":{"line":7,"column":3}},"line":5},"1":{"name":"(anonymous_1)","decl":{"start":{"line":8,"column":12},"end":{"line":8,"column":13}},"loc":{"start":{"line":8,"column":37},"end":{"line":11,"column":3}},"line":8}},"branchMap":{},"s":{"0":4,"1":4,"2":4,"3":1,"4":1,"5":1,"6":4,"7":4,"8":4},"f":{"0":1,"1":1},"b":{},"_coverageSchema":"1a1c01bbd47fc00a2c39e90264f33305004495a9","hash":"fa5f681fbfc4956706d51f6916c0f0a59e02d0e9"}
,"D:\\Work\\Phincon\\caloried\\server\\models\\admin.js": {"path":"D:\\Work\\Phincon\\caloried\\server\\models\\admin.js","statementMap":{"0":{"start":{"line":2,"column":18},"end":{"line":2,"column":38}},"1":{"start":{"line":3,"column":0},"end":{"line":30,"column":2}},"2":{"start":{"line":7,"column":2},"end":{"line":28,"column":4}},"3":{"start":{"line":29,"column":2},"end":{"line":29,"column":15}}},"fnMap":{"0":{"name":"(anonymous_0)","decl":{"start":{"line":3,"column":17},"end":{"line":3,"column":18}},"loc":{"start":{"line":3,"column":43},"end":{"line":30,"column":1}},"line":3},"1":{"name":"(anonymous_1)","decl":{"start":{"line":5,"column":4},"end":{"line":5,"column":5}},"loc":{"start":{"line":5,"column":29},"end":{"line":5,"column":31}},"line":5}},"branchMap":{},"s":{"0":4,"1":4,"2":4,"3":4},"f":{"0":4,"1":4},"b":{},"_coverageSchema":"1a1c01bbd47fc00a2c39e90264f33305004495a9","hash":"75b30f476806689f4f907a2761d63633ba35aef0"}
,"D:\\Work\\Phincon\\caloried\\server\\models\\diary.js": {"path":"D:\\Work\\Phincon\\caloried\\server\\models\\diary.js","statementMap":{"0":{"start":{"line":2,"column":18},"end":{"line":2,"column":38}},"1":{"start":{"line":3,"column":0},"end":{"line":31,"column":2}},"2":{"start":{"line":6,"column":6},"end":{"line":10,"column":9}},"3":{"start":{"line":11,"column":6},"end":{"line":15,"column":9}},"4":{"start":{"line":18,"column":2},"end":{"line":29,"column":4}},"5":{"start":{"line":30,"column":2},"end":{"line":30,"column":15}}},"fnMap":{"0":{"name":"(anonymous_0)","decl":{"start":{"line":3,"column":17},"end":{"line":3,"column":18}},"loc":{"start":{"line":3,"column":43},"end":{"line":31,"column":1}},"line":3},"1":{"name":"(anonymous_1)","decl":{"start":{"line":5,"column":4},"end":{"line":5,"column":5}},"loc":{"start":{"line":5,"column":29},"end":{"line":16,"column":5}},"line":5}},"branchMap":{},"s":{"0":4,"1":4,"2":4,"3":4,"4":4,"5":4},"f":{"0":4,"1":4},"b":{},"_coverageSchema":"1a1c01bbd47fc00a2c39e90264f33305004495a9","hash":"e05abf7d1f059752c4702b63be909b61173fa1bb"}
,"D:\\Work\\Phincon\\caloried\\server\\models\\food.js": {"path":"D:\\Work\\Phincon\\caloried\\server\\models\\food.js","statementMap":{"0":{"start":{"line":2,"column":18},"end":{"line":2,"column":38}},"1":{"start":{"line":3,"column":0},"end":{"line":37,"column":2}},"2":{"start":{"line":6,"column":6},"end":{"line":10,"column":9}},"3":{"start":{"line":13,"column":2},"end":{"line":35,"column":4}},"4":{"start":{"line":36,"column":2},"end":{"line":36,"column":14}}},"fnMap":{"0":{"name":"(anonymous_0)","decl":{"start":{"line":3,"column":17},"end":{"line":3,"column":18}},"loc":{"start":{"line":3,"column":43},"end":{"line":37,"column":1}},"line":3},"1":{"name":"(anonymous_1)","decl":{"start":{"line":5,"column":4},"end":{"line":5,"column":5}},"loc":{"start":{"line":5,"column":29},"end":{"line":11,"column":5}},"line":5}},"branchMap":{},"s":{"0":4,"1":4,"2":4,"3":4,"4":4},"f":{"0":4,"1":4},"b":{},"_coverageSchema":"1a1c01bbd47fc00a2c39e90264f33305004495a9","hash":"65a474637662ea1d48f5009a21320ad603d4e829"}
,"D:\\Work\\Phincon\\caloried\\server\\models\\foodlog.js": {"path":"D:\\Work\\Phincon\\caloried\\server\\models\\foodlog.js","statementMap":{"0":{"start":{"line":2,"column":18},"end":{"line":2,"column":38}},"1":{"start":{"line":3,"column":0},"end":{"line":39,"column":2}},"2":{"start":{"line":6,"column":6},"end":{"line":10,"column":9}},"3":{"start":{"line":11,"column":6},"end":{"line":15,"column":9}},"4":{"start":{"line":18,"column":2},"end":{"line":37,"column":4}},"5":{"start":{"line":38,"column":2},"end":{"line":38,"column":17}}},"fnMap":{"0":{"name":"(anonymous_0)","decl":{"start":{"line":3,"column":17},"end":{"line":3,"column":18}},"loc":{"start":{"line":3,"column":43},"end":{"line":39,"column":1}},"line":3},"1":{"name":"(anonymous_1)","decl":{"start":{"line":5,"column":4},"end":{"line":5,"column":5}},"loc":{"start":{"line":5,"column":29},"end":{"line":16,"column":5}},"line":5}},"branchMap":{},"s":{"0":4,"1":4,"2":4,"3":4,"4":4,"5":4},"f":{"0":4,"1":4},"b":{},"_coverageSchema":"1a1c01bbd47fc00a2c39e90264f33305004495a9","hash":"1eafbe7c89022f31e1627d599f89667f5229ba5e"}
[...]
3,"column":5}},"26":{"start":{"line":157,"column":8},"end":{"line":157,"column":31}},"27":{"start":{"line":158,"column":8},"end":{"line":158,"column":29}},"28":{"start":{"line":159,"column":8},"end":{"line":159,"column":27}},"29":{"start":{"line":160,"column":8},"end":{"line":160,"column":14}},"30":{"start":{"line":162,"column":8},"end":{"line":162,"column":31}},"31":{"start":{"line":163,"column":8},"end":{"line":163,"column":29}},"32":{"start":{"line":164,"column":8},"end":{"line":164,"column":27}},"33":{"start":{"line":165,"column":8},"end":{"line":165,"column":14}},"34":{"start":{"line":167,"column":8},"end":{"line":167,"column":31}},"35":{"start":{"line":168,"column":8},"end":{"line":168,"column":29}},"36":{"start":{"line":169,"column":8},"end":{"line":169,"column":27}},"37":{"start":{"line":170,"column":8},"end":{"line":170,"column":14}},"38":{"start":{"line":172,"column":8},"end":{"line":172,"column":14}},"39":{"start":{"line":175,"column":4},"end":{"line":175,"column":76}},"40":{"start":{"line":176,"column":4},"end":{"line":176,"column":72}},"41":{"start":{"line":177,"column":4},"end":{"line":177,"column":68}},"42":{"start":{"line":179,"column":4},"end":{"line":179,"column":32}},"43":{"start":{"line":181,"column":2},"end":{"line":181,"column":14}}},"fnMap":{"0":{"name":"(anonymous_0)","decl":{"start":{"line":3,"column":17},"end":{"line":3,"column":18}},"loc":{"start":{"line":3,"column":43},"end":{"line":182,"column":1}},"line":3},"1":{"name":"(anonymous_1)","decl":{"start":{"line":5,"column":4},"end":{"line":5,"column":5}},"loc":{"start":{"line":5,"column":29},"end":{"line":11,"column":5}},"line":5},"2":{"name":"(anonymous_2)","decl":{"start":{"line":83,"column":22},"end":{"line":83,"column":23}},"loc":{"start":{"line":83,"column":41},"end":{"line":85,"column":9}},"line":83},"3":{"name":"(anonymous_3)","decl":{"start":{"line":86,"column":22},"end":{"line":86,"column":23}},"loc":{"start":{"line":86,"column":41},"end":{"line":97,"column":9}},"line":86},"4":{"name":"(anonymous_4)","decl":{"start":{"line":98,"column":21},"end":{"line":98,"column":22}},"loc":{"start":{"line":98,"column":46},"end":{"line":103,"column":9}},"line":98},"5":{"name":"(anonymous_5)","decl":{"start":{"line":108,"column":38},"end":{"line":108,"column":39}},"loc":{"start":{"line":108,"column":50},"end":{"line":180,"column":3}},"line":108}},"branchMap":{"0":{"loc":{"start":{"line":87,"column":10},"end":{"line":96,"column":11}},"type":"if","locations":[{"start":{"line":87,"column":10},"end":{"line":96,"column":11}},{"start":{},"end":{}}],"line":87},"1":{"loc":{"start":{"line":88,"column":12},"end":{"line":93,"column":32}},"type":"binary-expr","locations":[{"start":{"line":88,"column":12},"end":{"line":88,"column":31}},{"start":{"line":89,"column":12},"end":{"line":89,"column":31}},{"start":{"line":90,"column":12},"end":{"line":90,"column":34}},{"start":{"line":91,"column":12},"end":{"line":91,"column":34}},{"start":{"line":92,"column":12},"end":{"line":92,"column":41}},{"start":{"line":93,"column":12},"end":{"line":93,"column":32}}],"line":88},"2":{"loc":{"start":{"line":134,"column":7},"end":{"line":134,"column":68}},"type":"cond-expr","locations":[{"start":{"line":134,"column":29},"end":{"line":134,"column":46}},{"start":{"line":134,"column":49},"end":{"line":134,"column":68}}],"line":134},"3":{"loc":{"start":{"line":137,"column":4},"end":{"line":147,"column":5}},"type":"switch","locations":[{"start":{"line":138,"column":6},"end":{"line":140,"column":14}},{"start":{"line":141,"column":6},"end":{"line":143,"column":14}},{"start":{"line":144,"column":6},"end":{"line":144,"column":22}},{"start":{"line":145,"column":6},"end":{"line":146,"column":14}}],"line":137},"4":{"loc":{"start":{"line":155,"column":4},"end":{"line":173,"column":5}},"type":"switch","locations":[{"start":{"line":156,"column":6},"end":{"line":160,"column":14}},{"start":{"line":161,"column":6},"end":{"line":165,"column":14}},{"start":{"line":166,"column":6},"end":{"line":170,"column":14}},{"start":{"line":171,"column":6},"end":{"line":172,"column":14}}],"line":155}},"s":{"0":4,"1":4,"2":4,"3":4,"4":4,"5":9,"6":1,"7":4,"8":4,"9":4,"10":5,"11":5,"12":5,"13":5,"14":5,"15":5,"16":5,"17":5,"18":5,"19":0,"20":0,"21":0,"22":0,"23":5,"24":5,"25":5,"26":5,"27":5,"28":5,"29":5,"30":0,"31":0,"32":0,"33":0,"34":0,"35":0,"36":0,"37":0,"38":0,"39":5,"40":5,"41":5,"42":5,"43":4},"f":{"0":4,"1":4,"2":4,"3":9,"4":4,"5":5},"b":{"0":[1,8],"1":[9,9,8,8,8,8],"2":[4,1],"3":[0,0,5,5],"4":[5,0,0,0]},"_coverageSchema":"1a1c01bbd47fc00a2c39e90264f33305004495a9","hash":"7f545196a977b9df31cde76a688d7aa9e407caf3"}
,"D:\\Work\\Phincon\\caloried\\server\\models\\weightentry.js": {"path":"D:\\Work\\Phincon\\caloried\\server\\models\\weightentry.js","statementMap":{"0":{"start":{"line":2,"column":18},"end":{"line":2,"column":38}},"1":{"start":{"line":3,"column":0},"end":{"line":34,"column":2}},"2":{"start":{"line":6,"column":6},"end":{"line":10,"column":9}},"3":{"start":{"line":13,"column":2},"end":{"line":32,"column":4}},"4":{"start":{"line":33,"column":2},"end":{"line":33,"column":21}}},"fnMap":{"0":{"name":"(anonymous_0)","decl":{"start":{"line":3,"column":17},"end":{"line":3,"column":18}},"loc":{"start":{"line":3,"column":43},"end":{"line":34,"column":1}},"line":3},"1":{"name":"(anonymous_1)","decl":{"start":{"line":5,"column":4},"end":{"line":5,"column":5}},"loc":{"start":{"line":5,"column":29},"end":{"line":11,"column":5}},"line":5}},"branchMap":{},"s":{"0":4,"1":4,"2":4,"3":4,"4":4},"f":{"0":4,"1":4},"b":{},"_coverageSchema":"1a1c01bbd47fc00a2c39e90264f33305004495a9","hash":"f2244932d20a070d0ddcd13cecddabceeb29a4fe"}
,"D:\\Work\\Phincon\\caloried\\server\\routes\\auth.route.js": {"path":"D:\\Work\\Phincon\\caloried\\server\\routes\\auth.route.js","statementMap":{"0":{"start":{"line":1,"column":16},"end":{"line":1,"column":34}},"1":{"start":{"line":11,"column":4},"end":{"line":11,"column":45}},"2":{"start":{"line":12,"column":25},"end":{"line":12,"column":65}},"3":{"start":{"line":13,"column":15},"end":{"line":13,"column":31}},"4":{"start":{"line":15,"column":0},"end":{"line":15,"column":35}},"5":{"start":{"line":16,"column":0},"end":{"line":16,"column":29}},"6":{"start":{"line":17,"column":0},"end":{"line":17,"column":40}},"7":{"start":{"line":19,"column":0},"end":{"line":19,"column":61}},"8":{"start":{"line":20,"column":0},"end":{"line":20,"column":42}},"9":{"start":{"line":22,"column":0},"end":{"line":22,"column":61}},"10":{"start":{"line":23,"column":0},"end":{"line":23,"column":45}},"11":{"start":{"line":24,"column":0},"end":{"line":24,"column":48}},"12":{"start":{"line":26,"column":0},"end":{"line":26,"column":24}}},"fnMap":{},"branchMap":{},"s":{"0":4,"1":4,"2":4,"3":4,"4":4,"5":4,"6":4,"7":4,"8":4,"9":4,"10":4,"11":4,"12":4},"f":{},"b":{},"_coverageSchema":"1a1c01bbd47fc00a2c39e90264f33305004495a9","hash":"5f21fddf8d8463662b8909ab1a8b33020417086a"}
,"D:\\Work\\Phincon\\caloried\\server\\routes\\diary.route.js": {"path":"D:\\Work\\Phincon\\caloried\\server\\routes\\diary.route.js","statementMap":{"0":{"start":{"line":1,"column":16},"end":{"line":1,"column":34}},"1":{"start":{"line":2,"column":25},"end":{"line":2,"column":65}},"2":{"start":{"line":10,"column":4},"end":{"line":10,"column":46}},"3":{"start":{"line":11,"column":15},"end":{"line":11,"column":31}},"4":{"start":{"line":13,"column":0},"end":{"line":13,"column":25}},"5":{"start":{"line":15,"column":0},"end":{"line":15,"column":36}},"6":{"start":{"line":16,"column":0},"end":{"line":16,"column":36}},"7":{"start":{"line":17,"column":0},"end":{"line":17,"column":48}},"8":{"start":{"line":18,"column":0},"end":{"line":18,"column":57}},"9":{"start":{"line":19,"column":0},"end":{"line":19,"column":47}},"10":{"start":{"line":20,"column":0},"end":{"line":20,"column":58}},"11":{"start":{"line":22,"column":0},"end":{"line":22,"column":24}}},"fnMap":{},"branchMap":{},"s":{"0":4,"1":4,"2":4,"3":4,"4":4,"5":4,"6":4,"7":4,"8":4,"9":4,"10":4,"11":4},"f":{},"b":{},"_coverageSchema":"1a1c01bbd47fc00a2c39e90264f33305004495a9","hash":"ac61c5c5e915915e12d7dee3a6b79f005909dc88"}
,"D:\\Work\\Phincon\\caloried\\server\\routes\\food.route.js": {"path":"D:\\Work\\Phincon\\caloried\\server\\routes\\food.route.js","statementMap":{"0":{"start":{"line":1,"column":16},"end":{"line":1,"column":34}},"1":{"start":{"line":2,"column":25},"end":{"line":2,"column":65}},"2":{"start":{"line":6,"column":4},"end":{"line":6,"column":45}},"3":{"start":{"line":7,"column":15},"end":{"line":7,"column":31}},"4":{"start":{"line":9,"column":0},"end":{"line":9,"column":25}},"5":{"start":{"line":11,"column":0},"end":{"line":11,"column":35}},"6":{"start":{"line":12,"column":0},"end":{"line":12,"column":53}},"7":{"start":{"line":14,"column":0},"end":{"line":14,"column":24}}},"fnMap":{},"branchMap":{},"s":{"0":4,"1":4,"2":4,"3":4,"4":4,"5":4,"6":4,"7":4},"f":{},"b":{},"_coverageSchema":"1a1c01bbd47fc00a2c39e90264f33305004495a9","hash":"b61b19c4394cac560082531b50474f9f9505d49e"}
,"D:\\Work\\Phincon\\caloried\\server\\routes\\index.js": {"path":"D:\\Work\\Phincon\\caloried\\server\\routes\\index.js","statementMap":{"0":{"start":{"line":1,"column":16},"end":{"line":1,"column":34}},"1":{"start":{"line":2,"column":18},"end":{"line":2,"column":44}},"2":{"start":{"line":3,"column":18},"end":{"line":3,"column":44}},"3":{"start":{"line":4,"column":18},"end":{"line":4,"column":44}},"4":{"start":{"line":5,"column":19},"end":{"line":5,"column":46}},"5":{"start":{"line":6,"column":15},"end":{"line":6,"column":31}},"6":{"start":{"line":8,"column":0},"end":{"line":8,"column":31}},"7":{"start":{"line":9,"column":0},"end":{"line":9,"column":31}},"8":{"start":{"line":10,"column":0},"end":{"line":10,"column":31}},"9":{"start":{"line":11,"column":0},"end":{"line":11,"column":33}},"10":{"start":{"line":13,"column":0},"end":{"line":13,"column":24}}},"fnMap":{},"branchMap":{},"s":{"0":4,"1":4,"2":4,"3":4,"4":4,"5":4,"6":4,"7":4,"8":4,"9":4,"10":4},"f":{},"b":{},"_coverageSchema":"1a1c01bbd47fc00a2c39e90264f33305004495a9","hash":"fe395559e3802770f531088178c1fbe3ab462766"}
,"D:\\Work\\Phincon\\caloried\\server\\routes\\user.route.js": {"path":"D:\\Work\\Phincon\\caloried\\server\\routes\\user.route.js","statementMap":{"0":{"start":{"line":1,"column":16},"end":{"line":1,"column":34}},"1":{"start":{"line":10,"column":4},"end":{"line":10,"column":45}},"2":{"start":{"line":11,"column":25},"end":{"line":11,"column":65}},"3":{"start":{"line":12,"column":25},"end":{"line":12,"column":57}},"4":{"start":{"line":13,"column":27},"end":{"line":13,"column":66}},"5":{"start":{"line":14,"column":15},"end":{"line":14,"column":31}},"6":{"start":{"line":16,"column":0},"end":{"line":16,"column":25}},"7":{"start":{"line":18,"column":0},"end":{"line":18,"column":29}},"8":{"start":{"line":19,"column":0},"end":{"line":19,"column":50}},"9":{"start":{"line":21,"column":0},"end":{"line":21,"column":57}},"10":{"start":{"line":22,"column":0},"end":{"line":22,"column":65}},"11":{"start":{"line":24,"column":0},"end":{"line":24,"column":63}},"12":{"start":{"line":25,"column":0},"end":{"line":25,"column":72}},"13":{"start":{"line":26,"column":0},"end":{"line":26,"column":53}},"14":{"start":{"line":28,"column":0},"end":{"line":28,"column":24}}},"fnMap":{},"branchMap":{},"s":{"0":4,"1":4,"2":4,"3":4,"4":4,"5":4,"6":4,"7":4,"8":4,"9":4,"10":4,"11":4,"12":4,"13":4,"14":4},"f":{},"b":{},"_coverageSchema":"1a1c01bbd47fc00a2c39e90264f33305004495a9","hash":"b82e5a4927b9796df4e12e960be2b723a03462c3"}
,"D:\\Work\\Phincon\\caloried\\server\\utils\\bcrypt.js": {"path":"D:\\Work\\Phincon\\caloried\\server\\utils\\bcrypt.js","statementMap":{"0":{"start":{"line":1,"column":15},"end":{"line":1,"column":34}},"1":{"start":{"line":2,"column":13},"end":{"line":2,"column":35}},"2":{"start":{"line":4,"column":21},"end":{"line":7,"column":1}},"3":{"start":{"line":5,"column":25},"end":{"line":5,"column":56}},"4":{"start":{"line":6,"column":2},"end":{"line":6,"column":24}},"5":{"start":{"line":9,"column":24},"end":{"line":12,"column":1}},"6":{"start":{"line":10,"column":18},"end":{"line":10,"column":48}},"7":{"start":{"line":11,"column":2},"end":{"line":11,"column":17}},"8":{"start":{"line":14,"column":0},"end":{"line":14,"column":51}}},"fnMap":{"0":{"name":"(anonymous_0)","decl":{"start":{"line":4,"column":21},"end":{"line":4,"column":22}},"loc":{"start":{"line":4,"column":35},"end":{"line":7,"column":1}},"line":4},"1":{"name":"(anonymous_1)","decl":{"start":{"line":9,"column":24},"end":{"line":9,"column":25}},"loc":{"start":{"line":9,"column":44},"end":{"line":12,"column":1}},"line":9}},"branchMap":{},"s":{"0":4,"1":4,"2":4,"3":7,"4":7,"5":4,"6":6,"7":6,"8":4},"f":{"0":7,"1":6},"b":{},"_coverageSchema":"1a1c01bbd47fc00a2c39e90264f33305004495a9","hash":"78e2d05be5f1a53575a8c577d2d5b9dc461ce859"}
,"D:\\Work\\Phincon\\caloried\\server\\utils\\jwt.js": {"path":"D:\\Work\\Phincon\\caloried\\server\\utils\\jwt.js","statementMap":{"0":{"start":{"line":1,"column":12},"end":{"line":1,"column":35}},"1":{"start":{"line":3,"column":18},"end":{"line":3,"column":40}},"2":{"start":{"line":5,"column":22},"end":{"line":8,"column":1}},"3":{"start":{"line":6,"column":23},"end":{"line":6,"column":27}},"4":{"start":{"line":7,"column":2},"end":{"line":7,"column":58}},"5":{"start":{"line":10,"column":39},"end":{"line":12,"column":1}},"6":{"start":{"line":11,"column":2},"end":{"line":11,"column":60}},"7":{"start":{"line":14,"column":36},"end":{"line":16,"column":1}},"8":{"start":{"line":15,"column":2},"end":{"line":15,"column":61}},"9":{"start":{"line":18,"column":20},"end":{"line":20,"column":1}},"10":{"start":{"line":19,"column":2},"end":{"line":19,"column":38}},"11":{"start":{"line":22,"column":0},"end":{"line":27,"column":2}}},"fnMap":{"0":{"name":"(anonymous_0)","decl":{"start":{"line":5,"column":22},"end":{"line":5,"column":23}},"loc":{"start":{"line":5,"column":50},"end":{"line":8,"column":1}},"line":5},"1":{"name":"(anonymous_1)","decl":{"start":{"line":10,"column":39},"end":{"line":10,"column":40}},"loc":{"start":{"line":10,"column":74},"end":{"line":12,"column":1}},"line":10},"2":{"name":"(anonymous_2)","decl":{"start":{"line":14,"column":36},"end":{"line":14,"column":37}},"loc":{"start":{"line":14,"column":47},"end":{"line":16,"column":1}},"line":14},"3":{"name":"(anonymous_3)","decl":{"start":{"line":18,"column":20},"end":{"line":18,"column":21}},"loc":{"start":{"line":18,"column":31},"end":{"line":20,"column":1}},"line":18}},"branchMap":{"0":{"loc":{"start":{"line":5,"column":29},"end":{"line":5,"column":45}},"type":"default-arg","locations":[{"start":{"line":5,"column":41},"end":{"line":5,"column":45}}],"line":5},"1":{"loc":{"start":{"line":10,"column":52},"end":{"line":10,"column":69}},"type":"default-arg","locations":[{"start":{"line":10,"column":64},"end":{"line":10,"column":69}}],"line":10}},"s":{"0":4,"1":4,"2":4,"3":7,"4":7,"5":4,"6":6,"7":4,"8":3,"9":4,"10":32,"11":4},"f":{"0":7,"1":6,"2":3,"3":32},"b":{"0":[7],"1":[5]},"_coverageSchema":"1a1c01bbd47fc00a2c39e90264f33305004495a9","hash":"a25e2faa22012652fe24d2ff7a047ed5803093ff"}
,"D:\\Work\\Phincon\\caloried\\server\\utils\\nodemailer.js": {"path":"D:\\Work\\Phincon\\caloried\\server\\utils\\nodemailer.js","statementMap":{"0":{"start":{"line":1,"column":19},"end":{"line":1,"column":40}},"1":{"start":{"line":3,"column":20},"end":{"line":9,"column":2}},"2":{"start":{"line":11,"column":31},"end":{"line":42,"column":1}},"3":{"start":{"line":12,"column":22},"end":{"line":34,"column":3}},"4":{"start":{"line":36,"column":2},"end":{"line":41,"column":3}},"5":{"start":{"line":37,"column":17},"end":{"line":37,"column":56}},"6":{"start":{"line":38,"column":4},"end":{"line":38,"column":61}},"7":{"start":{"line":40,"column":4},"end":{"line":40,"column":64}},"8":{"start":{"line":44,"column":33},"end":{"line":79,"column":1}},"9":{"start":{"line":45,"column":22},"end":{"line":70,"column":3}},"10":{"start":{"line":72,"column":2},"end":{"line":78,"column":3}},"11":{"start":{"line":73,"column":17},"end":{"line":73,"column":56}},"12":{"start":{"line":74,"column":4},"end":{"line":74,"column":46}},"13":{"start":{"line":75,"column":4},"end":{"line":75,"column":16}},"14":{"start":{"line":77,"column":4},"end":{"line":77,"column":49}},"15":{"start":{"line":81,"column":0},"end":{"line":84,"column":2}}},"fnMap":{"0":{"name":"(anonymous_0)","decl":{"start":{"line":11,"column":31},"end":{"line":11,"column":32}},"loc":{"start":{"line":11,"column":52},"end":{"line":42,"column":1}},"line":11},"1":{"name":"(anonymous_1)","decl":{"start":{"line":44,"column":33},"end":{"line":44,"column":34}},"loc":{"start":{"line":44,"column":52},"end":{"line":79,"column":1}},"line":44}},"branchMap":{},"s":{"0":4,"1":4,"2":4,"3":1,"4":1,"5":1,"6":1,"7":0,"8":4,"9":5,"10":5,"11":5,"12":5,"13":5,"14":0,"15":4},"f":{"0":1,"1":5},"b":{},"_coverageSchema":"1a1c01bbd47fc00a2c39e90264f33305004495a9","hash":"6ffd14cf9ed43269635869d728d30705fcaccddb"}
,"D:\\Work\\Phincon\\caloried\\server\\utils\\redisClient.js": {"path":"D:\\Work\\Phincon\\caloried\\server\\utils\\redisClient.js","statementMap":{"0":{"start":{"line":1,"column":14},"end":{"line":1,"column":32}},"1":{"start":{"line":3,"column":20},"end":{"line":6,"column":2}},"2":{"start":{"line":8,"column":0},"end":{"line":10,"column":3}},"3":{"start":{"line":9,"column":2},"end":{"line":9,"column":44}},"4":{"start":{"line":12,"column":0},"end":{"line":14,"column":3}},"5":{"start":{"line":13,"column":2},"end":{"line":13,"column":45}},"6":{"start":{"line":16,"column":0},"end":{"line":16,"column":29}}},"fnMap":{"0":{"name":"(anonymous_0)","decl":{"start":{"line":8,"column":26},"end":{"line":8,"column":27}},"loc":{"start":{"line":8,"column":32},"end":{"line":10,"column":1}},"line":8},"1":{"name":"(anonymous_1)","decl":{"start":{"line":12,"column":24},"end":{"line":12,"column":25}},"loc":{"start":{"line":12,"column":33},"end":{"line":14,"column":1}},"line":12}},"branchMap":{},"s":{"0":4,"1":4,"2":4,"3":4,"4":4,"5":0,"6":4},"f":{"0":4,"1":0},"b":{},"_coverageSchema":"1a1c01bbd47fc00a2c39e90264f33305004495a9","hash":"c2e99a33290f8926988fdff3ca61721fdc8288f7"}
,"D:\\Work\\Phincon\\caloried\\server\\validators\\auth.validator.js": {"path":"D:\\Work\\Phincon\\caloried\\server\\validators\\auth.validator.js","statementMap":{"0":{"start":{"line":1,"column":12},"end":{"line":1,"column":26}},"1":{"start":{"line":3,"column":26},"end":{"line":45,"column":2}},"2":{"start":{"line":47,"column":23},"end":{"line":56,"column":2}},"3":{"start":{"line":58,"column":32},"end":{"line":66,"column":2}},"4":{"start":{"line":68,"column":31},"end":{"line":80,"column":2}},"5":{"start":{"line":82,"column":0},"end":{"line":87,"column":2}}},"fnMap":{},"branchMap":{},"s":{"0":4,"1":4,"2":4,"3":4,"4":4,"5":4},"f":{},"b":{},"_coverageSchema":"1a1c01bbd47fc00a2c39e90264f33305004495a9","hash":"b4d37a79e197cbcbefbc4f47fcac08c4b809d64a"}
,"D:\\Work\\Phincon\\caloried\\server\\validators\\diary.validator.js": {"path":"D:\\Work\\Phincon\\caloried\\server\\validators\\diary.validator.js","statementMap":{"0":{"start":{"line":1,"column":12},"end":{"line":1,"column":26}},"1":{"start":{"line":3,"column":32},"end":{"line":17,"column":2}},"2":{"start":{"line":19,"column":33},"end":{"line":25,"column":2}},"3":{"start":{"line":27,"column":0},"end":{"line":27,"column":71}}},"fnMap":{},"branchMap":{},"s":{"0":4,"1":4,"2":4,"3":4},"f":{},"b":{},"_coverageSchema":"1a1c01bbd47fc00a2c39e90264f33305004495a9","hash":"bb240f52e9af96e135e445051cff22be7ef2b412"}
,"D:\\Work\\Phincon\\caloried\\server\\validators\\user.validator.js": {"path":"D:\\Work\\Phincon\\caloried\\server\\validators\\user.validator.js","statementMap":{"0":{"start":{"line":1,"column":12},"end":{"line":1,"column":26}},"1":{"start":{"line":3,"column":29},"end":{"line":39,"column":2}},"2":{"start":{"line":41,"column":0},"end":{"line":41,"column":42}}},"fnMap":{},"branchMap":{},"s":{"0":4,"1":4,"2":4},"f":{},"b":{},"_coverageSchema":"1a1c01bbd47fc00a2c39e90264f33305004495a9","hash":"0527601d422c5ee8f277c7236eee3f9f296a1ffc"}
}
