{"D:\\Work\\Phincon\\caloried\\server\\index.js": {"path":"D:\\Work\\Phincon\\caloried\\server\\index.js","statementMap":{"0":{"start":{"line":1,"column":0},"end":{"line":1,"column":27}},"1":{"start":{"line":2,"column":16},"end":{"line":2,"column":34}},"2":{"start":{"line":3,"column":13},"end":{"line":3,"column":28}},"3":{"start":{"line":4,"column":12},"end":{"line":4,"column":21}},"4":{"start":{"line":5,"column":15},"end":{"line":5,"column":43}},"5":{"start":{"line":6,"column":27},"end":{"line":6,"column":63}},"6":{"start":{"line":8,"column":0},"end":{"line":8,"column":16}},"7":{"start":{"line":9,"column":0},"end":{"line":9,"column":24}},"8":{"start":{"line":10,"column":0},"end":{"line":10,"column":48}},"9":{"start":{"line":11,"column":0},"end":{"line":11,"column":47}},"10":{"start":{"line":13,"column":0},"end":{"line":13,"column":24}},"11":{"start":{"line":15,"column":0},"end":{"line":17,"column":3}},"12":{"start":{"line":16,"column":2},"end":{"line":16,"column":64}},"13":{"start":{"line":19,"column":0},"end":{"line":23,"column":1}},"14":{"start":{"line":20,"column":2},"end":{"line":22,"column":5}},"15":{"start":{"line":21,"column":4},"end":{"line":21,"column":65}},"16":{"start":{"line":25,"column":0},"end":{"line":25,"column":21}}},"fnMap":{"0":{"name":"(anonymous_0)","decl":{"start":{"line":15,"column":13},"end":{"line":15,"column":14}},"loc":{"start":{"line":15,"column":27},"end":{"line":17,"column":1}},"line":15},"1":{"name":"(anonymous_1)","decl":{"start":{"line":20,"column":31},"end":{"line":20,"column":32}},"loc":{"start":{"line":20,"column":37},"end":{"line":22,"column":3}},"line":20}},"branchMap":{"0":{"loc":{"start":{"line":19,"column":0},"end":{"line":23,"column":1}},"type":"if","locations":[{"start":{"line":19,"column":0},"end":{"line":23,"column":1}},{"start":{},"end":{}}],"line":19}},"s":{"0":4,"1":4,"2":4,"3":4,"4":4,"5":4,"6":4,"7":4,"8":4,"9":4,"10":4,"11":4,"12":0,"13":4,"14":0,"15":0,"16":4},"f":{"0":0,"1":0},"b":{"0":[0,4]},"_coverageSchema":"1a1c01bbd47fc00a2c39e90264f33305004495a9","hash":"397499caf92b5e22ca2c7d3b39e45d6293061758"}
,"D:\\Work\\Phincon\\caloried\\server\\controllers\\auth.controller.js": {"path":"D:\\Work\\Phincon\\caloried\\server\\controllers\\auth.controller.js","statementMap":{"0":{"start":{"line":1,"column":15},"end":{"line":1,"column":35}},"1":{"start":{"line":2,"column":17},"end":{"line":2,"column":37}},"2":{"start":{"line":6,"column":4},"end":{"line":6,"column":41}},"3":{"start":{"line":7,"column":42},"end":{"line":7,"column":68}},"4":{"start":{"line":13,"column":4},"end":{"line":13,"column":27}},"5":{"start":{"line":17,"column":4},"end":{"line":17,"column":34}},"6":{"start":{"line":18,"column":37},"end":{"line":18,"column":57}},"7":{"start":{"line":24,"column":4},"end":{"line":24,"column":43}},"8":{"start":{"line":25,"column":32},"end":{"line":25,"column":65}},"9":{"start":{"line":27,"column":0},"end":{"line":100,"column":2}},"10":{"start":{"line":28,"column":2},"end":{"line":99,"column":3}},"11":{"start":{"line":29,"column":21},"end":{"line":29,"column":29}},"12":{"start":{"line":31,"column":26},"end":{"line":34,"column":33}},"13":{"start":{"line":36,"column":4},"end":{"line":36,"column":38}},"14":{"start":{"line":38,"column":29},"end":{"line":38,"column":65}},"15":{"start":{"line":39,"column":4},"end":{"line":41,"column":5}},"16":{"start":{"line":40,"column":6},"end":{"line":40,"column":77}},"17":{"start":{"line":52,"column":8},"end":{"line":52,"column":13}},"18":{"start":{"line":54,"column":25},"end":{"line":58,"column":6}},"19":{"start":{"line":59,"column":4},"end":{"line":63,"column":5}},"20":{"start":{"line":60,"column":6},"end":{"line":62,"column":9}},"21":{"start":{"line":65,"column":27},"end":{"line":65,"column":49}},"22":{"start":{"line":67,"column":20},"end":{"line":78,"column":6}},"23":{"start":{"line":79,"column":16},"end":{"line":79,"column":66}},"24":{"start":{"line":81,"column":30},"end":{"line":81,"column":72}},"25":{"start":{"line":82,"column":4},"end":{"line":82,"column":48}},"26":{"start":{"line":84,"column":4},"end":{"line":96,"column":5}},"27":{"start":{"line":85,"column":6},"end":{"line":89,"column":9}},"28":{"start":{"line":91,"column":6},"end":{"line":91,"column":34}},"29":{"start":{"line":92,"column":6},"end":{"line":95,"column":9}},"30":{"start":{"line":98,"column":4},"end":{"line":98,"column":34}},"31":{"start":{"line":102,"column":0},"end":{"line":128,"column":2}},"32":{"start":{"line":103,"column":2},"end":{"line":127,"column":3}},"33":{"start":{"line":104,"column":22},"end":{"line":104,"column":30}},"34":{"start":{"line":106,"column":17},"end":{"line":108,"column":6}},"35":{"start":{"line":110,"column":4},"end":{"line":112,"column":5}},"36":{"start":{"line":111,"column":6},"end":{"line":111,"column":70}},"37":{"start":{"line":113,"column":4},"end":{"line":115,"column":5}},"38":{"start":{"line":114,"column":6},"end":{"line":114,"column":78}},"39":{"start":{"line":117,"column":19},"end":{"line":117,"column":69}},"40":{"start":{"line":119,"column":33},"end":{"line":119,"column":78}},"41":{"start":{"line":120,"column":4},"end":{"line":120,"column":67}},"42":{"start":{"line":124,"column":4},"end":{"line":124,"column":77}},"43":{"start":{"line":126,"column":4},"end":{"line":126,"column":34}},"44":{"start":{"line":130,"column":0},"end":{"line":159,"column":2}},"45":{"start":{"line":131,"column":2},"end":{"line":158,"column":3}},"46":{"start":{"line":132,"column":27},"end":{"line":132,"column":35}},"47":{"start":{"line":133,"column":17},"end":{"line":133,"column":57}},"48":{"start":{"line":134,"column":4},"end":{"line":136,"column":5}},"49":{"start":{"line":135,"column":6},"end":{"line":135,"column":70}},"50":{"start":{"line":137,"column":4},"end":{"line":155,"column":5}},"51":{"start":{"line":138,"column":22},"end":{"line":138,"column":57}},"52":{"start":{"line":140,"column":6},"end":{"line":150,"column":7}},"53":{"start":{"line":141,"column":8},"end":{"line":141,"column":36}},"54":{"start":{"line":142,"column":8},"end":{"line":142,"column":38}},"55":{"start":{"line":143,"column":8},"end":{"line":143,"column":26}},"56":{"start":{"line":145,"column":8},"end":{"line":145,"column":36}},"57":{"start":{"line":147,"column":8},"end":{"line":147,"column":78}},"58":{"start":{"line":149,"column":8},"end":{"line":149,"column":69}},"59":{"start":{"line":152,"column":6},"end":{"line":154,"column":9}},"60":{"start":{"line":157,"column":4},"end":{"line":157,"column":34}},"61":{"start":{"line":161,"column":0},"end":{"line":219,"column":2}},"62":{"start":{"line":162,"column":2},"end":{"line":218,"column":3}},"63":{"start":{"line":163,"column":21},"end":{"line":163,"column":29}},"64":{"start":{"line":165,"column":26},"end":{"line":168,"column":33}},"65":{"start":{"line":170,"column":4},"end":{"line":170,"column":38}},"66":{"start":{"line":172,"column":29},"end":{"line":172,"column":62}},"67":{"start":{"line":173,"column":4},"end":{"line":175,"column":5}},"68":{"start":{"line":174,"column":6},"end":{"line":174,"column":77}},"69":{"start":{"line":177,"column":32},"end":{"line":177,"column":37}},"70":{"start":{"line":179,"column":17},"end":{"line":179,"column":57}},"71":{"start":{"line":180,"column":4},"end":{"line":184,"column":5}},"72":{"start":{"line":181,"column":6},"end":{"line":183,"column":9}},"73":{"start":{"line":186,"column":4},"end":{"line":191,"column":5}},"74":{"start":{"line":187,"column":6},"end":{"line":190,"column":9}},"75":{"start":{"line":193,"column":28},"end":{"line":193,"column":74}},"76":{"start":{"line":194,"column":4},"end":{"line":198,"column":5}},"77":{"start":{"line":195,"column":6},"end":{"line":197,"column":9}},"78":{"start":{"line":200,"column":23},"end":{"line":200,"column":28}},"79":{"start":{"line":201,"column":4},"end":{"line":205,"column":5}},"80":{"start":{"line":202,"column":6},"end":{"line":202,"column":26}},"81":{"start":{"line":203,"column":6},"end":{"line":203,"column":30}},"82":{"start":{"line":204,"column":6},"end":{"line":204,"column":24}},"83":{"start":{"line":206,"column":25},"end":{"line":209,"column":5}},"84":{"start":{"line":211,"column":4},"end":{"line":215,"column":7}},"85":{"start":{"line":217,"column":4},"end":{"line":217,"column":34}},"86":{"start":{"line":221,"column":0},"end":{"line":264,"column":2}},"87":{"start":{"line":222,"column":2},"end":{"line":263,"column":3}},"88":{"start":{"line":223,"column":21},"end":{"line":223,"column":29}},"89":{"start":{"line":225,"column":26},"end":{"line":228,"column":33}},"90":{"start":{"line":229,"column":4},"end":{"line":229,"column":38}},"91":{"start":{"line":231,"column":29},"end":{"line":231,"column":62}},"92":{"start":{"line":232,"column":4},"end":{"line":234,"column":5}},"93":{"start":{"line":233,"column":6},"end":{"line":233,"column":77}},"94":{"start":{"line":236,"column":32},"end":{"line":236,"column":37}},"95":{"start":{"line":237,"column":18},"end":{"line":237,"column":59}},"96":{"start":{"line":239,"column":4},"end":{"line":243,"column":5}},"97":{"start":{"line":240,"column":6},"end":{"line":242,"column":9}},"98":{"start":{"line":245,"column":28},"end":{"line":245,"column":75}},"99":{"start":{"line":246,"column":4},"end":{"line":250,"column":5}},"100":{"start":{"line":247,"column":6},"end":{"line":249,"column":9}},"101":{"start":{"line":252,"column":25},"end":{"line":255,"column":5}},"102":{"start":{"line":257,"column":4},"end":{"line":260,"column":7}},"103":{"start":{"line":262,"column":4},"end":{"line":262,"column":34}},"104":{"start":{"line":266,"column":0},"end":{"line":302,"column":2}},"105":{"start":{"line":267,"column":2},"end":{"line":301,"column":3}},"106":{"start":{"line":268,"column":45},"end":{"line":268,"column":53}},"107":{"start":{"line":269,"column":19},"end":{"line":269,"column":30}},"108":{"start":{"line":271,"column":29},"end":{"line":274,"column":6}},"109":{"start":{"line":276,"column":4},"end":{"line":278,"column":5}},"110":{"start":{"line":277,"column":6},"end":{"line":277,"column":77}},"111":{"start":{"line":280,"column":17},"end":{"line":280,"column":44}},"112":{"start":{"line":282,"column":28},"end":{"line":285,"column":5}},"113":{"start":{"line":287,"column":4},"end":{"line":291,"column":5}},"114":{"start":{"line":288,"column":6},"end":{"line":290,"column":9}},"115":{"start":{"line":293,"column":30},"end":{"line":293,"column":61}},"116":{"start":{"line":294,"column":4},"end":{"line":294,"column":55}},"117":{"start":{"line":296,"column":4},"end":{"line":298,"column":7}},"118":{"start":{"line":300,"column":4},"end":{"line":300,"column":34}},"119":{"start":{"line":304,"column":0},"end":{"line":323,"column":2}},"120":{"start":{"line":305,"column":2},"end":{"line":322,"column":3}},"121":{"start":{"line":306,"column":22},"end":{"line":306,"column":30}},"122":{"start":{"line":308,"column":17},"end":{"line":308,"column":57}},"123":{"start":{"line":310,"column":4},"end":{"line":312,"column":5}},"124":{"start":{"line":311,"column":6},"end":{"line":311,"column":76}},"125":{"start":{"line":313,"column":18},"end":{"line":313,"column":52}},"126":{"start":{"line":317,"column":4},"end":{"line":319,"column":7}},"127":{"start":{"line":321,"column":4},"end":{"line":321,"column":34}},"128":{"start":{"line":325,"column":0},"end":{"line":364,"column":2}},"129":{"start":{"line":326,"column":2},"end":{"line":363,"column":3}},"130":{"start":{"line":327,"column":21},"end":{"line":327,"column":29}},"131":{"start":{"line":329,"column":26},"end":{"line":332,"column":33}},"132":{"start":{"line":334,"column":4},"end":{"line":334,"column":41}},"133":{"start":{"line":336,"column":29},"end":{"line":336,"column":70}},"134":{"start":{"line":337,"column":4},"end":{"line":339,"column":5}},"135":{"start":{"line":338,"column":6},"end":{"line":338,"column":77}},"136":{"start":{"line":341,"column":42},"end":{"line":341,"column":47}},"137":{"start":{"line":343,"column":4},"end":{"line":347,"column":5}},"138":{"start":{"line":344,"column":6},"end":{"line":344,"column":25}},"139":{"start":{"line":346,"column":6},"end":{"line":346,"column":69}},"140":{"start":{"line":349,"column":17},"end":{"line":349,"column":57}},"141":{"start":{"line":351,"column":4},"end":{"line":353,"column":5}},"142":{"start":{"line":352,"column":6},"end":{"line":352,"column":76}},"143":{"start":{"line":355,"column":4},"end":{"line":358,"column":6}},"144":{"start":{"line":360,"column":4},"end":{"line":360,"column":79}},"145":{"start":{"line":362,"column":4},"end":{"line":362,"column":34}}},"fnMap":{"0":{"name":"(anonymous_0)","decl":{"start":{"line":27,"column":19},"end":{"line":27,"column":20}},"loc":{"start":{"line":27,"column":39},"end":{"line":100,"column":1}},"line":27},"1":{"name":"(anonymous_1)","decl":{"start":{"line":102,"column":34},"end":{"line":102,"column":35}},"loc":{"start":{"line":102,"column":54},"end":{"line":128,"column":1}},"line":102},"2":{"name":"(anonymous_2)","decl":{"start":{"line":130,"column":22},"end":{"line":130,"column":23}},"loc":{"start":{"line":130,"column":42},"end":{"line":159,"column":1}},"line":130},"3":{"name":"(anonymous_3)","decl":{"start":{"line":161,"column":16},"end":{"line":161,"column":17}},"loc":{"start":{"line":161,"column":36},"end":{"line":219,"column":1}},"line":161},"4":{"name":"(anonymous_4)","decl":{"start":{"line":221,"column":21},"end":{"line":221,"column":22}},"loc":{"start":{"line":221,"column":41},"end":{"line":264,"column":1}},"line":221},"5":{"name":"(anonymous_5)","decl":{"start":{"line":266,"column":25},"end":{"line":266,"column":26}},"loc":{"start":{"line":266,"column":45},"end":{"line":302,"column":1}},"line":266},"6":{"name":"(anonymous_6)","decl":{"start":{"line":304,"column":25},"end":{"line":304,"column":26}},"loc":{"start":{"line":304,"column":45},"end":{"line":323,"column":1}},"line":304},"7":{"name":"(anonymous_7)","decl":{"start":{"line":325,"column":24},"end":{"line":325,"column":25}},"loc":{"start":{"line":325,"column":44},"end":{"line":364,"column":1}},"line":325}},"branchMap":{"0":{"loc":{"start":{"line":39,"column":4},"end":{"line":41,"column":5}},"type":"if","locations":[{"start":{"line":39,"column":4},"end":{"line":41,"column":5}},{"start":{},"end":{}}],"line":39},"1":{"loc":{"start":{"line":59,"column":4},"end":{"line":63,"column":5}},"type":"if","locations":[{"start":{"line":59,"column":4},"end":{"line":63,"column":5}},{"start":{},"end":{}}],"line":59},"2":{"loc":{"start":{"line":84,"column":4},"end":{"line":96,"column":5}},"type":"if","locations":[{"start":{"line":84,"column":4},"end":{"line":96,"column":5}},{"start":{},"end":{}}],"line":84},"3":{"loc":{"start":{"line":110,"column":4},"end":{"line":112,"column":5}},"type":"if","locations":[{"start":{"line":110,"column":4},"end":{"line":112,"column":5}},{"start":{},"end":{}}],"line":110},"4":{"loc":{"start":{"line":113,"column":4},"end":{"line":115,"column":5}},"type":"if","locations":[{"start":{"line":113,"column":4},"end":{"line":115,"column":5}},{"start":{},"end":{}}],"line":113},"5":{"loc":{"start":{"line":134,"column":4},"end":{"line":136,"column":5}},"type":"if","locations":[{"start":{"line":134,"column":4},"end":{"line":136,"column":5}},{"start":{},"end":{}}],"line":134},"6":{"loc":{"start":{"line":140,"column":6},"end":{"line":150,"column":7}},"type":"if","locations":[{"start":{"line":140,"column":6},"end":{"line":150,"column":7}},{"start":{"line":148,"column":13},"end":{"line":150,"column":7}}],"line":140},"7":{"loc":{"start":{"line":140,"column":10},"end":{"line":140,"column":56}},"type":"binary-expr","locations":[{"start":{"line":140,"column":10},"end":{"line":140,"column":29}},{"start":{"line":140,"column":33},"end":{"line":140,"column":56}}],"line":140},"8":{"loc":{"start":{"line":173,"column":4},"end":{"line":175,"column":5}},"type":"if","locations":[{"start":{"line":173,"column":4},"end":{"line":175,"column":5}},{"start":{},"end":{}}],"line":173},"9":{"loc":{"start":{"line":180,"column":4},"end":{"line":184,"column":5}},"type":"if","locations":[{"start":{"line":180,"column":4},"end":{"line":184,"column":5}},{"start":{},"end":{}}],"line":180},"10":{"loc":{"start":{"line":186,"column":4},"end":{"line":191,"column":5}},"type":"if","locations":[{"start":{"line":186,"column":4},"end":{"line":191,"column":5}},{"start":{},"end":{}}],"line":186},"11":{"loc":{"start":{"line":194,"column":4},"end":{"line":198,"column":5}},"type":"if","locations":[{"start":{"line":194,"column":4},"end":{"line":198,"column":5}},{"start":{},"end":{}}],"line":194},"12":{"loc":{"start":{"line":201,"column":4},"end":{"line":205,"column":5}},"type":"if","locations":[{"start":{"line":201,"column":4},"end":{"line":205,"column":5}},{"start":{},"end":{}}],"line":201},"13":{"loc":{"start":{"line":232,"column":4},"end":{"line":234,"column":5}},"type":"if","locations":[{"start":{"line":232,"column":4},"end":{"line":234,"column":5}},{"start":{},"end":{}}],"line":232},"14":{"loc":{"start":{"line":239,"column":4},"end":{"line":243,"column":5}},"type":"if","locations":[{"start":{"line":239,"column":4},"end":{"line":243,"column":5}},{"start":{},"end":{}}],"line":239},"15":{"loc":{"start":{"line":246,"column":4},"end":{"line":250,"column":5}},"type":"if","locations":[{"start":{"line":246,"column":4},"end":{"line":250,"column":5}},{"start":{},"end":{}}],"line":246},"16":{"loc":{"start":{"line":276,"column":4},"end":{"line":278,"column":5}},"type":"if","locations":[{"start":{"line":276,"column":4},"end":{"line":278,"column":5}},{"start":{},"end":{}}],"line":276},"17":{"loc":{"start":{"line":287,"column":4},"end":{"line":291,"column":5}},"type":"if","locations":[{"start":{"line":287,"column":4},"end":{"line":291,"column":5}},{"start":{},"end":{}}],"line":287},"18":{"loc":{"start":{"line":310,"column":4},"end":{"line":312,"column":5}},"type":"if","locations":[{"start":{"line":310,"column":4},"end":{"line":312,"column":5}},{"start":{},"end":{}}],"line":310},"19":{"loc":{"start":{"line":337,"column":4},"end":{"line":339,"column":5}},"type":"if","locations":[{"start":{"line":337,"column":4},"end":{"line":339,"column":5}},{"start":{},"end":{}}],"line":337},"20":{"loc":{"start":{"line":351,"column":4},"end":{"line":353,"column":5}},"type":"if","locations":[{"start":{"line":351,"column":4},"end":{"line":353,"column":5}},{"start":{},"end":{}}],"line":351}},"s":{"0":4,"1":4,"2":4,"3":4,"4":4,"5":4,"6":4,"7":4,"8":4,"9":4,"10":6,"11":6,"12":6,"13":6,"14":6,"15":6,"16":1,"17":5,"18":5,"19":5,"20":1,"21":4,"22":4,"23":4,"24":4,"25":4,"26":4,"27":4,"28":4,"29":4,"30":0,"31":4,"32":3,"33":3,"34":3,"35":3,"36":1,"37":2,"38":1,"39":1,"40":1,"41":1,"42":1,"43":0,"44":4,"45":3,"46":3,"47":3,"48":3,"49":1,"50":2,"51":2,"52":2,"53":1,"54":1,"55":1,"56":1,"57":1,"58":1,"59":0,"60":0,"61":4,"62":4,"63":4,"64":4,"65":4,"66":4,"67":4,"68":1,"69":3,"70":3,"71":3,"72":0,"73":3,"74":1,"75":2,"76":2,"77":1,"78":1,"79":1,"80":1,"81":1,"82":1,"83":1,"84":1,"85":0,"86":4,"87":2,"88":2,"89":2,"90":2,"91":2,"92":2,"93":1,"94":1,"95":1,"96":1,"97":0,"98":1,"99":1,"100":1,"101":0,"102":0,"103":0,"104":4,"105":0,"106":0,"107":0,"108":0,"109":0,"110":0,"111":0,"112":0,"113":0,"114":0,"115":0,"116":0,"117":0,"118":0,"119":4,"120":2,"121":2,"122":2,"123":2,"124":1,"125":1,"126":1,"127":0,"128":4,"129":4,"130":4,"131":4,"132":4,"133":4,"134":4,"135":1,"136":3,"137":3,"138":3,"139":1,"140":2,"141":2,"142":1,"143":1,"144":1,"145":0},"f":{"0":6,"1":3,"2":3,"3":4,"4":2,"5":0,"6":2,"7":4},"b":{"0":[1,5],"1":[1,4],"2":[4,0],"3":[1,2],"4":[1,1],"5":[1,2],"6":[1,1],"7":[2,1],"8":[1,3],"9":[0,3],"10":[1,2],"11":[1,1],"12":[1,0],"13":[1,1],"14":[0,1],"15":[1,0],"16":[0,0],"17":[0,0],"18":[1,1],"19":[1,3],"20":[1,1]},"_coverageSchema":"1a1c01bbd47fc00a2c39e90264f33305004495a9","hash":"728b623a76ac2c7c4f86a0c4efb7cd2f6811ce3c"}
,"D:\\Work\\Phincon\\caloried\\server\\controllers\\diary.controller.js": {"path":"D:\\Work\\Phincon\\caloried\\server\\controllers\\diary.controller.js","statementMap":{"0":{"start":{"line":1,"column":15},"end":{"line":1,"column":35}},"1":{"start":{"line":5,"column":4},"end":{"line":5,"column":41}},"2":{"start":{"line":6,"column":50},"end":{"line":6,"column":70}},"3":{"start":{"line":10,"column":4},"end":{"line":10,"column":44}},"4":{"start":{"line":12,"column":0},"end":{"line":45,"column":2}},"5":{"start":{"line":13,"column":2},"end":{"line":44,"column":3}},"6":{"start":{"line":14,"column":19},"end":{"line":14,"column":30}},"7":{"start":{"line":15,"column":21},"end":{"line":15,"column":30}},"8":{"start":{"line":17,"column":18},"end":{"line":35,"column":6}},"9":{"start":{"line":37,"column":4},"end":{"line":39,"column":5}},"10":{"start":{"line":38,"column":6},"end":{"line":38,"column":71}},"11":{"start":{"line":41,"column":4},"end":{"line":41,"column":43}},"12":{"start":{"line":43,"column":4},"end":{"line":43,"column":34}},"13":{"start":{"line":47,"column":0},"end":{"line":98,"column":2}},"14":{"start":{"line":48,"column":2},"end":{"line":97,"column":3}},"15":{"start":{"line":49,"column":19},"end":{"line":49,"column":30}},"16":{"start":{"line":50,"column":21},"end":{"line":50,"column":29}},"17":{"start":{"line":52,"column":29},"end":{"line":52,"column":71}},"18":{"start":{"line":54,"column":4},"end":{"line":56,"column":5}},"19":{"start":{"line":55,"column":6},"end":{"line":55,"column":77}},"20":{"start":{"line":70,"column":8},"end":{"line":70,"column":13}},"21":{"start":{"line":72,"column":24},"end":{"line":72,"column":53}},"22":{"start":{"line":74,"column":32},"end":{"line":77,"column":6}},"23":{"start":{"line":79,"column":32},"end":{"line":83,"column":6}},"24":{"start":{"line":85,"column":4},"end":{"line":88,"column":6}},"25":{"start":{"line":90,"column":4},"end":{"line":90,"column":31}},"26":{"start":{"line":91,"column":4},"end":{"line":93,"column":7}},"27":{"start":{"line":95,"column":4},"end":{"line":95,"column":33}},"28":{"start":{"line":96,"column":4},"end":{"line":96,"column":34}},"29":{"start":{"line":100,"column":0},"end":{"line":169,"column":2}},"30":{"start":{"line":101,"column":2},"end":{"line":168,"column":3}},"31":{"start":{"line":102,"column":19},"end":{"line":102,"column":30}},"32":{"start":{"line":103,"column":22},"end":{"line":103,"column":42}},"33":{"start":{"line":104,"column":24},"end":{"line":104,"column":32}},"34":{"start":{"line":106,"column":29},"end":{"line":106,"column":75}},"35":{"start":{"line":108,"column":4},"end":{"line":110,"column":5}},"36":{"start":{"line":109,"column":6},"end":{"line":109,"column":77}},"37":{"start":{"line":112,"column":41},"end":{"line":112,"column":46}},"38":{"start":{"line":114,"column":20},"end":{"line":121,"column":6}},"39":{"start":{"line":123,"column":4},"end":{"line":125,"column":5}},"40":{"start":{"line":124,"column":6},"end":{"line":124,"column":70}},"41":{"start":{"line":127,"column":22},"end":{"line":127,"column":36}},"42":{"start":{"line":129,"column":22},"end":{"line":131,"column":6}},"43":{"start":{"line":133,"column":4},"end":{"line":133,"column":59}},"44":{"start":{"line":135,"column":27},"end":{"line":153,"column":6}},"45":{"start":{"line":155,"column":28},"end":{"line":157,"column":6}},"46":{"start":{"line":158,"column":4},"end":{"line":160,"column":5}},"47":{"start":{"line":159,"column":6},"end":{"line":159,"column":55}},"48":{"start":{"line":162,"column":4},"end":{"line":165,"column":7}},"49":{"start":{"line":167,"column":4},"end":{"line":167,"column":34}},"50":{"start":{"line":171,"column":0},"end":{"line":210,"column":2}},"51":{"start":{"line":172,"column":2},"end":{"line":209,"column":3}},"52":{"start":{"line":173,"column":19},"end":{"line":173,"column":30}},"53":{"start":{"line":174,"column":22},"end":{"line":174,"column":42}},"54":{"start":{"line":176,"column":20},"end":{"line":189,"column":6}},"55":{"start":{"line":191,"column":4},"end":{"line":193,"column":5}},"56":{"start":{"line":192,"column":6},"end":{"line":192,"column":70}},"57":{"start":{"line":195,"column":19},"end":{"line":195,"column":33}},"58":{"start":{"line":196,"column":4},"end":{"line":196,"column":28}},"59":{"start":{"line":198,"column":29},"end":{"line":200,"column":6}},"60":{"start":{"line":202,"column":4},"end":{"line":204,"column":5}},"61":{"start":{"line":203,"column":6},"end":{"line":203,"column":52}},"62":{"start":{"line":206,"column":4},"end":{"line":206,"column":66}},"63":{"start":{"line":208,"column":4},"end":{"line":208,"column":34}},"64":{"start":{"line":212,"column":0},"end":{"line":249,"column":2}},"65":{"start":{"line":213,"column":2},"end":{"line":248,"column":3}},"66":{"start":{"line":214,"column":19},"end":{"line":214,"column":30}},"67":{"start":{"line":215,"column":23},"end":{"line":215,"column":33}},"68":{"start":{"line":216,"column":4},"end":{"line":216,"column":57}},"69":{"start":{"line":218,"column":23},"end":{"line":243,"column":6}},"70":{"start":{"line":245,"column":4},"end":{"line":245,"column":48}},"71":{"start":{"line":247,"column":4},"end":{"line":247,"column":34}},"72":{"start":{"line":251,"column":0},"end":{"line":314,"column":2}},"73":{"start":{"line":252,"column":2},"end":{"line":313,"column":3}},"74":{"start":{"line":253,"column":19},"end":{"line":253,"column":30}},"75":{"start":{"line":254,"column":17},"end":{"line":254,"column":62}},"76":{"start":{"line":255,"column":20},"end":{"line":255,"column":30}},"77":{"start":{"line":256,"column":22},"end":{"line":256,"column":32}},"78":{"start":{"line":257,"column":4},"end":{"line":257,"column":54}},"79":{"start":{"line":259,"column":29},"end":{"line":294,"column":6}},"80":{"start":{"line":296,"column":24},"end":{"line":296,"column":26}},"81":{"start":{"line":297,"column":4},"end":{"line":309,"column":5}},"82":{"start":{"line":298,"column":14},"end":{"line":298,"column":33}},"83":{"start":{"line":302,"column":28},"end":{"line":302,"column":57}},"84":{"start":{"line":303,"column":20},"end":{"line":303,"column":78}},"85":{"start":{"line":303,"column":51},"end":{"line":303,"column":77}},"86":{"start":{"line":305,"column":6},"end":{"line":308,"column":9}},"87":{"start":{"line":310,"column":4},"end":{"line":310,"column":51}},"88":{"start":{"line":312,"column":4},"end":{"line":312,"column":34}}},"fnMap":{"0":{"name":"(anonymous_0)","decl":{"start":{"line":12,"column":25},"end":{"line":12,"column":26}},"loc":{"start":{"line":12,"column":45},"end":{"line":45,"column":1}},"line":12},"1":{"name":"(anonymous_1)","decl":{"start":{"line":47,"column":25},"end":{"line":47,"column":26}},"loc":{"start":{"line":47,"column":45},"end":{"line":98,"column":1}},"line":47},"2":{"name":"(anonymous_2)","decl":{"start":{"line":100,"column":26},"end":{"line":100,"column":27}},"loc":{"start":{"line":100,"column":46},"end":{"line":169,"column":1}},"line":100},"3":{"name":"(anonymous_3)","decl":{"start":{"line":171,"column":30},"end":{"line":171,"column":31}},"loc":{"start":{"line":171,"column":50},"end":{"line":210,"column":1}},"line":171},"4":{"name":"(anonymous_4)","decl":{"start":{"line":212,"column":32},"end":{"line":212,"column":33}},"loc":{"start":{"line":212,"column":52},"end":{"line":249,"column":1}},"line":212},"5":{"name":"(anonymous_5)","decl":{"start":{"line":251,"column":34},"end":{"line":251,"column":35}},"loc":{"start":{"line":251,"column":54},"end":{"line":314,"column":1}},"line":251},"6":{"name":"(anonymous_6)","decl":{"start":{"line":303,"column":42},"end":{"line":303,"column":43}},"loc":{"start":{"line":303,"column":51},"end":{"line":303,"column":77}},"line":303}},"branchMap":{"0":{"loc":{"start":{"line":37,"column":4},"end":{"line":39,"column":5}},"type":"if","locations":[{"start":{"line":37,"column":4},"end":{"line":39,"column":5}},{"start":{},"end":{}}],"line":37},"1":{"loc":{"start":{"line":54,"column":4},"end":{"line":56,"column":5}},"type":"if","locations":[{"start":{"line":54,"column":4},"end":{"line":56,"column":5}},{"start":{},"end":{}}],"line":54},"2":{"loc":{"start":{"line":108,"column":4},"end":{"line":110,"column":5}},"type":"if","locations":[{"start":{"line":108,"column":4},"end":{"line":110,"column":5}},{"start":{},"end":{}}],"line":108},"3":{"loc":{"start":{"line":123,"column":4},"end":{"line":125,"column":5}},"type":"if","locations":[{"start":{"line":123,"column":4},"end":{"line":125,"column":5}},{"start":{},"end":{}}],"line":123},"4":{"loc":{"start":{"line":158,"column":4},"end":{"line":160,"column":5}},"type":"if","locations":[{"start":{"line":158,"column":4},"end":{"line":160,"column":5}},{"start":{},"end":{}}],"line":158},"5":{"loc":{"start":{"line":191,"column":4},"end":{"line":193,"column":5}},"type":"if","locations":[{"start":{"line":191,"column":4},"end":{"line":193,"column":5}},{"start":{},"end":{}}],"line":191},"6":{"loc":{"start":{"line":202,"column":4},"end":{"line":204,"column":5}},"type":"if","locations":[{"start":{"line":202,"column":4},"end":{"line":204,"column":5}},{"start":{},"end":{}}],"line":202},"7":{"loc":{"start":{"line":254,"column":17},"end":{"line":254,"column":62}},"type":"cond-expr","locations":[{"start":{"line":254,"column":34},"end":{"line":254,"column":58}},{"start":{"line":254,"column":61},"end":{"line":254,"column":62}}],"line":254},"8":{"loc":{"start":{"line":307,"column":11},"end":{"line":307,"column":53}},"type":"cond-expr","locations":[{"start":{"line":307,"column":19},"end":{"line":307,"column":49}},{"start":{"line":307,"column":52},"end":{"line":307,"column":53}}],"line":307}},"s":{"0":4,"1":4,"2":4,"3":4,"4":4,"5":1,"6":1,"7":1,"8":1,"9":1,"10":0,"11":1,"12":0,"13":4,"14":2,"15":2,"16":2,"17":2,"18":2,"19":1,"20":1,"21":1,"22":1,"23":1,"24":1,"25":1,"26":1,"27":0,"28":0,"29":4,"30":3,"31":3,"32":3,"33":3,"34":3,"35":3,"36":1,"37":2,"38":2,"39":2,"40":1,"41":1,"42":1,"43":1,"44":1,"45":1,"46":1,"47":0,"48":1,"49":0,"50":4,"51":2,"52":2,"53":2,"54":2,"55":2,"56":1,"57":1,"58":1,"59":1,"60":1,"61":0,"62":1,"63":0,"64":4,"65":1,"66":1,"67":1,"68":1,"69":1,"70":1,"71":0,"72":4,"73":1,"74":1,"75":1,"76":1,"77":1,"78":1,"79":1,"80":1,"81":1,"82":1,"83":7,"84":7,"85":0,"86":7,"87":1,"88":0},"f":{"0":1,"1":2,"2":3,"3":2,"4":1,"5":1,"6":0},"b":{"0":[0,1],"1":[1,1],"2":[1,2],"3":[1,1],"4":[0,1],"5":[1,1],"6":[0,1],"7":[1,0],"8":[0,7]},"_coverageSchema":"1a1c01bbd47fc00a2c39e90264f33305004495a9","hash":"963e3c7b5b977e526d6af5a0e8f54e06777789d3"}
,"D:\\Work\\Phincon\\caloried\\server\\controllers\\food.controller.js": {"path":"D:\\Work\\Phincon\\caloried\\server\\controllers\\food.controller.js","statementMap":{"0":{"start":{"line":4,"column":4},"end":{"line":4,"column":28}},"1":{"start":{"line":5,"column":37},"end":{"line":5,"column":77}},"2":{"start":{"line":9,"column":4},"end":{"line":9,"column":41}},"3":{"start":{"line":10,"column":20},"end":{"line":10,"column":51}},"4":{"start":{"line":12,"column":0},"end":{"line":56,"column":2}},"5":{"start":{"line":13,"column":2},"end":{"line":55,"column":3}},"6":{"start":{"line":14,"column":18},"end":{"line":14,"column":32}},"7":{"start":{"line":15,"column":21},"end":{"line":15,"column":38}},"8":{"start":{"line":16,"column":17},"end":{"line":16,"column":46}},"9":{"start":{"line":17,"column":21},"end":{"line":17,"column":54}},"10":{"start":{"line":19,"column":21},"end":{"line":19,"column":69}},"11":{"start":{"line":21,"column":23},"end":{"line":21,"column":54}},"12":{"start":{"line":24,"column":4},"end":{"line":34,"column":5}},"13":{"start":{"line":25,"column":6},"end":{"line":25,"column":49}},"14":{"start":{"line":27,"column":34},"end":{"line":30,"column":8}},"15":{"start":{"line":31,"column":6},"end":{"line":31,"column":56}},"16":{"start":{"line":33,"column":6},"end":{"line":33,"column":80}},"17":{"start":{"line":37,"column":6},"end":{"line":41,"column":11}},"18":{"start":{"line":40,"column":22},"end":{"line":40,"column":59}},"19":{"start":{"line":43,"column":23},"end":{"line":43,"column":44}},"20":{"start":{"line":44,"column":30},"end":{"line":47,"column":5}},"21":{"start":{"line":49,"column":4},"end":{"line":52,"column":7}},"22":{"start":{"line":54,"column":4},"end":{"line":54,"column":34}},"23":{"start":{"line":58,"column":0},"end":{"line":97,"column":2}},"24":{"start":{"line":59,"column":2},"end":{"line":96,"column":3}},"25":{"start":{"line":60,"column":35},"end":{"line":60,"column":45}},"26":{"start":{"line":62,"column":21},"end":{"line":62,"column":72}},"27":{"start":{"line":64,"column":23},"end":{"line":64,"column":54}},"28":{"start":{"line":67,"column":4},"end":{"line":91,"column":5}},"29":{"start":{"line":68,"column":6},"end":{"line":68,"column":43}},"30":{"start":{"line":70,"column":6},"end":{"line":88,"column":7}},"31":{"start":{"line":71,"column":36},"end":{"line":73,"column":10}},"32":{"start":{"line":74,"column":8},"end":{"line":74,"column":64}},"33":{"start":{"line":75,"column":13},"end":{"line":88,"column":7}},"34":{"start":{"line":76,"column":36},"end":{"line":79,"column":10}},"35":{"start":{"line":80,"column":34},"end":{"line":80,"column":63}},"36":{"start":{"line":81,"column":8},"end":{"line":83,"column":10}},"37":{"start":{"line":82,"column":20},"end":{"line":82,"column":74}},"38":{"start":{"line":85,"column":8},"end":{"line":87,"column":11}},"39":{"start":{"line":90,"column":6},"end":{"line":90,"column":74}},"40":{"start":{"line":93,"column":4},"end":{"line":93,"column":57}},"41":{"start":{"line":95,"column":4},"end":{"line":95,"column":34}}},"fnMap":{"0":{"name":"(anonymous_0)","decl":{"start":{"line":12,"column":21},"end":{"line":12,"column":22}},"loc":{"start":{"line":12,"column":41},"end":{"line":56,"column":1}},"line":12},"1":{"name":"(anonymous_1)","decl":{"start":{"line":40,"column":12},"end":{"line":40,"column":13}},"loc":{"start":{"line":40,"column":22},"end":{"line":40,"column":59}},"line":40},"2":{"name":"(anonymous_2)","decl":{"start":{"line":58,"column":27},"end":{"line":58,"column":28}},"loc":{"start":{"line":58,"column":47},"end":{"line":97,"column":1}},"line":58},"3":{"name":"(anonymous_3)","decl":{"start":{"line":82,"column":10},"end":{"line":82,"column":11}},"loc":{"start":{"line":82,"column":20},"end":{"line":82,"column":74}},"line":82}},"branchMap":{"0":{"loc":{"start":{"line":16,"column":17},"end":{"line":16,"column":46}},"type":"binary-expr","locations":[{"start":{"line":16,"column":17},"end":{"line":16,"column":41}},{"start":{"line":16,"column":45},"end":{"line":16,"column":46}}],"line":16},"1":{"loc":{"start":{"line":17,"column":21},"end":{"line":17,"column":54}},"type":"binary-expr","locations":[{"start":{"line":17,"column":21},"end":{"line":17,"column":49}},{"start":{"line":17,"column":53},"end":{"line":17,"column":54}}],"line":17},"2":{"loc":{"start":{"line":24,"column":4},"end":{"line":34,"column":5}},"type":"if","locations":[{"start":{"line":24,"column":4},"end":{"line":34,"column":5}},{"start":{"line":26,"column":11},"end":{"line":34,"column":5}}],"line":24},"3":{"loc":{"start":{"line":37,"column":6},"end":{"line":41,"column":11}},"type":"cond-expr","locations":[{"start":{"line":38,"column":10},"end":{"line":38,"column":27}},{"start":{"line":39,"column":10},"end":{"line":41,"column":11}}],"line":37},"4":{"loc":{"start":{"line":67,"column":4},"end":{"line":91,"column":5}},"type":"if","locations":[{"start":{"line":67,"column":4},"end":{"line":91,"column":5}},{"start":{"line":69,"column":11},"end":{"line":91,"column":5}}],"line":67},"5":{"loc":{"start":{"line":70,"column":6},"end":{"line":88,"column":7}},"type":"if","locations":[{"start":{"line":70,"column":6},"end":{"line":88,"column":7}},{"start":{"line":75,"column":13},"end":{"line":88,"column":7}}],"line":70},"6":{"loc":{"start":{"line":75,"column":13},"end":{"line":88,"column":7}},"type":"if","locations":[{"start":{"line":75,"column":13},"end":{"line":88,"column":7}},{"start":{"line":84,"column":13},"end":{"line":88,"column":7}}],"line":75},"7":{"loc":{"start":{"line":93,"column":36},"end":{"line":93,"column":55}},"type":"binary-expr","locations":[{"start":{"line":93,"column":36},"end":{"line":93,"column":47}},{"start":{"line":93,"column":51},"end":{"line":93,"column":55}}],"line":93}},"s":{"0":4,"1":4,"2":4,"3":4,"4":4,"5":1,"6":1,"7":1,"8":1,"9":1,"10":1,"11":1,"12":1,"13":0,"14":1,"15":1,"16":1,"17":1,"18":0,"19":1,"20":1,"21":1,"22":0,"23":4,"24":3,"25":3,"26":3,"27":3,"28":3,"29":0,"30":3,"31":1,"32":1,"33":2,"34":1,"35":1,"36":1,"37":1,"38":1,"39":2,"40":2,"41":0},"f":{"0":1,"1":0,"2":3,"3":1},"b":{"0":[1,1],"1":[1,1],"2":[0,1],"3":[1,0],"4":[0,3],"5":[1,2],"6":[1,1],"7":[2,0]},"_coverageSchema":"1a1c01bbd47fc00a2c39e90264f33305004495a9","hash":"346ab482c58ad78c67c4e8aa25d28f831d3d51d9"}
,"D:\\Work\\Phincon\\caloried\\server\\controllers\\user.controller.js": {"path":"D:\\Work\\Phincon\\caloried\\server\\controllers\\user.controller.js","statementMap":{"0":{"start":{"line":1,"column":26},"end":{"line":1,"column":46}},"1":{"start":{"line":5,"column":4},"end":{"line":5,"column":41}},"2":{"start":{"line":6,"column":11},"end":{"line":6,"column":24}},"3":{"start":{"line":7,"column":13},"end":{"line":7,"column":28}},"4":{"start":{"line":8,"column":30},"end":{"line":8,"column":50}},"5":{"start":{"line":9,"column":33},"end":{"line":9,"column":72}},"6":{"start":{"line":13,"column":4},"end":{"line":13,"column":40}},"7":{"start":{"line":14,"column":20},"end":{"line":14,"column":51}},"8":{"start":{"line":15,"column":32},"end":{"line":15,"column":65}},"9":{"start":{"line":17,"column":0},"end":{"line":62,"column":2}},"10":{"start":{"line":18,"column":2},"end":{"line":61,"column":3}},"11":{"start":{"line":19,"column":28},"end":{"line":19,"column":30}},"12":{"start":{"line":20,"column":24},"end":{"line":20,"column":25}},"13":{"start":{"line":22,"column":17},"end":{"line":22,"column":56}},"14":{"start":{"line":23,"column":21},"end":{"line":23,"column":68}},"15":{"start":{"line":24,"column":17},"end":{"line":24,"column":39}},"16":{"start":{"line":25,"column":18},"end":{"line":25,"column":42}},"17":{"start":{"line":27,"column":21},"end":{"line":27,"column":65}},"18":{"start":{"line":29,"column":23},"end":{"line":29,"column":54}},"19":{"start":{"line":31,"column":4},"end":{"line":58,"column":5}},"20":{"start":{"line":32,"column":27},"end":{"line":32,"column":49}},"21":{"start":{"line":33,"column":6},"end":{"line":33,"column":52}},"22":{"start":{"line":35,"column":21},"end":{"line":35,"column":42}},"23":{"start":{"line":36,"column":30},"end":{"line":41,"column":8}},"24":{"start":{"line":43,"column":6},"end":{"line":45,"column":7}},"25":{"start":{"line":44,"column":8},"end":{"line":44,"column":72}},"26":{"start":{"line":47,"column":21},"end":{"line":52,"column":7}},"27":{"start":{"line":54,"column":6},"end":{"line":54,"column":74}},"28":{"start":{"line":55,"column":6},"end":{"line":55,"column":57}},"29":{"start":{"line":57,"column":6},"end":{"line":57,"column":46}},"30":{"start":{"line":60,"column":4},"end":{"line":60,"column":34}},"31":{"start":{"line":64,"column":0},"end":{"line":76,"column":2}},"32":{"start":{"line":65,"column":2},"end":{"line":75,"column":3}},"33":{"start":{"line":66,"column":19},"end":{"line":66,"column":30}},"34":{"start":{"line":68,"column":17},"end":{"line":68,"column":44}},"35":{"start":{"line":70,"column":4},"end":{"line":70,"column":36}},"36":{"start":{"line":72,"column":4},"end":{"line":72,"column":42}},"37":{"start":{"line":74,"column":4},"end":{"line":74,"column":34}},"38":{"start":{"line":78,"column":0},"end":{"line":154,"column":2}},"39":{"start":{"line":79,"column":2},"end":{"line":153,"column":3}},"40":{"start":{"line":80,"column":19},"end":{"line":80,"column":30}},"41":{"start":{"line":81,"column":24},"end":{"line":81,"column":32}},"42":{"start":{"line":83,"column":29},"end":{"line":83,"column":71}},"43":{"start":{"line":84,"column":4},"end":{"line":86,"column":5}},"44":{"start":{"line":85,"column":6},"end":{"line":85,"column":77}},"45":{"start":{"line":89,"column":6},"end":{"line":89,"column":11}},"46":{"start":{"line":91,"column":24},"end":{"line":91,"column":69}},"47":{"start":{"line":92,"column":4},"end":{"line":94,"column":5}},"48":{"start":{"line":93,"column":6},"end":{"line":93,"column":69}},"49":{"start":{"line":97,"column":4},"end":{"line":106,"column":5}},"50":{"start":{"line":98,"column":6},"end":{"line":98,"column":51}},"51":{"start":{"line":100,"column":6},"end":{"line":105,"column":7}},"52":{"start":{"line":101,"column":30},"end":{"line":101,"column":76}},"53":{"start":{"line":102,"column":8},"end":{"line":104,"column":11}},"54":{"start":{"line":103,"column":10},"end":{"line":103,"column":76}},"55":{"start":{"line":103,"column":19},"end":{"line":103,"column":76}},"56":{"start":{"line":108,"column":4},"end":{"line":121,"column":6}},"57":{"start":{"line":123,"column":24},"end":{"line":123,"column":69}},"58":{"start":{"line":125,"column":4},"end":{"line":150,"column":5}},"59":{"start":{"line":126,"column":6},"end":{"line":143,"column":7}},"60":{"start":{"line":127,"column":22},"end":{"line":127,"column":32}},"61":{"start":{"line":128,"column":8},"end":{"line":128,"column":35}},"62":{"start":{"line":130,"column":30},"end":{"line":132,"column":10}},"63":{"start":{"line":134,"column":8},"end":{"line":142,"column":9}},"64":{"start":{"line":135,"column":10},"end":{"line":135,"column":49}},"65":{"start":{"line":137,"column":10},"end":{"line":141,"column":13}},"66":{"start":{"line":144,"column":6},"end":{"line":144,"column":34}},"67":{"start":{"line":146,"column":6},"end":{"line":149,"column":9}},"68":{"start":{"line":152,"column":4},"end":{"line":152,"column":34}},"69":{"start":{"line":156,"column":0},"end":{"line":176,"column":2}},"70":{"start":{"line":157,"column":2},"end":{"line":175,"column":3}},"71":{"start":{"line":158,"column":23},"end":{"line":158,"column":33}},"72":{"start":{"line":160,"column":17},"end":{"line":160,"column":44}},"73":{"start":{"line":161,"column":4},"end":{"line":163,"column":5}},"74":{"start":{"line":162,"column":6},"end":{"line":162,"column":70}},"75":{"start":{"line":165,"column":4},"end":{"line":165,"column":25}},"76":{"start":{"line":167,"column":4},"end":{"line":167,"column":32}},"77":{"start":{"line":169,"column":4},"end":{"line":172,"column":7}},"78":{"start":{"line":174,"column":4},"end":{"line":174,"column":34}},"79":{"start":{"line":178,"column":0},"end":{"line":209,"column":2}},"80":{"start":{"line":179,"column":2},"end":{"line":208,"column":3}},"81":{"start":{"line":180,"column":18},"end":{"line":180,"column":38}},"82":{"start":{"line":182,"column":22},"end":{"line":189,"column":5}},"83":{"start":{"line":191,"column":4},"end":{"line":198,"column":7}},"84":{"start":{"line":192,"column":18},"end":{"line":192,"column":40}},"85":{"start":{"line":193,"column":23},"end":{"line":193,"column":45}},"86":{"start":{"line":195,"column":6},"end":{"line":197,"column":7}},"87":{"start":{"line":196,"column":8},"end":{"line":196,"column":43}},"88":{"start":{"line":200,"column":26},"end":{"line":203,"column":7}},"89":{"start":{"line":200,"column":68},"end":{"line":203,"column":5}},"90":{"start":{"line":205,"column":4},"end":{"line":205,"column":51}},"91":{"start":{"line":207,"column":4},"end":{"line":207,"column":34}},"92":{"start":{"line":211,"column":0},"end":{"line":225,"column":2}},"93":{"start":{"line":212,"column":2},"end":{"line":224,"column":3}},"94":{"start":{"line":213,"column":23},"end":{"line":213,"column":67}},"95":{"start":{"line":214,"column":25},"end":{"line":214,"column":71}},"96":{"start":{"line":216,"column":17},"end":{"line":219,"column":5}},"97":{"start":{"line":221,"column":4},"end":{"line":221,"column":42}},"98":{"start":{"line":223,"column":4},"end":{"line":223,"column":34}},"99":{"start":{"line":227,"column":0},"end":{"line":266,"column":2}},"100":{"start":{"line":228,"column":2},"end":{"line":265,"column":3}},"101":{"start":{"line":229,"column":19},"end":{"line":229,"column":30}},"102":{"start":{"line":230,"column":17},"end":{"line":230,"column":63}},"103":{"start":{"line":231,"column":20},"end":{"line":231,"column":30}},"104":{"start":{"line":232,"column":22},"end":{"line":232,"column":32}},"105":{"start":{"line":233,"column":4},"end":{"line":233,"column":48}},"106":{"start":{"line":235,"column":26},"end":{"line":244,"column":6}},"107":{"start":{"line":246,"column":24},"end":{"line":246,"column":26}},"108":{"start":{"line":247,"column":25},"end":{"line":247,"column":29}},"109":{"start":{"line":249,"column":4},"end":{"line":260,"column":5}},"110":{"start":{"line":250,"column":24},"end":{"line":250,"column":52}},"111":{"start":{"line":251,"column":28},"end":{"line":251,"column":65}},"112":{"start":{"line":253,"column":6},"end":{"line":259,"column":7}},"113":{"start":{"line":254,"column":8},"end":{"line":257,"column":11}},"114":{"start":{"line":258,"column":8},"end":{"line":258,"column":38}},"115":{"start":{"line":262,"column":4},"end":{"line":262,"column":51}},"116":{"start":{"line":264,"column":4},"end":{"line":264,"column":34}}},"fnMap":{"0":{"name":"(anonymous_0)","decl":{"start":{"line":17,"column":31},"end":{"line":17,"column":32}},"loc":{"start":{"line":17,"column":51},"end":{"line":62,"column":1}},"line":17},"1":{"name":"(anonymous_1)","decl":{"start":{"line":64,"column":22},"end":{"line":64,"column":23}},"loc":{"start":{"line":64,"column":42},"end":{"line":76,"column":1}},"line":64},"2":{"name":"(anonymous_2)","decl":{"start":{"line":78,"column":22},"end":{"line":78,"column":23}},"loc":{"start":{"line":78,"column":42},"end":{"line":154,"column":1}},"line":78},"3":{"name":"(anonymous_3)","decl":{"start":{"line":102,"column":33},"end":{"line":102,"column":34}},"loc":{"start":{"line":102,"column":42},"end":{"line":104,"column":9}},"line":102},"4":{"name":"(anonymous_4)","decl":{"start":{"line":156,"column":25},"end":{"line":156,"column":26}},"loc":{"start":{"line":156,"column":45},"end":{"line":176,"column":1}},"line":156},"5":{"name":"(anonymous_5)","decl":{"start":{"line":178,"column":29},"end":{"line":178,"column":30}},"loc":{"start":{"line":178,"column":49},"end":{"line":209,"column":1}},"line":178},"6":{"name":"(anonymous_6)","decl":{"start":{"line":191,"column":18},"end":{"line":191,"column":19}},"loc":{"start":{"line":191,"column":28},"end":{"line":198,"column":5}},"line":191},"7":{"name":"(anonymous_7)","decl":{"start":{"line":200,"column":53},"end":{"line":200,"column":54}},"loc":{"start":{"line":200,"column":68},"end":{"line":203,"column":5}},"line":200},"8":{"name":"(anonymous_8)","decl":{"start":{"line":211,"column":33},"end":{"line":211,"column":34}},"loc":{"start":{"line":211,"column":53},"end":{"line":225,"column":1}},"line":211},"9":{"name":"(anonymous_9)","decl":{"start":{"line":227,"column":31},"end":{"line":227,"column":32}},"loc":{"start":{"line":227,"column":51},"end":{"line":266,"column":1}},"line":227}},"branchMap":{"0":{"loc":{"start":{"line":22,"column":17},"end":{"line":22,"column":56}},"type":"binary-expr","locations":[{"start":{"line":22,"column":17},"end":{"line":22,"column":41}},{"start":{"line":22,"column":45},"end":{"line":22,"column":56}}],"line":22},"1":{"loc":{"start":{"line":23,"column":21},"end":{"line":23,"column":68}},"type":"binary-expr","locations":[{"start":{"line":23,"column":21},"end":{"line":23,"column":49}},{"start":{"line":23,"column":53},"end":{"line":23,"column":68}}],"line":23},"2":{"loc":{"start":{"line":24,"column":17},"end":{"line":24,"column":39}},"type":"binary-expr","locations":[{"start":{"line":24,"column":17},"end":{"line":24,"column":31}},{"start":{"line":24,"column":35},"end":{"line":24,"column":39}}],"line":24},"3":{"loc":{"start":{"line":25,"column":18},"end":{"line":25,"column":42}},"type":"binary-expr","locations":[{"start":{"line":25,"column":18},"end":{"line":25,"column":33}},{"start":{"line":25,"column":37},"end":{"line":25,"column":42}}],"line":25},"4":{"loc":{"start":{"line":31,"column":4},"end":{"line":58,"column":5}},"type":"if","locations":[{"start":{"line":31,"column":4},"end":{"line":58,"column":5}},{"start":{"line":34,"column":11},"end":{"line":58,"column":5}}],"line":31},"5":{"loc":{"start":{"line":43,"column":6},"end":{"line":45,"column":7}},"type":"if","locations":[{"start":{"line":43,"column":6},"end":{"line":45,"column":7}},{"start":{},"end":{}}],"line":43},"6":{"loc":{"start":{"line":84,"column":4},"end":{"line":86,"column":5}},"type":"if","locations":[{"start":{"line":84,"column":4},"end":{"line":86,"column":5}},{"start":{},"end":{}}],"line":84},"7":{"loc":{"start":{"line":92,"column":4},"end":{"line":94,"column":5}},"type":"if","locations":[{"start":{"line":92,"column":4},"end":{"line":94,"column":5}},{"start":{},"end":{}}],"line":92},"8":{"loc":{"start":{"line":97,"column":4},"end":{"line":106,"column":5}},"type":"if","locations":[{"start":{"line":97,"column":4},"end":{"line":106,"column":5}},{"start":{},"end":{}}],"line":97},"9":{"loc":{"start":{"line":100,"column":6},"end":{"line":105,"column":7}},"type":"if","locations":[{"start":{"line":100,"column":6},"end":{"line":105,"column":7}},{"start":{},"end":{}}],"line":100},"10":{"loc":{"start":{"line":103,"column":10},"end":{"line":103,"column":76}},"type":"if","locations":[{"start":{"line":103,"column":10},"end":{"line":103,"column":76}},{"start":{},"end":{}}],"line":103},"11":{"loc":{"start":{"line":118,"column":16},"end":{"line":118,"column":57}},"type":"binary-expr","locations":[{"start":{"line":118,"column":16},"end":{"line":118,"column":26}},{"start":{"line":118,"column":30},"end":{"line":118,"column":57}}],"line":118},"12":{"loc":{"start":{"line":125,"column":4},"end":{"line":150,"column":5}},"type":"if","locations":[{"start":{"line":125,"column":4},"end":{"line":150,"column":5}},{"start":{},"end":{}}],"line":125},"13":{"loc":{"start":{"line":126,"column":6},"end":{"line":143,"column":7}},"type":"if","locations":[{"start":{"line":126,"column":6},"end":{"line":143,"column":7}},{"start":{},"end":{}}],"line":126},"14":{"loc":{"start":{"line":134,"column":8},"end":{"line":142,"column":9}},"type":"if","locations":[{"start":{"line":134,"column":8},"end":{"line":142,"column":9}},{"start":{"line":136,"column":15},"end":{"line":142,"column":9}}],"line":134},"15":{"loc":{"start":{"line":161,"column":4},"end":{"line":163,"column":5}},"type":"if","locations":[{"start":{"line":161,"column":4},"end":{"line":163,"column":5}},{"start":{},"end":{}}],"line":161},"16":{"loc":{"start":{"line":195,"column":6},"end":{"line":197,"column":7}},"type":"if","locations":[{"start":{"line":195,"column":6},"end":{"line":197,"column":7}},{"start":{},"end":{}}],"line":195},"17":{"loc":{"start":{"line":230,"column":17},"end":{"line":230,"column":63}},"type":"cond-expr","locations":[{"start":{"line":230,"column":34},"end":{"line":230,"column":58}},{"start":{"line":230,"column":61},"end":{"line":230,"column":63}}],"line":230},"18":{"loc":{"start":{"line":253,"column":6},"end":{"line":259,"column":7}},"type":"if","locations":[{"start":{"line":253,"column":6},"end":{"line":259,"column":7}},{"start":{},"end":{}}],"line":253}},"s":{"0":4,"1":4,"2":4,"3":4,"4":4,"5":4,"6":4,"7":4,"8":4,"9":4,"10":1,"11":1,"12":1,"13":1,"14":1,"15":1,"16":1,"17":1,"18":1,"19":1,"20":0,"21":0,"22":1,"23":1,"24":1,"25":0,"26":1,"27":1,"28":1,"29":1,"30":0,"31":4,"32":1,"33":1,"34":1,"35":1,"36":1,"37":0,"38":4,"39":2,"40":2,"41":2,"42":2,"43":2,"44":1,"45":1,"46":1,"47":1,"48":0,"49":1,"50":1,"51":1,"52":0,"53":0,"54":0,"55":0,"56":1,"57":1,"58":1,"59":1,"60":1,"61":1,"62":1,"63":1,"64":1,"65":0,"66":1,"67":1,"68":0,"69":4,"70":2,"71":2,"72":2,"73":2,"74":1,"75":1,"76":1,"77":1,"78":0,"79":4,"80":1,"81":1,"82":1,"83":1,"84":1,"85":1,"86":1,"87":1,"88":1,"89":6,"90":1,"91":0,"92":4,"93":1,"94":1,"95":1,"96":1,"97":1,"98":0,"99":4,"100":1,"101":1,"102":1,"103":1,"104":1,"105":1,"106":1,"107":1,"108":1,"109":1,"110":1,"111":1,"112":1,"113":1,"114":1,"115":1,"116":0},"f":{"0":1,"1":1,"2":2,"3":0,"4":2,"5":1,"6":1,"7":6,"8":1,"9":1},"b":{"0":[1,1],"1":[1,1],"2":[1,1],"3":[1,1],"4":[0,1],"5":[0,1],"6":[1,1],"7":[0,1],"8":[1,0],"9":[0,1],"10":[0,0],"11":[1,0],"12":[1,0],"13":[1,0],"14":[1,0],"15":[1,1],"16":[1,0],"17":[0,1],"18":[1,0]},"_coverageSchema":"1a1c01bbd47fc00a2c39e90264f33305004495a9","hash":"6438fc946aae80d9abedd65a22415ef313352723"}
,"D:\\Work\\Phincon\\caloried\\server\\domain\\api.js": {"path":"D:\\Work\\Phincon\\caloried\\server\\domain\\api.js","statementMap":{"0":{"start":{"line":1,"column":14},"end":{"line":1,"column":30}},"1":{"start":{"line":3,"column":16},"end":{"line":3,"column":48}},"2":{"start":{"line":5,"column":16},"end":{"line":27,"column":1}},"3":{"start":{"line":12,"column":18},"end":{"line":23,"column":3}},"4":{"start":{"line":25,"column":19},"end":{"line":25,"column":39}},"5":{"start":{"line":26,"column":2},"end":{"line":26,"column":24}},"6":{"start":{"line":29,"column":33},"end":{"line":30,"column":50}},"7":{"start":{"line":30,"column":2},"end":{"line":30,"column":50}},"8":{"start":{"line":32,"column":39},"end":{"line":33,"column":53}},"9":{"start":{"line":33,"column":2},"end":{"line":33,"column":53}},"10":{"start":{"line":35,"column":0},"end":{"line":35,"column":78}}},"fnMap":{"0":{"name":"(anonymous_0)","decl":{"start":{"line":5,"column":16},"end":{"line":5,"column":17}},"loc":{"start":{"line":11,"column":5},"end":{"line":27,"column":1}},"line":11},"1":{"name":"(anonymous_1)","decl":{"start":{"line":29,"column":33},"end":{"line":29,"column":34}},"loc":{"start":{"line":30,"column":2},"end":{"line":30,"column":50}},"line":30},"2":{"name":"(anonymous_2)","decl":{"start":{"line":32,"column":39},"end":{"line":32,"column":40}},"loc":{"start":{"line":33,"column":2},"end":{"line":33,"column":53}},"line":33}},"branchMap":{"0":{"loc":{"start":{"line":7,"column":2},"end":{"line":7,"column":16}},"type":"default-arg","locations":[{"start":{"line":7,"column":11},"end":{"line":7,"column":16}}],"line":7},"1":{"loc":{"start":{"line":8,"column":2},"end":{"line":8,"column":14}},"type":"default-arg","locations":[{"start":{"line":8,"column":12},"end":{"line":8,"column":14}}],"line":8},"2":{"loc":{"start":{"line":9,"column":2},"end":{"line":9,"column":13}},"type":"default-arg","locations":[{"start":{"line":9,"column":11},"end":{"line":9,"column":13}}],"line":9}},"s":{"0":4,"1":4,"2":4,"3":0,"4":0,"5":0,"6":4,"7":0,"8":4,"9":0,"10":4},"f":{"0":0,"1":0,"2":0},"b":{"0":[0],"1":[0],"2":[0]},"_coverageSchema":"1a1c01bbd47fc00a2c39e90264f33305004495a9","hash":"78f775b7cae247dac811f9bbd2e2329aaa9dae20"}
,"D:\\Work\\Phincon\\caloried\\server\\helpers\\cacheHelper.js": {"path":"D:\\Work\\Phincon\\caloried\\server\\helpers\\cacheHelper.js","statementMap":{"0":{"start":{"line":1,"column":20},"end":{"line":1,"column":51}},"1":{"start":{"line":3,"column":28},"end":{"line":11,"column":1}},"2":{"start":{"line":4,"column":2},"end":{"line":10,"column":3}},"3":{"start":{"line":5,"column":17},"end":{"line":5,"column":61}},"4":{"start":{"line":6,"column":4},"end":{"line":6,"column":48}},"5":{"start":{"line":6,"column":26},"end":{"line":6,"column":46}},"6":{"start":{"line":7,"column":4},"end":{"line":7,"column":44}},"7":{"start":{"line":9,"column":4},"end":{"line":9,"column":59}},"8":{"start":{"line":13,"column":0},"end":{"line":15,"column":2}}},"fnMap":{"0":{"name":"(anonymous_0)","decl":{"start":{"line":3,"column":28},"end":{"line":3,"column":29}},"loc":{"start":{"line":3,"column":40},"end":{"line":11,"column":1}},"line":3},"1":{"name":"(anonymous_1)","decl":{"start":{"line":6,"column":17},"end":{"line":6,"column":18}},"loc":{"start":{"line":6,"column":26},"end":{"line":6,"column":46}},"line":6}},"branchMap":{},"s":{"0":4,"1":4,"2":7,"3":7,"4":7,"5":1,"6":7,"7":0,"8":4},"f":{"0":7,"1":1},"b":{},"_coverageSchema":"1a1c01bbd47fc00a2c39e90264f33305004495a9","hash":"7cdfcebb77f1095d0044e3dca98eb5e8205cce11"}
,"D:\\Work\\Phincon\\caloried\\server\\helpers\\formatNutrientData.js": {"path":"D:\\Work\\Phincon\\caloried\\server\\helpers\\formatNutrientData.js","statementMap":{"0":{"start":{"line":1,"column":18},"end":{"line":18,"column":1}},"1":{"start":{"line":20,"column":20},"end":{"line":30,"column":1}},"2":{"start":{"line":21,"column":14},"end":{"line":21,"column":37}},"3":{"start":{"line":23,"column":2},"end":{"line":25,"column":3}},"4":{"start":{"line":24,"column":4},"end":{"line":24,"column":16}},"5":{"start":{"line":27,"column":23},"end":{"line":27,"column":50}},"6":{"start":{"line":29,"column":2},"end":{"line":29,"column":33}},"7":{"start":{"line":32,"column":21},"end":{"line":75,"column":1}},"8":{"start":{"line":33,"column":26},"end":{"line":50,"column":3}},"9":{"start":{"line":52,"column":26},"end":{"line":52,"column":28}},"10":{"start":{"line":54,"column":2},"end":{"line":72,"column":3}},"11":{"start":{"line":55,"column":25},"end":{"line":55,"column":58}},"12":{"start":{"line":56,"column":4},"end":{"line":71,"column":5}},"13":{"start":{"line":59,"column":6},"end":{"line":63,"column":7}},"14":{"start":{"line":60,"column":8},"end":{"line":60,"column":50}},"15":{"start":{"line":62,"column":8},"end":{"line":62,"column":61}},"16":{"start":{"line":65,"column":17},"end":{"line":65,"column":56}},"17":{"start":{"line":67,"column":6},"end":{"line":70,"column":8}},"18":{"start":{"line":74,"column":2},"end":{"line":74,"column":25}},"19":{"start":{"line":77,"column":17},"end":{"line":101,"column":1}},"20":{"start":{"line":78,"column":22},"end":{"line":78,"column":24}},"21":{"start":{"line":80,"column":22},"end":{"line":91,"column":4}},"22":{"start":{"line":80,"column":52},"end":{"line":91,"column":3}},"23":{"start":{"line":93,"column":22},"end":{"line":93,"column":74}},"24":{"start":{"line":93,"column":50},"end":{"line":93,"column":67}},"25":{"start":{"line":96,"column":4},"end":{"line":96,"column":63}},"26":{"start":{"line":96,"column":33},"end":{"line":96,"column":56}},"27":{"start":{"line":98,"column":2},"end":{"line":98,"column":52}},"28":{"start":{"line":100,"column":2},"end":{"line":100,"column":21}},"29":{"start":{"line":103,"column":23},"end":{"line":119,"column":1}},"30":{"start":{"line":104,"column":2},"end":{"line":106,"column":3}},"31":{"start":{"line":105,"column":4},"end":{"line":105,"column":16}},"32":{"start":{"line":107,"column":19},"end":{"line":107,"column":27}},"33":{"start":{"line":109,"column":2},"end":{"line":118,"column":4}},"34":{"start":{"line":121,"column":0},"end":{"line":121,"column":46}}},"fnMap":{"0":{"name":"(anonymous_0)","decl":{"start":{"line":20,"column":20},"end":{"line":20,"column":21}},"loc":{"start":{"line":20,"column":53},"end":{"line":30,"column":1}},"line":20},"1":{"name":"(anonymous_1)","decl":{"start":{"line":32,"column":21},"end":{"line":32,"column":22}},"loc":{"start":{"line":32,"column":36},"end":{"line":75,"column":1}},"line":32},"2":{"name":"(anonymous_2)","decl":{"start":{"line":77,"column":17},"end":{"line":77,"column":18}},"loc":{"start":{"line":77,"column":28},"end":{"line":101,"column":1}},"line":77},"3":{"name":"(anonymous_3)","decl":{"start":{"line":80,"column":22},"end":{"line":80,"column":23}},"loc":{"start":{"line":80,"column":52},"end":{"line":91,"column":3}},"line":80},"4":{"name":"(anonymous_4)","decl":{"start":{"line":93,"column":40},"end":{"line":93,"column":41}},"loc":{"start":{"line":93,"column":50},"end":{"line":93,"column":67}},"line":93},"5":{"name":"(anonymous_5)","decl":{"start":{"line":96,"column":23},"end":{"line":96,"column":24}},"loc":{"start":{"line":96,"column":33},"end":{"line":96,"column":56}},"line":96},"6":{"name":"(anonymous_6)","decl":{"start":{"line":103,"column":23},"end":{"line":103,"column":24}},"loc":{"start":{"line":103,"column":34},"end":{"line":119,"column":1}},"line":103}},"branchMap":{"0":{"loc":{"start":{"line":23,"column":2},"end":{"line":25,"column":3}},"type":"if","locations":[{"start":{"line":23,"column":2},"end":{"line":25,"column":3}},{"start":{},"end":{}}],"line":23},"1":{"loc":{"start":{"line":56,"column":4},"end":{"line":71,"column":5}},"type":"if","locations":[{"start":{"line":56,"column":4},"end":{"line":71,"column":5}},{"start":{},"end":{}}],"line":56},"2":{"loc":{"start":{"line":59,"column":6},"end":{"line":63,"column":7}},"type":"if","locations":[{"start":{"line":59,"column":6},"end":{"line":63,"column":7}},{"start":{"line":61,"column":13},"end":{"line":63,"column":7}}],"line":59},"3":{"loc":{"start":{"line":80,"column":29},"end":{"line":80,"column":46}},"type":"default-arg","locations":[{"start":{"line":80,"column":41},"end":{"line":80,"column":46}}],"line":80},"4":{"loc":{"start":{"line":85,"column":19},"end":{"line":87,"column":34}},"type":"cond-expr","locations":[{"start":{"line":86,"column":8},"end":{"line":86,"column":58}},{"start":{"line":87,"column":8},"end":{"line":87,"column":34}}],"line":85},"5":{"loc":{"start":{"line":88,"column":10},"end":{"line":88,"column":42}},"type":"cond-expr","locations":[{"start":{"line":88,"column":22},"end":{"line":88,"column":31}},{"start":{"line":88,"column":34},"end":{"line":88,"column":42}}],"line":88},"6":{"loc":{"start":{"line":89,"column":15},"end":{"line":89,"column":55}},"type":"cond-expr","locations":[{"start":{"line":89,"column":27},"end":{"line":89,"column":43}},{"start":{"line":89,"column":46},"end":{"line":89,"column":55}}],"line":89},"7":{"loc":{"start":{"line":93,"column":22},"end":{"line":93,"column":74}},"type":"binary-expr","locations":[{"start":{"line":93,"column":22},"end":{"line":93,"column":68}},{"start":{"line":93,"column":72},"end":{"line":93,"column":74}}],"line":93},"8":{"loc":{"start":{"line":96,"column":4},"end":{"line":96,"column":63}},"type":"binary-expr","locations":[{"start":{"line":96,"column":4},"end":{"line":96,"column":57}},{"start":{"line":96,"column":61},"end":{"line":96,"column":63}}],"line":96},"9":{"loc":{"start":{"line":104,"column":2},"end":{"line":106,"column":3}},"type":"if","locations":[{"start":{"line":104,"column":2},"end":{"line":106,"column":3}},{"start":{},"end":{}}],"line":104},"10":{"loc":{"start":{"line":104,"column":6},"end":{"line":104,"column":34}},"type":"binary-expr","locations":[{"start":{"line":104,"column":6},"end":{"line":104,"column":12}},{"start":{"line":104,"column":16},"end":{"line":104,"column":34}}],"line":104},"11":{"loc":{"start":{"line":112,"column":15},"end":{"line":112,"column":42}},"type":"binary-expr","locations":[{"start":{"line":112,"column":15},"end":{"line":112,"column":34}},{"start":{"line":112,"column":38},"end":{"line":112,"column":42}}],"line":112},"12":{"loc":{"start":{"line":117,"column":17},"end":{"line":117,"column":44}},"type":"binary-expr","locations":[{"start":{"line":117,"column":17},"end":{"line":117,"column":38}},{"start":{"line":117,"column":42},"end":{"line":117,"column":44}}],"line":117}},"s":{"0":4,"1":4,"2":76,"3":76,"4":26,"5":50,"6":50,"7":4,"8":5,"9":5,"10":5,"11":348,"12":348,"13":76,"14":30,"15":46,"16":76,"17":76,"18":5,"19":4,"20":2,"21":2,"22":4,"23":2,"24":2,"25":2,"26":2,"27":2,"28":2,"29":4,"30":1,"31":0,"32":1,"33":1,"34":4},"f":{"0":76,"1":5,"2":2,"3":4,"4":2,"5":2,"6":1},"b":{"0":[26,50],"1":[76,272],"2":[30,46],"3":[2],"4":[2,2],"5":[2,2],"6":[2,2],"7":[2,0],"8":[2,0],"9":[0,1],"10":[1,1],"11":[1,1],"12":[1,0]},"_coverageSchema":"1a1c01bbd47fc00a2c39e90264f33305004495a9","hash":"7602e9b84952fa2fd99b947fe27227c0a7221fbc"}
,"D:\\Work\\Phincon\\caloried\\server\\helpers\\functionHelper.js": {"path":"D:\\Work\\Phincon\\caloried\\server\\helpers\\functionHelper.js","statementMap":{"0":{"start":{"line":1,"column":21},"end":{"line":12,"column":1}},"1":{"start":{"line":2,"column":19},"end":{"line":2,"column":32}},"2":{"start":{"line":3,"column":16},"end":{"line":3,"column":26}},"3":{"start":{"line":4,"column":12},"end":{"line":4,"column":56}},"4":{"start":{"line":5,"column":12},"end":{"line":5,"column":50}},"5":{"start":{"line":7,"column":2},"end":{"line":9,"column":3}},"6":{"start":{"line":8,"column":4},"end":{"line":8,"column":10}},"7":{"start":{"line":11,"column":2},"end":{"line":11,"column":13}},"8":{"start":{"line":14,"column":26},"end":{"line":22,"column":1}},"9":{"start":{"line":15,"column":2},"end":{"line":15,"column":43}},"10":{"start":{"line":15,"column":29},"end":{"line":15,"column":43}},"11":{"start":{"line":16,"column":2},"end":{"line":16,"column":45}},"12":{"start":{"line":16,"column":30},"end":{"line":16,"column":45}},"13":{"start":{"line":17,"column":2},"end":{"line":17,"column":45}},"14":{"start":{"line":17,"column":30},"end":{"line":17,"column":45}},"15":{"start":{"line":18,"column":2},"end":{"line":18,"column":45}},"16":{"start":{"line":18,"column":30},"end":{"line":18,"column":45}},"17":{"start":{"line":19,"column":2},"end":{"line":19,"column":45}},"18":{"start":{"line":19,"column":30},"end":{"line":19,"column":45}},"19":{"start":{"line":20,"column":2},"end":{"line":20,"column":30}},"20":{"start":{"line":20,"column":17},"end":{"line":20,"column":30}},"21":{"start":{"line":21,"column":2},"end":{"line":21,"column":19}},"22":{"start":{"line":24,"column":0},"end":{"line":24,"column":53}}},"fnMap":{"0":{"name":"(anonymous_0)","decl":{"start":{"line":1,"column":21},"end":{"line":1,"column":22}},"loc":{"start":{"line":1,"column":30},"end":{"line":12,"column":1}},"line":1},"1":{"name":"(anonymous_1)","decl":{"start":{"line":14,"column":26},"end":{"line":14,"column":27}},"loc":{"start":{"line":14,"column":35},"end":{"line":22,"column":1}},"line":14}},"branchMap":{"0":{"loc":{"start":{"line":7,"column":2},"end":{"line":9,"column":3}},"type":"if","locations":[{"start":{"line":7,"column":2},"end":{"line":9,"column":3}},{"start":{},"end":{}}],"line":7},"1":{"loc":{"start":{"line":7,"column":6},"end":{"line":7,"column":64}},"type":"binary-expr","locations":[{"start":{"line":7,"column":6},"end":{"line":7,"column":11}},{"start":{"line":7,"column":16},"end":{"line":7,"column":23}},{"start":{"line":7,"column":27},"end":{"line":7,"column":63}}],"line":7},"2":{"loc":{"start":{"line":15,"column":2},"end":{"line":15,"column":43}},"type":"if","locations":[{"start":{"line":15,"column":2},"end":{"line":15,"column":43}},{"start":{},"end":{}}],"line":15},"3":{"loc":{"start":{"line":15,"column":6},"end":{"line":15,"column":27}},"type":"binary-expr","locations":[{"start":{"line":15,"column":6},"end":{"line":15,"column":14}},{"start":{"line":15,"column":18},"end":{"line":15,"column":27}}],"line":15},"4":{"loc":{"start":{"line":16,"column":2},"end":{"line":16,"column":45}},"type":"if","locations":[{"start":{"line":16,"column":2},"end":{"line":16,"column":45}},{"start":{},"end":{}}],"line":16},"5":{"loc":{"start":{"line":16,"column":6},"end":{"line":16,"column":28}},"type":"binary-expr","locations":[{"start":{"line":16,"column":6},"end":{"line":16,"column":15}},{"start":{"line":16,"column":19},"end":{"line":16,"column":28}}],"line":16},"6":{"loc":{"start":{"line":17,"column":2},"end":{"line":17,"column":45}},"type":"if","locations":[{"start":{"line":17,"column":2},"end":{"line":17,"column":45}},{"start":{},"end":{}}],"line":17},"7":{"loc":{"start":{"line":17,"column":6},"end":{"line":17,"column":28}},"type":"binary-expr","locations":[{"start":{"line":17,"column":6},"end":{"line":17,"column":15}},{"start":{"line":17,"column":19},"end":{"line":17,"column":28}}],"line":17},"8":{"loc":{"start":{"line":18,"column":2},"end":{"line":18,"column":45}},"type":"if","locations":[{"start":{"line":18,"column":2},"end":{"line":18,"column":45}},{"start":{},"end":{}}],"line":18},"9":{"loc":{"start":{"line":18,"column":6},"end":{"line":18,"column":28}},"type":"binary-expr","locations":[{"start":{"line":18,"column":6},"end":{"line":18,"column":15}},{"start":{"line":18,"column":19},"end":{"line":18,"column":28}}],"line":18},"10":{"loc":{"start":{"line":19,"column":2},"end":{"line":19,"column":45}},"type":"if","locations":[{"start":{"line":19,"column":2},"end":{"line":19,"column":45}},{"start":{},"end":{}}],"line":19},"11":{"loc":{"start":{"line":19,"column":6},"end":{"line":19,"column":28}},"type":"binary-expr","locations":[{"start":{"line":19,"column":6},"end":{"line":19,"column":15}},{"start":{"line":19,"column":19},"end":{"line":19,"column":28}}],"line":19},"12":{"loc":{"start":{"line":20,"column":2},"end":{"line":20,"column":30}},"type":"if","locations":[{"start":{"line":20,"column":2},"end":{"line":20,"column":30}},{"start":{},"end":{}}],"line":20}},"s":{"0":4,"1":1,"2":1,"3":1,"4":1,"5":1,"6":0,"7":1,"8":4,"9":1,"10":0,"11":1,"12":0,"13":1,"14":0,"15":1,"16":1,"17":0,"18":0,"19":0,"20":0,"21":0,"22":4},"f":{"0":1,"1":1},"b":{"0":[0,1],"1":[1,1,0],"2":[0,1],"3":[1,1],"4":[0,1],"5":[1,1],"6":[0,1],"7":[1,1],"8":[1,0],"9":[1,1],"10":[0,0],"11":[0,0],"12":[0,0]},"_coverageSchema":"1a1c01bbd47fc00a2c39e90264f33305004495a9","hash":"1679ac4c1af120bd8816e08b023b0b36fd53e1ac"}
,"D:\\Work\\Phincon\\caloried\\server\\helpers\\responseHandler.js": {"path":"D:\\Work\\Phincon\\caloried\\server\\helpers\\responseHandler.js","statementMap":{"0":{"start":{"line":1,"column":26},"end":{"line":3,"column":1}},"1":{"start":{"line":2,"column":2},"end":{"line":2,"column":68}},"2":{"start":{"line":5,"column":23},"end":{"line":7,"column":1}},"3":{"start":{"line":6,"column":2},"end":{"line":6,"column":39}},"4":{"start":{"line":9,"column":0},"end":{"line":9,"column":55}}},"fnMap":{"0":{"name":"(anonymous_0)","decl":{"start":{"line":1,"column":26},"end":{"line":1,"column":27}},"loc":{"start":{"line":1,"column":35},"end":{"line":3,"column":1}},"line":1},"1":{"name":"(anonymous_1)","decl":{"start":{"line":5,"column":23},"end":{"line":5,"column":24}},"loc":{"start":{"line":5,"column":46},"end":{"line":7,"column":1}},"line":5}},"branchMap":{},"s":{"0":4,"1":0,"2":4,"3":47,"4":4},"f":{"0":0,"1":47},"b":{},"_coverageSchema":"1a1c01bbd47fc00a2c39e90264f33305004495a9","hash":"4d3a3d7e127576b242b519d3717808c18925b821"}
,"D:\\Work\\Phincon\\caloried\\server\\middlewares\\authentication.js": {"path":"D:\\Work\\Phincon\\caloried\\server\\middlewares\\authentication.js","statementMap":{"0":{"start":{"line":4,"column":4},"end":{"line":4,"column":41}},"1":{"start":{"line":5,"column":24},"end":{"line":5,"column":44}},"2":{"start":{"line":6,"column":24},"end":{"line":6,"column":47}},"3":{"start":{"line":8,"column":0},"end":{"line":39,"column":2}},"4":{"start":{"line":9,"column":2},"end":{"line":38,"column":3}},"5":{"start":{"line":10,"column":4},"end":{"line":12,"column":5}},"6":{"start":{"line":11,"column":6},"end":{"line":11,"column":80}},"7":{"start":{"line":14,"column":24},"end":{"line":14,"column":49}},"8":{"start":{"line":15,"column":18},"end":{"line":15,"column":43}},"9":{"start":{"line":16,"column":20},"end":{"line":16,"column":38}},"10":{"start":{"line":17,"column":4},"end":{"line":19,"column":5}},"11":{"start":{"line":18,"column":6},"end":{"line":18,"column":76}},"12":{"start":{"line":21,"column":25},"end":{"line":21,"column":32}},"13":{"start":{"line":24,"column":4},"end":{"line":28,"column":5}},"14":{"start":{"line":25,"column":6},"end":{"line":25,"column":38}},"15":{"start":{"line":26,"column":11},"end":{"line":28,"column":5}},"16":{"start":{"line":27,"column":6},"end":{"line":27,"column":37}},"17":{"start":{"line":30,"column":4},"end":{"line":32,"column":5}},"18":{"start":{"line":31,"column":6},"end":{"line":31,"column":76}},"19":{"start":{"line":34,"column":4},"end":{"line":34,"column":20}},"20":{"start":{"line":35,"column":4},"end":{"line":35,"column":11}},"21":{"start":{"line":37,"column":4},"end":{"line":37,"column":27}}},"fnMap":{"0":{"name":"(anonymous_0)","decl":{"start":{"line":8,"column":23},"end":{"line":8,"column":24}},"loc":{"start":{"line":8,"column":49},"end":{"line":39,"column":1}},"line":8}},"branchMap":{"0":{"loc":{"start":{"line":10,"column":4},"end":{"line":12,"column":5}},"type":"if","locations":[{"start":{"line":10,"column":4},"end":{"line":12,"column":5}},{"start":{},"end":{}}],"line":10},"1":{"loc":{"start":{"line":17,"column":4},"end":{"line":19,"column":5}},"type":"if","locations":[{"start":{"line":17,"column":4},"end":{"line":19,"column":5}},{"start":{},"end":{}}],"line":17},"2":{"loc":{"start":{"line":24,"column":4},"end":{"line":28,"column":5}},"type":"if","locations":[{"start":{"line":24,"column":4},"end":{"line":28,"column":5}},{"start":{"line":26,"column":11},"end":{"line":28,"column":5}}],"line":24},"3":{"loc":{"start":{"line":26,"column":11},"end":{"line":28,"column":5}},"type":"if","locations":[{"start":{"line":26,"column":11},"end":{"line":28,"column":5}},{"start":{},"end":{}}],"line":26},"4":{"loc":{"start":{"line":30,"column":4},"end":{"line":32,"column":5}},"type":"if","locations":[{"start":{"line":30,"column":4},"end":{"line":32,"column":5}},{"start":{},"end":{}}],"line":30}},"s":{"0":4,"1":4,"2":4,"3":4,"4":23,"5":23,"6":0,"7":23,"8":23,"9":23,"10":23,"11":0,"12":23,"13":23,"14":5,"15":18,"16":18,"17":23,"18":0,"19":23,"20":23,"21":0},"f":{"0":23},"b":{"0":[0,23],"1":[0,23],"2":[5,18],"3":[18,0],"4":[0,23]},"_coverageSchema":"1a1c01bbd47fc00a2c39e90264f33305004495a9","hash":"dde70376d4a05ed1b3c8944032ae8bb86ac65f65"}
,"D:\\Work\\Phincon\\caloried\\server\\middlewares\\authorization.js": {"path":"D:\\Work\\Phincon\\caloried\\server\\middlewares\\authorization.js","statementMap":{"0":{"start":{"line":4,"column":4},"end":{"line":4,"column":41}},"1":{"start":{"line":5,"column":24},"end":{"line":5,"column":47}},"2":{"start":{"line":7,"column":0},"end":{"line":33,"column":2}},"3":{"start":{"line":8,"column":2},"end":{"line":32,"column":3}},"4":{"start":{"line":9,"column":4},"end":{"line":13,"column":5}},"5":{"start":{"line":10,"column":6},"end":{"line":12,"column":9}},"6":{"start":{"line":14,"column":18},"end":{"line":14,"column":57}},"7":{"start":{"line":15,"column":20},"end":{"line":15,"column":38}},"8":{"start":{"line":17,"column":4},"end":{"line":19,"column":5}},"9":{"start":{"line":18,"column":6},"end":{"line":18,"column":79}},"10":{"start":{"line":21,"column":4},"end":{"line":25,"column":5}},"11":{"start":{"line":22,"column":6},"end":{"line":24,"column":9}},"12":{"start":{"line":26,"column":4},"end":{"line":26,"column":23}},"13":{"start":{"line":28,"column":4},"end":{"line":28,"column":11}},"14":{"start":{"line":30,"column":4},"end":{"line":30,"column":23}},"15":{"start":{"line":31,"column":4},"end":{"line":31,"column":27}}},"fnMap":{"0":{"name":"(anonymous_0)","decl":{"start":{"line":7,"column":25},"end":{"line":7,"column":26}},"loc":{"start":{"line":7,"column":45},"end":{"line":33,"column":1}},"line":7}},"branchMap":{"0":{"loc":{"start":{"line":9,"column":4},"end":{"line":13,"column":5}},"type":"if","locations":[{"start":{"line":9,"column":4},"end":{"line":13,"column":5}},{"start":{},"end":{}}],"line":9},"1":{"loc":{"start":{"line":17,"column":4},"end":{"line":19,"column":5}},"type":"if","locations":[{"start":{"line":17,"column":4},"end":{"line":19,"column":5}},{"start":{},"end":{}}],"line":17},"2":{"loc":{"start":{"line":21,"column":4},"end":{"line":25,"column":5}},"type":"if","locations":[{"start":{"line":21,"column":4},"end":{"line":25,"column":5}},{"start":{},"end":{}}],"line":21}},"s":{"0":4,"1":4,"2":4,"3":5,"4":5,"5":0,"6":5,"7":5,"8":5,"9":0,"10":5,"11":0,"12":5,"13":5,"14":0,"15":0},"f":{"0":5},"b":{"0":[0,5],"1":[0,5],"2":[0,5]},"_coverageSchema":"1a1c01bbd47fc00a2c39e90264f33305004495a9","hash":"2a405e96a8b0e274d965e8d6d727bc00b2f8a2ce"}
,"D:\\Work\\Phincon\\caloried\\server\\middlewares\\multer.js": {"path":"D:\\Work\\Phincon\\caloried\\server\\middlewares\\multer.js","statementMap":{"0":{"start":{"line":1,"column":15},"end":{"line":1,"column":32}},"1":{"start":{"line":2,"column":13},"end":{"line":2,"column":28}},"2":{"start":{"line":4,"column":16},"end":{"line":12,"column":2}},"3":{"start":{"line":6,"column":4},"end":{"line":6,"column":25}},"4":{"start":{"line":9,"column":16},"end":{"line":9,"column":47}},"5":{"start":{"line":10,"column":4},"end":{"line":10,"column":31}},"6":{"start":{"line":14,"column":15},"end":{"line":14,"column":43}},"7":{"start":{"line":16,"column":21},"end":{"line":16,"column":44}},"8":{"start":{"line":18,"column":0},"end":{"line":18,"column":34}}},"fnMap":{"0":{"name":"(anonymous_0)","decl":{"start":{"line":5,"column":15},"end":{"line":5,"column":16}},"loc":{"start":{"line":5,"column":40},"end":{"line":7,"column":3}},"line":5},"1":{"name":"(anonymous_1)","decl":{"start":{"line":8,"column":12},"end":{"line":8,"column":13}},"loc":{"start":{"line":8,"column":37},"end":{"line":11,"column":3}},"line":8}},"branchMap":{},"s":{"0":4,"1":4,"2":4,"3":1,"4":1,"5":1,"6":4,"7":4,"8":4},"f":{"0":1,"1":1},"b":{},"_coverageSchema":"1a1c01bbd47fc00a2c39e90264f33305004495a9","hash":"fa5f681fbfc4956706d51f6916c0f0a59e02d0e9"}
,"D:\\Work\\Phincon\\caloried\\server\\models\\admin.js": {"path":"D:\\Work\\Phincon\\caloried\\server\\models\\admin.js","statementMap":{"0":{"start":{"line":2,"column":18},"end":{"line":2,"column":38}},"1":{"start":{"line":3,"column":0},"end":{"line":30,"column":2}},"2":{"start":{"line":7,"column":2},"end":{"line":28,"column":4}},"3":{"start":{"line":29,"column":2},"end":{"line":29,"column":15}}},"fnMap":{"0":{"name":"(anonymous_0)","decl":{"start":{"line":3,"column":17},"end":{"line":3,"column":18}},"loc":{"start":{"line":3,"column":43},"end":{"line":30,"column":1}},"line":3},"1":{"name":"(anonymous_1)","decl":{"start":{"line":5,"column":4},"end":{"line":5,"column":5}},"loc":{"start":{"line":5,"column":29},"end":{"line":5,"column":31}},"line":5}},"branchMap":{},"s":{"0":4,"1":4,"2":4,"3":4},"f":{"0":4,"1":4},"b":{},"_coverageSchema":"1a1c01bbd47fc00a2c39e90264f33305004495a9","hash":"75b30f476806689f4f907a2761d63633ba35aef0"}
,"D:\\Work\\Phincon\\caloried\\server\\models\\diary.js": {"path":"D:\\Work\\Phincon\\caloried\\server\\models\\diary.js","statementMap":{"0":{"start":{"line":2,"column":18},"end":{"line":2,"column":38}},"1":{"start":{"line":3,"column":0},"end":{"line":31,"column":2}},"2":{"start":{"line":6,"column":6},"end":{"line":10,"column":9}},"3":{"start":{"line":11,"column":6},"end":{"line":15,"column":9}},"4":{"start":{"line":18,"column":2},"end":{"line":29,"column":4}},"5":{"start":{"line":30,"column":2},"end":{"line":30,"column":15}}},"fnMap":{"0":{"name":"(anonymous_0)","decl":{"start":{"line":3,"column":17},"end":{"line":3,"column":18}},"loc":{"start":{"line":3,"column":43},"end":{"line":31,"column":1}},"line":3},"1":{"name":"(anonymous_1)","decl":{"start":{"line":5,"column":4},"end":{"line":5,"column":5}},"loc":{"start":{"line":5,"column":29},"end":{"line":16,"column":5}},"line":5}},"branchMap":{},"s":{"0":4,"1":4,"2":4,"3":4,"4":4,"5":4},"f":{"0":4,"1":4},"b":{},"_coverageSchema":"1a1c01bbd47fc00a2c39e90264f33305004495a9","hash":"e05abf7d1f059752c4702b63be909b61173fa1bb"}
,"D:\\Work\\Phincon\\caloried\\server\\models\\food.js": {"path":"D:\\Work\\Phincon\\caloried\\server\\models\\food.js","statementMap":{"0":{"start":{"line":2,"column":18},"end":{"line":2,"column":38}},"1":{"start":{"line":3,"column":0},"end":{"line":37,"column":2}},"2":{"start":{"line":6,"column":6},"end":{"line":10,"column":9}},"3":{"start":{"line":13,"column":2},"end":{"line":35,"column":4}},"4":{"start":{"line":36,"column":2},"end":{"line":36,"column":14}}},"fnMap":{"0":{"name":"(anonymous_0)","decl":{"start":{"line":3,"column":17},"end":{"line":3,"column":18}},"loc":{"start":{"line":3,"column":43},"end":{"line":37,"column":1}},"line":3},"1":{"name":"(anonymous_1)","decl":{"start":{"line":5,"column":4},"end":{"line":5,"column":5}},"loc":{"start":{"line":5,"column":29},"end":{"line":11,"column":5}},"line":5}},"branchMap":{},"s":{"0":4,"1":4,"2":4,"3":4,"4":4},"f":{"0":4,"1":4},"b":{},"_coverageSchema":"1a1c01bbd47fc00a2c39e90264f33305004495a9","hash":"65a474637662ea1d48f5009a21320ad603d4e829"}
[...]
3,"column":5}},"26":{"start":{"line":157,"column":8},"end":{"line":157,"column":31}},"27":{"start":{"line":158,"column":8},"end":{"line":158,"column":29}},"28":{"start":{"line":159,"column":8},"end":{"line":159,"column":27}},"29":{"start":{"line":160,"column":8},"end":{"line":160,"column":14}},"30":{"start":{"line":162,"column":8},"end":{"line":162,"column":31}},"31":{"start":{"line":163,"column":8},"end":{"line":163,"column":29}},"32":{"start":{"line":164,"column":8},"end":{"line":164,"column":27}},"33":{"start":{"line":165,"column":8},"end":{"line":165,"column":14}},"34":{"start":{"line":167,"column":8},"end":{"line":167,"column":31}},"35":{"start":{"line":168,"column":8},"end":{"line":168,"column":29}},"36":{"start":{"line":169,"column":8},"end":{"line":169,"column":27}},"37":{"start":{"line":170,"column":8},"end":{"line":170,"column":14}},"38":{"start":{"line":172,"column":8},"end":{"line":172,"column":14}},"39":{"start":{"line":175,"column":4},"end":{"line":175,"column":76}},"40":{"start":{"line":176,"column":4},"end":{"line":176,"column":72}},"41":{"start":{"line":177,"column":4},"end":{"line":177,"column":68}},"42":{"start":{"line":179,"column":4},"end":{"line":179,"column":32}},"43":{"start":{"line":181,"column":2},"end":{"line":181,"column":14}}},"fnMap":{"0":{"name":"(anonymous_0)","decl":{"start":{"line":3,"column":17},"end":{"line":3,"column":18}},"loc":{"start":{"line":3,"column":43},"end":{"line":182,"column":1}},"line":3},"1":{"name":"(anonymous_1)","decl":{"start":{"line":5,"column":4},"end":{"line":5,"column":5}},"loc":{"start":{"line":5,"column":29},"end":{"line":11,"column":5}},"line":5},"2":{"name":"(anonymous_2)","decl":{"start":{"line":83,"column":22},"end":{"line":83,"column":23}},"loc":{"start":{"line":83,"column":41},"end":{"line":85,"column":9}},"line":83},"3":{"name":"(anonymous_3)","decl":{"start":{"line":86,"column":22},"end":{"line":86,"column":23}},"loc":{"start":{"line":86,"column":41},"end":{"line":97,"column":9}},"line":86},"4":{"name":"(anonymous_4)","decl":{"start":{"line":98,"column":21},"end":{"line":98,"column":22}},"loc":{"start":{"line":98,"column":46},"end":{"line":103,"column":9}},"line":98},"5":{"name":"(anonymous_5)","decl":{"start":{"line":108,"column":38},"end":{"line":108,"column":39}},"loc":{"start":{"line":108,"column":50},"end":{"line":180,"column":3}},"line":108}},"branchMap":{"0":{"loc":{"start":{"line":87,"column":10},"end":{"line":96,"column":11}},"type":"if","locations":[{"start":{"line":87,"column":10},"end":{"line":96,"column":11}},{"start":{},"end":{}}],"line":87},"1":{"loc":{"start":{"line":88,"column":12},"end":{"line":93,"column":32}},"type":"binary-expr","locations":[{"start":{"line":88,"column":12},"end":{"line":88,"column":31}},{"start":{"line":89,"column":12},"end":{"line":89,"column":31}},{"start":{"line":90,"column":12},"end":{"line":90,"column":34}},{"start":{"line":91,"column":12},"end":{"line":91,"column":34}},{"start":{"line":92,"column":12},"end":{"line":92,"column":41}},{"start":{"line":93,"column":12},"end":{"line":93,"column":32}}],"line":88},"2":{"loc":{"start":{"line":134,"column":7},"end":{"line":134,"column":68}},"type":"cond-expr","locations":[{"start":{"line":134,"column":29},"end":{"line":134,"column":46}},{"start":{"line":134,"column":49},"end":{"line":134,"column":68}}],"line":134},"3":{"loc":{"start":{"line":137,"column":4},"end":{"line":147,"column":5}},"type":"switch","locations":[{"start":{"line":138,"column":6},"end":{"line":140,"column":14}},{"start":{"line":141,"column":6},"end":{"line":143,"column":14}},{"start":{"line":144,"column":6},"end":{"line":144,"column":22}},{"start":{"line":145,"column":6},"end":{"line":146,"column":14}}],"line":137},"4":{"loc":{"start":{"line":155,"column":4},"end":{"line":173,"column":5}},"type":"switch","locations":[{"start":{"line":156,"column":6},"end":{"line":160,"column":14}},{"start":{"line":161,"column":6},"end":{"line":165,"column":14}},{"start":{"line":166,"column":6},"end":{"line":170,"column":14}},{"start":{"line":171,"column":6},"end":{"line":172,"column":14}}],"line":155}},"s":{"0":4,"1":4,"2":4,"3":4,"4":4,"5":8,"6":1,"7":4,"8":4,"9":4,"10":5,"11":5,"12":5,"13":5,"14":5,"15":5,"16":5,"17":5,"18":5,"19":0,"20":0,"21":0,"22":0,"23":5,"24":5,"25":5,"26":5,"27":5,"28":5,"29":5,"30":0,"31":0,"32":0,"33":0,"34":0,"35":0,"36":0,"37":0,"38":0,"39":5,"40":5,"41":5,"42":5,"43":4},"f":{"0":4,"1":4,"2":4,"3":8,"4":4,"5":5},"b":{"0":[1,7],"1":[8,8,7,7,7,7],"2":[4,1],"3":[0,0,5,5],"4":[5,0,0,0]},"_coverageSchema":"1a1c01bbd47fc00a2c39e90264f33305004495a9","hash":"7f545196a977b9df31cde76a688d7aa9e407caf3"}
,"D:\\Work\\Phincon\\caloried\\server\\models\\weightentry.js": {"path":"D:\\Work\\Phincon\\caloried\\server\\models\\weightentry.js","statementMap":{"0":{"start":{"line":2,"column":18},"end":{"line":2,"column":38}},"1":{"start":{"line":3,"column":0},"end":{"line":34,"column":2}},"2":{"start":{"line":6,"column":6},"end":{"line":10,"column":9}},"3":{"start":{"line":13,"column":2},"end":{"line":32,"column":4}},"4":{"start":{"line":33,"column":2},"end":{"line":33,"column":21}}},"fnMap":{"0":{"name":"(anonymous_0)","decl":{"start":{"line":3,"column":17},"end":{"line":3,"column":18}},"loc":{"start":{"line":3,"column":43},"end":{"line":34,"column":1}},"line":3},"1":{"name":"(anonymous_1)","decl":{"start":{"line":5,"column":4},"end":{"line":5,"column":5}},"loc":{"start":{"line":5,"column":29},"end":{"line":11,"column":5}},"line":5}},"branchMap":{},"s":{"0":4,"1":4,"2":4,"3":4,"4":4},"f":{"0":4,"1":4},"b":{},"_coverageSchema":"1a1c01bbd47fc00a2c39e90264f33305004495a9","hash":"f2244932d20a070d0ddcd13cecddabceeb29a4fe"}
,"D:\\Work\\Phincon\\caloried\\server\\routes\\auth.route.js": {"path":"D:\\Work\\Phincon\\caloried\\server\\routes\\auth.route.js","statementMap":{"0":{"start":{"line":1,"column":16},"end":{"line":1,"column":34}},"1":{"start":{"line":11,"column":4},"end":{"line":11,"column":45}},"2":{"start":{"line":12,"column":25},"end":{"line":12,"column":65}},"3":{"start":{"line":13,"column":15},"end":{"line":13,"column":31}},"4":{"start":{"line":15,"column":0},"end":{"line":15,"column":35}},"5":{"start":{"line":16,"column":0},"end":{"line":16,"column":29}},"6":{"start":{"line":17,"column":0},"end":{"line":17,"column":40}},"7":{"start":{"line":19,"column":0},"end":{"line":19,"column":61}},"8":{"start":{"line":20,"column":0},"end":{"line":20,"column":42}},"9":{"start":{"line":22,"column":0},"end":{"line":22,"column":61}},"10":{"start":{"line":23,"column":0},"end":{"line":23,"column":45}},"11":{"start":{"line":24,"column":0},"end":{"line":24,"column":48}},"12":{"start":{"line":26,"column":0},"end":{"line":26,"column":24}}},"fnMap":{},"branchMap":{},"s":{"0":4,"1":4,"2":4,"3":4,"4":4,"5":4,"6":4,"7":4,"8":4,"9":4,"10":4,"11":4,"12":4},"f":{},"b":{},"_coverageSchema":"1a1c01bbd47fc00a2c39e90264f33305004495a9","hash":"5f21fddf8d8463662b8909ab1a8b33020417086a"}
,"D:\\Work\\Phincon\\caloried\\server\\routes\\diary.route.js": {"path":"D:\\Work\\Phincon\\caloried\\server\\routes\\diary.route.js","statementMap":{"0":{"start":{"line":1,"column":16},"end":{"line":1,"column":34}},"1":{"start":{"line":2,"column":25},"end":{"line":2,"column":65}},"2":{"start":{"line":10,"column":4},"end":{"line":10,"column":46}},"3":{"start":{"line":11,"column":15},"end":{"line":11,"column":31}},"4":{"start":{"line":13,"column":0},"end":{"line":13,"column":25}},"5":{"start":{"line":15,"column":0},"end":{"line":15,"column":36}},"6":{"start":{"line":16,"column":0},"end":{"line":16,"column":36}},"7":{"start":{"line":17,"column":0},"end":{"line":17,"column":48}},"8":{"start":{"line":18,"column":0},"end":{"line":18,"column":57}},"9":{"start":{"line":19,"column":0},"end":{"line":19,"column":47}},"10":{"start":{"line":20,"column":0},"end":{"line":20,"column":58}},"11":{"start":{"line":22,"column":0},"end":{"line":22,"column":24}}},"fnMap":{},"branchMap":{},"s":{"0":4,"1":4,"2":4,"3":4,"4":4,"5":4,"6":4,"7":4,"8":4,"9":4,"10":4,"11":4},"f":{},"b":{},"_coverageSchema":"1a1c01bbd47fc00a2c39e90264f33305004495a9","hash":"ac61c5c5e915915e12d7dee3a6b79f005909dc88"}
,"D:\\Work\\Phincon\\caloried\\server\\routes\\food.route.js": {"path":"D:\\Work\\Phincon\\caloried\\server\\routes\\food.route.js","statementMap":{"0":{"start":{"line":1,"column":16},"end":{"line":1,"column":34}},"1":{"start":{"line":2,"column":25},"end":{"line":2,"column":65}},"2":{"start":{"line":6,"column":4},"end":{"line":6,"column":45}},"3":{"start":{"line":7,"column":15},"end":{"line":7,"column":31}},"4":{"start":{"line":9,"column":0},"end":{"line":9,"column":25}},"5":{"start":{"line":11,"column":0},"end":{"line":11,"column":35}},"6":{"start":{"line":12,"column":0},"end":{"line":12,"column":53}},"7":{"start":{"line":14,"column":0},"end":{"line":14,"column":24}}},"fnMap":{},"branchMap":{},"s":{"0":4,"1":4,"2":4,"3":4,"4":4,"5":4,"6":4,"7":4},"f":{},"b":{},"_coverageSchema":"1a1c01bbd47fc00a2c39e90264f33305004495a9","hash":"b61b19c4394cac560082531b50474f9f9505d49e"}
,"D:\\Work\\Phincon\\caloried\\server\\routes\\index.js": {"path":"D:\\Work\\Phincon\\caloried\\server\\routes\\index.js","statementMap":{"0":{"start":{"line":1,"column":16},"end":{"line":1,"column":34}},"1":{"start":{"line":2,"column":18},"end":{"line":2,"column":44}},"2":{"start":{"line":3,"column":18},"end":{"line":3,"column":44}},"3":{"start":{"line":4,"column":18},"end":{"line":4,"column":44}},"4":{"start":{"line":5,"column":19},"end":{"line":5,"column":46}},"5":{"start":{"line":6,"column":15},"end":{"line":6,"column":31}},"6":{"start":{"line":8,"column":0},"end":{"line":8,"column":31}},"7":{"start":{"line":9,"column":0},"end":{"line":9,"column":31}},"8":{"start":{"line":10,"column":0},"end":{"line":10,"column":31}},"9":{"start":{"line":11,"column":0},"end":{"line":11,"column":33}},"10":{"start":{"line":13,"column":0},"end":{"line":13,"column":24}}},"fnMap":{},"branchMap":{},"s":{"0":4,"1":4,"2":4,"3":4,"4":4,"5":4,"6":4,"7":4,"8":4,"9":4,"10":4},"f":{},"b":{},"_coverageSchema":"1a1c01bbd47fc00a2c39e90264f33305004495a9","hash":"fe395559e3802770f531088178c1fbe3ab462766"}
,"D:\\Work\\Phincon\\caloried\\server\\routes\\user.route.js": {"path":"D:\\Work\\Phincon\\caloried\\server\\routes\\user.route.js","statementMap":{"0":{"start":{"line":1,"column":16},"end":{"line":1,"column":34}},"1":{"start":{"line":10,"column":4},"end":{"line":10,"column":45}},"2":{"start":{"line":11,"column":25},"end":{"line":11,"column":65}},"3":{"start":{"line":12,"column":25},"end":{"line":12,"column":57}},"4":{"start":{"line":13,"column":27},"end":{"line":13,"column":66}},"5":{"start":{"line":14,"column":15},"end":{"line":14,"column":31}},"6":{"start":{"line":16,"column":0},"end":{"line":16,"column":25}},"7":{"start":{"line":18,"column":0},"end":{"line":18,"column":29}},"8":{"start":{"line":19,"column":0},"end":{"line":19,"column":50}},"9":{"start":{"line":21,"column":0},"end":{"line":21,"column":57}},"10":{"start":{"line":22,"column":0},"end":{"line":22,"column":65}},"11":{"start":{"line":24,"column":0},"end":{"line":24,"column":63}},"12":{"start":{"line":25,"column":0},"end":{"line":25,"column":72}},"13":{"start":{"line":26,"column":0},"end":{"line":26,"column":53}},"14":{"start":{"line":28,"column":0},"end":{"line":28,"column":24}}},"fnMap":{},"branchMap":{},"s":{"0":4,"1":4,"2":4,"3":4,"4":4,"5":4,"6":4,"7":4,"8":4,"9":4,"10":4,"11":4,"12":4,"13":4,"14":4},"f":{},"b":{},"_coverageSchema":"1a1c01bbd47fc00a2c39e90264f33305004495a9","hash":"b82e5a4927b9796df4e12e960be2b723a03462c3"}
,"D:\\Work\\Phincon\\caloried\\server\\utils\\bcrypt.js": {"path":"D:\\Work\\Phincon\\caloried\\server\\utils\\bcrypt.js","statementMap":{"0":{"start":{"line":1,"column":15},"end":{"line":1,"column":34}},"1":{"start":{"line":2,"column":13},"end":{"line":2,"column":35}},"2":{"start":{"line":4,"column":21},"end":{"line":7,"column":1}},"3":{"start":{"line":5,"column":25},"end":{"line":5,"column":56}},"4":{"start":{"line":6,"column":2},"end":{"line":6,"column":24}},"5":{"start":{"line":9,"column":24},"end":{"line":12,"column":1}},"6":{"start":{"line":10,"column":18},"end":{"line":10,"column":48}},"7":{"start":{"line":11,"column":2},"end":{"line":11,"column":17}},"8":{"start":{"line":14,"column":0},"end":{"line":14,"column":51}}},"fnMap":{"0":{"name":"(anonymous_0)","decl":{"start":{"line":4,"column":21},"end":{"line":4,"column":22}},"loc":{"start":{"line":4,"column":35},"end":{"line":7,"column":1}},"line":4},"1":{"name":"(anonymous_1)","decl":{"start":{"line":9,"column":24},"end":{"line":9,"column":25}},"loc":{"start":{"line":9,"column":44},"end":{"line":12,"column":1}},"line":9}},"branchMap":{},"s":{"0":4,"1":4,"2":4,"3":5,"4":5,"5":4,"6":3,"7":3,"8":4},"f":{"0":5,"1":3},"b":{},"_coverageSchema":"1a1c01bbd47fc00a2c39e90264f33305004495a9","hash":"78e2d05be5f1a53575a8c577d2d5b9dc461ce859"}
,"D:\\Work\\Phincon\\caloried\\server\\utils\\jwt.js": {"path":"D:\\Work\\Phincon\\caloried\\server\\utils\\jwt.js","statementMap":{"0":{"start":{"line":1,"column":12},"end":{"line":1,"column":35}},"1":{"start":{"line":3,"column":18},"end":{"line":3,"column":40}},"2":{"start":{"line":5,"column":22},"end":{"line":8,"column":1}},"3":{"start":{"line":6,"column":23},"end":{"line":6,"column":27}},"4":{"start":{"line":7,"column":2},"end":{"line":7,"column":58}},"5":{"start":{"line":10,"column":39},"end":{"line":12,"column":1}},"6":{"start":{"line":11,"column":2},"end":{"line":11,"column":60}},"7":{"start":{"line":14,"column":36},"end":{"line":16,"column":1}},"8":{"start":{"line":15,"column":2},"end":{"line":15,"column":61}},"9":{"start":{"line":18,"column":20},"end":{"line":20,"column":1}},"10":{"start":{"line":19,"column":2},"end":{"line":19,"column":38}},"11":{"start":{"line":22,"column":0},"end":{"line":27,"column":2}}},"fnMap":{"0":{"name":"(anonymous_0)","decl":{"start":{"line":5,"column":22},"end":{"line":5,"column":23}},"loc":{"start":{"line":5,"column":50},"end":{"line":8,"column":1}},"line":5},"1":{"name":"(anonymous_1)","decl":{"start":{"line":10,"column":39},"end":{"line":10,"column":40}},"loc":{"start":{"line":10,"column":74},"end":{"line":12,"column":1}},"line":10},"2":{"name":"(anonymous_2)","decl":{"start":{"line":14,"column":36},"end":{"line":14,"column":37}},"loc":{"start":{"line":14,"column":47},"end":{"line":16,"column":1}},"line":14},"3":{"name":"(anonymous_3)","decl":{"start":{"line":18,"column":20},"end":{"line":18,"column":21}},"loc":{"start":{"line":18,"column":31},"end":{"line":20,"column":1}},"line":18}},"branchMap":{"0":{"loc":{"start":{"line":5,"column":29},"end":{"line":5,"column":45}},"type":"default-arg","locations":[{"start":{"line":5,"column":41},"end":{"line":5,"column":45}}],"line":5},"1":{"loc":{"start":{"line":10,"column":52},"end":{"line":10,"column":69}},"type":"default-arg","locations":[{"start":{"line":10,"column":64},"end":{"line":10,"column":69}}],"line":10}},"s":{"0":4,"1":4,"2":4,"3":5,"4":5,"5":4,"6":5,"7":4,"8":3,"9":4,"10":33,"11":4},"f":{"0":5,"1":5,"2":3,"3":33},"b":{"0":[5],"1":[5]},"_coverageSchema":"1a1c01bbd47fc00a2c39e90264f33305004495a9","hash":"a25e2faa22012652fe24d2ff7a047ed5803093ff"}
,"D:\\Work\\Phincon\\caloried\\server\\utils\\nodemailer.js": {"path":"D:\\Work\\Phincon\\caloried\\server\\utils\\nodemailer.js","statementMap":{"0":{"start":{"line":1,"column":19},"end":{"line":1,"column":40}},"1":{"start":{"line":3,"column":20},"end":{"line":9,"column":2}},"2":{"start":{"line":11,"column":31},"end":{"line":42,"column":1}},"3":{"start":{"line":12,"column":22},"end":{"line":34,"column":3}},"4":{"start":{"line":36,"column":2},"end":{"line":41,"column":3}},"5":{"start":{"line":37,"column":17},"end":{"line":37,"column":56}},"6":{"start":{"line":38,"column":4},"end":{"line":38,"column":61}},"7":{"start":{"line":40,"column":4},"end":{"line":40,"column":64}},"8":{"start":{"line":44,"column":33},"end":{"line":79,"column":1}},"9":{"start":{"line":45,"column":22},"end":{"line":70,"column":3}},"10":{"start":{"line":72,"column":2},"end":{"line":78,"column":3}},"11":{"start":{"line":73,"column":17},"end":{"line":73,"column":56}},"12":{"start":{"line":74,"column":4},"end":{"line":74,"column":46}},"13":{"start":{"line":75,"column":4},"end":{"line":75,"column":16}},"14":{"start":{"line":77,"column":4},"end":{"line":77,"column":49}},"15":{"start":{"line":81,"column":0},"end":{"line":84,"column":2}}},"fnMap":{"0":{"name":"(anonymous_0)","decl":{"start":{"line":11,"column":31},"end":{"line":11,"column":32}},"loc":{"start":{"line":11,"column":52},"end":{"line":42,"column":1}},"line":11},"1":{"name":"(anonymous_1)","decl":{"start":{"line":44,"column":33},"end":{"line":44,"column":34}},"loc":{"start":{"line":44,"column":52},"end":{"line":79,"column":1}},"line":44}},"branchMap":{},"s":{"0":4,"1":4,"2":4,"3":0,"4":0,"5":0,"6":0,"7":0,"8":4,"9":0,"10":0,"11":0,"12":0,"13":0,"14":0,"15":4},"f":{"0":0,"1":0},"b":{},"_coverageSchema":"1a1c01bbd47fc00a2c39e90264f33305004495a9","hash":"6ffd14cf9ed43269635869d728d30705fcaccddb"}
,"D:\\Work\\Phincon\\caloried\\server\\utils\\redisClient.js": {"path":"D:\\Work\\Phincon\\caloried\\server\\utils\\redisClient.js","statementMap":{"0":{"start":{"line":1,"column":14},"end":{"line":1,"column":32}},"1":{"start":{"line":3,"column":20},"end":{"line":6,"column":2}},"2":{"start":{"line":8,"column":0},"end":{"line":10,"column":3}},"3":{"start":{"line":9,"column":2},"end":{"line":9,"column":44}},"4":{"start":{"line":12,"column":0},"end":{"line":14,"column":3}},"5":{"start":{"line":13,"column":2},"end":{"line":13,"column":45}},"6":{"start":{"line":16,"column":0},"end":{"line":16,"column":29}}},"fnMap":{"0":{"name":"(anonymous_0)","decl":{"start":{"line":8,"column":26},"end":{"line":8,"column":27}},"loc":{"start":{"line":8,"column":32},"end":{"line":10,"column":1}},"line":8},"1":{"name":"(anonymous_1)","decl":{"start":{"line":12,"column":24},"end":{"line":12,"column":25}},"loc":{"start":{"line":12,"column":33},"end":{"line":14,"column":1}},"line":12}},"branchMap":{},"s":{"0":4,"1":4,"2":4,"3":4,"4":4,"5":0,"6":4},"f":{"0":4,"1":0},"b":{},"_coverageSchema":"1a1c01bbd47fc00a2c39e90264f33305004495a9","hash":"c2e99a33290f8926988fdff3ca61721fdc8288f7"}
,"D:\\Work\\Phincon\\caloried\\server\\validators\\auth.validator.js": {"path":"D:\\Work\\Phincon\\caloried\\server\\validators\\auth.validator.js","statementMap":{"0":{"start":{"line":1,"column":12},"end":{"line":1,"column":26}},"1":{"start":{"line":3,"column":26},"end":{"line":45,"column":2}},"2":{"start":{"line":47,"column":23},"end":{"line":56,"column":2}},"3":{"start":{"line":58,"column":32},"end":{"line":66,"column":2}},"4":{"start":{"line":68,"column":31},"end":{"line":80,"column":2}},"5":{"start":{"line":82,"column":0},"end":{"line":87,"column":2}}},"fnMap":{},"branchMap":{},"s":{"0":4,"1":4,"2":4,"3":4,"4":4,"5":4},"f":{},"b":{},"_coverageSchema":"1a1c01bbd47fc00a2c39e90264f33305004495a9","hash":"b4d37a79e197cbcbefbc4f47fcac08c4b809d64a"}
,"D:\\Work\\Phincon\\caloried\\server\\validators\\diary.validator.js": {"path":"D:\\Work\\Phincon\\caloried\\server\\validators\\diary.validator.js","statementMap":{"0":{"start":{"line":1,"column":12},"end":{"line":1,"column":26}},"1":{"start":{"line":3,"column":32},"end":{"line":17,"column":2}},"2":{"start":{"line":19,"column":33},"end":{"line":25,"column":2}},"3":{"start":{"line":27,"column":0},"end":{"line":27,"column":71}}},"fnMap":{},"branchMap":{},"s":{"0":4,"1":4,"2":4,"3":4},"f":{},"b":{},"_coverageSchema":"1a1c01bbd47fc00a2c39e90264f33305004495a9","hash":"bb240f52e9af96e135e445051cff22be7ef2b412"}
,"D:\\Work\\Phincon\\caloried\\server\\validators\\user.validator.js": {"path":"D:\\Work\\Phincon\\caloried\\server\\validators\\user.validator.js","statementMap":{"0":{"start":{"line":1,"column":12},"end":{"line":1,"column":26}},"1":{"start":{"line":3,"column":29},"end":{"line":39,"column":2}},"2":{"start":{"line":41,"column":0},"end":{"line":41,"column":42}}},"fnMap":{},"branchMap":{},"s":{"0":4,"1":4,"2":4},"f":{},"b":{},"_coverageSchema":"1a1c01bbd47fc00a2c39e90264f33305004495a9","hash":"0527601d422c5ee8f277c7236eee3f9f296a1ffc"}
}
