TN:
SF:index.js
FN:15,(anonymous_0)
FN:20,(anonymous_1)
FNF:2
FNH:0
FNDA:0,(anonymous_0)
FNDA:0,(anonymous_1)
DA:1,4
DA:2,4
DA:3,4
DA:4,4
DA:5,4
DA:6,4
DA:8,4
DA:9,4
DA:10,4
DA:11,4
DA:13,4
DA:15,4
DA:16,0
DA:19,4
DA:20,0
DA:21,0
DA:25,4
LF:17
LH:14
BRDA:19,0,0,0
BRDA:19,0,1,4
BRF:2
BRH:1
end_of_record
TN:
SF:controllers\auth.controller.js
FN:27,(anonymous_0)
FN:102,(anonymous_1)
FN:130,(anonymous_2)
FN:161,(anonymous_3)
FN:221,(anonymous_4)
FN:266,(anonymous_5)
FN:304,(anonymous_6)
FN:325,(anonymous_7)
FNF:8
FNH:8
FNDA:6,(anonymous_0)
FNDA:3,(anonymous_1)
FNDA:4,(anonymous_2)
FNDA:4,(anonymous_3)
FNDA:3,(anonymous_4)
FNDA:3,(anonymous_5)
FNDA:2,(anonymous_6)
FNDA:4,(anonymous_7)
DA:1,4
DA:2,4
DA:6,4
DA:7,4
DA:13,4
DA:17,4
DA:18,4
DA:24,4
DA:25,4
DA:27,4
DA:28,6
DA:29,6
DA:31,6
DA:36,6
DA:38,6
DA:39,6
DA:40,1
DA:52,5
DA:54,5
DA:59,5
DA:60,1
DA:65,4
DA:67,4
DA:79,4
DA:80,4
DA:81,4
DA:82,4
DA:84,4
DA:85,4
DA:91,4
DA:92,4
DA:98,0
DA:102,4
DA:103,3
DA:104,3
DA:106,3
DA:110,3
DA:111,1
DA:113,2
DA:114,1
DA:117,1
DA:119,1
DA:120,1
DA:122,1
DA:124,1
DA:126,0
DA:130,4
DA:131,4
DA:132,4
DA:133,4
DA:134,4
DA:135,1
DA:137,3
DA:138,3
DA:140,2
DA:141,1
DA:142,1
DA:143,1
DA:145,1
DA:147,1
DA:149,1
DA:152,1
DA:157,0
DA:161,4
DA:162,4
DA:163,4
DA:165,4
DA:170,4
DA:172,4
DA:173,4
DA:174,1
DA:177,3
DA:179,3
DA:180,3
DA:181,0
DA:186,3
DA:187,1
DA:193,2
DA:194,2
DA:195,1
DA:200,1
DA:201,1
DA:202,1
DA:203,1
DA:204,1
DA:206,1
DA:211,1
DA:217,0
DA:221,4
DA:222,3
DA:223,3
DA:225,3
DA:229,3
DA:231,3
DA:232,3
DA:233,1
DA:236,2
DA:237,2
DA:239,2
DA:240,0
DA:245,2
DA:246,2
DA:247,1
DA:252,1
DA:257,1
DA:262,0
DA:266,4
DA:267,3
DA:268,3
DA:269,3
DA:271,3
DA:276,3
DA:277,1
DA:280,2
DA:282,2
DA:287,2
DA:288,1
DA:293,1
DA:294,1
DA:296,1
DA:300,0
DA:304,4
DA:305,2
DA:306,2
DA:308,2
DA:310,2
DA:311,1
DA:313,1
DA:315,1
DA:317,1
DA:321,0
DA:325,4
DA:326,4
DA:327,4
DA:329,4
DA:334,4
DA:336,4
DA:337,4
DA:338,1
DA:341,3
DA:343,3
DA:344,3
DA:346,1
DA:349,2
DA:351,2
DA:352,1
DA:355,1
DA:360,1
DA:362,0
LF:149
LH:139
BRDA:39,0,0,1
BRDA:39,0,1,5
BRDA:59,1,0,1
BRDA:59,1,1,4
BRDA:84,2,0,4
BRDA:84,2,1,0
BRDA:110,3,0,1
BRDA:110,3,1,2
BRDA:113,4,0,1
BRDA:113,4,1,1
BRDA:134,5,0,1
BRDA:134,5,1,3
BRDA:140,6,0,1
BRDA:140,6,1,1
BRDA:140,7,0,2
BRDA:140,7,1,1
BRDA:173,8,0,1
BRDA:173,8,1,3
BRDA:180,9,0,0
BRDA:180,9,1,3
BRDA:186,10,0,1
BRDA:186,10,1,2
BRDA:194,11,0,1
BRDA:194,11,1,1
BRDA:201,12,0,1
BRDA:201,12,1,0
BRDA:232,13,0,1
BRDA:232,13,1,2
BRDA:239,14,0,0
BRDA:239,14,1,2
BRDA:246,15,0,1
BRDA:246,15,1,1
BRDA:276,16,0,1
BRDA:276,16,1,2
BRDA:287,17,0,1
BRDA:287,17,1,1
BRDA:310,18,0,1
BRDA:310,18,1,1
BRDA:337,19,0,1
BRDA:337,19,1,3
BRDA:351,20,0,1
BRDA:351,20,1,1
BRF:42
BRH:38
end_of_record
TN:
SF:controllers\diary.controller.js
FN:12,(anonymous_0)
FN:47,(anonymous_1)
FN:110,(anonymous_2)
FN:181,(anonymous_3)
FN:231,(anonymous_4)
FN:270,(anonymous_5)
FN:327,(anonymous_6)
FNF:7
FNH:6
FNDA:1,(anonymous_0)
FNDA:2,(anonymous_1)
FNDA:3,(anonymous_2)
FNDA:2,(anonymous_3)
FNDA:1,(anonymous_4)
FNDA:1,(anonymous_5)
FNDA:0,(anonymous_6)
DA:1,4
DA:5,4
DA:6,4
DA:10,4
DA:12,4
DA:13,1
DA:14,1
DA:15,1
DA:17,1
DA:37,1
DA:38,0
DA:41,1
DA:43,0
DA:47,4
DA:48,2
DA:49,2
DA:50,2
DA:52,2
DA:54,2
DA:55,1
DA:70,1
DA:72,1
DA:74,1
DA:75,1
DA:76,1
DA:77,1
DA:79,1
DA:83,1
DA:95,1
DA:100,1
DA:101,1
DA:105,0
DA:106,0
DA:110,4
DA:111,3
DA:112,3
DA:113,3
DA:114,3
DA:116,3
DA:118,3
DA:119,1
DA:122,2
DA:124,2
DA:133,2
DA:134,1
DA:137,1
DA:139,1
DA:143,1
DA:145,1
DA:165,1
DA:168,1
DA:169,0
DA:172,1
DA:177,0
DA:181,4
DA:182,2
DA:183,2
DA:184,2
DA:186,2
DA:201,2
DA:202,1
DA:205,1
DA:206,1
DA:207,1
DA:209,1
DA:213,1
DA:214,0
DA:217,1
DA:221,1
DA:222,1
DA:225,1
DA:227,0
DA:231,4
DA:232,1
DA:233,1
DA:234,1
DA:235,1
DA:237,1
DA:264,1
DA:266,0
DA:270,4
DA:271,1
DA:272,1
DA:273,1
DA:274,1
DA:275,1
DA:276,1
DA:278,1
DA:320,1
DA:321,1
DA:322,1
DA:326,7
DA:327,7
DA:329,7
DA:334,1
DA:336,0
LF:96
LH:86
BRDA:37,0,0,0
BRDA:37,0,1,1
BRDA:54,1,0,1
BRDA:54,1,1,1
BRDA:118,2,0,1
BRDA:118,2,1,2
BRDA:133,3,0,1
BRDA:133,3,1,1
BRDA:168,4,0,0
BRDA:168,4,1,1
BRDA:201,5,0,1
BRDA:201,5,1,1
BRDA:213,6,0,0
BRDA:213,6,1,1
BRDA:221,7,0,1
BRDA:221,7,1,0
BRDA:273,8,0,1
BRDA:273,8,1,0
BRDA:331,9,0,0
BRDA:331,9,1,7
BRF:20
BRH:14
end_of_record
TN:
SF:controllers\food.controller.js
FN:18,(anonymous_0)
FN:55,(anonymous_1)
FN:73,(anonymous_2)
FN:97,(anonymous_3)
FN:136,(anonymous_4)
FN:158,(anonymous_5)
FN:170,(anonymous_6)
FN:186,(anonymous_7)
FN:217,(anonymous_8)
FN:245,(anonymous_9)
FN:284,(anonymous_10)
FN:314,(anonymous_11)
FN:331,(anonymous_12)
FN:372,(anonymous_13)
FN:396,(anonymous_14)
FNF:15
FNH:13
FNDA:2,(anonymous_0)
FNDA:3,(anonymous_1)
FNDA:5,(anonymous_2)
FNDA:1,(anonymous_3)
FNDA:2,(anonymous_4)
FNDA:0,(anonymous_5)
FNDA:1,(anonymous_6)
FNDA:2,(anonymous_7)
FNDA:3,(anonymous_8)
FNDA:0,(anonymous_9)
FNDA:2,(anonymous_10)
FNDA:1,(anonymous_11)
FNDA:2,(anonymous_12)
FNDA:2,(anonymous_13)
FNDA:1,(anonymous_14)
DA:1,4
DA:5,4
DA:6,4
DA:10,4
DA:11,4
DA:12,4
DA:13,4
DA:14,4
DA:15,4
DA:16,4
DA:18,4
DA:19,2
DA:20,2
DA:21,2
DA:22,2
DA:23,2
DA:25,2
DA:27,2
DA:30,2
DA:31,0
DA:33,2
DA:38,2
DA:45,2
DA:47,2
DA:48,2
DA:52,2
DA:55,3
DA:58,2
DA:59,2
DA:64,2
DA:69,0
DA:73,4
DA:74,5
DA:75,5
DA:77,5
DA:79,5
DA:82,5
DA:83,0
DA:85,5
DA:86,1
DA:89,1
DA:90,4
DA:91,1
DA:95,1
DA:96,1
DA:97,1
DA:99,3
DA:100,2
DA:113,2
DA:114,1
DA:115,1
DA:117,1
DA:122,1
DA:127,3
DA:130,3
DA:132,0
DA:136,4
DA:137,2
DA:138,2
DA:139,2
DA:141,2
DA:142,2
DA:143,1
DA:147,1
DA:148,1
DA:151,1
DA:157,1
DA:158,1
DA:159,1
DA:161,1
DA:166,0
DA:170,4
DA:171,1
DA:172,1
DA:174,1
DA:180,1
DA:181,0
DA:186,1
DA:187,2
DA:211,1
DA:213,0
DA:217,4
DA:218,3
DA:219,3
DA:220,3
DA:221,3
DA:223,3
DA:224,3
DA:225,1
DA:228,2
DA:235,2
DA:236,1
DA:239,1
DA:241,1
DA:242,1
DA:243,1
DA:244,0
DA:245,0
DA:246,0
DA:251,1
DA:259,1
DA:260,0
DA:266,1
DA:271,1
DA:272,1
DA:273,1
DA:275,1
DA:280,0
DA:284,4
DA:285,2
DA:286,2
DA:287,2
DA:289,2
DA:296,2
DA:297,1
DA:300,1
DA:308,1
DA:309,0
DA:312,1
DA:313,1
DA:314,1
DA:315,1
DA:319,1
DA:321,1
DA:322,1
DA:323,1
DA:325,1
DA:327,0
DA:331,4
DA:332,2
DA:333,2
DA:334,2
DA:336,2
DA:337,2
DA:338,2
DA:339,2
DA:341,2
DA:342,2
DA:355,2
DA:356,1
DA:359,1
DA:366,1
DA:368,0
DA:372,4
DA:373,2
DA:374,2
DA:376,2
DA:378,2
DA:379,1
DA:382,1
DA:390,1
DA:391,0
DA:394,1
DA:395,1
DA:396,1
DA:397,1
DA:401,1
DA:403,1
DA:404,1
DA:405,1
DA:407,1
DA:409,0
LF:162
LH:145
BRDA:22,0,0,2
BRDA:22,0,1,2
BRDA:23,1,0,2
BRDA:23,1,1,2
BRDA:30,2,0,0
BRDA:30,2,1,2
BRDA:52,3,0,1
BRDA:52,3,1,1
BRDA:82,4,0,0
BRDA:82,4,1,5
BRDA:85,5,0,1
BRDA:85,5,1,4
BRDA:90,6,0,1
BRDA:90,6,1,3
BRDA:99,7,0,2
BRDA:99,7,1,1
BRDA:113,8,0,1
BRDA:113,8,1,1
BRDA:130,9,0,3
BRDA:130,9,1,0
BRDA:142,10,0,1
BRDA:142,10,1,1
BRDA:147,11,0,1
BRDA:147,11,1,0
BRDA:180,12,0,0
BRDA:180,12,1,1
BRDA:224,13,0,1
BRDA:224,13,1,2
BRDA:235,14,0,1
BRDA:235,14,1,1
BRDA:241,15,0,1
BRDA:241,15,1,0
BRDA:243,16,0,0
BRDA:243,16,1,1
BRDA:246,17,0,0
BRDA:246,17,1,0
BRDA:259,18,0,0
BRDA:259,18,1,1
BRDA:296,19,0,1
BRDA:296,19,1,1
BRDA:308,20,0,0
BRDA:308,20,1,1
BRDA:312,21,0,1
BRDA:312,21,1,0
BRDA:315,22,0,1
BRDA:315,22,1,0
BRDA:336,23,0,2
BRDA:336,23,1,2
BRDA:337,24,0,2
BRDA:337,24,1,2
BRDA:338,25,0,2
BRDA:338,25,1,2
BRDA:339,26,0,2
BRDA:339,26,1,2
BRDA:355,27,0,1
BRDA:355,27,1,1
BRDA:378,28,0,1
BRDA:378,28,1,1
BRDA:390,29,0,0
BRDA:390,29,1,1
BRDA:394,30,0,1
BRDA:394,30,1,0
BRDA:397,31,0,1
BRDA:397,31,1,0
BRF:64
BRH:48
end_of_record
TN:
SF:controllers\user.controller.js
FN:17,(anonymous_0)
FN:64,(anonymous_1)
FN:78,(anonymous_2)
FN:117,(anonymous_3)
FN:171,(anonymous_4)
FN:182,(anonymous_5)
FN:200,(anonymous_6)
FN:213,(anonymous_7)
FN:222,(anonymous_8)
FN:233,(anonymous_9)
FN:249,(anonymous_10)
FNF:11
FNH:9
FNDA:1,(anonymous_0)
FNDA:1,(anonymous_1)
FNDA:2,(anonymous_2)
FNDA:0,(anonymous_3)
FNDA:2,(anonymous_4)
FNDA:0,(anonymous_5)
FNDA:1,(anonymous_6)
FNDA:1,(anonymous_7)
FNDA:6,(anonymous_8)
FNDA:1,(anonymous_9)
FNDA:1,(anonymous_10)
DA:1,4
DA:5,4
DA:6,4
DA:7,4
DA:8,4
DA:9,4
DA:13,4
DA:14,4
DA:15,4
DA:17,4
DA:18,1
DA:19,1
DA:20,1
DA:22,1
DA:23,1
DA:24,1
DA:25,1
DA:27,1
DA:29,1
DA:31,1
DA:32,0
DA:33,0
DA:35,1
DA:36,1
DA:43,1
DA:44,0
DA:47,1
DA:54,1
DA:55,1
DA:57,1
DA:60,0
DA:64,4
DA:65,1
DA:66,1
DA:68,1
DA:70,1
DA:72,1
DA:74,0
DA:78,4
DA:79,2
DA:80,2
DA:81,2
DA:83,2
DA:84,2
DA:85,1
DA:89,1
DA:91,1
DA:92,1
DA:93,0
DA:96,1
DA:105,1
DA:106,0
DA:112,1
DA:113,1
DA:115,1
DA:116,0
DA:117,0
DA:118,0
DA:123,1
DA:138,1
DA:140,1
DA:141,1
DA:142,1
DA:143,1
DA:145,1
DA:149,1
DA:150,1
DA:152,0
DA:159,1
DA:161,1
DA:167,0
DA:171,4
DA:172,2
DA:173,2
DA:175,2
DA:176,2
DA:177,1
DA:180,1
DA:181,0
DA:182,0
DA:183,0
DA:187,1
DA:189,1
DA:191,1
DA:196,0
DA:200,4
DA:201,1
DA:202,1
DA:204,1
DA:213,1
DA:214,1
DA:215,1
DA:217,1
DA:218,1
DA:222,6
DA:227,1
DA:229,0
DA:233,4
DA:234,1
DA:235,1
DA:236,1
DA:238,1
DA:243,1
DA:245,0
DA:249,4
DA:250,1
DA:251,1
DA:252,1
DA:253,1
DA:254,1
DA:255,1
DA:257,1
DA:268,1
DA:269,1
DA:271,1
DA:272,1
DA:273,1
DA:275,1
DA:276,1
DA:280,1
DA:284,1
DA:286,0
LF:122
LH:103
BRDA:22,0,0,1
BRDA:22,0,1,1
BRDA:23,1,0,1
BRDA:23,1,1,1
BRDA:24,2,0,1
BRDA:24,2,1,1
BRDA:25,3,0,1
BRDA:25,3,1,1
BRDA:31,4,0,0
BRDA:31,4,1,1
BRDA:43,5,0,0
BRDA:43,5,1,1
BRDA:84,6,0,1
BRDA:84,6,1,1
BRDA:92,7,0,0
BRDA:92,7,1,1
BRDA:105,8,0,0
BRDA:105,8,1,1
BRDA:112,9,0,1
BRDA:112,9,1,0
BRDA:115,10,0,0
BRDA:115,10,1,1
BRDA:118,11,0,0
BRDA:118,11,1,0
BRDA:133,12,0,1
BRDA:133,12,1,0
BRDA:140,13,0,1
BRDA:140,13,1,0
BRDA:141,14,0,1
BRDA:141,14,1,0
BRDA:149,15,0,1
BRDA:149,15,1,0
BRDA:176,16,0,1
BRDA:176,16,1,1
BRDA:180,17,0,0
BRDA:180,17,1,1
BRDA:183,18,0,0
BRDA:183,18,1,0
BRDA:217,19,0,1
BRDA:217,19,1,0
BRDA:252,20,0,0
BRDA:252,20,1,1
BRDA:275,21,0,1
BRDA:275,21,1,0
BRF:44
BRH:26
end_of_record
TN:
SF:domain\api.js
FN:5,(anonymous_0)
FN:29,(anonymous_1)
FN:32,(anonymous_2)
FNF:3
FNH:0
FNDA:0,(anonymous_0)
FNDA:0,(anonymous_1)
FNDA:0,(anonymous_2)
DA:1,4
DA:3,4
DA:5,4
DA:12,0
DA:25,0
DA:26,0
DA:29,4
DA:30,0
DA:32,4
DA:33,0
DA:35,4
LF:11
LH:6
BRDA:7,0,0,0
BRDA:8,1,0,0
BRDA:9,2,0,0
BRF:3
BRH:0
end_of_record
TN:
SF:helpers\cacheHelper.js
FN:3,(anonymous_0)
FN:6,(anonymous_1)
FN:13,(anonymous_2)
FN:16,(anonymous_3)
FNF:4
FNH:3
FNDA:7,(anonymous_0)
FNDA:1,(anonymous_1)
FNDA:3,(anonymous_2)
FNDA:0,(anonymous_3)
DA:1,4
DA:3,4
DA:4,7
DA:5,7
DA:6,7
DA:7,7
DA:9,0
DA:13,4
DA:14,3
DA:15,3
DA:16,3
DA:17,3
DA:19,0
DA:23,4
LF:14
LH:12
BRF:0
BRH:0
end_of_record
TN:
SF:helpers\formatNutrientData.js
FN:20,(anonymous_0)
FN:32,(anonymous_1)
FN:77,(anonymous_2)
FN:80,(anonymous_3)
FN:93,(anonymous_4)
FN:96,(anonymous_5)
FN:98,(anonymous_6)
FN:108,(anonymous_7)
FN:129,(anonymous_8)
FNF:9
FNH:9
FNDA:118,(anonymous_0)
FNDA:7,(anonymous_1)
FNDA:4,(anonymous_2)
FNDA:6,(anonymous_3)
FNDA:3,(anonymous_4)
FNDA:3,(anonymous_5)
FNDA:3,(anonymous_6)
FNDA:12,(anonymous_7)
FNDA:1,(anonymous_8)
DA:1,4
DA:20,4
DA:21,118
DA:23,118
DA:24,42
DA:27,76
DA:29,76
DA:32,4
DA:33,7
DA:52,7
DA:54,7
DA:55,469
DA:56,469
DA:59,106
DA:60,42
DA:62,64
DA:65,106
DA:67,106
DA:74,7
DA:77,4
DA:78,4
DA:80,6
DA:93,4
DA:96,4
DA:98,4
DA:99,3
DA:106,3
DA:108,3
DA:109,12
DA:110,12
DA:113,3
DA:124,4
DA:126,4
DA:129,4
DA:130,1
DA:131,0
DA:133,1
DA:135,1
DA:147,4
LF:39
LH:38
BRDA:23,0,0,42
BRDA:23,0,1,76
BRDA:56,1,0,106
BRDA:56,1,1,363
BRDA:59,2,0,42
BRDA:59,2,1,64
BRDA:77,3,0,1
BRDA:80,4,0,3
BRDA:85,5,0,3
BRDA:85,5,1,3
BRDA:88,6,0,3
BRDA:88,6,1,3
BRDA:89,7,0,3
BRDA:89,7,1,3
BRDA:93,8,0,4
BRDA:93,8,1,1
BRDA:96,9,0,4
BRDA:96,9,1,1
BRDA:100,10,0,3
BRDA:100,10,1,0
BRDA:101,11,0,3
BRDA:101,11,1,0
BRDA:102,12,0,3
BRDA:102,12,1,0
BRDA:103,13,0,3
BRDA:103,13,1,0
BRDA:130,14,0,0
BRDA:130,14,1,1
BRDA:130,15,0,1
BRDA:130,15,1,1
BRDA:138,16,0,1
BRDA:138,16,1,1
BRDA:143,17,0,1
BRDA:143,17,1,0
BRF:34
BRH:28
end_of_record
TN:
SF:helpers\functionHelper.js
FN:1,(anonymous_0)
FN:14,(anonymous_1)
FNF:2
FNH:2
FNDA:1,(anonymous_0)
FNDA:1,(anonymous_1)
DA:1,4
DA:2,1
DA:3,1
DA:4,1
DA:5,1
DA:7,1
DA:8,0
DA:11,1
DA:14,4
DA:15,1
DA:16,1
DA:17,1
DA:18,1
DA:19,0
DA:20,0
DA:21,0
DA:24,4
LF:17
LH:13
BRDA:7,0,0,0
BRDA:7,0,1,1
BRDA:7,1,0,1
BRDA:7,1,1,1
BRDA:7,1,2,1
BRDA:15,2,0,0
BRDA:15,2,1,1
BRDA:15,3,0,1
BRDA:15,3,1,1
BRDA:16,4,0,0
BRDA:16,4,1,1
BRDA:16,5,0,1
BRDA:16,5,1,1
BRDA:17,6,0,0
BRDA:17,6,1,1
BRDA:17,7,0,1
BRDA:17,7,1,1
BRDA:18,8,0,1
BRDA:18,8,1,0
BRDA:18,9,0,1
BRDA:18,9,1,1
BRDA:19,10,0,0
BRDA:19,10,1,0
BRDA:19,11,0,0
BRDA:19,11,1,0
BRDA:20,12,0,0
BRDA:20,12,1,0
BRF:27
BRH:16
end_of_record
TN:
SF:helpers\responseHandler.js
FN:1,(anonymous_0)
FN:5,(anonymous_1)
FNF:2
FNH:1
FNDA:0,(anonymous_0)
FNDA:67,(anonymous_1)
DA:1,4
DA:2,0
DA:5,4
DA:6,67
DA:9,4
LF:5
LH:4
BRF:0
BRH:0
end_of_record
TN:
SF:middlewares\authentication.js
FN:7,(anonymous_0)
FNF:1
FNH:1
FNDA:41,(anonymous_0)
DA:4,4
DA:5,4
DA:7,4
DA:8,41
DA:9,41
DA:10,0
DA:13,41
DA:14,41
DA:15,41
DA:16,41
DA:17,0
DA:19,41
DA:20,41
DA:22,0
LF:14
LH:11
BRDA:9,0,0,0
BRDA:9,0,1,41
BRDA:16,1,0,0
BRDA:16,1,1,41
BRF:4
BRH:2
end_of_record
TN:
SF:middlewares\authorization.js
FN:6,(anonymous_0)
FNF:1
FNH:1
FNDA:9,(anonymous_0)
DA:4,4
DA:6,4
DA:7,9
DA:8,9
DA:9,0
DA:14,9
DA:16,0
DA:17,0
LF:8
LH:5
BRDA:8,0,0,0
BRDA:8,0,1,9
BRDA:8,1,0,9
BRDA:8,1,1,9
BRF:4
BRH:3
end_of_record
TN:
SF:middlewares\multer.js
FN:5,(anonymous_0)
FN:8,(anonymous_1)
FNF:2
FNH:2
FNDA:3,(anonymous_0)
FNDA:3,(anonymous_1)
DA:1,4
DA:2,4
DA:4,4
DA:6,3
DA:9,3
DA:10,3
DA:14,4
DA:16,4
DA:17,4
DA:19,4
LF:10
LH:10
BRF:0
BRH:0
end_of_record
TN:
SF:models\admin.js
FN:3,(anonymous_0)
FN:5,(anonymous_1)
FNF:2
FNH:2
FNDA:4,(anonymous_0)
FNDA:4,(anonymous_1)
DA:2,4
DA:3,4
DA:7,4
DA:29,4
LF:4
LH:4
BRF:0
BRH:0
end_of_record
TN:
SF:models\customfood.js
FN:3,(anonymous_0)
FN:5,(anonymous_1)
FNF:2
FNH:2
FNDA:4,(anonymous_0)
FNDA:4,(anonymous_1)
DA:2,4
DA:3,4
DA:6,4
DA:13,4
DA:36,4
LF:5
LH:5
BRF:0
BRH:0
end_of_record
TN:
SF:models\diary.js
FN:3,(anonymous_0)
FN:5,(anonymous_1)
FNF:2
FNH:2
FNDA:4,(anonymous_0)
FNDA:4,(anonymous_1)
DA:2,4
DA:3,4
DA:6,4
DA:11,4
DA:18,4
DA:30,4
LF:6
LH:6
BRF:0
BRH:0
end_of_record
TN:
SF:models\food.js
FN:3,(anonymous_0)
FN:5,(anonymous_1)
FNF:2
FNH:2
FNDA:4,(anonymous_0)
FNDA:4,(anonymous_1)
DA:2,4
DA:3,4
DA:6,4
DA:13,4
DA:32,4
LF:5
LH:5
BRF:0
BRH:0
end_of_record
TN:
SF:models\foodlog.js
FN:3,(anonymous_0)
FN:5,(anonymous_1)
FNF:2
FNH:2
FNDA:4,(anonymous_0)
FNDA:4,(anonymous_1)
DA:2,4
DA:3,4
DA:6,4
DA:11,4
DA:18,4
DA:38,4
LF:6
LH:6
BRF:0
BRH:0
end_of_record
TN:
SF:models\index.js
FN:21,(anonymous_0)
FN:29,(anonymous_1)
FN:34,(anonymous_2)
FNF:3
FNH:3
FNDA:36,(anonymous_0)
FNDA:32,(anonymous_1)
FNDA:32,(anonymous_2)
DA:3,4
DA:4,4
DA:5,4
DA:6,4
DA:7,4
DA:8,4
DA:9,4
DA:10,4
DA:13,4
DA:14,0
DA:16,4
DA:19,4
DA:22,36
DA:30,32
DA:31,32
DA:34,4
DA:35,32
DA:36,32
DA:40,4
DA:41,4
DA:43,4
LF:21
LH:20
BRDA:8,0,0,4
BRDA:8,0,1,0
BRDA:13,1,0,0
BRDA:13,1,1,4
BRDA:23,2,0,36
BRDA:23,2,1,36
BRDA:23,2,2,32
BRDA:23,2,3,32
BRDA:35,3,0,32
BRDA:35,3,1,0
BRF:10
BRH:7
end_of_record
TN:
SF:models\meal.js
FN:3,(anonymous_0)
FN:5,(anonymous_1)
FNF:2
FNH:2
FNDA:4,(anonymous_0)
FNDA:4,(anonymous_1)
DA:2,4
DA:3,4
DA:6,4
DA:11,4
DA:18,4
DA:45,4
LF:6
LH:6
BRF:0
BRH:0
end_of_record
TN:
SF:models\user.js
FN:3,(anonymous_0)
FN:5,(anonymous_1)
FN:88,(anonymous_2)
FN:91,(anonymous_3)
FN:103,(anonymous_4)
FN:113,(anonymous_5)
FNF:6
FNH:6
FNDA:4,(anonymous_0)
FNDA:4,(anonymous_1)
FNDA:4,(anonymous_2)
FNDA:9,(anonymous_3)
FNDA:4,(anonymous_4)
FNDA:5,(anonymous_5)
DA:2,4
DA:3,4
DA:6,4
DA:11,4
DA:18,4
DA:89,4
DA:92,9
DA:100,1
DA:104,4
DA:107,4
DA:113,4
DA:115,5
DA:116,5
DA:117,5
DA:118,5
DA:119,5
DA:122,5
DA:130,5
DA:136,5
DA:142,5
DA:144,0
DA:145,0
DA:147,0
DA:148,0
DA:151,5
DA:155,5
DA:160,5
DA:162,5
DA:163,5
DA:164,5
DA:165,5
DA:167,0
DA:168,0
DA:169,0
DA:170,0
DA:172,0
DA:173,0
DA:174,0
DA:175,0
DA:177,0
DA:180,5
DA:181,5
DA:182,5
DA:184,5
DA:186,4
LF:45
LH:32
BRDA:92,0,0,1
BRDA:92,0,1,8
BRDA:93,1,0,9
BRDA:93,1,1,9
BRDA:93,1,2,8
BRDA:93,1,3,8
BRDA:93,1,4,8
BRDA:93,1,5,8
BRDA:139,2,0,4
BRDA:139,2,1,1
BRDA:142,3,0,0
BRDA:142,3,1,0
BRDA:142,3,2,5
BRDA:142,3,3,5
BRDA:160,4,0,5
BRDA:160,4,1,0
BRDA:160,4,2,0
BRDA:160,4,3,0
BRF:18
BRH:13
end_of_record
TN:
SF:models\weightentry.js
FN:3,(anonymous_0)
FN:5,(anonymous_1)
FNF:2
FNH:2
FNDA:4,(anonymous_0)
FNDA:4,(anonymous_1)
DA:2,4
DA:3,4
DA:6,4
DA:13,4
DA:33,4
LF:5
LH:5
BRF:0
BRH:0
end_of_record
TN:
SF:routes\auth.route.js
FNF:0
FNH:0
DA:1,4
DA:11,4
DA:12,4
DA:13,4
DA:15,4
DA:16,4
DA:17,4
DA:19,4
DA:20,4
DA:22,4
DA:23,4
DA:24,4
DA:26,4
LF:13
LH:13
BRF:0
BRH:0
end_of_record
TN:
SF:routes\diary.route.js
FNF:0
FNH:0
DA:1,4
DA:2,4
DA:10,4
DA:11,4
DA:13,4
DA:15,4
DA:16,4
DA:17,4
DA:18,4
DA:19,4
DA:20,4
DA:22,4
LF:12
LH:12
BRF:0
BRH:0
end_of_record
TN:
SF:routes\food.route.js
FNF:0
FNH:0
DA:1,4
DA:2,4
DA:12,4
DA:13,4
DA:14,4
DA:15,4
DA:17,4
DA:19,4
DA:20,4
DA:21,4
DA:22,4
DA:23,4
DA:24,4
DA:25,4
DA:26,4
DA:28,4
LF:16
LH:16
BRF:0
BRH:0
end_of_record
TN:
SF:routes\index.js
FNF:0
FNH:0
DA:1,4
DA:2,4
DA:3,4
DA:4,4
DA:5,4
DA:6,4
DA:8,4
DA:9,4
DA:10,4
DA:11,4
DA:13,4
LF:11
LH:11
BRF:0
BRH:0
end_of_record
TN:
SF:routes\user.route.js
FNF:0
FNH:0
DA:1,4
DA:10,4
DA:11,4
DA:12,4
DA:13,4
DA:14,4
DA:16,4
DA:18,4
DA:19,4
DA:21,4
DA:22,4
DA:24,4
DA:25,4
DA:26,4
DA:28,4
LF:15
LH:15
BRF:0
BRH:0
end_of_record
TN:
SF:utils\bcrypt.js
FN:4,(anonymous_0)
FN:9,(anonymous_1)
FNF:2
FNH:2
FNDA:7,(anonymous_0)
FNDA:6,(anonymous_1)
DA:1,4
DA:2,4
DA:4,4
DA:5,7
DA:6,7
DA:9,4
DA:10,6
DA:11,6
DA:14,4
LF:9
LH:9
BRF:0
BRH:0
end_of_record
TN:
SF:utils\jwt.js
FN:5,(anonymous_0)
FN:10,(anonymous_1)
FN:14,(anonymous_2)
FN:18,(anonymous_3)
FNF:4
FNH:4
FNDA:8,(anonymous_0)
FNDA:6,(anonymous_1)
FNDA:3,(anonymous_2)
FNDA:47,(anonymous_3)
DA:1,4
DA:3,4
DA:5,4
DA:6,8
DA:7,8
DA:10,4
DA:11,6
DA:14,4
DA:15,3
DA:18,4
DA:19,47
DA:22,4
LF:12
LH:12
BRDA:5,0,0,8
BRDA:10,1,0,5
BRF:2
BRH:2
end_of_record
TN:
SF:utils\nodemailer.js
FN:11,(anonymous_0)
FN:44,(anonymous_1)
FNF:2
FNH:2
FNDA:1,(anonymous_0)
FNDA:5,(anonymous_1)
DA:1,4
DA:3,4
DA:11,4
DA:12,1
DA:36,1
DA:37,1
DA:38,1
DA:40,0
DA:44,4
DA:45,5
DA:72,5
DA:73,5
DA:74,5
DA:75,5
DA:77,0
DA:81,4
LF:16
LH:14
BRF:0
BRH:0
end_of_record
TN:
SF:utils\redisClient.js
FN:8,(anonymous_0)
FN:12,(anonymous_1)
FNF:2
FNH:1
FNDA:4,(anonymous_0)
FNDA:0,(anonymous_1)
DA:1,4
DA:3,4
DA:8,4
DA:9,4
DA:12,4
DA:13,0
DA:16,4
LF:7
LH:6
BRF:0
BRH:0
end_of_record
TN:
SF:validators\auth.validator.js
FNF:0
FNH:0
DA:1,4
DA:3,4
DA:47,4
DA:58,4
DA:68,4
DA:82,4
LF:6
LH:6
BRF:0
BRH:0
end_of_record
TN:
SF:validators\diary.validator.js
FNF:0
FNH:0
DA:1,4
DA:3,4
DA:19,4
DA:27,4
LF:4
LH:4
BRF:0
BRH:0
end_of_record
TN:
SF:validators\food.validator.js
FNF:0
FNH:0
DA:1,4
DA:3,4
DA:28,4
LF:3
LH:3
BRF:0
BRH:0
end_of_record
TN:
SF:validators\user.validator.js
FNF:0
FNH:0
DA:1,4
DA:3,4
DA:41,4
LF:3
LH:3
BRF:0
BRH:0
end_of_record
