TN:
SF:index.js
FN:15,(anonymous_0)
FN:20,(anonymous_1)
FNF:2
FNH:0
FNDA:0,(anonymous_0)
FNDA:0,(anonymous_1)
DA:1,4
DA:2,4
DA:3,4
DA:4,4
DA:5,4
DA:6,4
DA:8,4
DA:9,4
DA:10,4
DA:11,4
DA:13,4
DA:15,4
DA:16,0
DA:19,4
DA:20,0
DA:21,0
DA:25,4
LF:17
LH:14
BRDA:19,0,0,0
BRDA:19,0,1,4
BRF:2
BRH:1
end_of_record
TN:
SF:controllers\auth.controller.js
FN:27,(anonymous_0)
FN:102,(anonymous_1)
FN:130,(anonymous_2)
FN:161,(anonymous_3)
FN:221,(anonymous_4)
FN:266,(anonymous_5)
FN:304,(anonymous_6)
FN:325,(anonymous_7)
FNF:8
FNH:7
FNDA:6,(anonymous_0)
FNDA:3,(anonymous_1)
FNDA:3,(anonymous_2)
FNDA:4,(anonymous_3)
FNDA:2,(anonymous_4)
FNDA:0,(anonymous_5)
FNDA:2,(anonymous_6)
FNDA:4,(anonymous_7)
DA:1,4
DA:2,4
DA:6,4
DA:7,4
DA:13,4
DA:17,4
DA:18,4
DA:24,4
DA:25,4
DA:27,4
DA:28,6
DA:29,6
DA:31,6
DA:36,6
DA:38,6
DA:39,6
DA:40,1
DA:52,5
DA:54,5
DA:59,5
DA:60,1
DA:65,4
DA:67,4
DA:79,4
DA:81,4
DA:82,4
DA:84,4
DA:85,4
DA:91,4
DA:92,4
DA:98,0
DA:102,4
DA:103,3
DA:104,3
DA:106,3
DA:110,3
DA:111,1
DA:113,2
DA:114,1
DA:117,1
DA:119,1
DA:120,1
DA:124,1
DA:126,0
DA:130,4
DA:131,3
DA:132,3
DA:133,3
DA:134,3
DA:135,1
DA:137,2
DA:138,2
DA:140,2
DA:141,1
DA:142,1
DA:143,1
DA:145,1
DA:147,1
DA:149,1
DA:152,0
DA:157,0
DA:161,4
DA:162,4
DA:163,4
DA:165,4
DA:170,4
DA:172,4
DA:173,4
DA:174,1
DA:177,3
DA:179,3
DA:180,3
DA:181,0
DA:186,3
DA:187,1
DA:193,2
DA:194,2
DA:195,1
DA:200,1
DA:201,1
DA:202,1
DA:203,1
DA:204,1
DA:206,1
DA:211,1
DA:217,0
DA:221,4
DA:222,2
DA:223,2
DA:225,2
DA:229,2
DA:231,2
DA:232,2
DA:233,1
DA:236,1
DA:237,1
DA:239,1
DA:240,0
DA:245,1
DA:246,1
DA:247,1
DA:252,0
DA:257,0
DA:262,0
DA:266,4
DA:267,0
DA:268,0
DA:269,0
DA:271,0
DA:276,0
DA:277,0
DA:280,0
DA:282,0
DA:287,0
DA:288,0
DA:293,0
DA:294,0
DA:296,0
DA:300,0
DA:304,4
DA:305,2
DA:306,2
DA:308,2
DA:310,2
DA:311,1
DA:313,1
DA:317,1
DA:321,0
DA:325,4
DA:326,4
DA:327,4
DA:329,4
DA:334,4
DA:336,4
DA:337,4
DA:338,1
DA:341,3
DA:343,3
DA:344,3
DA:346,1
DA:349,2
DA:351,2
DA:352,1
DA:355,1
DA:360,1
DA:362,0
LF:146
LH:120
BRDA:39,0,0,1
BRDA:39,0,1,5
BRDA:59,1,0,1
BRDA:59,1,1,4
BRDA:84,2,0,4
BRDA:84,2,1,0
BRDA:110,3,0,1
BRDA:110,3,1,2
BRDA:113,4,0,1
BRDA:113,4,1,1
BRDA:134,5,0,1
BRDA:134,5,1,2
BRDA:140,6,0,1
BRDA:140,6,1,1
BRDA:140,7,0,2
BRDA:140,7,1,1
BRDA:173,8,0,1
BRDA:173,8,1,3
BRDA:180,9,0,0
BRDA:180,9,1,3
BRDA:186,10,0,1
BRDA:186,10,1,2
BRDA:194,11,0,1
BRDA:194,11,1,1
BRDA:201,12,0,1
BRDA:201,12,1,0
BRDA:232,13,0,1
BRDA:232,13,1,1
BRDA:239,14,0,0
BRDA:239,14,1,1
BRDA:246,15,0,1
BRDA:246,15,1,0
BRDA:276,16,0,0
BRDA:276,16,1,0
BRDA:287,17,0,0
BRDA:287,17,1,0
BRDA:310,18,0,1
BRDA:310,18,1,1
BRDA:337,19,0,1
BRDA:337,19,1,3
BRDA:351,20,0,1
BRDA:351,20,1,1
BRF:42
BRH:33
end_of_record
TN:
SF:controllers\diary.controller.js
FN:12,(anonymous_0)
FN:47,(anonymous_1)
FN:100,(anonymous_2)
FN:171,(anonymous_3)
FN:212,(anonymous_4)
FN:251,(anonymous_5)
FN:303,(anonymous_6)
FNF:7
FNH:6
FNDA:1,(anonymous_0)
FNDA:2,(anonymous_1)
FNDA:3,(anonymous_2)
FNDA:2,(anonymous_3)
FNDA:1,(anonymous_4)
FNDA:1,(anonymous_5)
FNDA:0,(anonymous_6)
DA:1,4
DA:5,4
DA:6,4
DA:10,4
DA:12,4
DA:13,1
DA:14,1
DA:15,1
DA:17,1
DA:37,1
DA:38,0
DA:41,1
DA:43,0
DA:47,4
DA:48,2
DA:49,2
DA:50,2
DA:52,2
DA:54,2
DA:55,1
DA:70,1
DA:72,1
DA:74,1
DA:79,1
DA:85,1
DA:90,1
DA:91,1
DA:95,0
DA:96,0
DA:100,4
DA:101,3
DA:102,3
DA:103,3
DA:104,3
DA:106,3
DA:108,3
DA:109,1
DA:112,2
DA:114,2
DA:123,2
DA:124,1
DA:127,1
DA:129,1
DA:133,1
DA:135,1
DA:155,1
DA:158,1
DA:159,0
DA:162,1
DA:167,0
DA:171,4
DA:172,2
DA:173,2
DA:174,2
DA:176,2
DA:191,2
DA:192,1
DA:195,1
DA:196,1
DA:198,1
DA:202,1
DA:203,0
DA:206,1
DA:208,0
DA:212,4
DA:213,1
DA:214,1
DA:215,1
DA:216,1
DA:218,1
DA:245,1
DA:247,0
DA:251,4
DA:252,1
DA:253,1
DA:254,1
DA:255,1
DA:256,1
DA:257,1
DA:259,1
DA:296,1
DA:297,1
DA:298,1
DA:302,7
DA:303,7
DA:305,7
DA:310,1
DA:312,0
LF:88
LH:78
BRDA:37,0,0,0
BRDA:37,0,1,1
BRDA:54,1,0,1
BRDA:54,1,1,1
BRDA:108,2,0,1
BRDA:108,2,1,2
BRDA:123,3,0,1
BRDA:123,3,1,1
BRDA:158,4,0,0
BRDA:158,4,1,1
BRDA:191,5,0,1
BRDA:191,5,1,1
BRDA:202,6,0,0
BRDA:202,6,1,1
BRDA:254,7,0,1
BRDA:254,7,1,0
BRDA:307,8,0,0
BRDA:307,8,1,7
BRF:18
BRH:13
end_of_record
TN:
SF:controllers\food.controller.js
FN:12,(anonymous_0)
FN:40,(anonymous_1)
FN:58,(anonymous_2)
FN:82,(anonymous_3)
FNF:4
FNH:3
FNDA:1,(anonymous_0)
FNDA:0,(anonymous_1)
FNDA:3,(anonymous_2)
FNDA:1,(anonymous_3)
DA:4,4
DA:5,4
DA:9,4
DA:10,4
DA:12,4
DA:13,1
DA:14,1
DA:15,1
DA:16,1
DA:17,1
DA:19,1
DA:21,1
DA:24,1
DA:25,0
DA:27,1
DA:31,1
DA:33,1
DA:37,1
DA:40,0
DA:43,1
DA:44,1
DA:49,1
DA:54,0
DA:58,4
DA:59,3
DA:60,3
DA:62,3
DA:64,3
DA:67,3
DA:68,0
DA:70,3
DA:71,1
DA:74,1
DA:75,2
DA:76,1
DA:80,1
DA:81,1
DA:82,1
DA:85,1
DA:90,2
DA:93,2
DA:95,0
LF:42
LH:37
BRDA:16,0,0,1
BRDA:16,0,1,1
BRDA:17,1,0,1
BRDA:17,1,1,1
BRDA:24,2,0,0
BRDA:24,2,1,1
BRDA:37,3,0,1
BRDA:37,3,1,0
BRDA:67,4,0,0
BRDA:67,4,1,3
BRDA:70,5,0,1
BRDA:70,5,1,2
BRDA:75,6,0,1
BRDA:75,6,1,1
BRDA:93,7,0,2
BRDA:93,7,1,0
BRF:16
BRH:12
end_of_record
TN:
SF:controllers\user.controller.js
FN:17,(anonymous_0)
FN:64,(anonymous_1)
FN:78,(anonymous_2)
FN:102,(anonymous_3)
FN:156,(anonymous_4)
FN:178,(anonymous_5)
FN:191,(anonymous_6)
FN:200,(anonymous_7)
FN:211,(anonymous_8)
FN:227,(anonymous_9)
FNF:10
FNH:9
FNDA:1,(anonymous_0)
FNDA:1,(anonymous_1)
FNDA:2,(anonymous_2)
FNDA:0,(anonymous_3)
FNDA:2,(anonymous_4)
FNDA:1,(anonymous_5)
FNDA:1,(anonymous_6)
FNDA:6,(anonymous_7)
FNDA:1,(anonymous_8)
FNDA:1,(anonymous_9)
DA:1,4
DA:5,4
DA:6,4
DA:7,4
DA:8,4
DA:9,4
DA:13,4
DA:14,4
DA:15,4
DA:17,4
DA:18,1
DA:19,1
DA:20,1
DA:22,1
DA:23,1
DA:24,1
DA:25,1
DA:27,1
DA:29,1
DA:31,1
DA:32,0
DA:33,0
DA:35,1
DA:36,1
DA:43,1
DA:44,0
DA:47,1
DA:54,1
DA:55,1
DA:57,1
DA:60,0
DA:64,4
DA:65,1
DA:66,1
DA:68,1
DA:70,1
DA:72,1
DA:74,0
DA:78,4
DA:79,2
DA:80,2
DA:81,2
DA:83,2
DA:84,2
DA:85,1
DA:89,1
DA:91,1
DA:92,1
DA:93,0
DA:97,1
DA:98,1
DA:100,1
DA:101,0
DA:102,0
DA:103,0
DA:108,1
DA:123,1
DA:125,1
DA:126,1
DA:127,1
DA:128,1
DA:130,1
DA:134,1
DA:135,1
DA:137,0
DA:144,1
DA:146,1
DA:152,0
DA:156,4
DA:157,2
DA:158,2
DA:160,2
DA:161,2
DA:162,1
DA:165,1
DA:167,1
DA:169,1
DA:174,0
DA:178,4
DA:179,1
DA:180,1
DA:182,1
DA:191,1
DA:192,1
DA:193,1
DA:195,1
DA:196,1
DA:200,6
DA:205,1
DA:207,0
DA:211,4
DA:212,1
DA:213,1
DA:214,1
DA:216,1
DA:221,1
DA:223,0
DA:227,4
DA:228,1
DA:229,1
DA:230,1
DA:231,1
DA:232,1
DA:233,1
DA:235,1
DA:246,1
DA:247,1
DA:249,1
DA:250,1
DA:251,1
DA:253,1
DA:254,1
DA:258,1
DA:262,1
DA:264,0
LF:115
LH:100
BRDA:22,0,0,1
BRDA:22,0,1,1
BRDA:23,1,0,1
BRDA:23,1,1,1
BRDA:24,2,0,1
BRDA:24,2,1,1
BRDA:25,3,0,1
BRDA:25,3,1,1
BRDA:31,4,0,0
BRDA:31,4,1,1
BRDA:43,5,0,0
BRDA:43,5,1,1
BRDA:84,6,0,1
BRDA:84,6,1,1
BRDA:92,7,0,0
BRDA:92,7,1,1
BRDA:97,8,0,1
BRDA:97,8,1,0
BRDA:100,9,0,0
BRDA:100,9,1,1
BRDA:103,10,0,0
BRDA:103,10,1,0
BRDA:118,11,0,1
BRDA:118,11,1,0
BRDA:125,12,0,1
BRDA:125,12,1,0
BRDA:126,13,0,1
BRDA:126,13,1,0
BRDA:134,14,0,1
BRDA:134,14,1,0
BRDA:161,15,0,1
BRDA:161,15,1,1
BRDA:195,16,0,1
BRDA:195,16,1,0
BRDA:230,17,0,0
BRDA:230,17,1,1
BRDA:253,18,0,1
BRDA:253,18,1,0
BRF:38
BRH:24
end_of_record
TN:
SF:domain\api.js
FN:5,(anonymous_0)
FN:29,(anonymous_1)
FN:32,(anonymous_2)
FNF:3
FNH:0
FNDA:0,(anonymous_0)
FNDA:0,(anonymous_1)
FNDA:0,(anonymous_2)
DA:1,4
DA:3,4
DA:5,4
DA:12,0
DA:25,0
DA:26,0
DA:29,4
DA:30,0
DA:32,4
DA:33,0
DA:35,4
LF:11
LH:6
BRDA:7,0,0,0
BRDA:8,1,0,0
BRDA:9,2,0,0
BRF:3
BRH:0
end_of_record
TN:
SF:helpers\cacheHelper.js
FN:3,(anonymous_0)
FN:6,(anonymous_1)
FNF:2
FNH:2
FNDA:7,(anonymous_0)
FNDA:1,(anonymous_1)
DA:1,4
DA:3,4
DA:4,7
DA:5,7
DA:6,7
DA:7,7
DA:9,0
DA:13,4
LF:8
LH:7
BRF:0
BRH:0
end_of_record
TN:
SF:helpers\formatNutrientData.js
FN:20,(anonymous_0)
FN:32,(anonymous_1)
FN:77,(anonymous_2)
FN:80,(anonymous_3)
FN:93,(anonymous_4)
FN:96,(anonymous_5)
FN:103,(anonymous_6)
FNF:7
FNH:7
FNDA:76,(anonymous_0)
FNDA:5,(anonymous_1)
FNDA:2,(anonymous_2)
FNDA:4,(anonymous_3)
FNDA:2,(anonymous_4)
FNDA:2,(anonymous_5)
FNDA:1,(anonymous_6)
DA:1,4
DA:20,4
DA:21,76
DA:23,76
DA:24,26
DA:27,50
DA:29,50
DA:32,4
DA:33,5
DA:52,5
DA:54,5
DA:55,348
DA:56,348
DA:59,76
DA:60,30
DA:62,46
DA:65,76
DA:67,76
DA:74,5
DA:77,4
DA:78,2
DA:80,4
DA:93,2
DA:96,2
DA:98,2
DA:100,2
DA:103,4
DA:104,1
DA:105,0
DA:107,1
DA:109,1
DA:121,4
LF:32
LH:31
BRDA:23,0,0,26
BRDA:23,0,1,50
BRDA:56,1,0,76
BRDA:56,1,1,272
BRDA:59,2,0,30
BRDA:59,2,1,46
BRDA:80,3,0,2
BRDA:85,4,0,2
BRDA:85,4,1,2
BRDA:88,5,0,2
BRDA:88,5,1,2
BRDA:89,6,0,2
BRDA:89,6,1,2
BRDA:93,7,0,2
BRDA:93,7,1,0
BRDA:96,8,0,2
BRDA:96,8,1,0
BRDA:104,9,0,0
BRDA:104,9,1,1
BRDA:104,10,0,1
BRDA:104,10,1,1
BRDA:112,11,0,1
BRDA:112,11,1,1
BRDA:117,12,0,1
BRDA:117,12,1,0
BRF:25
BRH:21
end_of_record
TN:
SF:helpers\functionHelper.js
FN:1,(anonymous_0)
FN:14,(anonymous_1)
FNF:2
FNH:2
FNDA:1,(anonymous_0)
FNDA:1,(anonymous_1)
DA:1,4
DA:2,1
DA:3,1
DA:4,1
DA:5,1
DA:7,1
DA:8,0
DA:11,1
DA:14,4
DA:15,1
DA:16,1
DA:17,1
DA:18,1
DA:19,0
DA:20,0
DA:21,0
DA:24,4
LF:17
LH:13
BRDA:7,0,0,0
BRDA:7,0,1,1
BRDA:7,1,0,1
BRDA:7,1,1,1
BRDA:7,1,2,0
BRDA:15,2,0,0
BRDA:15,2,1,1
BRDA:15,3,0,1
BRDA:15,3,1,1
BRDA:16,4,0,0
BRDA:16,4,1,1
BRDA:16,5,0,1
BRDA:16,5,1,1
BRDA:17,6,0,0
BRDA:17,6,1,1
BRDA:17,7,0,1
BRDA:17,7,1,1
BRDA:18,8,0,1
BRDA:18,8,1,0
BRDA:18,9,0,1
BRDA:18,9,1,1
BRDA:19,10,0,0
BRDA:19,10,1,0
BRDA:19,11,0,0
BRDA:19,11,1,0
BRDA:20,12,0,0
BRDA:20,12,1,0
BRF:27
BRH:15
end_of_record
TN:
SF:helpers\responseHandler.js
FN:1,(anonymous_0)
FN:5,(anonymous_1)
FNF:2
FNH:1
FNDA:0,(anonymous_0)
FNDA:47,(anonymous_1)
DA:1,4
DA:2,0
DA:5,4
DA:6,47
DA:9,4
LF:5
LH:4
BRF:0
BRH:0
end_of_record
TN:
SF:middlewares\authentication.js
FN:8,(anonymous_0)
FNF:1
FNH:1
FNDA:23,(anonymous_0)
DA:4,4
DA:5,4
DA:6,4
DA:8,4
DA:9,23
DA:10,23
DA:11,0
DA:14,23
DA:15,23
DA:16,23
DA:17,23
DA:18,0
DA:21,23
DA:24,23
DA:25,5
DA:26,18
DA:27,18
DA:30,23
DA:31,0
DA:34,23
DA:35,23
DA:37,0
LF:22
LH:18
BRDA:10,0,0,0
BRDA:10,0,1,23
BRDA:17,1,0,0
BRDA:17,1,1,23
BRDA:24,2,0,5
BRDA:24,2,1,18
BRDA:26,3,0,18
BRDA:26,3,1,0
BRDA:30,4,0,0
BRDA:30,4,1,23
BRF:10
BRH:6
end_of_record
TN:
SF:middlewares\authorization.js
FN:7,(anonymous_0)
FNF:1
FNH:1
FNDA:5,(anonymous_0)
DA:4,4
DA:5,4
DA:7,4
DA:8,5
DA:9,5
DA:10,0
DA:14,5
DA:15,5
DA:17,5
DA:18,0
DA:21,5
DA:22,0
DA:26,5
DA:28,5
DA:30,0
DA:31,0
LF:16
LH:11
BRDA:9,0,0,0
BRDA:9,0,1,5
BRDA:17,1,0,0
BRDA:17,1,1,5
BRDA:21,2,0,0
BRDA:21,2,1,5
BRF:6
BRH:3
end_of_record
TN:
SF:middlewares\multer.js
FN:5,(anonymous_0)
FN:8,(anonymous_1)
FNF:2
FNH:2
FNDA:1,(anonymous_0)
FNDA:1,(anonymous_1)
DA:1,4
DA:2,4
DA:4,4
DA:6,1
DA:9,1
DA:10,1
DA:14,4
DA:16,4
DA:18,4
LF:9
LH:9
BRF:0
BRH:0
end_of_record
TN:
SF:models\admin.js
FN:3,(anonymous_0)
FN:5,(anonymous_1)
FNF:2
FNH:2
FNDA:4,(anonymous_0)
FNDA:4,(anonymous_1)
DA:2,4
DA:3,4
DA:7,4
DA:29,4
LF:4
LH:4
BRF:0
BRH:0
end_of_record
TN:
SF:models\diary.js
FN:3,(anonymous_0)
FN:5,(anonymous_1)
FNF:2
FNH:2
FNDA:4,(anonymous_0)
FNDA:4,(anonymous_1)
DA:2,4
DA:3,4
DA:6,4
DA:11,4
DA:18,4
DA:30,4
LF:6
LH:6
BRF:0
BRH:0
end_of_record
TN:
SF:models\food.js
FN:3,(anonymous_0)
FN:5,(anonymous_1)
FNF:2
FNH:2
FNDA:4,(anonymous_0)
FNDA:4,(anonymous_1)
DA:2,4
DA:3,4
DA:6,4
DA:13,4
DA:36,4
LF:5
LH:5
BRF:0
BRH:0
end_of_record
TN:
SF:models\foodlog.js
FN:3,(anonymous_0)
FN:5,(anonymous_1)
FNF:2
FNH:2
FNDA:4,(anonymous_0)
FNDA:4,(anonymous_1)
DA:2,4
DA:3,4
DA:6,4
DA:11,4
DA:18,4
DA:38,4
LF:6
LH:6
BRF:0
BRH:0
end_of_record
TN:
SF:models\index.js
FN:21,(anonymous_0)
FN:29,(anonymous_1)
FN:34,(anonymous_2)
FNF:3
FNH:3
FNDA:32,(anonymous_0)
FNDA:28,(anonymous_1)
FNDA:28,(anonymous_2)
DA:3,4
DA:4,4
DA:5,4
DA:6,4
DA:7,4
DA:8,4
DA:9,4
DA:10,4
DA:13,4
DA:14,0
DA:16,4
DA:19,4
DA:22,32
DA:30,28
DA:31,28
DA:34,4
DA:35,28
DA:36,28
DA:40,4
DA:41,4
DA:43,4
LF:21
LH:20
BRDA:8,0,0,4
BRDA:8,0,1,0
BRDA:13,1,0,0
BRDA:13,1,1,4
BRDA:23,2,0,32
BRDA:23,2,1,32
BRDA:23,2,2,28
BRDA:23,2,3,28
BRDA:35,3,0,28
BRDA:35,3,1,0
BRF:10
BRH:7
end_of_record
TN:
SF:models\meal.js
FN:3,(anonymous_0)
FN:5,(anonymous_1)
FNF:2
FNH:2
FNDA:4,(anonymous_0)
FNDA:4,(anonymous_1)
DA:2,4
DA:3,4
DA:6,4
DA:11,4
DA:18,4
DA:45,4
LF:6
LH:6
BRF:0
BRH:0
end_of_record
TN:
SF:models\user.js
FN:3,(anonymous_0)
FN:5,(anonymous_1)
FN:83,(anonymous_2)
FN:86,(anonymous_3)
FN:98,(anonymous_4)
FN:108,(anonymous_5)
FNF:6
FNH:6
FNDA:4,(anonymous_0)
FNDA:4,(anonymous_1)
FNDA:4,(anonymous_2)
FNDA:8,(anonymous_3)
FNDA:4,(anonymous_4)
FNDA:5,(anonymous_5)
DA:2,4
DA:3,4
DA:6,4
DA:13,4
DA:84,4
DA:87,8
DA:95,1
DA:99,4
DA:102,4
DA:108,4
DA:110,5
DA:111,5
DA:112,5
DA:113,5
DA:114,5
DA:117,5
DA:125,5
DA:131,5
DA:137,5
DA:139,0
DA:140,0
DA:142,0
DA:143,0
DA:146,5
DA:150,5
DA:155,5
DA:157,5
DA:158,5
DA:159,5
DA:160,5
DA:162,0
DA:163,0
DA:164,0
DA:165,0
DA:167,0
DA:168,0
DA:169,0
DA:170,0
DA:172,0
DA:175,5
DA:176,5
DA:177,5
DA:179,5
DA:181,4
LF:44
LH:31
BRDA:87,0,0,1
BRDA:87,0,1,7
BRDA:88,1,0,8
BRDA:88,1,1,8
BRDA:88,1,2,7
BRDA:88,1,3,7
BRDA:88,1,4,7
BRDA:88,1,5,7
BRDA:134,2,0,4
BRDA:134,2,1,1
BRDA:137,3,0,0
BRDA:137,3,1,0
BRDA:137,3,2,5
BRDA:137,3,3,5
BRDA:155,4,0,5
BRDA:155,4,1,0
BRDA:155,4,2,0
BRDA:155,4,3,0
BRF:18
BRH:13
end_of_record
TN:
SF:models\weightentry.js
FN:3,(anonymous_0)
FN:5,(anonymous_1)
FNF:2
FNH:2
FNDA:4,(anonymous_0)
FNDA:4,(anonymous_1)
DA:2,4
DA:3,4
DA:6,4
DA:13,4
DA:33,4
LF:5
LH:5
BRF:0
BRH:0
end_of_record
TN:
SF:routes\auth.route.js
FNF:0
FNH:0
DA:1,4
DA:11,4
DA:12,4
DA:13,4
DA:15,4
DA:16,4
DA:17,4
DA:19,4
DA:20,4
DA:22,4
DA:23,4
DA:24,4
DA:26,4
LF:13
LH:13
BRF:0
BRH:0
end_of_record
TN:
SF:routes\diary.route.js
FNF:0
FNH:0
DA:1,4
DA:2,4
DA:10,4
DA:11,4
DA:13,4
DA:15,4
DA:16,4
DA:17,4
DA:18,4
DA:19,4
DA:20,4
DA:22,4
LF:12
LH:12
BRF:0
BRH:0
end_of_record
TN:
SF:routes\food.route.js
FNF:0
FNH:0
DA:1,4
DA:2,4
DA:6,4
DA:7,4
DA:9,4
DA:11,4
DA:12,4
DA:14,4
LF:8
LH:8
BRF:0
BRH:0
end_of_record
TN:
SF:routes\index.js
FNF:0
FNH:0
DA:1,4
DA:2,4
DA:3,4
DA:4,4
DA:5,4
DA:6,4
DA:8,4
DA:9,4
DA:10,4
DA:11,4
DA:13,4
LF:11
LH:11
BRF:0
BRH:0
end_of_record
TN:
SF:routes\user.route.js
FNF:0
FNH:0
DA:1,4
DA:10,4
DA:11,4
DA:12,4
DA:13,4
DA:14,4
DA:16,4
DA:18,4
DA:19,4
DA:21,4
DA:22,4
DA:24,4
DA:25,4
DA:26,4
DA:28,4
LF:15
LH:15
BRF:0
BRH:0
end_of_record
TN:
SF:utils\bcrypt.js
FN:4,(anonymous_0)
FN:9,(anonymous_1)
FNF:2
FNH:2
FNDA:5,(anonymous_0)
FNDA:3,(anonymous_1)
DA:1,4
DA:2,4
DA:4,4
DA:5,5
DA:6,5
DA:9,4
DA:10,3
DA:11,3
DA:14,4
LF:9
LH:9
BRF:0
BRH:0
end_of_record
TN:
SF:utils\jwt.js
FN:5,(anonymous_0)
FN:10,(anonymous_1)
FN:14,(anonymous_2)
FN:18,(anonymous_3)
FNF:4
FNH:4
FNDA:5,(anonymous_0)
FNDA:5,(anonymous_1)
FNDA:3,(anonymous_2)
FNDA:33,(anonymous_3)
DA:1,4
DA:3,4
DA:5,4
DA:6,5
DA:7,5
DA:10,4
DA:11,5
DA:14,4
DA:15,3
DA:18,4
DA:19,33
DA:22,4
LF:12
LH:12
BRDA:5,0,0,5
BRDA:10,1,0,5
BRF:2
BRH:2
end_of_record
TN:
SF:utils\nodemailer.js
FN:11,(anonymous_0)
FN:44,(anonymous_1)
FNF:2
FNH:0
FNDA:0,(anonymous_0)
FNDA:0,(anonymous_1)
DA:1,4
DA:3,4
DA:11,4
DA:12,0
DA:36,0
DA:37,0
DA:38,0
DA:40,0
DA:44,4
DA:45,0
DA:72,0
DA:73,0
DA:74,0
DA:75,0
DA:77,0
DA:81,4
LF:16
LH:5
BRF:0
BRH:0
end_of_record
TN:
SF:utils\redisClient.js
FN:8,(anonymous_0)
FN:12,(anonymous_1)
FNF:2
FNH:1
FNDA:4,(anonymous_0)
FNDA:0,(anonymous_1)
DA:1,4
DA:3,4
DA:8,4
DA:9,4
DA:12,4
DA:13,0
DA:16,4
LF:7
LH:6
BRF:0
BRH:0
end_of_record
TN:
SF:validators\auth.validator.js
FNF:0
FNH:0
DA:1,4
DA:3,4
DA:47,4
DA:58,4
DA:68,4
DA:82,4
LF:6
LH:6
BRF:0
BRH:0
end_of_record
TN:
SF:validators\diary.validator.js
FNF:0
FNH:0
DA:1,4
DA:3,4
DA:19,4
DA:27,4
LF:4
LH:4
BRF:0
BRH:0
end_of_record
TN:
SF:validators\user.validator.js
FNF:0
FNH:0
DA:1,4
DA:3,4
DA:41,4
LF:3
LH:3
BRF:0
BRH:0
end_of_record
