<?xml version="1.0" encoding="UTF-8"?>
<coverage generated="1703219014997" clover="3.2.0">
  <project timestamp="1703219014998" name="All files">
    <metrics statements="1136" coveredstatements="646" conditionals="439" coveredconditionals="168" methods="360" coveredmethods="157" elements="1935" coveredelements="971" complexity="0" loc="1136" ncloc="1136" packages="54" files="99" classes="99"/>
    <package name="config">
      <metrics statements="3" coveredstatements="3" conditionals="2" coveredconditionals="1" methods="0" coveredmethods="0"/>
      <file name="development.js" path="D:\Work\Phincon\caloried\client\config\development.js">
        <metrics statements="0" coveredstatements="0" conditionals="0" coveredconditionals="0" methods="0" coveredmethods="0"/>
      </file>
      <file name="index.js" path="D:\Work\Phincon\caloried\client\config\index.js">
        <metrics statements="3" coveredstatements="3" conditionals="2" coveredconditionals="1" methods="0" coveredmethods="0"/>
        <line num="5" count="34" type="cond" truecount="1" falsecount="1"/>
        <line num="7" count="34" type="stmt"/>
        <line num="9" count="34" type="stmt"/>
      </file>
      <file name="production.js" path="D:\Work\Phincon\caloried\client\config\production.js">
        <metrics statements="0" coveredstatements="0" conditionals="0" coveredconditionals="0" methods="0" coveredmethods="0"/>
      </file>
      <file name="test.env.js" path="D:\Work\Phincon\caloried\client\config\test.env.js">
        <metrics statements="0" coveredstatements="0" conditionals="0" coveredconditionals="0" methods="0" coveredmethods="0"/>
      </file>
    </package>
    <package name="src">
      <metrics statements="28" coveredstatements="28" conditionals="7" coveredconditionals="4" methods="7" coveredmethods="7"/>
      <file name="configureStore.js" path="D:\Work\Phincon\caloried\client\src\configureStore.js">
        <metrics statements="16" coveredstatements="16" conditionals="7" coveredconditionals="4" methods="1" coveredmethods="1"/>
        <line num="9" count="34" type="stmt"/>
        <line num="12" count="34" type="cond" truecount="0" falsecount="1"/>
        <line num="13" count="34" type="stmt"/>
        <line num="14" count="34" type="stmt"/>
        <line num="18" count="34" type="cond" truecount="3" falsecount="1"/>
        <line num="19" count="34" type="cond" truecount="1" falsecount="1"/>
        <line num="22" count="34" type="stmt"/>
        <line num="23" count="34" type="stmt"/>
        <line num="24" count="34" type="stmt"/>
        <line num="25" count="34" type="stmt"/>
        <line num="27" count="34" type="stmt"/>
        <line num="29" count="34" type="stmt"/>
        <line num="32" count="34" type="stmt"/>
        <line num="33" count="34" type="stmt"/>
        <line num="36" count="34" type="stmt"/>
        <line num="39" count="34" type="stmt"/>
      </file>
      <file name="persistence.js" path="D:\Work\Phincon\caloried\client\src\persistence.js">
        <metrics statements="5" coveredstatements="5" conditionals="0" coveredconditionals="0" methods="3" coveredmethods="3"/>
        <line num="4" count="34" type="stmt"/>
        <line num="10" count="34" type="stmt"/>
        <line num="11" count="34" type="stmt"/>
        <line num="12" count="136" type="stmt"/>
        <line num="22" count="136" type="stmt"/>
      </file>
      <file name="reducers.js" path="D:\Work\Phincon\caloried\client\src\reducers.js">
        <metrics statements="6" coveredstatements="6" conditionals="0" coveredconditionals="0" methods="2" coveredmethods="2"/>
        <line num="15" count="34" type="stmt"/>
        <line num="22" count="34" type="stmt"/>
        <line num="30" count="34" type="stmt"/>
        <line num="31" count="34" type="stmt"/>
        <line num="35" count="239" type="stmt"/>
        <line num="36" count="34" type="stmt"/>
      </file>
      <file name="rootSaga.js" path="D:\Work\Phincon\caloried\client\src\rootSaga.js">
        <metrics statements="1" coveredstatements="1" conditionals="0" coveredconditionals="0" methods="1" coveredmethods="1"/>
        <line num="13" count="34" type="stmt"/>
      </file>
    </package>
    <package name="src.components.FoodCard">
      <metrics statements="4" coveredstatements="4" conditionals="16" coveredconditionals="9" methods="1" coveredmethods="1"/>
      <file name="index.jsx" path="D:\Work\Phincon\caloried\client\src\components\FoodCard\index.jsx">
        <metrics statements="4" coveredstatements="4" conditionals="16" coveredconditionals="9" methods="1" coveredmethods="1"/>
        <line num="15" count="2" type="stmt"/>
        <line num="16" count="3" type="stmt"/>
        <line num="119" count="2" type="stmt"/>
        <line num="126" count="2" type="stmt"/>
      </file>
    </package>
    <package name="src.components.NutritionCard">
      <metrics statements="3" coveredstatements="3" conditionals="0" coveredconditionals="0" methods="1" coveredmethods="1"/>
      <file name="index.jsx" path="D:\Work\Phincon\caloried\client\src\components\NutritionCard\index.jsx">
        <metrics statements="3" coveredstatements="3" conditionals="0" coveredconditionals="0" methods="1" coveredmethods="1"/>
        <line num="5" count="1" type="stmt"/>
        <line num="6" count="3" type="stmt"/>
        <line num="19" count="1" type="stmt"/>
      </file>
    </package>
    <package name="src.components.diary.CalorieCounter">
      <metrics statements="8" coveredstatements="8" conditionals="2" coveredconditionals="2" methods="3" coveredmethods="3"/>
      <file name="index.jsx" path="D:\Work\Phincon\caloried\client\src\components\diary\CalorieCounter\index.jsx">
        <metrics statements="8" coveredstatements="8" conditionals="2" coveredconditionals="2" methods="3" coveredmethods="3"/>
        <line num="10" count="1" type="stmt"/>
        <line num="11" count="5" type="stmt"/>
        <line num="13" count="5" type="stmt"/>
        <line num="14" count="5" type="stmt"/>
        <line num="16" count="5" type="stmt"/>
        <line num="17" count="5" type="stmt"/>
        <line num="19" count="5" type="stmt"/>
        <line num="61" count="1" type="stmt"/>
      </file>
    </package>
    <package name="src.components.diary.DiaryDate">
      <metrics statements="22" coveredstatements="11" conditionals="0" coveredconditionals="0" methods="8" coveredmethods="2"/>
      <file name="index.jsx" path="D:\Work\Phincon\caloried\client\src\components\diary\DiaryDate\index.jsx">
        <metrics statements="22" coveredstatements="11" conditionals="0" coveredconditionals="0" methods="8" coveredmethods="2"/>
        <line num="13" count="1" type="stmt"/>
        <line num="14" count="4" type="stmt"/>
        <line num="15" count="4" type="stmt"/>
        <line num="17" count="4" type="stmt"/>
        <line num="18" count="0" type="stmt"/>
        <line num="19" count="0" type="stmt"/>
        <line num="20" count="0" type="stmt"/>
        <line num="21" count="0" type="stmt"/>
        <line num="25" count="4" type="stmt"/>
        <line num="26" count="0" type="stmt"/>
        <line num="27" count="0" type="stmt"/>
        <line num="28" count="0" type="stmt"/>
        <line num="29" count="0" type="stmt"/>
        <line num="33" count="4" type="stmt"/>
        <line num="34" count="1" type="stmt"/>
        <line num="37" count="4" type="stmt"/>
        <line num="38" count="0" type="stmt"/>
        <line num="41" count="4" type="stmt"/>
        <line num="48" count="4" type="stmt"/>
        <line num="76" count="0" type="stmt"/>
        <line num="77" count="0" type="stmt"/>
        <line num="85" count="1" type="stmt"/>
      </file>
    </package>
    <package name="src.components.diary.MacronutrientBar">
      <metrics statements="7" coveredstatements="7" conditionals="4" coveredconditionals="3" methods="3" coveredmethods="3"/>
      <file name="index.jsx" path="D:\Work\Phincon\caloried\client\src\components\diary\MacronutrientBar\index.jsx">
        <metrics statements="7" coveredstatements="7" conditionals="4" coveredconditionals="3" methods="3" coveredmethods="3"/>
        <line num="5" count="1" type="stmt"/>
        <line num="6" count="5" type="stmt"/>
        <line num="7" count="5" type="cond" truecount="1" falsecount="1"/>
        <line num="9" count="5" type="stmt"/>
        <line num="12" count="1" type="stmt"/>
        <line num="13" count="1" type="stmt"/>
        <line num="27" count="1" type="stmt"/>
      </file>
    </package>
    <package name="src.components.forms.ActivityLevel">
      <metrics statements="21" coveredstatements="13" conditionals="12" coveredconditionals="7" methods="7" coveredmethods="2"/>
      <file name="index.jsx" path="D:\Work\Phincon\caloried\client\src\components\forms\ActivityLevel\index.jsx">
        <metrics statements="21" coveredstatements="13" conditionals="12" coveredconditionals="7" methods="7" coveredmethods="2"/>
        <line num="21" count="2" type="stmt"/>
        <line num="22" count="2" type="stmt"/>
        <line num="23" count="2" type="cond" truecount="2" falsecount="0"/>
        <line num="25" count="2" type="stmt"/>
        <line num="53" count="2" type="stmt"/>
        <line num="54" count="0" type="stmt"/>
        <line num="57" count="2" type="stmt"/>
        <line num="58" count="0" type="cond" truecount="0" falsecount="2"/>
        <line num="59" count="0" type="stmt"/>
        <line num="63" count="2" type="stmt"/>
        <line num="64" count="0" type="cond" truecount="0" falsecount="2"/>
        <line num="65" count="0" type="stmt"/>
        <line num="69" count="2" type="stmt"/>
        <line num="70" count="0" type="stmt"/>
        <line num="71" count="0" type="stmt"/>
        <line num="74" count="2" type="stmt"/>
        <line num="76" count="2" type="stmt"/>
        <line num="95" count="10" type="stmt"/>
        <line num="97" count="0" type="stmt"/>
        <line num="111" count="2" type="stmt"/>
        <line num="116" count="2" type="stmt"/>
      </file>
    </package>
    <package name="src.components.forms.BodyMetrics">
      <metrics statements="33" coveredstatements="13" conditionals="30" coveredconditionals="11" methods="7" coveredmethods="4"/>
      <file name="index.jsx" path="D:\Work\Phincon\caloried\client\src\components\forms\BodyMetrics\index.jsx">
        <metrics statements="33" coveredstatements="13" conditionals="30" coveredconditionals="11" methods="7" coveredmethods="4"/>
        <line num="17" count="2" type="stmt"/>
        <line num="18" count="7" type="stmt"/>
        <line num="19" count="7" type="stmt"/>
        <line num="26" count="7" type="stmt"/>
        <line num="27" count="1" type="stmt"/>
        <line num="30" count="7" type="stmt"/>
        <line num="31" count="3" type="stmt"/>
        <line num="34" count="7" type="stmt"/>
        <line num="35" count="0" type="stmt"/>
        <line num="36" count="0" type="stmt"/>
        <line num="37" count="0" type="stmt"/>
        <line num="38" count="0" type="cond" truecount="0" falsecount="2"/>
        <line num="39" count="0" type="stmt"/>
        <line num="40" count="0" type="stmt"/>
        <line num="42" count="0" type="cond" truecount="0" falsecount="4"/>
        <line num="43" count="0" type="stmt"/>
        <line num="44" count="0" type="stmt"/>
        <line num="46" count="0" type="cond" truecount="0" falsecount="5"/>
        <line num="47" count="0" type="stmt"/>
        <line num="48" count="0" type="stmt"/>
        <line num="50" count="0" type="cond" truecount="0" falsecount="5"/>
        <line num="51" count="0" type="stmt"/>
        <line num="52" count="0" type="stmt"/>
        <line num="54" count="0" type="stmt"/>
        <line num="57" count="7" type="stmt"/>
        <line num="58" count="0" type="cond" truecount="0" falsecount="2"/>
        <line num="59" count="0" type="stmt"/>
        <line num="60" count="0" type="stmt"/>
        <line num="63" count="7" type="stmt"/>
        <line num="82" count="0" type="stmt"/>
        <line num="94" count="1" type="stmt"/>
        <line num="166" count="2" type="stmt"/>
        <line num="171" count="2" type="stmt"/>
      </file>
    </package>
    <package name="src.components.forms.CreateAccount">
      <metrics statements="15" coveredstatements="11" conditionals="4" coveredconditionals="4" methods="4" coveredmethods="2"/>
      <file name="index.jsx" path="D:\Work\Phincon\caloried\client\src\components\forms\CreateAccount\index.jsx">
        <metrics statements="15" coveredstatements="11" conditionals="4" coveredconditionals="4" methods="4" coveredmethods="2"/>
        <line num="18" count="2" type="stmt"/>
        <line num="19" count="4" type="stmt"/>
        <line num="21" count="4" type="stmt"/>
        <line num="28" count="4" type="stmt"/>
        <line num="29" count="1" type="stmt"/>
        <line num="31" count="4" type="stmt"/>
        <line num="32" count="4" type="stmt"/>
        <line num="34" count="4" type="stmt"/>
        <line num="35" count="0" type="stmt"/>
        <line num="45" count="0" type="stmt"/>
        <line num="46" count="0" type="stmt"/>
        <line num="48" count="0" type="stmt"/>
        <line num="53" count="4" type="stmt"/>
        <line num="98" count="2" type="stmt"/>
        <line num="106" count="2" type="stmt"/>
      </file>
    </package>
    <package name="src.components.forms.FormCard">
      <metrics statements="6" coveredstatements="6" conditionals="0" coveredconditionals="0" methods="1" coveredmethods="1"/>
      <file name="index.jsx" path="D:\Work\Phincon\caloried\client\src\components\forms\FormCard\index.jsx">
        <metrics statements="6" coveredstatements="6" conditionals="0" coveredconditionals="0" methods="1" coveredmethods="1"/>
        <line num="15" count="1" type="stmt"/>
        <line num="24" count="1" type="stmt"/>
        <line num="25" count="2" type="stmt"/>
        <line num="26" count="2" type="stmt"/>
        <line num="33" count="1" type="stmt"/>
        <line num="37" count="1" type="stmt"/>
      </file>
    </package>
    <package name="src.components.forms.FormFooter">
      <metrics statements="9" coveredstatements="8" conditionals="9" coveredconditionals="6" methods="3" coveredmethods="2"/>
      <file name="index.jsx" path="D:\Work\Phincon\caloried\client\src\components\forms\FormFooter\index.jsx">
        <metrics statements="9" coveredstatements="8" conditionals="9" coveredconditionals="6" methods="3" coveredmethods="2"/>
        <line num="15" count="7" type="stmt"/>
        <line num="16" count="24" type="stmt"/>
        <line num="18" count="24" type="stmt"/>
        <line num="19" count="1" type="stmt"/>
        <line num="22" count="24" type="stmt"/>
        <line num="23" count="0" type="stmt"/>
        <line num="26" count="24" type="stmt"/>
        <line num="55" count="7" type="stmt"/>
        <line num="60" count="7" type="stmt"/>
      </file>
    </package>
    <package name="src.components.forms.FormHeader">
      <metrics statements="3" coveredstatements="3" conditionals="0" coveredconditionals="0" methods="1" coveredmethods="1"/>
      <file name="index.jsx" path="D:\Work\Phincon\caloried\client\src\components\forms\FormHeader\index.jsx">
        <metrics statements="3" coveredstatements="3" conditionals="0" coveredconditionals="0" methods="1" coveredmethods="1"/>
        <line num="5" count="6" type="stmt"/>
        <line num="6" count="19" type="stmt"/>
        <line num="12" count="6" type="stmt"/>
      </file>
    </package>
    <package name="src.components.forms.GoalsForm">
      <metrics statements="16" coveredstatements="12" conditionals="4" coveredconditionals="2" methods="5" coveredmethods="4"/>
      <file name="index.jsx" path="D:\Work\Phincon\caloried\client\src\components\forms\GoalsForm\index.jsx">
        <metrics statements="16" coveredstatements="12" conditionals="4" coveredconditionals="2" methods="5" coveredmethods="4"/>
        <line num="18" count="2" type="stmt"/>
        <line num="19" count="4" type="stmt"/>
        <line num="20" count="4" type="stmt"/>
        <line num="21" count="4" type="stmt"/>
        <line num="27" count="4" type="stmt"/>
        <line num="28" count="1" type="stmt"/>
        <line num="31" count="4" type="stmt"/>
        <line num="32" count="0" type="cond" truecount="0" falsecount="2"/>
        <line num="33" count="0" type="stmt"/>
        <line num="35" count="0" type="stmt"/>
        <line num="36" count="0" type="stmt"/>
        <line num="40" count="4" type="stmt"/>
        <line num="49" count="12" type="stmt"/>
        <line num="52" count="1" type="stmt"/>
        <line num="68" count="2" type="stmt"/>
        <line num="73" count="2" type="stmt"/>
      </file>
    </package>
    <package name="src.components.forms.VerifyEmail">
      <metrics statements="30" coveredstatements="19" conditionals="12" coveredconditionals="5" methods="10" coveredmethods="4"/>
      <file name="index.jsx" path="D:\Work\Phincon\caloried\client\src\components\forms\VerifyEmail\index.jsx">
        <metrics statements="30" coveredstatements="19" conditionals="12" coveredconditionals="5" methods="10" coveredmethods="4"/>
        <line num="18" count="2" type="stmt"/>
        <line num="19" count="4" type="stmt"/>
        <line num="20" count="4" type="stmt"/>
        <line num="21" count="4" type="stmt"/>
        <line num="22" count="4" type="stmt"/>
        <line num="23" count="4" type="stmt"/>
        <line num="24" count="4" type="stmt"/>
        <line num="26" count="4" type="stmt"/>
        <line num="27" count="0" type="stmt"/>
        <line num="29" count="0" type="stmt"/>
        <line num="30" count="0" type="stmt"/>
        <line num="31" count="0" type="stmt"/>
        <line num="36" count="4" type="stmt"/>
        <line num="37" count="0" type="stmt"/>
        <line num="39" count="0" type="stmt"/>
        <line num="52" count="0" type="cond" truecount="0" falsecount="2"/>
        <line num="53" count="0" type="stmt"/>
        <line num="54" count="0" type="stmt"/>
        <line num="61" count="4" type="stmt"/>
        <line num="62" count="2" type="stmt"/>
        <line num="63" count="2" type="stmt"/>
        <line num="66" count="4" type="stmt"/>
        <line num="67" count="8" type="cond" truecount="2" falsecount="2"/>
        <line num="68" count="0" type="stmt"/>
        <line num="69" count="0" type="stmt"/>
        <line num="72" count="8" type="stmt"/>
        <line num="79" count="4" type="stmt"/>
        <line num="97" count="16" type="stmt"/>
        <line num="116" count="2" type="stmt"/>
        <line num="121" count="2" type="stmt"/>
      </file>
    </package>
    <package name="src.components.forms.Welcome">
      <metrics statements="4" coveredstatements="3" conditionals="0" coveredconditionals="0" methods="2" coveredmethods="1"/>
      <file name="index.jsx" path="D:\Work\Phincon\caloried\client\src\components\forms\Welcome\index.jsx">
        <metrics statements="4" coveredstatements="3" conditionals="0" coveredconditionals="0" methods="2" coveredmethods="1"/>
        <line num="9" count="2" type="stmt"/>
        <line num="10" count="4" type="stmt"/>
        <line num="11" count="4" type="stmt"/>
        <line num="24" count="0" type="stmt"/>
      </file>
    </package>
    <package name="src.components.landing-page.FeatureCard">
      <metrics statements="3" coveredstatements="3" conditionals="0" coveredconditionals="0" methods="1" coveredmethods="1"/>
      <file name="index.jsx" path="D:\Work\Phincon\caloried\client\src\components\landing-page\FeatureCard\index.jsx">
        <metrics statements="3" coveredstatements="3" conditionals="0" coveredconditionals="0" methods="1" coveredmethods="1"/>
        <line num="5" count="3" type="stmt"/>
        <line num="6" count="22" type="stmt"/>
        <line num="15" count="3" type="stmt"/>
      </file>
    </package>
    <package name="src.components.landing-page.Features">
      <metrics statements="3" coveredstatements="3" conditionals="0" coveredconditionals="0" methods="1" coveredmethods="1"/>
      <file name="index.jsx" path="D:\Work\Phincon\caloried\client\src\components\landing-page\Features\index.jsx">
        <metrics statements="3" coveredstatements="3" conditionals="0" coveredconditionals="0" methods="1" coveredmethods="1"/>
        <line num="8" count="2" type="stmt"/>
        <line num="9" count="4" type="stmt"/>
        <line num="43" count="2" type="stmt"/>
      </file>
    </package>
    <package name="src.components.landing-page.Footer">
      <metrics statements="2" coveredstatements="2" conditionals="0" coveredconditionals="0" methods="1" coveredmethods="1"/>
      <file name="index.jsx" path="D:\Work\Phincon\caloried\client\src\components\landing-page\Footer\index.jsx">
        <metrics statements="2" coveredstatements="2" conditionals="0" coveredconditionals="0" methods="1" coveredmethods="1"/>
        <line num="5" count="2" type="stmt"/>
        <line num="6" count="4" type="stmt"/>
      </file>
    </package>
    <package name="src.components.landing-page.Hero">
      <metrics statements="4" coveredstatements="4" conditionals="0" coveredconditionals="0" methods="2" coveredmethods="2"/>
      <file name="index.jsx" path="D:\Work\Phincon\caloried\client\src\components\landing-page\Hero\index.jsx">
        <metrics statements="4" coveredstatements="4" conditionals="0" coveredconditionals="0" methods="2" coveredmethods="2"/>
        <line num="7" count="2" type="stmt"/>
        <line num="8" count="5" type="stmt"/>
        <line num="9" count="5" type="stmt"/>
        <line num="21" count="1" type="stmt"/>
      </file>
    </package>
    <package name="src.components.profile.ChangePasswordModal">
      <metrics statements="18" coveredstatements="15" conditionals="20" coveredconditionals="15" methods="6" coveredmethods="4"/>
      <file name="index.jsx" path="D:\Work\Phincon\caloried\client\src\components\profile\ChangePasswordModal\index.jsx">
        <metrics statements="18" coveredstatements="15" conditionals="20" coveredconditionals="15" methods="6" coveredmethods="4"/>
        <line num="15" count="2" type="stmt"/>
        <line num="16" count="10" type="stmt"/>
        <line num="22" count="10" type="stmt"/>
        <line num="24" count="10" type="stmt"/>
        <line num="25" count="10" type="stmt"/>
        <line num="27" count="10" type="stmt"/>
        <line num="28" count="2" type="cond" truecount="2" falsecount="0"/>
        <line num="29" count="1" type="stmt"/>
        <line num="30" count="1" type="cond" truecount="1" falsecount="1"/>
        <line num="31" count="1" type="stmt"/>
        <line num="35" count="10" type="stmt"/>
        <line num="36" count="0" type="stmt"/>
        <line num="38" count="0" type="stmt"/>
        <line num="39" count="0" type="stmt"/>
        <line num="43" count="10" type="stmt"/>
        <line num="63" count="1" type="stmt"/>
        <line num="85" count="1" type="stmt"/>
        <line num="110" count="2" type="stmt"/>
      </file>
    </package>
    <package name="src.components.profile.EditProfileModal">
      <metrics statements="29" coveredstatements="15" conditionals="28" coveredconditionals="13" methods="12" coveredmethods="3"/>
      <file name="index.jsx" path="D:\Work\Phincon\caloried\client\src\components\profile\EditProfileModal\index.jsx">
        <metrics statements="29" coveredstatements="15" conditionals="28" coveredconditionals="13" methods="12" coveredmethods="3"/>
        <line num="17" count="2" type="stmt"/>
        <line num="18" count="3" type="stmt"/>
        <line num="25" count="3" type="stmt"/>
        <line num="27" count="3" type="stmt"/>
        <line num="28" count="3" type="stmt"/>
        <line num="29" count="3" type="stmt"/>
        <line num="31" count="3" type="stmt"/>
        <line num="32" count="0" type="stmt"/>
        <line num="33" count="0" type="stmt"/>
        <line num="36" count="3" type="stmt"/>
        <line num="37" count="0" type="stmt"/>
        <line num="40" count="3" type="stmt"/>
        <line num="41" count="0" type="stmt"/>
        <line num="43" count="0" type="cond" truecount="0" falsecount="2"/>
        <line num="44" count="0" type="stmt"/>
        <line num="48" count="3" type="stmt"/>
        <line num="49" count="0" type="stmt"/>
        <line num="51" count="0" type="stmt"/>
        <line num="52" count="0" type="stmt"/>
        <line num="55" count="0" type="stmt"/>
        <line num="58" count="3" type="stmt"/>
        <line num="73" count="3" type="stmt"/>
        <line num="75" count="6" type="stmt"/>
        <line num="76" count="6" type="stmt"/>
        <line num="80" count="0" type="stmt"/>
        <line num="81" count="0" type="stmt"/>
        <line num="128" count="0" type="stmt"/>
        <line num="139" count="0" type="stmt"/>
        <line num="261" count="2" type="stmt"/>
      </file>
    </package>
    <package name="src.components.profile.ProfileCard">
      <metrics statements="12" coveredstatements="11" conditionals="4" coveredconditionals="3" methods="3" coveredmethods="3"/>
      <file name="index.jsx" path="D:\Work\Phincon\caloried\client\src\components\profile\ProfileCard\index.jsx">
        <metrics statements="12" coveredstatements="11" conditionals="4" coveredconditionals="3" methods="3" coveredmethods="3"/>
        <line num="10" count="1" type="stmt"/>
        <line num="11" count="5" type="stmt"/>
        <line num="12" count="5" type="stmt"/>
        <line num="13" count="5" type="cond" truecount="3" falsecount="1"/>
        <line num="15" count="1" type="stmt"/>
        <line num="21" count="1" type="stmt"/>
        <line num="27" count="3" type="stmt"/>
        <line num="33" count="0" type="stmt"/>
        <line num="37" count="5" type="stmt"/>
        <line num="39" count="5" type="stmt"/>
        <line num="46" count="1" type="stmt"/>
        <line num="108" count="1" type="stmt"/>
      </file>
    </package>
    <package name="src.components.profile.ProfileMenu">
      <metrics statements="17" coveredstatements="13" conditionals="0" coveredconditionals="0" methods="8" coveredmethods="4"/>
      <file name="index.jsx" path="D:\Work\Phincon\caloried\client\src\components\profile\ProfileMenu\index.jsx">
        <metrics statements="17" coveredstatements="13" conditionals="0" coveredconditionals="0" methods="8" coveredmethods="4"/>
        <line num="13" count="2" type="stmt"/>
        <line num="14" count="8" type="stmt"/>
        <line num="15" count="8" type="stmt"/>
        <line num="16" count="8" type="stmt"/>
        <line num="18" count="8" type="stmt"/>
        <line num="19" count="1" type="stmt"/>
        <line num="20" count="1" type="stmt"/>
        <line num="23" count="8" type="stmt"/>
        <line num="24" count="3" type="stmt"/>
        <line num="27" count="8" type="stmt"/>
        <line num="28" count="0" type="stmt"/>
        <line num="30" count="8" type="stmt"/>
        <line num="60" count="1" type="stmt"/>
        <line num="69" count="0" type="stmt"/>
        <line num="75" count="0" type="stmt"/>
        <line num="81" count="0" type="stmt"/>
        <line num="98" count="2" type="stmt"/>
      </file>
    </package>
    <package name="src.components.ui.BottomNavbar">
      <metrics statements="10" coveredstatements="10" conditionals="2" coveredconditionals="2" methods="7" coveredmethods="7"/>
      <file name="index.jsx" path="D:\Work\Phincon\caloried\client\src\components\ui\BottomNavbar\index.jsx">
        <metrics statements="10" coveredstatements="10" conditionals="2" coveredconditionals="2" methods="7" coveredmethods="7"/>
        <line num="8" count="1" type="stmt"/>
        <line num="9" count="8" type="stmt"/>
        <line num="10" count="8" type="stmt"/>
        <line num="12" count="32" type="stmt"/>
        <line num="14" count="32" type="cond" truecount="2" falsecount="0"/>
        <line num="16" count="8" type="stmt"/>
        <line num="24" count="1" type="stmt"/>
        <line num="34" count="1" type="stmt"/>
        <line num="44" count="1" type="stmt"/>
        <line num="54" count="1" type="stmt"/>
      </file>
    </package>
    <package name="src.components.ui.FormInput">
      <metrics statements="6" coveredstatements="5" conditionals="8" coveredconditionals="6" methods="2" coveredmethods="1"/>
      <file name="index.jsx" path="D:\Work\Phincon\caloried\client\src\components\ui\FormInput\index.jsx">
        <metrics statements="6" coveredstatements="5" conditionals="8" coveredconditionals="6" methods="2" coveredmethods="1"/>
        <line num="7" count="4" type="stmt"/>
        <line num="8" count="34" type="stmt"/>
        <line num="10" count="34" type="stmt"/>
        <line num="11" count="0" type="stmt"/>
        <line num="13" count="34" type="stmt"/>
        <line num="35" count="4" type="stmt"/>
      </file>
    </package>
    <package name="src.components.ui.Loader">
      <metrics statements="3" coveredstatements="3" conditionals="2" coveredconditionals="2" methods="1" coveredmethods="1"/>
      <file name="index.jsx" path="D:\Work\Phincon\caloried\client\src\components\ui\Loader\index.jsx">
        <metrics statements="3" coveredstatements="3" conditionals="2" coveredconditionals="2" methods="1" coveredmethods="1"/>
        <line num="7" count="1" type="stmt"/>
        <line num="8" count="3" type="stmt"/>
        <line num="19" count="1" type="stmt"/>
      </file>
    </package>
    <package name="src.components.ui.Logo">
      <metrics statements="3" coveredstatements="3" conditionals="0" coveredconditionals="0" methods="1" coveredmethods="1"/>
      <file name="index.jsx" path="D:\Work\Phincon\caloried\client\src\components\ui\Logo\index.jsx">
        <metrics statements="3" coveredstatements="3" conditionals="0" coveredconditionals="0" methods="1" coveredmethods="1"/>
        <line num="6" count="3" type="stmt"/>
        <line num="7" count="12" type="stmt"/>
        <line num="12" count="3" type="stmt"/>
      </file>
    </package>
    <package name="src.components.ui.Navbar">
      <metrics statements="12" coveredstatements="11" conditionals="8" coveredconditionals="5" methods="5" coveredmethods="5"/>
      <file name="index.jsx" path="D:\Work\Phincon\caloried\client\src\components\ui\Navbar\index.jsx">
        <metrics statements="12" coveredstatements="11" conditionals="8" coveredconditionals="5" methods="5" coveredmethods="5"/>
        <line num="22" count="1" type="stmt"/>
        <line num="23" count="8" type="stmt"/>
        <line num="24" count="8" type="stmt"/>
        <line num="26" count="8" type="stmt"/>
        <line num="27" count="8" type="cond" truecount="1" falsecount="1"/>
        <line num="28" count="0" type="stmt"/>
        <line num="32" count="8" type="stmt"/>
        <line num="36" count="1" type="stmt"/>
        <line num="46" count="1" type="stmt"/>
        <line num="49" count="1" type="stmt"/>
        <line num="65" count="1" type="stmt"/>
        <line num="71" count="1" type="stmt"/>
      </file>
    </package>
    <package name="src.components.ui.NutritionPopup">
      <metrics statements="3" coveredstatements="3" conditionals="0" coveredconditionals="0" methods="1" coveredmethods="1"/>
      <file name="index.jsx" path="D:\Work\Phincon\caloried\client\src\components\ui\NutritionPopup\index.jsx">
        <metrics statements="3" coveredstatements="3" conditionals="0" coveredconditionals="0" methods="1" coveredmethods="1"/>
        <line num="11" count="1" type="stmt"/>
        <line num="12" count="3" type="stmt"/>
        <line num="66" count="1" type="stmt"/>
      </file>
    </package>
    <package name="src.components.ui.PopupMessage">
      <metrics statements="3" coveredstatements="3" conditionals="4" coveredconditionals="2" methods="1" coveredmethods="1"/>
      <file name="Dialog.jsx" path="D:\Work\Phincon\caloried\client\src\components\ui\PopupMessage\Dialog.jsx">
        <metrics statements="3" coveredstatements="3" conditionals="4" coveredconditionals="2" methods="1" coveredmethods="1"/>
        <line num="9" count="1" type="stmt"/>
        <line num="10" count="3" type="stmt"/>
        <line num="25" count="1" type="stmt"/>
      </file>
    </package>
    <package name="src.components.ui.PrimaryButton">
      <metrics statements="3" coveredstatements="3" conditionals="3" coveredconditionals="2" methods="1" coveredmethods="1"/>
      <file name="index.jsx" path="D:\Work\Phincon\caloried\client\src\components\ui\PrimaryButton\index.jsx">
        <metrics statements="3" coveredstatements="3" conditionals="3" coveredconditionals="2" methods="1" coveredmethods="1"/>
        <line num="5" count="11" type="cond" truecount="1" falsecount="0"/>
        <line num="6" count="42" type="stmt"/>
        <line num="16" count="11" type="stmt"/>
      </file>
    </package>
    <package name="src.components.ui.SearchBar">
      <metrics statements="13" coveredstatements="8" conditionals="2" coveredconditionals="0" methods="4" coveredmethods="1"/>
      <file name="index.jsx" path="D:\Work\Phincon\caloried\client\src\components\ui\SearchBar\index.jsx">
        <metrics statements="13" coveredstatements="8" conditionals="2" coveredconditionals="0" methods="4" coveredmethods="1"/>
        <line num="12" count="2" type="stmt"/>
        <line num="13" count="8" type="stmt"/>
        <line num="14" count="8" type="stmt"/>
        <line num="15" count="8" type="stmt"/>
        <line num="17" count="8" type="stmt"/>
        <line num="18" count="0" type="stmt"/>
        <line num="19" count="0" type="stmt"/>
        <line num="22" count="8" type="stmt"/>
        <line num="23" count="0" type="cond" truecount="0" falsecount="2"/>
        <line num="24" count="0" type="stmt"/>
        <line num="27" count="8" type="stmt"/>
        <line num="34" count="0" type="stmt"/>
        <line num="44" count="2" type="stmt"/>
      </file>
    </package>
    <package name="src.components.ui.SecondaryButton">
      <metrics statements="3" coveredstatements="3" conditionals="0" coveredconditionals="0" methods="1" coveredmethods="1"/>
      <file name="index.jsx" path="D:\Work\Phincon\caloried\client\src\components\ui\SecondaryButton\index.jsx">
        <metrics statements="3" coveredstatements="3" conditionals="0" coveredconditionals="0" methods="1" coveredmethods="1"/>
        <line num="5" count="11" type="stmt"/>
        <line num="6" count="18" type="stmt"/>
        <line num="11" count="11" type="stmt"/>
      </file>
    </package>
    <package name="src.components.ui.Sidebar">
      <metrics statements="14" coveredstatements="14" conditionals="6" coveredconditionals="6" methods="8" coveredmethods="8"/>
      <file name="index.jsx" path="D:\Work\Phincon\caloried\client\src\components\ui\Sidebar\index.jsx">
        <metrics statements="14" coveredstatements="14" conditionals="6" coveredconditionals="6" methods="8" coveredmethods="8"/>
        <line num="10" count="1" type="stmt"/>
        <line num="11" count="15" type="stmt"/>
        <line num="12" count="15" type="stmt"/>
        <line num="13" count="15" type="stmt"/>
        <line num="15" count="15" type="stmt"/>
        <line num="16" count="7" type="stmt"/>
        <line num="19" count="32" type="stmt"/>
        <line num="21" count="32" type="cond" truecount="2" falsecount="0"/>
        <line num="23" count="15" type="stmt"/>
        <line num="29" count="1" type="stmt"/>
        <line num="38" count="1" type="stmt"/>
        <line num="47" count="1" type="stmt"/>
        <line num="56" count="1" type="stmt"/>
        <line num="73" count="1" type="stmt"/>
      </file>
    </package>
    <package name="src.components.ui.ThemeToggle">
      <metrics statements="6" coveredstatements="5" conditionals="4" coveredconditionals="1" methods="2" coveredmethods="1"/>
      <file name="index.jsx" path="D:\Work\Phincon\caloried\client\src\components\ui\ThemeToggle\index.jsx">
        <metrics statements="6" coveredstatements="5" conditionals="4" coveredconditionals="1" methods="2" coveredmethods="1"/>
        <line num="9" count="1" type="stmt"/>
        <line num="10" count="8" type="stmt"/>
        <line num="12" count="8" type="stmt"/>
        <line num="13" count="0" type="cond" truecount="0" falsecount="2"/>
        <line num="16" count="8" type="stmt"/>
        <line num="23" count="1" type="stmt"/>
      </file>
    </package>
    <package name="src.components.ui.TranslateDropdown">
      <metrics statements="17" coveredstatements="10" conditionals="4" coveredconditionals="1" methods="6" coveredmethods="1"/>
      <file name="index.jsx" path="D:\Work\Phincon\caloried\client\src\components\ui\TranslateDropdown\index.jsx">
        <metrics statements="17" coveredstatements="10" conditionals="4" coveredconditionals="1" methods="6" coveredmethods="1"/>
        <line num="14" count="1" type="stmt"/>
        <line num="15" count="8" type="stmt"/>
        <line num="16" count="8" type="stmt"/>
        <line num="17" count="8" type="stmt"/>
        <line num="19" count="8" type="stmt"/>
        <line num="20" count="0" type="stmt"/>
        <line num="23" count="8" type="stmt"/>
        <line num="24" count="0" type="stmt"/>
        <line num="27" count="8" type="stmt"/>
        <line num="28" count="0" type="cond" truecount="0" falsecount="2"/>
        <line num="29" count="0" type="stmt"/>
        <line num="31" count="0" type="stmt"/>
        <line num="34" count="8" type="stmt"/>
        <line num="42" count="0" type="stmt"/>
        <line num="50" count="0" type="stmt"/>
        <line num="63" count="1" type="stmt"/>
        <line num="67" count="1" type="stmt"/>
      </file>
    </package>
    <package name="src.containers.App">
      <metrics statements="35" coveredstatements="22" conditionals="9" coveredconditionals="2" methods="15" coveredmethods="6"/>
      <file name="actions.js" path="D:\Work\Phincon\caloried\client\src\containers\App\actions.js">
        <metrics statements="6" coveredstatements="6" conditionals="2" coveredconditionals="0" methods="6" coveredmethods="0"/>
        <line num="3" count="34" type="stmt"/>
        <line num="8" count="34" type="stmt"/>
        <line num="13" count="34" type="cond" truecount="0" falsecount="2"/>
        <line num="22" count="34" type="stmt"/>
        <line num="31" count="34" type="stmt"/>
        <line num="36" count="34" type="stmt"/>
      </file>
      <file name="constants.js" path="D:\Work\Phincon\caloried\client\src\containers\App\constants.js">
        <metrics statements="5" coveredstatements="5" conditionals="0" coveredconditionals="0" methods="0" coveredmethods="0"/>
        <line num="1" count="34" type="stmt"/>
        <line num="2" count="34" type="stmt"/>
        <line num="3" count="34" type="stmt"/>
        <line num="4" count="34" type="stmt"/>
        <line num="6" count="34" type="stmt"/>
      </file>
      <file name="reducer.js" path="D:\Work\Phincon\caloried\client\src\containers\App\reducer.js">
        <metrics statements="13" coveredstatements="5" conditionals="5" coveredconditionals="1" methods="2" coveredmethods="2"/>
        <line num="5" count="34" type="stmt"/>
        <line num="16" count="34" type="stmt"/>
        <line num="18" count="34" type="cond" truecount="1" falsecount="0"/>
        <line num="19" count="307" type="stmt"/>
        <line num="20" count="307" type="cond" truecount="0" falsecount="4"/>
        <line num="22" count="0" type="stmt"/>
        <line num="23" count="0" type="stmt"/>
        <line num="25" count="0" type="stmt"/>
        <line num="26" count="0" type="stmt"/>
        <line num="28" count="0" type="stmt"/>
        <line num="29" count="0" type="stmt"/>
        <line num="31" count="0" type="stmt"/>
        <line num="32" count="0" type="stmt"/>
      </file>
      <file name="saga.js" path="D:\Work\Phincon\caloried\client\src\containers\App\saga.js">
        <metrics statements="6" coveredstatements="1" conditionals="0" coveredconditionals="0" methods="2" coveredmethods="1"/>
        <line num="8" count="0" type="stmt"/>
        <line num="9" count="0" type="stmt"/>
        <line num="10" count="0" type="stmt"/>
        <line num="12" count="0" type="stmt"/>
        <line num="14" count="0" type="stmt"/>
        <line num="18" count="34" type="stmt"/>
      </file>
      <file name="selectors.js" path="D:\Work\Phincon\caloried\client\src\containers\App\selectors.js">
        <metrics statements="5" coveredstatements="5" conditionals="2" coveredconditionals="1" methods="5" coveredmethods="3"/>
        <line num="4" count="11" type="cond" truecount="1" falsecount="1"/>
        <line num="6" count="3" type="stmt"/>
        <line num="7" count="3" type="stmt"/>
        <line num="8" count="3" type="stmt"/>
        <line num="9" count="3" type="stmt"/>
      </file>
    </package>
    <package name="src.containers.Client">
      <metrics statements="118" coveredstatements="42" conditionals="36" coveredconditionals="3" methods="27" coveredmethods="6"/>
      <file name="actions.js" path="D:\Work\Phincon\caloried\client\src\containers\Client\actions.js">
        <metrics statements="12" coveredstatements="12" conditionals="0" coveredconditionals="0" methods="12" coveredmethods="1"/>
        <line num="16" count="34" type="stmt"/>
        <line num="21" count="34" type="stmt"/>
        <line num="26" count="34" type="stmt"/>
        <line num="32" count="34" type="stmt"/>
        <line num="38" count="34" type="stmt"/>
        <line num="44" count="34" type="stmt"/>
        <line num="50" count="34" type="stmt"/>
        <line num="55" count="34" type="stmt"/>
        <line num="60" count="34" type="stmt"/>
        <line num="64" count="34" type="stmt"/>
        <line num="71" count="34" type="stmt"/>
        <line num="76" count="34" type="stmt"/>
      </file>
      <file name="constants.js" path="D:\Work\Phincon\caloried\client\src\containers\Client\constants.js">
        <metrics statements="12" coveredstatements="12" conditionals="0" coveredconditionals="0" methods="0" coveredmethods="0"/>
        <line num="1" count="34" type="stmt"/>
        <line num="2" count="34" type="stmt"/>
        <line num="3" count="34" type="stmt"/>
        <line num="4" count="34" type="stmt"/>
        <line num="5" count="34" type="stmt"/>
        <line num="6" count="34" type="stmt"/>
        <line num="7" count="34" type="stmt"/>
        <line num="8" count="34" type="stmt"/>
        <line num="9" count="34" type="stmt"/>
        <line num="10" count="34" type="stmt"/>
        <line num="11" count="34" type="stmt"/>
        <line num="12" count="34" type="stmt"/>
      </file>
      <file name="reducer.js" path="D:\Work\Phincon\caloried\client\src\containers\Client\reducer.js">
        <metrics statements="14" coveredstatements="6" conditionals="6" coveredconditionals="2" methods="2" coveredmethods="2"/>
        <line num="5" count="34" type="stmt"/>
        <line num="12" count="34" type="stmt"/>
        <line num="14" count="34" type="cond" truecount="1" falsecount="0"/>
        <line num="15" count="307" type="stmt"/>
        <line num="16" count="307" type="cond" truecount="1" falsecount="4"/>
        <line num="18" count="0" type="stmt"/>
        <line num="19" count="0" type="stmt"/>
        <line num="21" count="0" type="stmt"/>
        <line num="22" count="0" type="stmt"/>
        <line num="24" count="0" type="stmt"/>
        <line num="25" count="0" type="stmt"/>
        <line num="27" count="0" type="stmt"/>
        <line num="28" count="0" type="stmt"/>
        <line num="30" count="1" type="stmt"/>
      </file>
      <file name="saga.js" path="D:\Work\Phincon\caloried\client\src\containers\Client\saga.js">
        <metrics statements="75" coveredstatements="7" conditionals="28" coveredconditionals="0" methods="8" coveredmethods="1"/>
        <line num="27" count="0" type="stmt"/>
        <line num="28" count="0" type="stmt"/>
        <line num="29" count="0" type="stmt"/>
        <line num="30" count="0" type="stmt"/>
        <line num="31" count="0" type="stmt"/>
        <line num="32" count="0" type="stmt"/>
        <line num="34" count="0" type="cond" truecount="0" falsecount="4"/>
        <line num="35" count="0" type="stmt"/>
        <line num="37" count="0" type="stmt"/>
        <line num="40" count="0" type="stmt"/>
        <line num="45" count="0" type="stmt"/>
        <line num="46" count="0" type="stmt"/>
        <line num="47" count="0" type="stmt"/>
        <line num="48" count="0" type="stmt"/>
        <line num="49" count="0" type="stmt"/>
        <line num="51" count="0" type="cond" truecount="0" falsecount="4"/>
        <line num="52" count="0" type="stmt"/>
        <line num="54" count="0" type="stmt"/>
        <line num="57" count="0" type="stmt"/>
        <line num="62" count="0" type="stmt"/>
        <line num="63" count="0" type="stmt"/>
        <line num="64" count="0" type="stmt"/>
        <line num="65" count="0" type="stmt"/>
        <line num="67" count="0" type="stmt"/>
        <line num="68" count="0" type="stmt"/>
        <line num="69" count="0" type="stmt"/>
        <line num="70" count="0" type="stmt"/>
        <line num="72" count="0" type="cond" truecount="0" falsecount="4"/>
        <line num="73" count="0" type="stmt"/>
        <line num="75" count="0" type="stmt"/>
        <line num="78" count="0" type="stmt"/>
        <line num="83" count="0" type="stmt"/>
        <line num="84" count="0" type="stmt"/>
        <line num="85" count="0" type="stmt"/>
        <line num="86" count="0" type="stmt"/>
        <line num="88" count="0" type="stmt"/>
        <line num="89" count="0" type="stmt"/>
        <line num="90" count="0" type="stmt"/>
        <line num="92" count="0" type="cond" truecount="0" falsecount="4"/>
        <line num="93" count="0" type="stmt"/>
        <line num="95" count="0" type="stmt"/>
        <line num="98" count="0" type="stmt"/>
        <line num="103" count="0" type="stmt"/>
        <line num="104" count="0" type="stmt"/>
        <line num="105" count="0" type="stmt"/>
        <line num="106" count="0" type="stmt"/>
        <line num="108" count="0" type="cond" truecount="0" falsecount="4"/>
        <line num="109" count="0" type="stmt"/>
        <line num="111" count="0" type="stmt"/>
        <line num="114" count="0" type="stmt"/>
        <line num="119" count="0" type="stmt"/>
        <line num="120" count="0" type="stmt"/>
        <line num="121" count="0" type="stmt"/>
        <line num="122" count="0" type="stmt"/>
        <line num="124" count="0" type="cond" truecount="0" falsecount="4"/>
        <line num="125" count="0" type="stmt"/>
        <line num="127" count="0" type="stmt"/>
        <line num="130" count="0" type="stmt"/>
        <line num="135" count="0" type="stmt"/>
        <line num="136" count="0" type="stmt"/>
        <line num="137" count="0" type="stmt"/>
        <line num="138" count="0" type="stmt"/>
        <line num="139" count="0" type="stmt"/>
        <line num="140" count="0" type="stmt"/>
        <line num="142" count="0" type="cond" truecount="0" falsecount="4"/>
        <line num="143" count="0" type="stmt"/>
        <line num="145" count="0" type="stmt"/>
        <line num="148" count="0" type="stmt"/>
        <line num="152" count="34" type="stmt"/>
        <line num="153" count="34" type="stmt"/>
        <line num="154" count="34" type="stmt"/>
        <line num="155" count="34" type="stmt"/>
        <line num="156" count="34" type="stmt"/>
        <line num="157" count="34" type="stmt"/>
        <line num="158" count="34" type="stmt"/>
      </file>
      <file name="selectors.js" path="D:\Work\Phincon\caloried\client\src\containers\Client\selectors.js">
        <metrics statements="5" coveredstatements="5" conditionals="2" coveredconditionals="1" methods="5" coveredmethods="2"/>
        <line num="4" count="14" type="cond" truecount="1" falsecount="1"/>
        <line num="6" count="3" type="stmt"/>
        <line num="7" count="3" type="stmt"/>
        <line num="8" count="3" type="stmt"/>
        <line num="9" count="3" type="stmt"/>
      </file>
    </package>
    <package name="src.containers.Language">
      <metrics statements="8" coveredstatements="6" conditionals="2" coveredconditionals="1" methods="2" coveredmethods="2"/>
      <file name="constants.js" path="D:\Work\Phincon\caloried\client\src\containers\Language\constants.js">
        <metrics statements="2" coveredstatements="2" conditionals="0" coveredconditionals="0" methods="0" coveredmethods="0"/>
        <line num="1" count="34" type="stmt"/>
        <line num="2" count="34" type="stmt"/>
      </file>
      <file name="reducer.js" path="D:\Work\Phincon\caloried\client\src\containers\Language\reducer.js">
        <metrics statements="6" coveredstatements="4" conditionals="2" coveredconditionals="1" methods="2" coveredmethods="2"/>
        <line num="8" count="34" type="stmt"/>
        <line num="15" count="34" type="cond" truecount="1" falsecount="0"/>
        <line num="16" count="307" type="stmt"/>
        <line num="17" count="307" type="cond" truecount="0" falsecount="1"/>
        <line num="19" count="0" type="stmt"/>
        <line num="20" count="0" type="stmt"/>
      </file>
    </package>
    <package name="src.domain">
      <metrics statements="48" coveredstatements="26" conditionals="3" coveredconditionals="0" methods="26" coveredmethods="0"/>
      <file name="api.js" path="D:\Work\Phincon\caloried\client\src\domain\api.js">
        <metrics statements="48" coveredstatements="26" conditionals="3" coveredconditionals="0" methods="26" coveredmethods="0"/>
        <line num="6" count="34" type="stmt"/>
        <line num="14" count="34" type="cond" truecount="0" falsecount="3"/>
        <line num="15" count="0" type="stmt"/>
        <line num="19" count="0" type="stmt"/>
        <line num="20" count="0" type="stmt"/>
        <line num="28" count="0" type="stmt"/>
        <line num="29" count="0" type="stmt"/>
        <line num="30" count="0" type="stmt"/>
        <line num="34" count="34" type="stmt"/>
        <line num="37" count="34" type="stmt"/>
        <line num="38" count="34" type="stmt"/>
        <line num="39" count="0" type="stmt"/>
        <line num="40" count="34" type="stmt"/>
        <line num="41" count="34" type="stmt"/>
        <line num="42" count="34" type="stmt"/>
        <line num="43" count="0" type="stmt"/>
        <line num="44" count="34" type="stmt"/>
        <line num="45" count="34" type="stmt"/>
        <line num="46" count="34" type="stmt"/>
        <line num="49" count="34" type="stmt"/>
        <line num="50" count="34" type="stmt"/>
        <line num="51" count="0" type="stmt"/>
        <line num="52" count="34" type="stmt"/>
        <line num="53" count="0" type="stmt"/>
        <line num="56" count="34" type="stmt"/>
        <line num="57" count="0" type="stmt"/>
        <line num="58" count="34" type="stmt"/>
        <line num="59" count="0" type="stmt"/>
        <line num="60" count="34" type="stmt"/>
        <line num="61" count="0" type="stmt"/>
        <line num="62" count="34" type="stmt"/>
        <line num="63" count="0" type="stmt"/>
        <line num="66" count="34" type="stmt"/>
        <line num="67" count="0" type="stmt"/>
        <line num="74" count="34" type="stmt"/>
        <line num="75" count="0" type="stmt"/>
        <line num="78" count="34" type="stmt"/>
        <line num="79" count="0" type="stmt"/>
        <line num="80" count="34" type="stmt"/>
        <line num="81" count="0" type="stmt"/>
        <line num="82" count="34" type="stmt"/>
        <line num="83" count="0" type="stmt"/>
        <line num="84" count="34" type="stmt"/>
        <line num="85" count="0" type="stmt"/>
        <line num="86" count="34" type="stmt"/>
        <line num="87" count="0" type="stmt"/>
        <line num="88" count="34" type="stmt"/>
        <line num="89" count="0" type="stmt"/>
      </file>
    </package>
    <package name="src.languages">
      <metrics statements="0" coveredstatements="0" conditionals="0" coveredconditionals="0" methods="0" coveredmethods="0"/>
      <file name="en.js" path="D:\Work\Phincon\caloried\client\src\languages\en.js">
        <metrics statements="0" coveredstatements="0" conditionals="0" coveredconditionals="0" methods="0" coveredmethods="0"/>
      </file>
      <file name="id.js" path="D:\Work\Phincon\caloried\client\src\languages\id.js">
        <metrics statements="0" coveredstatements="0" conditionals="0" coveredconditionals="0" methods="0" coveredmethods="0"/>
      </file>
    </package>
    <package name="src.pages.Admin">
      <metrics statements="67" coveredstatements="25" conditionals="21" coveredconditionals="1" methods="16" coveredmethods="3"/>
      <file name="actions.js" path="D:\Work\Phincon\caloried\client\src\pages\Admin\actions.js">
        <metrics statements="8" coveredstatements="8" conditionals="0" coveredconditionals="0" methods="8" coveredmethods="0"/>
        <line num="12" count="34" type="stmt"/>
        <line num="21" count="34" type="stmt"/>
        <line num="27" count="34" type="stmt"/>
        <line num="33" count="34" type="stmt"/>
        <line num="38" count="34" type="stmt"/>
        <line num="43" count="34" type="stmt"/>
        <line num="48" count="34" type="stmt"/>
        <line num="53" count="34" type="stmt"/>
      </file>
      <file name="constants.js" path="D:\Work\Phincon\caloried\client\src\pages\Admin\constants.js">
        <metrics statements="8" coveredstatements="8" conditionals="0" coveredconditionals="0" methods="0" coveredmethods="0"/>
        <line num="1" count="34" type="stmt"/>
        <line num="2" count="34" type="stmt"/>
        <line num="3" count="34" type="stmt"/>
        <line num="4" count="34" type="stmt"/>
        <line num="5" count="34" type="stmt"/>
        <line num="6" count="34" type="stmt"/>
        <line num="7" count="34" type="stmt"/>
        <line num="8" count="34" type="stmt"/>
      </file>
      <file name="reducer.js" path="D:\Work\Phincon\caloried\client\src\pages\Admin\reducer.js">
        <metrics statements="14" coveredstatements="5" conditionals="5" coveredconditionals="1" methods="3" coveredmethods="2"/>
        <line num="4" count="34" type="stmt"/>
        <line num="11" count="34" type="stmt"/>
        <line num="13" count="34" type="cond" truecount="1" falsecount="0"/>
        <line num="14" count="307" type="stmt"/>
        <line num="15" count="307" type="cond" truecount="0" falsecount="4"/>
        <line num="17" count="0" type="stmt"/>
        <line num="18" count="0" type="stmt"/>
        <line num="19" count="0" type="stmt"/>
        <line num="21" count="0" type="stmt"/>
        <line num="22" count="0" type="stmt"/>
        <line num="24" count="0" type="stmt"/>
        <line num="25" count="0" type="stmt"/>
        <line num="27" count="0" type="stmt"/>
        <line num="28" count="0" type="stmt"/>
      </file>
      <file name="saga.js" path="D:\Work\Phincon\caloried\client\src\pages\Admin\saga.js">
        <metrics statements="37" coveredstatements="4" conditionals="16" coveredconditionals="0" methods="5" coveredmethods="1"/>
        <line num="14" count="0" type="stmt"/>
        <line num="15" count="0" type="stmt"/>
        <line num="16" count="0" type="stmt"/>
        <line num="17" count="0" type="stmt"/>
        <line num="19" count="0" type="cond" truecount="0" falsecount="4"/>
        <line num="20" count="0" type="stmt"/>
        <line num="22" count="0" type="stmt"/>
        <line num="25" count="0" type="stmt"/>
        <line num="30" count="0" type="stmt"/>
        <line num="31" count="0" type="stmt"/>
        <line num="32" count="0" type="stmt"/>
        <line num="33" count="0" type="stmt"/>
        <line num="34" count="0" type="stmt"/>
        <line num="36" count="0" type="cond" truecount="0" falsecount="4"/>
        <line num="37" count="0" type="stmt"/>
        <line num="39" count="0" type="stmt"/>
        <line num="42" count="0" type="stmt"/>
        <line num="47" count="0" type="stmt"/>
        <line num="48" count="0" type="stmt"/>
        <line num="49" count="0" type="stmt"/>
        <line num="50" count="0" type="stmt"/>
        <line num="52" count="0" type="cond" truecount="0" falsecount="4"/>
        <line num="53" count="0" type="stmt"/>
        <line num="55" count="0" type="stmt"/>
        <line num="58" count="0" type="stmt"/>
        <line num="63" count="0" type="stmt"/>
        <line num="64" count="0" type="stmt"/>
        <line num="65" count="0" type="stmt"/>
        <line num="66" count="0" type="stmt"/>
        <line num="68" count="0" type="cond" truecount="0" falsecount="4"/>
        <line num="69" count="0" type="stmt"/>
        <line num="71" count="0" type="stmt"/>
        <line num="74" count="0" type="stmt"/>
        <line num="79" count="34" type="stmt"/>
        <line num="80" count="34" type="stmt"/>
        <line num="81" count="34" type="stmt"/>
        <line num="82" count="34" type="stmt"/>
      </file>
    </package>
    <package name="src.pages.Dashboard">
      <metrics statements="50" coveredstatements="20" conditionals="16" coveredconditionals="1" methods="12" coveredmethods="3"/>
      <file name="actions.js" path="D:\Work\Phincon\caloried\client\src\pages\Dashboard\actions.js">
        <metrics statements="6" coveredstatements="6" conditionals="0" coveredconditionals="0" methods="6" coveredmethods="0"/>
        <line num="10" count="34" type="stmt"/>
        <line num="15" count="34" type="stmt"/>
        <line num="20" count="34" type="stmt"/>
        <line num="26" count="34" type="stmt"/>
        <line num="31" count="34" type="stmt"/>
        <line num="37" count="34" type="stmt"/>
      </file>
      <file name="constants.js" path="D:\Work\Phincon\caloried\client\src\pages\Dashboard\constants.js">
        <metrics statements="6" coveredstatements="6" conditionals="0" coveredconditionals="0" methods="0" coveredmethods="0"/>
        <line num="1" count="34" type="stmt"/>
        <line num="2" count="34" type="stmt"/>
        <line num="3" count="34" type="stmt"/>
        <line num="4" count="34" type="stmt"/>
        <line num="5" count="34" type="stmt"/>
        <line num="6" count="34" type="stmt"/>
      </file>
      <file name="reducer.js" path="D:\Work\Phincon\caloried\client\src\pages\Dashboard\reducer.js">
        <metrics statements="11" coveredstatements="5" conditionals="4" coveredconditionals="1" methods="2" coveredmethods="2"/>
        <line num="4" count="34" type="stmt"/>
        <line num="10" count="34" type="stmt"/>
        <line num="12" count="34" type="cond" truecount="1" falsecount="0"/>
        <line num="13" count="307" type="stmt"/>
        <line num="14" count="307" type="cond" truecount="0" falsecount="3"/>
        <line num="16" count="0" type="stmt"/>
        <line num="17" count="0" type="stmt"/>
        <line num="19" count="0" type="stmt"/>
        <line num="20" count="0" type="stmt"/>
        <line num="22" count="0" type="stmt"/>
        <line num="23" count="0" type="stmt"/>
      </file>
      <file name="saga.js" path="D:\Work\Phincon\caloried\client\src\pages\Dashboard\saga.js">
        <metrics statements="27" coveredstatements="3" conditionals="12" coveredconditionals="0" methods="4" coveredmethods="1"/>
        <line num="9" count="0" type="stmt"/>
        <line num="10" count="0" type="stmt"/>
        <line num="11" count="0" type="stmt"/>
        <line num="12" count="0" type="stmt"/>
        <line num="14" count="0" type="cond" truecount="0" falsecount="4"/>
        <line num="15" count="0" type="stmt"/>
        <line num="17" count="0" type="stmt"/>
        <line num="20" count="0" type="stmt"/>
        <line num="25" count="0" type="stmt"/>
        <line num="26" count="0" type="stmt"/>
        <line num="27" count="0" type="stmt"/>
        <line num="28" count="0" type="stmt"/>
        <line num="30" count="0" type="cond" truecount="0" falsecount="4"/>
        <line num="31" count="0" type="stmt"/>
        <line num="33" count="0" type="stmt"/>
        <line num="36" count="0" type="stmt"/>
        <line num="41" count="0" type="stmt"/>
        <line num="42" count="0" type="stmt"/>
        <line num="43" count="0" type="stmt"/>
        <line num="44" count="0" type="stmt"/>
        <line num="46" count="0" type="cond" truecount="0" falsecount="4"/>
        <line num="47" count="0" type="stmt"/>
        <line num="49" count="0" type="stmt"/>
        <line num="52" count="0" type="stmt"/>
        <line num="57" count="34" type="stmt"/>
        <line num="58" count="34" type="stmt"/>
        <line num="59" count="34" type="stmt"/>
      </file>
    </package>
    <package name="src.pages.Diary">
      <metrics statements="85" coveredstatements="36" conditionals="25" coveredconditionals="2" methods="25" coveredmethods="5"/>
      <file name="actions.js" path="D:\Work\Phincon\caloried\client\src\pages\Diary\actions.js">
        <metrics statements="11" coveredstatements="11" conditionals="0" coveredconditionals="0" methods="11" coveredmethods="0"/>
        <line num="15" count="34" type="stmt"/>
        <line num="20" count="34" type="stmt"/>
        <line num="26" count="34" type="stmt"/>
        <line num="32" count="34" type="stmt"/>
        <line num="38" count="34" type="stmt"/>
        <line num="43" count="34" type="stmt"/>
        <line num="48" count="34" type="stmt"/>
        <line num="52" count="34" type="stmt"/>
        <line num="60" count="34" type="stmt"/>
        <line num="66" count="34" type="stmt"/>
        <line num="72" count="34" type="stmt"/>
      </file>
      <file name="constants.js" path="D:\Work\Phincon\caloried\client\src\pages\Diary\constants.js">
        <metrics statements="11" coveredstatements="11" conditionals="0" coveredconditionals="0" methods="0" coveredmethods="0"/>
        <line num="1" count="34" type="stmt"/>
        <line num="2" count="34" type="stmt"/>
        <line num="3" count="34" type="stmt"/>
        <line num="4" count="34" type="stmt"/>
        <line num="5" count="34" type="stmt"/>
        <line num="6" count="34" type="stmt"/>
        <line num="7" count="34" type="stmt"/>
        <line num="8" count="34" type="stmt"/>
        <line num="9" count="34" type="stmt"/>
        <line num="10" count="34" type="stmt"/>
        <line num="11" count="34" type="stmt"/>
      </file>
      <file name="reducer.js" path="D:\Work\Phincon\caloried\client\src\pages\Diary\reducer.js">
        <metrics statements="19" coveredstatements="5" conditionals="7" coveredconditionals="1" methods="4" coveredmethods="2"/>
        <line num="11" count="34" type="stmt"/>
        <line num="18" count="34" type="stmt"/>
        <line num="20" count="34" type="cond" truecount="1" falsecount="0"/>
        <line num="21" count="307" type="stmt"/>
        <line num="22" count="307" type="cond" truecount="0" falsecount="6"/>
        <line num="24" count="0" type="stmt"/>
        <line num="25" count="0" type="stmt"/>
        <line num="27" count="0" type="stmt"/>
        <line num="28" count="0" type="stmt"/>
        <line num="30" count="0" type="stmt"/>
        <line num="31" count="0" type="stmt"/>
        <line num="33" count="0" type="stmt"/>
        <line num="34" count="0" type="stmt"/>
        <line num="36" count="0" type="stmt"/>
        <line num="37" count="0" type="stmt"/>
        <line num="38" count="0" type="stmt"/>
        <line num="40" count="0" type="stmt"/>
        <line num="41" count="0" type="stmt"/>
        <line num="43" count="0" type="stmt"/>
      </file>
      <file name="saga.js" path="D:\Work\Phincon\caloried\client\src\pages\Diary\saga.js">
        <metrics statements="39" coveredstatements="4" conditionals="16" coveredconditionals="0" methods="5" coveredmethods="1"/>
        <line num="9" count="0" type="stmt"/>
        <line num="10" count="0" type="stmt"/>
        <line num="11" count="0" type="stmt"/>
        <line num="12" count="0" type="stmt"/>
        <line num="14" count="0" type="cond" truecount="0" falsecount="2"/>
        <line num="15" count="0" type="stmt"/>
        <line num="18" count="0" type="stmt"/>
        <line num="23" count="0" type="stmt"/>
        <line num="24" count="0" type="stmt"/>
        <line num="25" count="0" type="stmt"/>
        <line num="26" count="0" type="stmt"/>
        <line num="28" count="0" type="cond" truecount="0" falsecount="4"/>
        <line num="29" count="0" type="stmt"/>
        <line num="31" count="0" type="stmt"/>
        <line num="34" count="0" type="stmt"/>
        <line num="39" count="0" type="stmt"/>
        <line num="40" count="0" type="stmt"/>
        <line num="41" count="0" type="stmt"/>
        <line num="44" count="0" type="cond" truecount="0" falsecount="2"/>
        <line num="45" count="0" type="stmt"/>
        <line num="47" count="0" type="stmt"/>
        <line num="50" count="0" type="stmt"/>
        <line num="52" count="0" type="cond" truecount="0" falsecount="4"/>
        <line num="53" count="0" type="stmt"/>
        <line num="55" count="0" type="stmt"/>
        <line num="58" count="0" type="stmt"/>
        <line num="63" count="0" type="stmt"/>
        <line num="64" count="0" type="stmt"/>
        <line num="65" count="0" type="stmt"/>
        <line num="66" count="0" type="stmt"/>
        <line num="67" count="0" type="stmt"/>
        <line num="69" count="0" type="cond" truecount="0" falsecount="4"/>
        <line num="70" count="0" type="stmt"/>
        <line num="72" count="0" type="stmt"/>
        <line num="75" count="0" type="stmt"/>
        <line num="80" count="34" type="stmt"/>
        <line num="81" count="34" type="stmt"/>
        <line num="82" count="34" type="stmt"/>
        <line num="83" count="34" type="stmt"/>
      </file>
      <file name="selectors.js" path="D:\Work\Phincon\caloried\client\src\pages\Diary\selectors.js">
        <metrics statements="5" coveredstatements="5" conditionals="2" coveredconditionals="1" methods="5" coveredmethods="2"/>
        <line num="4" count="11" type="cond" truecount="1" falsecount="1"/>
        <line num="6" count="2" type="stmt"/>
        <line num="7" count="2" type="stmt"/>
        <line num="8" count="2" type="stmt"/>
        <line num="9" count="2" type="stmt"/>
      </file>
    </package>
    <package name="src.pages.FoodDetails">
      <metrics statements="31" coveredstatements="13" conditionals="10" coveredconditionals="1" methods="8" coveredmethods="3"/>
      <file name="actions.js" path="D:\Work\Phincon\caloried\client\src\pages\FoodDetails\actions.js">
        <metrics statements="3" coveredstatements="3" conditionals="0" coveredconditionals="0" methods="3" coveredmethods="0"/>
        <line num="3" count="34" type="stmt"/>
        <line num="10" count="34" type="stmt"/>
        <line num="15" count="34" type="stmt"/>
      </file>
      <file name="constants.js" path="D:\Work\Phincon\caloried\client\src\pages\FoodDetails\constants.js">
        <metrics statements="3" coveredstatements="3" conditionals="0" coveredconditionals="0" methods="0" coveredmethods="0"/>
        <line num="1" count="34" type="stmt"/>
        <line num="2" count="34" type="stmt"/>
        <line num="3" count="34" type="stmt"/>
      </file>
      <file name="reducer.js" path="D:\Work\Phincon\caloried\client\src\pages\FoodDetails\reducer.js">
        <metrics statements="7" coveredstatements="5" conditionals="2" coveredconditionals="1" methods="2" coveredmethods="2"/>
        <line num="4" count="34" type="stmt"/>
        <line num="8" count="34" type="stmt"/>
        <line num="10" count="34" type="cond" truecount="1" falsecount="0"/>
        <line num="11" count="307" type="stmt"/>
        <line num="12" count="307" type="cond" truecount="0" falsecount="1"/>
        <line num="14" count="0" type="stmt"/>
        <line num="15" count="0" type="stmt"/>
      </file>
      <file name="saga.js" path="D:\Work\Phincon\caloried\client\src\pages\FoodDetails\saga.js">
        <metrics statements="18" coveredstatements="2" conditionals="8" coveredconditionals="0" methods="3" coveredmethods="1"/>
        <line num="9" count="0" type="stmt"/>
        <line num="10" count="0" type="stmt"/>
        <line num="11" count="0" type="stmt"/>
        <line num="12" count="0" type="stmt"/>
        <line num="14" count="0" type="cond" truecount="0" falsecount="4"/>
        <line num="15" count="0" type="stmt"/>
        <line num="17" count="0" type="stmt"/>
        <line num="20" count="0" type="stmt"/>
        <line num="25" count="0" type="stmt"/>
        <line num="26" count="0" type="stmt"/>
        <line num="27" count="0" type="stmt"/>
        <line num="28" count="0" type="stmt"/>
        <line num="30" count="0" type="cond" truecount="0" falsecount="4"/>
        <line num="31" count="0" type="stmt"/>
        <line num="33" count="0" type="stmt"/>
        <line num="36" count="0" type="stmt"/>
        <line num="41" count="34" type="stmt"/>
        <line num="42" count="34" type="stmt"/>
      </file>
    </package>
    <package name="src.pages.FoodSearch">
      <metrics statements="62" coveredstatements="38" conditionals="29" coveredconditionals="13" methods="21" coveredmethods="13"/>
      <file name="actions.js" path="D:\Work\Phincon\caloried\client\src\pages\FoodSearch\actions.js">
        <metrics statements="3" coveredstatements="3" conditionals="0" coveredconditionals="0" methods="3" coveredmethods="0"/>
        <line num="3" count="34" type="stmt"/>
        <line num="12" count="34" type="stmt"/>
        <line num="19" count="34" type="stmt"/>
      </file>
      <file name="constants.js" path="D:\Work\Phincon\caloried\client\src\pages\FoodSearch\constants.js">
        <metrics statements="3" coveredstatements="3" conditionals="0" coveredconditionals="0" methods="0" coveredmethods="0"/>
        <line num="1" count="34" type="stmt"/>
        <line num="2" count="34" type="stmt"/>
        <line num="3" count="34" type="stmt"/>
      </file>
      <file name="index.jsx" path="D:\Work\Phincon\caloried\client\src\pages\FoodSearch\index.jsx">
        <metrics statements="32" coveredstatements="21" conditionals="20" coveredconditionals="11" methods="9" coveredmethods="5"/>
        <line num="19" count="1" type="stmt"/>
        <line num="20" count="4" type="stmt"/>
        <line num="21" count="4" type="stmt"/>
        <line num="22" count="4" type="stmt"/>
        <line num="23" count="4" type="stmt"/>
        <line num="24" count="4" type="stmt"/>
        <line num="25" count="4" type="cond" truecount="2" falsecount="0"/>
        <line num="26" count="4" type="cond" truecount="2" falsecount="0"/>
        <line num="27" count="4" type="stmt"/>
        <line num="29" count="4" type="stmt"/>
        <line num="30" count="4" type="cond" truecount="1" falsecount="1"/>
        <line num="31" count="0" type="cond" truecount="0" falsecount="2"/>
        <line num="32" count="0" type="stmt"/>
        <line num="37" count="4" type="stmt"/>
        <line num="38" count="0" type="cond" truecount="0" falsecount="2"/>
        <line num="39" count="0" type="stmt"/>
        <line num="40" count="0" type="stmt"/>
        <line num="41" count="0" type="stmt"/>
        <line num="45" count="4" type="stmt"/>
        <line num="46" count="1" type="stmt"/>
        <line num="47" count="1" type="cond" truecount="1" falsecount="1"/>
        <line num="48" count="0" type="stmt"/>
        <line num="49" count="0" type="stmt"/>
        <line num="50" count="0" type="stmt"/>
        <line num="54" count="4" type="stmt"/>
        <line num="55" count="0" type="stmt"/>
        <line num="58" count="4" type="stmt"/>
        <line num="69" count="12" type="stmt"/>
        <line num="76" count="1" type="stmt"/>
        <line num="85" count="0" type="stmt"/>
        <line num="104" count="1" type="stmt"/>
        <line num="113" count="1" type="stmt"/>
      </file>
      <file name="reducer.js" path="D:\Work\Phincon\caloried\client\src\pages\FoodSearch\reducer.js">
        <metrics statements="10" coveredstatements="5" conditionals="3" coveredconditionals="1" methods="2" coveredmethods="2"/>
        <line num="4" count="34" type="stmt"/>
        <line num="11" count="34" type="stmt"/>
        <line num="13" count="34" type="cond" truecount="1" falsecount="0"/>
        <line num="14" count="307" type="stmt"/>
        <line num="15" count="307" type="cond" truecount="0" falsecount="2"/>
        <line num="17" count="0" type="stmt"/>
        <line num="18" count="0" type="stmt"/>
        <line num="19" count="0" type="stmt"/>
        <line num="21" count="0" type="stmt"/>
        <line num="22" count="0" type="stmt"/>
      </file>
      <file name="saga.js" path="D:\Work\Phincon\caloried\client\src\pages\FoodSearch\saga.js">
        <metrics statements="9" coveredstatements="1" conditionals="4" coveredconditionals="0" methods="2" coveredmethods="1"/>
        <line num="9" count="0" type="stmt"/>
        <line num="10" count="0" type="stmt"/>
        <line num="11" count="0" type="stmt"/>
        <line num="12" count="0" type="stmt"/>
        <line num="14" count="0" type="cond" truecount="0" falsecount="4"/>
        <line num="15" count="0" type="stmt"/>
        <line num="17" count="0" type="stmt"/>
        <line num="20" count="0" type="stmt"/>
        <line num="25" count="34" type="stmt"/>
      </file>
      <file name="selectors.js" path="D:\Work\Phincon\caloried\client\src\pages\FoodSearch\selectors.js">
        <metrics statements="5" coveredstatements="5" conditionals="2" coveredconditionals="1" methods="5" coveredmethods="5"/>
        <line num="4" count="12" type="cond" truecount="1" falsecount="1"/>
        <line num="6" count="1" type="stmt"/>
        <line num="7" count="1" type="stmt"/>
        <line num="8" count="1" type="stmt"/>
        <line num="9" count="1" type="stmt"/>
      </file>
    </package>
    <package name="src.pages.LandingPage">
      <metrics statements="2" coveredstatements="2" conditionals="0" coveredconditionals="0" methods="1" coveredmethods="1"/>
      <file name="index.jsx" path="D:\Work\Phincon\caloried\client\src\pages\LandingPage\index.jsx">
        <metrics statements="2" coveredstatements="2" conditionals="0" coveredconditionals="0" methods="1" coveredmethods="1"/>
        <line num="5" count="1" type="stmt"/>
        <line num="6" count="2" type="stmt"/>
      </file>
    </package>
    <package name="src.pages.NotFound">
      <metrics statements="4" coveredstatements="4" conditionals="0" coveredconditionals="0" methods="2" coveredmethods="2"/>
      <file name="index.jsx" path="D:\Work\Phincon\caloried\client\src\pages\NotFound\index.jsx">
        <metrics statements="4" coveredstatements="4" conditionals="0" coveredconditionals="0" methods="2" coveredmethods="2"/>
        <line num="8" count="1" type="stmt"/>
        <line num="9" count="3" type="stmt"/>
        <line num="10" count="3" type="stmt"/>
        <line num="16" count="1" type="stmt"/>
      </file>
    </package>
    <package name="src.pages.Profile">
      <metrics statements="47" coveredstatements="23" conditionals="12" coveredconditionals="3" methods="11" coveredmethods="5"/>
      <file name="actions.js" path="D:\Work\Phincon\caloried\client\src\pages\Profile\actions.js">
        <metrics statements="2" coveredstatements="2" conditionals="0" coveredconditionals="0" methods="2" coveredmethods="0"/>
        <line num="3" count="3" type="stmt"/>
        <line num="10" count="3" type="stmt"/>
      </file>
      <file name="constants.js" path="D:\Work\Phincon\caloried\client\src\pages\Profile\constants.js">
        <metrics statements="2" coveredstatements="2" conditionals="0" coveredconditionals="0" methods="0" coveredmethods="0"/>
        <line num="1" count="34" type="stmt"/>
        <line num="2" count="34" type="stmt"/>
      </file>
      <file name="index.jsx" path="D:\Work\Phincon\caloried\client\src\pages\Profile\index.jsx">
        <metrics statements="24" coveredstatements="17" conditionals="8" coveredconditionals="3" methods="6" coveredmethods="4"/>
        <line num="25" count="1" type="stmt"/>
        <line num="26" count="4" type="stmt"/>
        <line num="28" count="4" type="stmt"/>
        <line num="29" count="4" type="stmt"/>
        <line num="31" count="4" type="stmt"/>
        <line num="32" count="3" type="cond" truecount="1" falsecount="1"/>
        <line num="33" count="0" type="stmt"/>
        <line num="37" count="4" type="stmt"/>
        <line num="38" count="0" type="stmt"/>
        <line num="41" count="4" type="stmt"/>
        <line num="42" count="1" type="stmt"/>
        <line num="45" count="4" type="stmt"/>
        <line num="46" count="0" type="stmt"/>
        <line num="47" count="0" type="stmt"/>
        <line num="50" count="4" type="stmt"/>
        <line num="51" count="4" type="cond" truecount="1" falsecount="3"/>
        <line num="53" count="0" type="stmt"/>
        <line num="59" count="0" type="stmt"/>
        <line num="65" count="0" type="stmt"/>
        <line num="71" count="4" type="stmt"/>
        <line num="75" count="4" type="stmt"/>
        <line num="77" count="4" type="stmt"/>
        <line num="209" count="1" type="stmt"/>
        <line num="215" count="1" type="stmt"/>
      </file>
      <file name="saga.js" path="D:\Work\Phincon\caloried\client\src\pages\Profile\saga.js">
        <metrics statements="19" coveredstatements="2" conditionals="4" coveredconditionals="0" methods="3" coveredmethods="1"/>
        <line num="9" count="0" type="stmt"/>
        <line num="10" count="0" type="stmt"/>
        <line num="11" count="0" type="stmt"/>
        <line num="12" count="0" type="stmt"/>
        <line num="13" count="0" type="stmt"/>
        <line num="14" count="0" type="stmt"/>
        <line num="16" count="0" type="cond" truecount="0" falsecount="4"/>
        <line num="17" count="0" type="stmt"/>
        <line num="19" count="0" type="stmt"/>
        <line num="22" count="0" type="stmt"/>
        <line num="27" count="0" type="stmt"/>
        <line num="28" count="0" type="stmt"/>
        <line num="29" count="0" type="stmt"/>
        <line num="30" count="0" type="stmt"/>
        <line num="31" count="0" type="stmt"/>
        <line num="33" count="0" type="stmt"/>
        <line num="35" count="0" type="stmt"/>
        <line num="40" count="34" type="stmt"/>
        <line num="41" count="34" type="stmt"/>
      </file>
    </package>
    <package name="src.pages.ResetPassword">
      <metrics statements="13" coveredstatements="11" conditionals="0" coveredconditionals="0" methods="4" coveredmethods="2"/>
      <file name="index.jsx" path="D:\Work\Phincon\caloried\client\src\pages\ResetPassword\index.jsx">
        <metrics statements="13" coveredstatements="11" conditionals="0" coveredconditionals="0" methods="4" coveredmethods="2"/>
        <line num="14" count="1" type="stmt"/>
        <line num="15" count="4" type="stmt"/>
        <line num="16" count="4" type="stmt"/>
        <line num="17" count="4" type="stmt"/>
        <line num="18" count="4" type="stmt"/>
        <line num="20" count="4" type="stmt"/>
        <line num="22" count="4" type="stmt"/>
        <line num="24" count="4" type="stmt"/>
        <line num="25" count="0" type="stmt"/>
        <line num="27" count="0" type="stmt"/>
        <line num="32" count="4" type="stmt"/>
        <line num="49" count="1" type="stmt"/>
        <line num="60" count="1" type="stmt"/>
      </file>
    </package>
    <package name="src.pages.SignIn">
      <metrics statements="22" coveredstatements="14" conditionals="22" coveredconditionals="18" methods="8" coveredmethods="4"/>
      <file name="index.jsx" path="D:\Work\Phincon\caloried\client\src\pages\SignIn\index.jsx">
        <metrics statements="22" coveredstatements="14" conditionals="22" coveredconditionals="18" methods="8" coveredmethods="4"/>
        <line num="15" count="1" type="stmt"/>
        <line num="16" count="7" type="stmt"/>
        <line num="17" count="7" type="stmt"/>
        <line num="18" count="7" type="stmt"/>
        <line num="19" count="7" type="stmt"/>
        <line num="20" count="7" type="stmt"/>
        <line num="22" count="7" type="stmt"/>
        <line num="23" count="0" type="stmt"/>
        <line num="24" count="0" type="cond" truecount="0" falsecount="2"/>
        <line num="25" count="0" type="stmt"/>
        <line num="27" count="0" type="stmt"/>
        <line num="31" count="0" type="stmt"/>
        <line num="33" count="0" type="stmt"/>
        <line num="39" count="7" type="stmt"/>
        <line num="40" count="1" type="stmt"/>
        <line num="43" count="7" type="stmt"/>
        <line num="44" count="0" type="cond" truecount="0" falsecount="2"/>
        <line num="45" count="0" type="stmt"/>
        <line num="49" count="7" type="stmt"/>
        <line num="72" count="1" type="stmt"/>
        <line num="80" count="1" type="stmt"/>
        <line num="135" count="1" type="stmt"/>
      </file>
    </package>
    <package name="src.pages.SignUp">
      <metrics statements="48" coveredstatements="29" conditionals="22" coveredconditionals="6" methods="16" coveredmethods="9"/>
      <file name="actions.js" path="D:\Work\Phincon\caloried\client\src\pages\SignUp\actions.js">
        <metrics statements="7" coveredstatements="7" conditionals="0" coveredconditionals="0" methods="7" coveredmethods="0"/>
        <line num="11" count="8" type="stmt"/>
        <line num="15" count="8" type="stmt"/>
        <line num="19" count="8" type="stmt"/>
        <line num="24" count="8" type="stmt"/>
        <line num="29" count="8" type="stmt"/>
        <line num="34" count="8" type="stmt"/>
        <line num="39" count="8" type="stmt"/>
      </file>
      <file name="constants.js" path="D:\Work\Phincon\caloried\client\src\pages\SignUp\constants.js">
        <metrics statements="7" coveredstatements="7" conditionals="0" coveredconditionals="0" methods="0" coveredmethods="0"/>
        <line num="1" count="34" type="stmt"/>
        <line num="2" count="34" type="stmt"/>
        <line num="3" count="34" type="stmt"/>
        <line num="4" count="34" type="stmt"/>
        <line num="5" count="34" type="stmt"/>
        <line num="6" count="34" type="stmt"/>
        <line num="7" count="34" type="stmt"/>
      </file>
      <file name="index.jsx" path="D:\Work\Phincon\caloried\client\src\pages\SignUp\index.jsx">
        <metrics statements="4" coveredstatements="4" conditionals="8" coveredconditionals="4" methods="1" coveredmethods="1"/>
        <line num="12" count="1" type="stmt"/>
        <line num="13" count="2" type="stmt"/>
        <line num="58" count="1" type="stmt"/>
        <line num="62" count="1" type="stmt"/>
      </file>
      <file name="reducer.js" path="D:\Work\Phincon\caloried\client\src\pages\SignUp\reducer.js">
        <metrics statements="24" coveredstatements="5" conditionals="12" coveredconditionals="1" methods="2" coveredmethods="2"/>
        <line num="12" count="34" type="stmt"/>
        <line num="20" count="34" type="stmt"/>
        <line num="22" count="34" type="cond" truecount="1" falsecount="0"/>
        <line num="23" count="307" type="stmt"/>
        <line num="24" count="307" type="cond" truecount="0" falsecount="7"/>
        <line num="26" count="0" type="cond" truecount="0" falsecount="2"/>
        <line num="27" count="0" type="stmt"/>
        <line num="29" count="0" type="stmt"/>
        <line num="31" count="0" type="cond" truecount="0" falsecount="2"/>
        <line num="32" count="0" type="stmt"/>
        <line num="34" count="0" type="stmt"/>
        <line num="36" count="0" type="stmt"/>
        <line num="37" count="0" type="stmt"/>
        <line num="39" count="0" type="stmt"/>
        <line num="40" count="0" type="stmt"/>
        <line num="42" count="0" type="stmt"/>
        <line num="43" count="0" type="stmt"/>
        <line num="45" count="0" type="stmt"/>
        <line num="46" count="0" type="stmt"/>
        <line num="48" count="0" type="stmt"/>
        <line num="49" count="0" type="stmt"/>
        <line num="50" count="0" type="stmt"/>
        <line num="51" count="0" type="stmt"/>
        <line num="52" count="0" type="stmt"/>
      </file>
      <file name="selectors.js" path="D:\Work\Phincon\caloried\client\src\pages\SignUp\selectors.js">
        <metrics statements="6" coveredstatements="6" conditionals="2" coveredconditionals="1" methods="6" coveredmethods="6"/>
        <line num="4" count="50" type="cond" truecount="1" falsecount="1"/>
        <line num="6" count="8" type="stmt"/>
        <line num="7" count="8" type="stmt"/>
        <line num="8" count="8" type="stmt"/>
        <line num="9" count="8" type="stmt"/>
        <line num="10" count="8" type="stmt"/>
      </file>
    </package>
    <package name="src.utils">
      <metrics statements="100" coveredstatements="36" conditionals="35" coveredconditionals="5" methods="29" coveredmethods="6"/>
      <file name="authUtils.js" path="D:\Work\Phincon\caloried\client\src\utils\authUtils.js">
        <metrics statements="5" coveredstatements="4" conditionals="0" coveredconditionals="0" methods="1" coveredmethods="1"/>
        <line num="3" count="2" type="stmt"/>
        <line num="4" count="3" type="stmt"/>
        <line num="5" count="3" type="stmt"/>
        <line num="6" count="0" type="stmt"/>
        <line num="8" count="3" type="stmt"/>
      </file>
      <file name="calculateUtils.js" path="D:\Work\Phincon\caloried\client\src\utils\calculateUtils.js">
        <metrics statements="50" coveredstatements="13" conditionals="21" coveredconditionals="3" methods="14" coveredmethods="1"/>
        <line num="2" count="1" type="stmt"/>
        <line num="3" count="0" type="cond" truecount="0" falsecount="4"/>
        <line num="4" count="0" type="stmt"/>
        <line num="7" count="0" type="stmt"/>
        <line num="10" count="0" type="cond" truecount="0" falsecount="2"/>
        <line num="12" count="0" type="cond" truecount="0" falsecount="2"/>
        <line num="15" count="0" type="stmt"/>
        <line num="17" count="0" type="stmt"/>
        <line num="20" count="0" type="stmt"/>
        <line num="21" count="0" type="stmt"/>
        <line num="22" count="0" type="stmt"/>
        <line num="23" count="0" type="stmt"/>
        <line num="29" count="0" type="stmt"/>
        <line num="32" count="1" type="stmt"/>
        <line num="33" count="0" type="stmt"/>
        <line num="34" count="0" type="stmt"/>
        <line num="35" count="0" type="stmt"/>
        <line num="36" count="0" type="stmt"/>
        <line num="38" count="0" type="cond" truecount="0" falsecount="2"/>
        <line num="39" count="0" type="stmt"/>
        <line num="40" count="0" type="stmt"/>
        <line num="41" count="0" type="stmt"/>
        <line num="42" count="0" type="stmt"/>
        <line num="43" count="0" type="stmt"/>
        <line num="44" count="0" type="stmt"/>
        <line num="48" count="0" type="stmt"/>
        <line num="49" count="0" type="stmt"/>
        <line num="52" count="1" type="stmt"/>
        <line num="53" count="0" type="cond" truecount="0" falsecount="4"/>
        <line num="54" count="0" type="stmt"/>
        <line num="57" count="1" type="stmt"/>
        <line num="58" count="4" type="stmt"/>
        <line num="59" count="4" type="stmt"/>
        <line num="60" count="4" type="stmt"/>
        <line num="61" count="4" type="stmt"/>
        <line num="63" count="4" type="cond" truecount="3" falsecount="2"/>
        <line num="64" count="0" type="stmt"/>
        <line num="67" count="4" type="stmt"/>
        <line num="70" count="1" type="stmt"/>
        <line num="76" count="1" type="stmt"/>
        <line num="77" count="0" type="stmt"/>
        <line num="79" count="0" type="stmt"/>
        <line num="86" count="1" type="stmt"/>
        <line num="87" count="0" type="stmt"/>
        <line num="89" count="0" type="stmt"/>
        <line num="90" count="0" type="stmt"/>
        <line num="92" count="0" type="stmt"/>
        <line num="93" count="0" type="stmt"/>
        <line num="94" count="0" type="stmt"/>
        <line num="96" count="0" type="stmt"/>
      </file>
      <file name="formatUtils.js" path="D:\Work\Phincon\caloried\client\src\utils\formatUtils.js">
        <metrics statements="26" coveredstatements="10" conditionals="10" coveredconditionals="2" methods="5" coveredmethods="2"/>
        <line num="1" count="2" type="stmt"/>
        <line num="2" count="3" type="cond" truecount="1" falsecount="1"/>
        <line num="3" count="0" type="stmt"/>
        <line num="6" count="3" type="stmt"/>
        <line num="8" count="3" type="stmt"/>
        <line num="9" count="3" type="stmt"/>
        <line num="12" count="2" type="stmt"/>
        <line num="13" count="0" type="cond" truecount="0" falsecount="2"/>
        <line num="14" count="0" type="stmt"/>
        <line num="17" count="0" type="stmt"/>
        <line num="19" count="0" type="stmt"/>
        <line num="25" count="0" type="stmt"/>
        <line num="31" count="0" type="stmt"/>
        <line num="34" count="2" type="stmt"/>
        <line num="35" count="4" type="cond" truecount="1" falsecount="5"/>
        <line num="37" count="0" type="stmt"/>
        <line num="39" count="0" type="stmt"/>
        <line num="41" count="0" type="stmt"/>
        <line num="43" count="0" type="stmt"/>
        <line num="45" count="0" type="stmt"/>
        <line num="47" count="4" type="stmt"/>
        <line num="51" count="2" type="stmt"/>
        <line num="52" count="0" type="stmt"/>
        <line num="53" count="0" type="stmt"/>
        <line num="54" count="0" type="stmt"/>
        <line num="55" count="0" type="stmt"/>
      </file>
      <file name="request.js" path="D:\Work\Phincon\caloried\client\src\utils\request.js">
        <metrics statements="13" coveredstatements="3" conditionals="4" coveredconditionals="0" methods="4" coveredmethods="0"/>
        <line num="6" count="34" type="stmt"/>
        <line num="7" count="0" type="stmt"/>
        <line num="8" count="0" type="stmt"/>
        <line num="9" count="0" type="cond" truecount="0" falsecount="2"/>
        <line num="10" count="0" type="stmt"/>
        <line num="12" count="0" type="stmt"/>
        <line num="15" count="34" type="stmt"/>
        <line num="16" count="0" type="stmt"/>
        <line num="18" count="0" type="stmt"/>
        <line num="19" count="0" type="cond" truecount="0" falsecount="2"/>
        <line num="20" count="0" type="stmt"/>
        <line num="22" count="0" type="stmt"/>
        <line num="26" count="34" type="stmt"/>
      </file>
      <file name="testHelper.js" path="D:\Work\Phincon\caloried\client\src\utils\testHelper.js">
        <metrics statements="6" coveredstatements="6" conditionals="0" coveredconditionals="0" methods="5" coveredmethods="2"/>
        <line num="12" count="34" type="stmt"/>
        <line num="17" count="34" type="stmt"/>
        <line num="18" count="114" type="stmt"/>
        <line num="25" count="34" type="stmt"/>
        <line num="29" count="112" type="stmt"/>
        <line num="31" count="34" type="stmt"/>
      </file>
    </package>
  </project>
</coverage>
