{"D:\\Work\\Phincon\\caloried\\client\\config\\development.js": {"path":"D:\\Work\\Phincon\\caloried\\client\\config\\development.js","statementMap":{},"fnMap":{},"branchMap":{},"s":{},"f":{},"b":{},"_coverageSchema":"1a1c01bbd47fc00a2c39e90264f33305004495a9","hash":"33cd8f0382cff3f96d914d9f77a56ddacc1fa78a"}
,"D:\\Work\\Phincon\\caloried\\client\\config\\index.js": {"path":"D:\\Work\\Phincon\\caloried\\client\\config\\index.js","statementMap":{"0":{"start":{"line":5,"column":16},"end":{"line":5,"column":53}},"1":{"start":{"line":7,"column":12},"end":{"line":7,"column":54}},"2":{"start":{"line":9,"column":15},"end":{"line":17,"column":1}}},"fnMap":{},"branchMap":{"0":{"loc":{"start":{"line":5,"column":16},"end":{"line":5,"column":53}},"type":"binary-expr","locations":[{"start":{"line":5,"column":16},"end":{"line":5,"column":36}},{"start":{"line":5,"column":40},"end":{"line":5,"column":53}}],"line":5}},"s":{"0":10,"1":10,"2":10},"f":{},"b":{"0":[10,0]},"_coverageSchema":"1a1c01bbd47fc00a2c39e90264f33305004495a9","hash":"0717afb20dca3a9fdb9bf83cb2a92e8a76051a89"}
,"D:\\Work\\Phincon\\caloried\\client\\config\\production.js": {"path":"D:\\Work\\Phincon\\caloried\\client\\config\\production.js","statementMap":{},"fnMap":{},"branchMap":{},"s":{},"f":{},"b":{},"_coverageSchema":"1a1c01bbd47fc00a2c39e90264f33305004495a9","hash":"db03339463fd1631196317f4c15782e063a914df"}
,"D:\\Work\\Phincon\\caloried\\client\\config\\test.env.js": {"path":"D:\\Work\\Phincon\\caloried\\client\\config\\test.env.js","statementMap":{},"fnMap":{},"branchMap":{},"s":{},"f":{},"b":{},"_coverageSchema":"1a1c01bbd47fc00a2c39e90264f33305004495a9","hash":"363b462c75b119c97bbc8e7a51ecbdafb8619ca4"}
,"D:\\Work\\Phincon\\caloried\\client\\src\\components\\NutritionCard\\index.jsx": {"path":"D:\\Work\\Phincon\\caloried\\client\\src\\components\\NutritionCard\\index.jsx","statementMap":{"0":{"start":{"line":5,"column":22},"end":{"line":17,"column":1}},"1":{"start":{"line":6,"column":2},"end":{"line":16,"column":8}},"2":{"start":{"line":19,"column":0},"end":{"line":24,"column":2}}},"fnMap":{"0":{"name":"(anonymous_0)","decl":{"start":{"line":5,"column":22},"end":{"line":5,"column":23}},"loc":{"start":{"line":6,"column":2},"end":{"line":16,"column":8}},"line":6}},"branchMap":{},"s":{"0":1,"1":3,"2":1},"f":{"0":3},"b":{},"_coverageSchema":"1a1c01bbd47fc00a2c39e90264f33305004495a9","hash":"77d26db0355c6786ce8d89b40437ec62b464e7f5"}
,"D:\\Work\\Phincon\\caloried\\client\\src\\components\\diary\\CalorieCounter\\index.jsx": {"path":"D:\\Work\\Phincon\\caloried\\client\\src\\components\\diary\\CalorieCounter\\index.jsx","statementMap":{"0":{"start":{"line":10,"column":23},"end":{"line":59,"column":1}},"1":{"start":{"line":11,"column":36},"end":{"line":11,"column":51}},"2":{"start":{"line":13,"column":28},"end":{"line":13,"column":63}},"3":{"start":{"line":14,"column":21},"end":{"line":14,"column":64}},"4":{"start":{"line":16,"column":27},"end":{"line":16,"column":51}},"5":{"start":{"line":16,"column":33},"end":{"line":16,"column":51}},"6":{"start":{"line":17,"column":27},"end":{"line":17,"column":52}},"7":{"start":{"line":17,"column":33},"end":{"line":17,"column":52}},"8":{"start":{"line":19,"column":2},"end":{"line":58,"column":4}},"9":{"start":{"line":61,"column":0},"end":{"line":64,"column":2}}},"fnMap":{"0":{"name":"(anonymous_0)","decl":{"start":{"line":10,"column":23},"end":{"line":10,"column":24}},"loc":{"start":{"line":10,"column":67},"end":{"line":59,"column":1}},"line":10},"1":{"name":"(anonymous_1)","decl":{"start":{"line":16,"column":27},"end":{"line":16,"column":28}},"loc":{"start":{"line":16,"column":33},"end":{"line":16,"column":51}},"line":16},"2":{"name":"(anonymous_2)","decl":{"start":{"line":17,"column":27},"end":{"line":17,"column":28}},"loc":{"start":{"line":17,"column":33},"end":{"line":17,"column":52}},"line":17}},"branchMap":{"0":{"loc":{"start":{"line":38,"column":9},"end":{"line":55,"column":9}},"type":"cond-expr","locations":[{"start":{"line":39,"column":10},"end":{"line":44,"column":16}},{"start":{"line":46,"column":10},"end":{"line":54,"column":16}}],"line":38}},"s":{"0":1,"1":5,"2":5,"3":5,"4":5,"5":1,"6":5,"7":1,"8":5,"9":1},"f":{"0":5,"1":1,"2":1},"b":{"0":[1,4]},"_coverageSchema":"1a1c01bbd47fc00a2c39e90264f33305004495a9","hash":"7ac0c3ae46e637b54854734d55581cffc8e31deb"}
,"D:\\Work\\Phincon\\caloried\\client\\src\\components\\diary\\DiaryDate\\index.jsx": {"path":"D:\\Work\\Phincon\\caloried\\client\\src\\components\\diary\\DiaryDate\\index.jsx","statementMap":{"0":{"start":{"line":13,"column":18},"end":{"line":82,"column":1}},"1":{"start":{"line":14,"column":19},"end":{"line":14,"column":32}},"2":{"start":{"line":15,"column":30},"end":{"line":15,"column":44}},"3":{"start":{"line":17,"column":25},"end":{"line":23,"column":3}},"4":{"start":{"line":18,"column":4},"end":{"line":22,"column":7}},"5":{"start":{"line":19,"column":22},"end":{"line":19,"column":72}},"6":{"start":{"line":20,"column":6},"end":{"line":20,"column":33}},"7":{"start":{"line":21,"column":6},"end":{"line":21,"column":21}},"8":{"start":{"line":25,"column":25},"end":{"line":31,"column":3}},"9":{"start":{"line":26,"column":4},"end":{"line":30,"column":7}},"10":{"start":{"line":27,"column":22},"end":{"line":27,"column":72}},"11":{"start":{"line":28,"column":6},"end":{"line":28,"column":33}},"12":{"start":{"line":29,"column":6},"end":{"line":29,"column":21}},"13":{"start":{"line":33,"column":28},"end":{"line":35,"column":3}},"14":{"start":{"line":34,"column":4},"end":{"line":34,"column":35}},"15":{"start":{"line":37,"column":29},"end":{"line":39,"column":3}},"16":{"start":{"line":38,"column":4},"end":{"line":38,"column":20}},"17":{"start":{"line":41,"column":24},"end":{"line":46,"column":4}},"18":{"start":{"line":48,"column":2},"end":{"line":81,"column":4}},"19":{"start":{"line":75,"column":12},"end":{"line":75,"column":36}},"20":{"start":{"line":76,"column":12},"end":{"line":76,"column":39}},"21":{"start":{"line":84,"column":0},"end":{"line":88,"column":2}}},"fnMap":{"0":{"name":"(anonymous_0)","decl":{"start":{"line":13,"column":18},"end":{"line":13,"column":19}},"loc":{"start":{"line":13,"column":80},"end":{"line":82,"column":1}},"line":13},"1":{"name":"(anonymous_1)","decl":{"start":{"line":17,"column":25},"end":{"line":17,"column":26}},"loc":{"start":{"line":17,"column":31},"end":{"line":23,"column":3}},"line":17},"2":{"name":"(anonymous_2)","decl":{"start":{"line":18,"column":19},"end":{"line":18,"column":20}},"loc":{"start":{"line":18,"column":33},"end":{"line":22,"column":5}},"line":18},"3":{"name":"(anonymous_3)","decl":{"start":{"line":25,"column":25},"end":{"line":25,"column":26}},"loc":{"start":{"line":25,"column":31},"end":{"line":31,"column":3}},"line":25},"4":{"name":"(anonymous_4)","decl":{"start":{"line":26,"column":19},"end":{"line":26,"column":20}},"loc":{"start":{"line":26,"column":33},"end":{"line":30,"column":5}},"line":26},"5":{"name":"(anonymous_5)","decl":{"start":{"line":33,"column":28},"end":{"line":33,"column":29}},"loc":{"start":{"line":33,"column":39},"end":{"line":35,"column":3}},"line":33},"6":{"name":"(anonymous_6)","decl":{"start":{"line":37,"column":29},"end":{"line":37,"column":30}},"loc":{"start":{"line":37,"column":35},"end":{"line":39,"column":3}},"line":37},"7":{"name":"(anonymous_7)","decl":{"start":{"line":74,"column":20},"end":{"line":74,"column":21}},"loc":{"start":{"line":74,"column":33},"end":{"line":77,"column":11}},"line":74}},"branchMap":{},"s":{"0":1,"1":2,"2":2,"3":2,"4":0,"5":0,"6":0,"7":0,"8":2,"9":0,"10":0,"11":0,"12":0,"13":2,"14":0,"15":2,"16":0,"17":2,"18":2,"19":0,"20":0,"21":1},"f":{"0":2,"1":0,"2":0,"3":0,"4":0,"5":0,"6":0,"7":0},"b":{},"_coverageSchema":"1a1c01bbd47fc00a2c39e90264f33305004495a9","hash":"4b3c742663b093f2f1b6c378587a8319d47b1f7a"}
,"D:\\Work\\Phincon\\caloried\\client\\src\\components\\diary\\MacronutrientBar\\index.jsx": {"path":"D:\\Work\\Phincon\\caloried\\client\\src\\components\\diary\\MacronutrientBar\\index.jsx","statementMap":{"0":{"start":{"line":5,"column":25},"end":{"line":25,"column":1}},"1":{"start":{"line":6,"column":38},"end":{"line":6,"column":53}},"2":{"start":{"line":7,"column":21},"end":{"line":7,"column":62}},"3":{"start":{"line":9,"column":2},"end":{"line":24,"column":4}},"4":{"start":{"line":12,"column":26},"end":{"line":12,"column":45}},"5":{"start":{"line":13,"column":26},"end":{"line":13,"column":46}},"6":{"start":{"line":27,"column":0},"end":{"line":31,"column":2}}},"fnMap":{"0":{"name":"(anonymous_0)","decl":{"start":{"line":5,"column":25},"end":{"line":5,"column":26}},"loc":{"start":{"line":5,"column":57},"end":{"line":25,"column":1}},"line":5},"1":{"name":"(anonymous_1)","decl":{"start":{"line":12,"column":20},"end":{"line":12,"column":21}},"loc":{"start":{"line":12,"column":26},"end":{"line":12,"column":45}},"line":12},"2":{"name":"(anonymous_2)","decl":{"start":{"line":13,"column":20},"end":{"line":13,"column":21}},"loc":{"start":{"line":13,"column":26},"end":{"line":13,"column":46}},"line":13}},"branchMap":{"0":{"loc":{"start":{"line":7,"column":21},"end":{"line":7,"column":62}},"type":"cond-expr","locations":[{"start":{"line":7,"column":33},"end":{"line":7,"column":58}},{"start":{"line":7,"column":61},"end":{"line":7,"column":62}}],"line":7},"1":{"loc":{"start":{"line":22,"column":43},"end":{"line":22,"column":111}},"type":"cond-expr","locations":[{"start":{"line":22,"column":56},"end":{"line":22,"column":81}},{"start":{"line":22,"column":84},"end":{"line":22,"column":111}}],"line":22}},"s":{"0":1,"1":5,"2":5,"3":5,"4":1,"5":1,"6":1},"f":{"0":5,"1":1,"2":1},"b":{"0":[5,0],"1":[1,4]},"_coverageSchema":"1a1c01bbd47fc00a2c39e90264f33305004495a9","hash":"159e987859083496c0d6d49f46e4eef6d62fdc8f"}
,"D:\\Work\\Phincon\\caloried\\client\\src\\components\\profile\\ProfileMenu\\index.jsx": {"path":"D:\\Work\\Phincon\\caloried\\client\\src\\components\\profile\\ProfileMenu\\index.jsx","statementMap":{"0":{"start":{"line":13,"column":20},"end":{"line":86,"column":1}},"1":{"start":{"line":14,"column":19},"end":{"line":14,"column":32}},"2":{"start":{"line":15,"column":19},"end":{"line":15,"column":32}},"3":{"start":{"line":16,"column":34},"end":{"line":16,"column":48}},"4":{"start":{"line":18,"column":23},"end":{"line":21,"column":3}},"5":{"start":{"line":19,"column":4},"end":{"line":19,"column":27}},"6":{"start":{"line":20,"column":4},"end":{"line":20,"column":25}},"7":{"start":{"line":23,"column":28},"end":{"line":25,"column":3}},"8":{"start":{"line":24,"column":4},"end":{"line":24,"column":37}},"9":{"start":{"line":27,"column":28},"end":{"line":29,"column":3}},"10":{"start":{"line":28,"column":4},"end":{"line":28,"column":22}},"11":{"start":{"line":30,"column":2},"end":{"line":85,"column":4}},"12":{"start":{"line":53,"column":33},"end":{"line":53,"column":53}},"13":{"start":{"line":59,"column":33},"end":{"line":59,"column":55}},"14":{"start":{"line":65,"column":33},"end":{"line":65,"column":51}},"15":{"start":{"line":71,"column":33},"end":{"line":71,"column":52}},"16":{"start":{"line":88,"column":0},"end":{"line":90,"column":2}}},"fnMap":{"0":{"name":"(anonymous_0)","decl":{"start":{"line":13,"column":20},"end":{"line":13,"column":21}},"loc":{"start":{"line":13,"column":34},"end":{"line":86,"column":1}},"line":13},"1":{"name":"(anonymous_1)","decl":{"start":{"line":18,"column":23},"end":{"line":18,"column":24}},"loc":{"start":{"line":18,"column":29},"end":{"line":21,"column":3}},"line":18},"2":{"name":"(anonymous_2)","decl":{"start":{"line":23,"column":28},"end":{"line":23,"column":29}},"loc":{"start":{"line":23,"column":39},"end":{"line":25,"column":3}},"line":23},"3":{"name":"(anonymous_3)","decl":{"start":{"line":27,"column":28},"end":{"line":27,"column":29}},"loc":{"start":{"line":27,"column":34},"end":{"line":29,"column":3}},"line":27},"4":{"name":"(anonymous_4)","decl":{"start":{"line":53,"column":27},"end":{"line":53,"column":28}},"loc":{"start":{"line":53,"column":33},"end":{"line":53,"column":53}},"line":53},"5":{"name":"(anonymous_5)","decl":{"start":{"line":59,"column":27},"end":{"line":59,"column":28}},"loc":{"start":{"line":59,"column":33},"end":{"line":59,"column":55}},"line":59},"6":{"name":"(anonymous_6)","decl":{"start":{"line":65,"column":27},"end":{"line":65,"column":28}},"loc":{"start":{"line":65,"column":33},"end":{"line":65,"column":51}},"line":65},"7":{"name":"(anonymous_7)","decl":{"start":{"line":71,"column":27},"end":{"line":71,"column":28}},"loc":{"start":{"line":71,"column":33},"end":{"line":71,"column":52}},"line":71}},"branchMap":{},"s":{"0":1,"1":0,"2":0,"3":0,"4":0,"5":0,"6":0,"7":0,"8":0,"9":0,"10":0,"11":0,"12":0,"13":0,"14":0,"15":0,"16":1},"f":{"0":0,"1":0,"2":0,"3":0,"4":0,"5":0,"6":0,"7":0},"b":{},"_coverageSchema":"1a1c01bbd47fc00a2c39e90264f33305004495a9","hash":"950b8c2d21962b7f8edf50056e12db7ff7b3ab80"}
,"D:\\Work\\Phincon\\caloried\\client\\src\\components\\ui\\BottomNavbar\\index.jsx": {"path":"D:\\Work\\Phincon\\caloried\\client\\src\\components\\ui\\BottomNavbar\\index.jsx","statementMap":{"0":{"start":{"line":8,"column":21},"end":{"line":65,"column":1}},"1":{"start":{"line":9,"column":19},"end":{"line":9,"column":32}},"2":{"start":{"line":10,"column":19},"end":{"line":10,"column":32}},"3":{"start":{"line":12,"column":19},"end":{"line":12,"column":55}},"4":{"start":{"line":12,"column":29},"end":{"line":12,"column":55}},"5":{"start":{"line":14,"column":27},"end":{"line":14,"column":102}},"6":{"start":{"line":14,"column":37},"end":{"line":14,"column":102}},"7":{"start":{"line":16,"column":2},"end":{"line":64,"column":4}},"8":{"start":{"line":24,"column":25},"end":{"line":24,"column":47}},"9":{"start":{"line":34,"column":25},"end":{"line":34,"column":43}},"10":{"start":{"line":44,"column":25},"end":{"line":44,"column":44}},"11":{"start":{"line":54,"column":25},"end":{"line":54,"column":45}}},"fnMap":{"0":{"name":"(anonymous_0)","decl":{"start":{"line":8,"column":21},"end":{"line":8,"column":22}},"loc":{"start":{"line":8,"column":27},"end":{"line":65,"column":1}},"line":8},"1":{"name":"(anonymous_1)","decl":{"start":{"line":12,"column":19},"end":{"line":12,"column":20}},"loc":{"start":{"line":12,"column":29},"end":{"line":12,"column":55}},"line":12},"2":{"name":"(anonymous_2)","decl":{"start":{"line":14,"column":27},"end":{"line":14,"column":28}},"loc":{"start":{"line":14,"column":37},"end":{"line":14,"column":102}},"line":14},"3":{"name":"(anonymous_3)","decl":{"start":{"line":24,"column":19},"end":{"line":24,"column":20}},"loc":{"start":{"line":24,"column":25},"end":{"line":24,"column":47}},"line":24},"4":{"name":"(anonymous_4)","decl":{"start":{"line":34,"column":19},"end":{"line":34,"column":20}},"loc":{"start":{"line":34,"column":25},"end":{"line":34,"column":43}},"line":34},"5":{"name":"(anonymous_5)","decl":{"start":{"line":44,"column":19},"end":{"line":44,"column":20}},"loc":{"start":{"line":44,"column":25},"end":{"line":44,"column":44}},"line":44},"6":{"name":"(anonymous_6)","decl":{"start":{"line":54,"column":19},"end":{"line":54,"column":20}},"loc":{"start":{"line":54,"column":25},"end":{"line":54,"column":45}},"line":54}},"branchMap":{"0":{"loc":{"start":{"line":14,"column":64},"end":{"line":14,"column":100}},"type":"cond-expr","locations":[{"start":{"line":14,"column":81},"end":{"line":14,"column":95}},{"start":{"line":14,"column":98},"end":{"line":14,"column":100}}],"line":14}},"s":{"0":1,"1":8,"2":8,"3":8,"4":32,"5":8,"6":32,"7":8,"8":1,"9":1,"10":1,"11":1},"f":{"0":8,"1":32,"2":32,"3":1,"4":1,"5":1,"6":1},"b":{"0":[8,24]},"_coverageSchema":"1a1c01bbd47fc00a2c39e90264f33305004495a9","hash":"32747ae8fe80481f6f3e9864f7d726af8ceec28b"}
,"D:\\Work\\Phincon\\caloried\\client\\src\\components\\ui\\Loader\\index.jsx": {"path":"D:\\Work\\Phincon\\caloried\\client\\src\\components\\ui\\Loader\\index.jsx","statementMap":{"0":{"start":{"line":7,"column":15},"end":{"line":17,"column":1}},"1":{"start":{"line":8,"column":2},"end":{"line":16,"column":8}},"2":{"start":{"line":19,"column":0},"end":{"line":21,"column":2}}},"fnMap":{"0":{"name":"(anonymous_0)","decl":{"start":{"line":7,"column":15},"end":{"line":7,"column":16}},"loc":{"start":{"line":8,"column":2},"end":{"line":16,"column":8}},"line":8}},"branchMap":{"0":{"loc":{"start":{"line":12,"column":28},"end":{"line":12,"column":46}},"type":"binary-expr","locations":[{"start":{"line":12,"column":28},"end":{"line":12,"column":37}},{"start":{"line":12,"column":41},"end":{"line":12,"column":46}}],"line":12}},"s":{"0":1,"1":3,"2":1},"f":{"0":3},"b":{"0":[3,1]},"_coverageSchema":"1a1c01bbd47fc00a2c39e90264f33305004495a9","hash":"bd660f689b1991dd821a3140407bcd94c08c4ea1"}
,"D:\\Work\\Phincon\\caloried\\client\\src\\components\\ui\\Logo\\index.jsx": {"path":"D:\\Work\\Phincon\\caloried\\client\\src\\components\\ui\\Logo\\index.jsx","statementMap":{"0":{"start":{"line":6,"column":13},"end":{"line":10,"column":1}},"1":{"start":{"line":7,"column":2},"end":{"line":9,"column":8}},"2":{"start":{"line":12,"column":0},"end":{"line":15,"column":2}}},"fnMap":{"0":{"name":"(anonymous_0)","decl":{"start":{"line":6,"column":13},"end":{"line":6,"column":14}},"loc":{"start":{"line":7,"column":2},"end":{"line":9,"column":8}},"line":7}},"branchMap":{},"s":{"0":1,"1":7,"2":1},"f":{"0":7},"b":{},"_coverageSchema":"1a1c01bbd47fc00a2c39e90264f33305004495a9","hash":"cacfd42376ba41ef2cd0792ba5df55fcd938639a"}
,"D:\\Work\\Phincon\\caloried\\client\\src\\components\\ui\\Navbar\\index.jsx": {"path":"D:\\Work\\Phincon\\caloried\\client\\src\\components\\ui\\Navbar\\index.jsx","statementMap":{"0":{"start":{"line":22,"column":15},"end":{"line":63,"column":1}},"1":{"start":{"line":23,"column":19},"end":{"line":23,"column":32}},"2":{"start":{"line":24,"column":19},"end":{"line":24,"column":32}},"3":{"start":{"line":26,"column":2},"end":{"line":30,"column":24}},"4":{"start":{"line":27,"column":4},"end":{"line":29,"column":5}},"5":{"start":{"line":28,"column":6},"end":{"line":28,"column":31}},"6":{"start":{"line":32,"column":2},"end":{"line":62,"column":4}},"7":{"start":{"line":36,"column":31},"end":{"line":36,"column":49}},"8":{"start":{"line":46,"column":84},"end":{"line":46,"column":104}},"9":{"start":{"line":49,"column":80},"end":{"line":49,"column":100}},"10":{"start":{"line":65,"column":0},"end":{"line":69,"column":2}},"11":{"start":{"line":71,"column":24},"end":{"line":74,"column":2}}},"fnMap":{"0":{"name":"(anonymous_0)","decl":{"start":{"line":22,"column":15},"end":{"line":22,"column":16}},"loc":{"start":{"line":22,"column":43},"end":{"line":63,"column":1}},"line":22},"1":{"name":"(anonymous_1)","decl":{"start":{"line":26,"column":12},"end":{"line":26,"column":13}},"loc":{"start":{"line":26,"column":18},"end":{"line":30,"column":3}},"line":26},"2":{"name":"(anonymous_2)","decl":{"start":{"line":36,"column":25},"end":{"line":36,"column":26}},"loc":{"start":{"line":36,"column":31},"end":{"line":36,"column":49}},"line":36},"3":{"name":"(anonymous_3)","decl":{"start":{"line":46,"column":78},"end":{"line":46,"column":79}},"loc":{"start":{"line":46,"column":84},"end":{"line":46,"column":104}},"line":46},"4":{"name":"(anonymous_4)","decl":{"start":{"line":49,"column":74},"end":{"line":49,"column":75}},"loc":{"start":{"line":49,"column":80},"end":{"line":49,"column":100}},"line":49}},"branchMap":{"0":{"loc":{"start":{"line":27,"column":4},"end":{"line":29,"column":5}},"type":"if","locations":[{"start":{"line":27,"column":4},"end":{"line":29,"column":5}},{"start":{},"end":{}}],"line":27},"1":{"loc":{"start":{"line":37,"column":11},"end":{"line":41,"column":11}},"type":"binary-expr","locations":[{"start":{"line":37,"column":11},"end":{"line":37,"column":15}},{"start":{"line":38,"column":12},"end":{"line":40,"column":18}}],"line":37},"2":{"loc":{"start":{"line":44,"column":11},"end":{"line":53,"column":11}},"type":"binary-expr","locations":[{"start":{"line":44,"column":11},"end":{"line":44,"column":16}},{"start":{"line":45,"column":12},"end":{"line":52,"column":18}}],"line":44},"3":{"loc":{"start":{"line":57,"column":13},"end":{"line":57,"column":48}},"type":"binary-expr","locations":[{"start":{"line":57,"column":13},"end":{"line":57,"column":17}},{"start":{"line":57,"column":21},"end":{"line":57,"column":48}}],"line":57}},"s":{"0":1,"1":7,"2":7,"3":7,"4":7,"5":0,"6":7,"7":0,"8":1,"9":1,"10":1,"11":1},"f":{"0":7,"1":7,"2":0,"3":1,"4":1},"b":{"0":[0,7],"1":[7,0],"2":[7,7],"3":[7,0]},"_coverageSchema":"1a1c01bbd47fc00a2c39e90264f33305004495a9","hash":"80004d5dd1414218d2fb6d3e5f29d55723e9c3fb"}
,"D:\\Work\\Phincon\\caloried\\client\\src\\components\\ui\\NutritionPopup\\index.jsx": {"path":"D:\\Work\\Phincon\\caloried\\client\\src\\components\\ui\\NutritionPopup\\index.jsx","statementMap":{"0":{"start":{"line":11,"column":23},"end":{"line":64,"column":1}},"1":{"start":{"line":12,"column":2},"end":{"line":63,"column":11}},"2":{"start":{"line":66,"column":0},"end":{"line":70,"column":2}}},"fnMap":{"0":{"name":"(anonymous_0)","decl":{"start":{"line":11,"column":23},"end":{"line":11,"column":24}},"loc":{"start":{"line":12,"column":2},"end":{"line":63,"column":11}},"line":12}},"branchMap":{},"s":{"0":1,"1":3,"2":1},"f":{"0":3},"b":{},"_coverageSchema":"1a1c01bbd47fc00a2c39e90264f33305004495a9","hash":"c6bca4b53e73edd6326d57107a05ab1112479fd7"}
,"D:\\Work\\Phincon\\caloried\\client\\src\\components\\ui\\PopupMessage\\Dialog.jsx": {"path":"D:\\Work\\Phincon\\caloried\\client\\src\\components\\ui\\PopupMessage\\Dialog.jsx","statementMap":{"0":{"start":{"line":9,"column":21},"end":{"line":23,"column":1}},"1":{"start":{"line":10,"column":2},"end":{"line":22,"column":4}},"2":{"start":{"line":25,"column":0},"end":{"line":30,"column":2}}},"fnMap":{"0":{"name":"(anonymous_0)","decl":{"start":{"line":9,"column":21},"end":{"line":9,"column":22}},"loc":{"start":{"line":9,"column":60},"end":{"line":23,"column":1}},"line":9}},"branchMap":{"0":{"loc":{"start":{"line":13,"column":30},"end":{"line":13,"column":62}},"type":"binary-expr","locations":[{"start":{"line":13,"column":30},"end":{"line":13,"column":35}},{"start":{"line":13,"column":39},"end":{"line":13,"column":62}}],"line":13},"1":{"loc":{"start":{"line":16,"column":30},"end":{"line":16,"column":66}},"type":"binary-expr","locations":[{"start":{"line":16,"column":30},"end":{"line":16,"column":37}},{"start":{"line":16,"column":41},"end":{"line":16,"column":66}}],"line":16}},"s":{"0":1,"1":3,"2":1},"f":{"0":3},"b":{"0":[3,0],"1":[3,0]},"_coverageSchema":"1a1c01bbd47fc00a2c39e90264f33305004495a9","hash":"1d3ccf538fc494a6b1520ea5b79dbd43c8ec0f5a"}
,"D:\\Work\\Phincon\\caloried\\client\\src\\components\\ui\\PrimaryButton\\index.jsx": {"path":"D:\\Work\\Phincon\\caloried\\client\\src\\components\\ui\\PrimaryButton\\index.jsx","statementMap":{"0":{"start":{"line":5,"column":22},"end":{"line":14,"column":1}},"1":{"start":{"line":6,"column":2},"end":{"line":13,"column":11}},"2":{"start":{"line":16,"column":0},"end":{"line":21,"column":2}}},"fnMap":{"0":{"name":"(anonymous_0)","decl":{"start":{"line":5,"column":22},"end":{"line":5,"column":23}},"loc":{"start":{"line":6,"column":2},"end":{"line":13,"column":11}},"line":6}},"branchMap":{"0":{"loc":{"start":{"line":5,"column":55},"end":{"line":5,"column":70}},"type":"default-arg","locations":[{"start":{"line":5,"column":66},"end":{"line":5,"column":70}}],"line":5},"1":{"loc":{"start":{"line":7,"column":10},"end":{"line":7,"column":40}},"type":"cond-expr","locations":[{"start":{"line":7,"column":21},"end":{"line":7,"column":29}},{"start":{"line":7,"column":32},"end":{"line":7,"column":40}}],"line":7}},"s":{"0":1,"1":7,"2":1},"f":{"0":7},"b":{"0":[7],"1":[7,0]},"_coverageSchema":"1a1c01bbd47fc00a2c39e90264f33305004495a9","hash":"2bbed334572dfc968b5578673da703522f283851"}
,"D:\\Work\\Phincon\\caloried\\client\\src\\components\\ui\\SearchBar\\index.jsx": {"path":"D:\\Work\\Phincon\\caloried\\client\\src\\components\\ui\\SearchBar\\index.jsx","statementMap":{"0":{"start":{"line":12,"column":18},"end":{"line":42,"column":1}},"1":{"start":{"line":13,"column":40},"end":{"line":13,"column":52}},"2":{"start":{"line":14,"column":19},"end":{"line":14,"column":32}},"3":{"start":{"line":15,"column":19},"end":{"line":15,"column":32}},"4":{"start":{"line":17,"column":23},"end":{"line":20,"column":3}},"5":{"start":{"line":18,"column":4},"end":{"line":18,"column":52}},"6":{"start":{"line":19,"column":4},"end":{"line":19,"column":32}},"7":{"start":{"line":22,"column":25},"end":{"line":26,"column":3}},"8":{"start":{"line":23,"column":4},"end":{"line":25,"column":5}},"9":{"start":{"line":24,"column":6},"end":{"line":24,"column":21}},"10":{"start":{"line":27,"column":2},"end":{"line":41,"column":4}},"11":{"start":{"line":34,"column":25},"end":{"line":34,"column":55}},"12":{"start":{"line":44,"column":0},"end":{"line":46,"column":2}}},"fnMap":{"0":{"name":"(anonymous_0)","decl":{"start":{"line":12,"column":18},"end":{"line":12,"column":19}},"loc":{"start":{"line":12,"column":51},"end":{"line":42,"column":1}},"line":12},"1":{"name":"(anonymous_1)","decl":{"start":{"line":17,"column":23},"end":{"line":17,"column":24}},"loc":{"start":{"line":17,"column":29},"end":{"line":20,"column":3}},"line":17},"2":{"name":"(anonymous_2)","decl":{"start":{"line":22,"column":25},"end":{"line":22,"column":26}},"loc":{"start":{"line":22,"column":36},"end":{"line":26,"column":3}},"line":22},"3":{"name":"(anonymous_3)","decl":{"start":{"line":34,"column":18},"end":{"line":34,"column":19}},"loc":{"start":{"line":34,"column":25},"end":{"line":34,"column":55}},"line":34}},"branchMap":{"0":{"loc":{"start":{"line":23,"column":4},"end":{"line":25,"column":5}},"type":"if","locations":[{"start":{"line":23,"column":4},"end":{"line":25,"column":5}},{"start":{},"end":{}}],"line":23}},"s":{"0":2,"1":8,"2":8,"3":8,"4":8,"5":0,"6":0,"7":8,"8":0,"9":0,"10":8,"11":0,"12":2},"f":{"0":8,"1":0,"2":0,"3":0},"b":{"0":[0,0]},"_coverageSchema":"1a1c01bbd47fc00a2c39e90264f33305004495a9","hash":"420592aa0451767fe6455e4cab7f950e49cf0cf0"}
,"D:\\Work\\Phincon\\caloried\\client\\src\\components\\ui\\SecondaryButton\\index.jsx": {"path":"D:\\Work\\Phincon\\caloried\\client\\src\\components\\ui\\SecondaryButton\\index.jsx","statementMap":{"0":{"start":{"line":5,"column":24},"end":{"line":9,"column":1}},"1":{"start":{"line":6,"column":2},"end":{"line":8,"column":11}},"2":{"start":{"line":11,"column":0},"end":{"line":15,"column":2}}},"fnMap":{"0":{"name":"(anonymous_0)","decl":{"start":{"line":5,"column":24},"end":{"line":5,"column":25}},"loc":{"start":{"line":6,"column":2},"end":{"line":8,"column":11}},"line":6}},"branchMap":{},"s":{"0":1,"1":7,"2":1},"f":{"0":7},"b":{},"_coverageSchema":"1a1c01bbd47fc00a2c39e90264f33305004495a9","hash":"0ef7a1f86d4c11ebffce8e6a3179c67ec3456fc6"}
,"D:\\Work\\Phincon\\caloried\\client\\src\\components\\ui\\Sidebar\\index.jsx": {"path":"D:\\Work\\Phincon\\caloried\\client\\src\\components\\ui\\Sidebar\\index.jsx","statementMap":{"0":{"start":{"line":10,"column":16},"end":{"line":71,"column":1}},"1":{"start":{"line":11,"column":30},"end":{"line":11,"column":45}},"2":{"start":{"line":12,"column":19},"end":{"line":12,"column":32}},"3":{"start":{"line":13,"column":19},"end":{"line":13,"column":32}},"4":{"start":{"line":15,"column":24},"end":{"line":17,"column":3}},"5":{"start":{"line":16,"column":4},"end":{"line":16,"column":23}},"6":{"start":{"line":19,"column":19},"end":{"line":19,"column":55}},"7":{"start":{"line":19,"column":29},"end":{"line":19,"column":55}},"8":{"start":{"line":21,"column":27},"end":{"line":21,"column":103}},"9":{"start":{"line":21,"column":37},"end":{"line":21,"column":103}},"10":{"start":{"line":23,"column":2},"end":{"line":70,"column":4}},"11":{"start":{"line":29,"column":27},"end":{"line":29,"column":49}},"12":{"start":{"line":38,"column":27},"end":{"line":38,"column":45}},"13":{"start":{"line":47,"column":27},"end":{"line":47,"column":46}},"14":{"start":{"line":56,"column":27},"end":{"line":56,"column":47}},"15":{"start":{"line":73,"column":0},"end":{"line":75,"column":2}}},"fnMap":{"0":{"name":"(anonymous_0)","decl":{"start":{"line":10,"column":16},"end":{"line":10,"column":17}},"loc":{"start":{"line":10,"column":49},"end":{"line":71,"column":1}},"line":10},"1":{"name":"(anonymous_1)","decl":{"start":{"line":15,"column":24},"end":{"line":15,"column":25}},"loc":{"start":{"line":15,"column":30},"end":{"line":17,"column":3}},"line":15},"2":{"name":"(anonymous_2)","decl":{"start":{"line":19,"column":19},"end":{"line":19,"column":20}},"loc":{"start":{"line":19,"column":29},"end":{"line":19,"column":55}},"line":19},"3":{"name":"(anonymous_3)","decl":{"start":{"line":21,"column":27},"end":{"line":21,"column":28}},"loc":{"start":{"line":21,"column":37},"end":{"line":21,"column":103}},"line":21},"4":{"name":"(anonymous_4)","decl":{"start":{"line":29,"column":21},"end":{"line":29,"column":22}},"loc":{"start":{"line":29,"column":27},"end":{"line":29,"column":49}},"line":29},"5":{"name":"(anonymous_5)","decl":{"start":{"line":38,"column":21},"end":{"line":38,"column":22}},"loc":{"start":{"line":38,"column":27},"end":{"line":38,"column":45}},"line":38},"6":{"name":"(anonymous_6)","decl":{"start":{"line":47,"column":21},"end":{"line":47,"column":22}},"loc":{"start":{"line":47,"column":27},"end":{"line":47,"column":46}},"line":47},"7":{"name":"(anonymous_7)","decl":{"start":{"line":56,"column":21},"end":{"line":56,"column":22}},"loc":{"start":{"line":56,"column":27},"end":{"line":56,"column":47}},"line":56}},"branchMap":{"0":{"loc":{"start":{"line":21,"column":65},"end":{"line":21,"column":101}},"type":"cond-expr","locations":[{"start":{"line":21,"column":82},"end":{"line":21,"column":96}},{"start":{"line":21,"column":99},"end":{"line":21,"column":101}}],"line":21},"1":{"loc":{"start":{"line":25,"column":7},"end":{"line":64,"column":7}},"type":"binary-expr","locations":[{"start":{"line":25,"column":7},"end":{"line":25,"column":13}},{"start":{"line":26,"column":8},"end":{"line":63,"column":14}}],"line":25},"2":{"loc":{"start":{"line":67,"column":9},"end":{"line":67,"column":52}},"type":"cond-expr","locations":[{"start":{"line":67,"column":18},"end":{"line":67,"column":33}},{"start":{"line":67,"column":36},"end":{"line":67,"column":52}}],"line":67}},"s":{"0":1,"1":15,"2":15,"3":15,"4":15,"5":7,"6":15,"7":32,"8":15,"9":32,"10":15,"11":1,"12":1,"13":1,"14":1,"15":1},"f":{"0":15,"1":7,"2":32,"3":32,"4":1,"5":1,"6":1,"7":1},"b":{"0":[8,24],"1":[15,8],"2":[8,7]},"_coverageSchema":"1a1c01bbd47fc00a2c39e90264f33305004495a9","hash":"c4b7c68e26d85ac25977b8bb2ef47c847723937a"}
,"D:\\Work\\Phincon\\caloried\\client\\src\\components\\ui\\ThemeToggle\\index.jsx": {"path":"D:\\Work\\Phincon\\caloried\\client\\src\\components\\ui\\ThemeToggle\\index.jsx","statementMap":{"0":{"start":{"line":9,"column":20},"end":{"line":21,"column":1}},"1":{"start":{"line":10,"column":19},"end":{"line":10,"column":32}},"2":{"start":{"line":12,"column":22},"end":{"line":14,"column":3}},"3":{"start":{"line":13,"column":4},"end":{"line":13,"column":61}},"4":{"start":{"line":16,"column":2},"end":{"line":20,"column":4}},"5":{"start":{"line":23,"column":0},"end":{"line":25,"column":2}}},"fnMap":{"0":{"name":"(anonymous_0)","decl":{"start":{"line":9,"column":20},"end":{"line":9,"column":21}},"loc":{"start":{"line":9,"column":35},"end":{"line":21,"column":1}},"line":9},"1":{"name":"(anonymous_1)","decl":{"start":{"line":12,"column":22},"end":{"line":12,"column":23}},"loc":{"start":{"line":12,"column":28},"end":{"line":14,"column":3}},"line":12}},"branchMap":{"0":{"loc":{"start":{"line":13,"column":22},"end":{"line":13,"column":58}},"type":"cond-expr","locations":[{"start":{"line":13,"column":42},"end":{"line":13,"column":48}},{"start":{"line":13,"column":51},"end":{"line":13,"column":58}}],"line":13},"1":{"loc":{"start":{"line":18,"column":7},"end":{"line":18,"column":57}},"type":"cond-expr","locations":[{"start":{"line":18,"column":27},"end":{"line":18,"column":41}},{"start":{"line":18,"column":44},"end":{"line":18,"column":57}}],"line":18}},"s":{"0":1,"1":7,"2":7,"3":0,"4":7,"5":1},"f":{"0":7,"1":0},"b":{"0":[0,0],"1":[7,0]},"_coverageSchema":"1a1c01bbd47fc00a2c39e90264f33305004495a9","hash":"e27c55add7be0f03939352900a2b8aad9fc75cf3"}
,"D:\\Work\\Phincon\\caloried\\client\\src\\components\\ui\\TranslateDropdown\\index.jsx": {"path":"D:\\Work\\Phincon\\caloried\\client\\src\\components\\ui\\TranslateDropdown\\index.jsx","statementMap":{"0":{"start":{"line":14,"column":26},"end":{"line":61,"column":1}},"1":{"start":{"line":15,"column":19},"end":{"line":15,"column":32}},"2":{"start":{"line":16,"column":42},"end":{"line":16,"column":56}},"3":{"start":{"line":17,"column":15},"end":{"line":17,"column":36}},"4":{"start":{"line":19,"column":22},"end":{"line":21,"column":3}},"5":{"start":{"line":20,"column":4},"end":{"line":20,"column":41}},"6":{"start":{"line":23,"column":22},"end":{"line":25,"column":3}},"7":{"start":{"line":24,"column":4},"end":{"line":24,"column":26}},"8":{"start":{"line":27,"column":23},"end":{"line":32,"column":3}},"9":{"start":{"line":28,"column":4},"end":{"line":30,"column":5}},"10":{"start":{"line":29,"column":6},"end":{"line":29,"column":32}},"11":{"start":{"line":31,"column":4},"end":{"line":31,"column":18}},"12":{"start":{"line":34,"column":2},"end":{"line":60,"column":4}},"13":{"start":{"line":42,"column":33},"end":{"line":42,"column":51}},"14":{"start":{"line":50,"column":33},"end":{"line":50,"column":51}},"15":{"start":{"line":63,"column":0},"end":{"line":65,"column":2}},"16":{"start":{"line":67,"column":24},"end":{"line":69,"column":2}}},"fnMap":{"0":{"name":"(anonymous_0)","decl":{"start":{"line":14,"column":26},"end":{"line":14,"column":27}},"loc":{"start":{"line":14,"column":42},"end":{"line":61,"column":1}},"line":14},"1":{"name":"(anonymous_1)","decl":{"start":{"line":19,"column":22},"end":{"line":19,"column":23}},"loc":{"start":{"line":19,"column":33},"end":{"line":21,"column":3}},"line":19},"2":{"name":"(anonymous_2)","decl":{"start":{"line":23,"column":22},"end":{"line":23,"column":23}},"loc":{"start":{"line":23,"column":28},"end":{"line":25,"column":3}},"line":23},"3":{"name":"(anonymous_3)","decl":{"start":{"line":27,"column":23},"end":{"line":27,"column":24}},"loc":{"start":{"line":27,"column":33},"end":{"line":32,"column":3}},"line":27},"4":{"name":"(anonymous_4)","decl":{"start":{"line":42,"column":27},"end":{"line":42,"column":28}},"loc":{"start":{"line":42,"column":33},"end":{"line":42,"column":51}},"line":42},"5":{"name":"(anonymous_5)","decl":{"start":{"line":50,"column":27},"end":{"line":50,"column":28}},"loc":{"start":{"line":50,"column":33},"end":{"line":50,"column":51}},"line":50}},"branchMap":{"0":{"loc":{"start":{"line":28,"column":4},"end":{"line":30,"column":5}},"type":"if","locations":[{"start":{"line":28,"column":4},"end":{"line":30,"column":5}},{"start":{},"end":{}}],"line":28},"1":{"loc":{"start":{"line":37,"column":48},"end":{"line":37,"column":87}},"type":"cond-expr","locations":[{"start":{"line":37,"column":66},"end":{"line":37,"column":75}},{"start":{"line":37,"column":78},"end":{"line":37,"column":87}}],"line":37}},"s":{"0":1,"1":7,"2":7,"3":7,"4":7,"5":0,"6":7,"7":0,"8":7,"9":0,"10":0,"11":0,"12":7,"13":0,"14":0,"15":1,"16":1},"f":{"0":7,"1":0,"2":0,"3":0,"4":0,"5":0},"b":{"0":[0,0],"1":[7,0]},"_coverageSchema":"1a1c01bbd47fc00a2c39e90264f33305004495a9","hash":"35bb1cae9f839bd8450a82079d3efe1ddbde5042"}
,"D:\\Work\\Phincon\\caloried\\client\\src\\containers\\Client\\actions.js": {"path":"D:\\Work\\Phincon\\caloried\\client\\src\\containers\\Client\\actions.js","statementMap":{"0":{"start":{"line":16,"column":24},"end":{"line":19,"column":2}},"1":{"start":{"line":16,"column":36},"end":{"line":19,"column":1}},"2":{"start":{"line":21,"column":24},"end":{"line":24,"column":2}},"3":{"start":{"line":21,"column":36},"end":{"line":24,"column":1}},"4":{"start":{"line":26,"column":24},"end":{"line":30,"column":2}},"5":{"start":{"line":26,"column":45},"end":{"line":30,"column":1}},"6":{"start":{"line":32,"column":39},"end":{"line":36,"column":2}},"7":{"start":{"line":32,"column":60},"end":{"line":36,"column":1}},"8":{"start":{"line":38,"column":21},"end":{"line":42,"column":2}},"9":{"start":{"line":38,"column":42},"end":{"line":42,"column":1}},"10":{"start":{"line":44,"column":26},"end":{"line":48,"column":2}},"11":{"start":{"line":44,"column":47},"end":{"line":48,"column":1}},"12":{"start":{"line":50,"column":29},"end":{"line":53,"column":2}},"13":{"start":{"line":50,"column":48},"end":{"line":53,"column":1}},"14":{"start":{"line":55,"column":29},"end":{"line":58,"column":2}},"15":{"start":{"line":55,"column":46},"end":{"line":58,"column":1}},"16":{"start":{"line":60,"column":26},"end":{"line":62,"column":2}},"17":{"start":{"line":60,"column":33},"end":{"line":62,"column":1}},"18":{"start":{"line":64,"column":25},"end":{"line":69,"column":2}},"19":{"start":{"line":64,"column":52},"end":{"line":69,"column":1}},"20":{"start":{"line":71,"column":30},"end":{"line":74,"column":2}},"21":{"start":{"line":71,"column":42},"end":{"line":74,"column":1}},"22":{"start":{"line":76,"column":29},"end":{"line":80,"column":2}},"23":{"start":{"line":76,"column":50},"end":{"line":80,"column":1}}},"fnMap":{"0":{"name":"(anonymous_0)","decl":{"start":{"line":16,"column":24},"end":{"line":16,"column":25}},"loc":{"start":{"line":16,"column":36},"end":{"line":19,"column":1}},"line":16},"1":{"name":"(anonymous_1)","decl":{"start":{"line":21,"column":24},"end":{"line":21,"column":25}},"loc":{"start":{"line":21,"column":36},"end":{"line":24,"column":1}},"line":21},"2":{"name":"(anonymous_2)","decl":{"start":{"line":26,"column":24},"end":{"line":26,"column":25}},"loc":{"start":{"line":26,"column":45},"end":{"line":30,"column":1}},"line":26},"3":{"name":"(anonymous_3)","decl":{"start":{"line":32,"column":39},"end":{"line":32,"column":40}},"loc":{"start":{"line":32,"column":60},"end":{"line":36,"column":1}},"line":32},"4":{"name":"(anonymous_4)","decl":{"start":{"line":38,"column":21},"end":{"line":38,"column":22}},"loc":{"start":{"line":38,"column":42},"end":{"line":42,"column":1}},"line":38},"5":{"name":"(anonymous_5)","decl":{"start":{"line":44,"column":26},"end":{"line":44,"column":27}},"loc":{"start":{"line":44,"column":47},"end":{"line":48,"column":1}},"line":44},"6":{"name":"(anonymous_6)","decl":{"start":{"line":50,"column":29},"end":{"line":50,"column":30}},"loc":{"start":{"line":50,"column":48},"end":{"line":53,"column":1}},"line":50},"7":{"name":"(anonymous_7)","decl":{"start":{"line":55,"column":29},"end":{"line":55,"column":30}},"loc":{"start":{"line":55,"column":46},"end":{"line":58,"column":1}},"line":55},"8":{"name":"(anonymous_8)","decl":{"start":{"line":60,"column":26},"end":{"line":60,"column":27}},"loc":{"start":{"line":60,"column":33},"end":{"line":62,"column":1}},"line":60},"9":{"name":"(anonymous_9)","decl":{"start":{"line":64,"column":25},"end":{"line":64,"column":26}},"loc":{"start":{"line":64,"column":52},"end":{"line":69,"column":1}},"line":64},"10":{"name":"(anonymous_10)","decl":{"start":{"line":71,"column":30},"end":{"line":71,"column":31}},"loc":{"start":{"line":71,"column":42},"end":{"line":74,"column":1}},"line":71},"11":{"name":"(anonymous_11)","decl":{"start":{"line":76,"column":29},"end":{"line":76,"column":30}},"loc":{"start":{"line":76,"column":50},"end":{"line":80,"column":1}},"line":76}},"branchMap":{},"s":{"0":10,"1":0,"2":10,"3":0,"4":10,"5":0,"6":10,"7":0,"8":10,"9":0,"10":10,"11":0,"12":10,"13":0,"14":10,"15":0,"16":10,"17":0,"18":10,"19":0,"20":10,"21":0,"22":10,"23":0},"f":{"0":0,"1":0,"2":0,"3":0,"4":0,"5":0,"6":0,"7":0,"8":0,"9":0,"10":0,"11":0},"b":{},"_coverageSchema":"1a1c01bbd47fc00a2c39e90264f33305004495a9","hash":"4130769b58164360c96c5bb4f7c06fb973379fe4"}
,"D:\\Work\\Phincon\\caloried\\client\\src\\containers\\Client\\saga.js": {"path":"D:\\Work\\Phincon\\caloried\\client\\src\\containers\\Client\\saga.js","statementMap":{"0":{"start":{"line":27,"column":2},"end":{"line":27,"column":30}},"1":{"start":{"line":28,"column":2},"end":{"line":41,"column":3}},"2":{"start":{"line":29,"column":4},"end":{"line":29,"column":89}},"3":{"start":{"line":30,"column":21},"end":{"line":30,"column":50}},"4":{"start":{"line":31,"column":4},"end":{"line":31,"column":25}},"5":{"start":{"line":32,"column":4},"end":{"line":32,"column":37}},"6":{"start":{"line":34,"column":4},"end":{"line":38,"column":5}},"7":{"start":{"line":35,"column":6},"end":{"line":35,"column":47}},"8":{"start":{"line":37,"column":6},"end":{"line":37,"column":29}},"9":{"start":{"line":40,"column":4},"end":{"line":40,"column":33}},"10":{"start":{"line":45,"column":2},"end":{"line":45,"column":30}},"11":{"start":{"line":46,"column":2},"end":{"line":58,"column":3}},"12":{"start":{"line":47,"column":21},"end":{"line":47,"column":65}},"13":{"start":{"line":48,"column":4},"end":{"line":48,"column":37}},"14":{"start":{"line":49,"column":4},"end":{"line":49,"column":25}},"15":{"start":{"line":51,"column":4},"end":{"line":55,"column":5}},"16":{"start":{"line":52,"column":6},"end":{"line":52,"column":47}},"17":{"start":{"line":54,"column":6},"end":{"line":54,"column":29}},"18":{"start":{"line":57,"column":4},"end":{"line":57,"column":33}},"19":{"start":{"line":62,"column":2},"end":{"line":62,"column":30}},"20":{"start":{"line":63,"column":2},"end":{"line":79,"column":3}},"21":{"start":{"line":64,"column":4},"end":{"line":64,"column":89}},"22":{"start":{"line":65,"column":21},"end":{"line":65,"column":47}},"23":{"start":{"line":67,"column":4},"end":{"line":67,"column":30}},"24":{"start":{"line":68,"column":4},"end":{"line":68,"column":40}},"25":{"start":{"line":69,"column":4},"end":{"line":69,"column":50}},"26":{"start":{"line":70,"column":4},"end":{"line":70,"column":25}},"27":{"start":{"line":72,"column":4},"end":{"line":76,"column":5}},"28":{"start":{"line":73,"column":6},"end":{"line":73,"column":47}},"29":{"start":{"line":75,"column":6},"end":{"line":75,"column":29}},"30":{"start":{"line":78,"column":4},"end":{"line":78,"column":33}},"31":{"start":{"line":83,"column":2},"end":{"line":83,"column":30}},"32":{"start":{"line":84,"column":2},"end":{"line":99,"column":3}},"33":{"start":{"line":85,"column":4},"end":{"line":85,"column":89}},"34":{"start":{"line":86,"column":21},"end":{"line":86,"column":52}},"35":{"start":{"line":88,"column":4},"end":{"line":88,"column":35}},"36":{"start":{"line":89,"column":4},"end":{"line":89,"column":40}},"37":{"start":{"line":90,"column":4},"end":{"line":90,"column":25}},"38":{"start":{"line":92,"column":4},"end":{"line":96,"column":5}},"39":{"start":{"line":93,"column":6},"end":{"line":93,"column":47}},"40":{"start":{"line":95,"column":6},"end":{"line":95,"column":29}},"41":{"start":{"line":98,"column":4},"end":{"line":98,"column":33}},"42":{"start":{"line":103,"column":2},"end":{"line":103,"column":30}},"43":{"start":{"line":104,"column":2},"end":{"line":115,"column":3}},"44":{"start":{"line":105,"column":4},"end":{"line":105,"column":45}},"45":{"start":{"line":106,"column":4},"end":{"line":106,"column":25}},"46":{"start":{"line":108,"column":4},"end":{"line":112,"column":5}},"47":{"start":{"line":109,"column":6},"end":{"line":109,"column":47}},"48":{"start":{"line":111,"column":6},"end":{"line":111,"column":29}},"49":{"start":{"line":114,"column":4},"end":{"line":114,"column":33}},"50":{"start":{"line":119,"column":2},"end":{"line":119,"column":30}},"51":{"start":{"line":120,"column":2},"end":{"line":131,"column":3}},"52":{"start":{"line":121,"column":21},"end":{"line":121,"column":57}},"53":{"start":{"line":122,"column":4},"end":{"line":122,"column":36}},"54":{"start":{"line":124,"column":4},"end":{"line":128,"column":5}},"55":{"start":{"line":125,"column":6},"end":{"line":125,"column":47}},"56":{"start":{"line":127,"column":6},"end":{"line":127,"column":29}},"57":{"start":{"line":130,"column":4},"end":{"line":130,"column":33}},"58":{"start":{"line":135,"column":2},"end":{"line":135,"column":30}},"59":{"start":{"line":136,"column":2},"end":{"line":147,"column":3}},"60":{"start":{"line":137,"column":4},"end":{"line":137,"column":95}},"61":{"start":{"line":138,"column":21},"end":{"line":138,"column":55}},"62":{"start":{"line":139,"column":4},"end":{"line":139,"column":36}},"63":{"start":{"line":140,"column":4},"end":{"line":140,"column":25}},"64":{"start":{"line":142,"column":4},"end":{"line":146,"column":5}},"65":{"start":{"line":143,"column":6},"end":{"line":143,"column":47}},"66":{"start":{"line":145,"column":6},"end":{"line":145,"column":29}},"67":{"start":{"line":148,"column":2},"end":{"line":148,"column":31}},"68":{"start":{"line":152,"column":2},"end":{"line":152,"column":41}},"69":{"start":{"line":153,"column":2},"end":{"line":153,"column":73}},"70":{"start":{"line":154,"column":2},"end":{"line":154,"column":35}},"71":{"start":{"line":155,"column":2},"end":{"line":155,"column":46}},"72":{"start":{"line":156,"column":2},"end":{"line":156,"column":44}},"73":{"start":{"line":157,"column":2},"end":{"line":157,"column":54}},"74":{"start":{"line":158,"column":2},"end":{"line":158,"column":52}}},"fnMap":{"0":{"name":"doRegister","decl":{"start":{"line":26,"column":10},"end":{"line":26,"column":20}},"loc":{"start":{"line":26,"column":41},"end":{"line":42,"column":1}},"line":26},"1":{"name":"doResendVerificationEmail","decl":{"start":{"line":44,"column":10},"end":{"line":44,"column":35}},"loc":{"start":{"line":44,"column":56},"end":{"line":59,"column":1}},"line":44},"2":{"name":"doLogin","decl":{"start":{"line":61,"column":10},"end":{"line":61,"column":17}},"loc":{"start":{"line":61,"column":38},"end":{"line":80,"column":1}},"line":61},"3":{"name":"doAdminLogin","decl":{"start":{"line":82,"column":10},"end":{"line":82,"column":22}},"loc":{"start":{"line":82,"column":43},"end":{"line":100,"column":1}},"line":82},"4":{"name":"doVerifyOtp","decl":{"start":{"line":102,"column":10},"end":{"line":102,"column":21}},"loc":{"start":{"line":102,"column":48},"end":{"line":116,"column":1}},"line":102},"5":{"name":"doForgotPassword","decl":{"start":{"line":118,"column":10},"end":{"line":118,"column":26}},"loc":{"start":{"line":118,"column":38},"end":{"line":132,"column":1}},"line":118},"6":{"name":"doResetPassword","decl":{"start":{"line":134,"column":10},"end":{"line":134,"column":25}},"loc":{"start":{"line":134,"column":46},"end":{"line":149,"column":1}},"line":134},"7":{"name":"clientSaga","decl":{"start":{"line":151,"column":25},"end":{"line":151,"column":35}},"loc":{"start":{"line":151,"column":38},"end":{"line":159,"column":1}},"line":151}},"branchMap":{"0":{"loc":{"start":{"line":34,"column":4},"end":{"line":38,"column":5}},"type":"if","locations":[{"start":{"line":34,"column":4},"end":{"line":38,"column":5}},{"start":{"line":36,"column":11},"end":{"line":38,"column":5}}],"line":34},"1":{"loc":{"start":{"line":34,"column":8},"end":{"line":34,"column":45}},"type":"binary-expr","locations":[{"start":{"line":34,"column":8},"end":{"line":34,"column":22}},{"start":{"line":34,"column":26},"end":{"line":34,"column":45}}],"line":34},"2":{"loc":{"start":{"line":51,"column":4},"end":{"line":55,"column":5}},"type":"if","locations":[{"start":{"line":51,"column":4},"end":{"line":55,"column":5}},{"start":{"line":53,"column":11},"end":{"line":55,"column":5}}],"line":51},"3":{"loc":{"start":{"line":51,"column":8},"end":{"line":51,"column":45}},"type":"binary-expr","locations":[{"start":{"line":51,"column":8},"end":{"line":51,"column":22}},{"start":{"line":51,"column":26},"end":{"line":51,"column":45}}],"line":51},"4":{"loc":{"start":{"line":72,"column":4},"end":{"line":76,"column":5}},"type":"if","locations":[{"start":{"line":72,"column":4},"end":{"line":76,"column":5}},{"start":{"line":74,"column":11},"end":{"line":76,"column":5}}],"line":72},"5":{"loc":{"start":{"line":72,"column":8},"end":{"line":72,"column":45}},"type":"binary-expr","locations":[{"start":{"line":72,"column":8},"end":{"line":72,"column":22}},{"start":{"line":72,"column":26},"end":{"line":72,"column":45}}],"line":72},"6":{"loc":{"start":{"line":92,"column":4},"end":{"line":96,"column":5}},"type":"if","locations":[{"start":{"line":92,"column":4},"end":{"line":96,"column":5}},{"start":{"line":94,"column":11},"end":{"line":96,"column":5}}],"line":92},"7":{"loc":{"start":{"line":92,"column":8},"end":{"line":92,"column":45}},"type":"binary-expr","locations":[{"start":{"line":92,"column":8},"end":{"line":92,"column":22}},{"start":{"line":92,"column":26},"end":{"line":92,"column":45}}],"line":92},"8":{"loc":{"start":{"line":108,"column":4},"end":{"line":112,"column":5}},"type":"if","locations":[{"start":{"line":108,"column":4},"end":{"line":112,"column":5}},{"start":{"line":110,"column":11},"end":{"line":112,"column":5}}],"line":108},"9":{"loc":{"start":{"line":108,"column":8},"end":{"line":108,"column":45}},"type":"binary-expr","locations":[{"start":{"line":108,"column":8},"end":{"line":108,"column":22}},{"start":{"line":108,"column":26},"end":{"line":108,"column":45}}],"line":108},"10":{"loc":{"start":{"line":124,"column":4},"end":{"line":128,"column":5}},"type":"if","locations":[{"start":{"line":124,"column":4},"end":{"line":128,"column":5}},{"start":{"line":126,"column":11},"end":{"line":128,"column":5}}],"line":124},"11":{"loc":{"start":{"line":124,"column":8},"end":{"line":124,"column":45}},"type":"binary-expr","locations":[{"start":{"line":124,"column":8},"end":{"line":124,"column":22}},{"start":{"line":124,"column":26},"end":{"line":124,"column":45}}],"line":124},"12":{"loc":{"start":{"line":142,"column":4},"end":{"line":146,"column":5}},"type":"if","locations":[{"start":{"line":142,"column":4},"end":{"line":146,"column":5}},{"start":{"line":144,"column":11},"end":{"line":146,"column":5}}],"line":142},"13":{"loc":{"start":{"line":142,"column":8},"end":{"line":142,"column":45}},"type":"binary-expr","locations":[{"start":{"line":142,"column":8},"end":{"line":142,"column":22}},{"start":{"line":142,"column":26},"end":{"line":142,"column":45}}],"line":142}},"s":{"0":0,"1":0,"2":0,"3":0,"4":0,"5":0,"6":0,"7":0,"8":0,"9":0,"10":0,"11":0,"12":0,"13":0,"14":0,"15":0,"16":0,"17":0,"18":0,"19":0,"20":0,"21":0,"22":0,"23":0,"24":0,"25":0,"26":0,"27":0,"28":0,"29":0,"30":0,"31":0,"32":0,"33":0,"34":0,"35":0,"36":0,"37":0,"38":0,"39":0,"40":0,"41":0,"42":0,"43":0,"44":0,"45":0,"46":0,"47":0,"48":0,"49":0,"50":0,"51":0,"52":0,"53":0,"54":0,"55":0,"56":0,"57":0,"58":0,"59":0,"60":0,"61":0,"62":0,"63":0,"64":0,"65":0,"66":0,"67":0,"68":10,"69":10,"70":10,"71":10,"72":10,"73":10,"74":10},"f":{"0":0,"1":0,"2":0,"3":0,"4":0,"5":0,"6":0,"7":10},"b":{"0":[0,0],"1":[0,0],"2":[0,0],"3":[0,0],"4":[0,0],"5":[0,0],"6":[0,0],"7":[0,0],"8":[0,0],"9":[0,0],"10":[0,0],"11":[0,0],"12":[0,0],"13":[0,0]},"_coverageSchema":"1a1c01bbd47fc00a2c39e90264f33305004495a9","hash":"1b80700e5c8cc6ef01b5d2c79b18f89f058ad819"}
,"D:\\Work\\Phincon\\caloried\\client\\src\\containers\\Language\\constants.js": {"path":"D:\\Work\\Phincon\\caloried\\client\\src\\containers\\Language\\constants.js","statementMap":{"0":{"start":{"line":1,"column":28},"end":{"line":1,"column":51}},"1":{"start":{"line":2,"column":30},"end":{"line":2,"column":34}}},"fnMap":{},"branchMap":{},"s":{"0":10,"1":10},"f":{},"b":{},"_coverageSchema":"1a1c01bbd47fc00a2c39e90264f33305004495a9","hash":"8b36f0af8fd00207df845cc787f34dbb17a36430"}
,"D:\\Work\\Phincon\\caloried\\client\\src\\languages\\en.js": {"path":"D:\\Work\\Phincon\\caloried\\client\\src\\languages\\en.js","statementMap":{},"fnMap":{},"branchMap":{},"s":{},"f":{},"b":{},"_coverageSchema":"1a1c01bbd47fc00a2c39e90264f33305004495a9","hash":"1122d25664d82e9018f650a2a902156b21dadaeb"}
,"D:\\Work\\Phincon\\caloried\\client\\src\\languages\\id.js": {"path":"D:\\Work\\Phincon\\caloried\\client\\src\\languages\\id.js","statementMap":{},"fnMap":{},"branchMap":{},"s":{},"f":{},"b":{},"_coverageSchema":"1a1c01bbd47fc00a2c39e90264f33305004495a9","hash":"798cc0e0f115006f8ce8ee60a4050cbc2a7cb77f"}
,"D:\\Work\\Phincon\\caloried\\client\\src\\utils\\request.js": {"path":"D:\\Work\\Phincon\\caloried\\client\\src\\utils\\request.js","statementMap":{"0":{"start":{"line":6,"column":0},"end":{"line":13,"column":3}},"1":{"start":{"line":7,"column":16},"end":{"line":7,"column":32}},"2":{"start":{"line":8,"column":20},"end":{"line":8,"column":32}},"3":{"start":{"line":9,"column":2},"end":{"line":11,"column":3}},"4":{"start":{"line":10,"column":4},"end":{"line":10,"column":56}},"5":{"start":{"line":12,"column":2},"end":{"line":12,"column":19}},"6":{"start":{"line":15,"column":0},"end":{"line":24,"column":2}},"7":{"start":{"line":16,"column":16},"end":{"line":16,"column":24}},"8":{"start":{"line":18,"column":25},"end":{"line":18,"column":30}},"9":{"start":{"line":19,"column":4},"end":{"line":21,"column":5}},"10":{"start":{"line":20,"column":6},"end":{"line":20,"column":29}},"11":{"start":{"line":22,"column":4},"end":{"line":22,"column":33}},"12":{"start":{"line":26,"column":16},"end":{"line":26,"column":43}},"13":{"start":{"line":26,"column":29},"end":{"line":26,"column":43}}},"fnMap":{"0":{"name":"(anonymous_0)","decl":{"start":{"line":6,"column":31},"end":{"line":6,"column":32}},"loc":{"start":{"line":6,"column":46},"end":{"line":13,"column":1}},"line":6},"1":{"name":"(anonymous_1)","decl":{"start":{"line":16,"column":2},"end":{"line":16,"column":3}},"loc":{"start":{"line":16,"column":16},"end":{"line":16,"column":24}},"line":16},"2":{"name":"(anonymous_2)","decl":{"start":{"line":17,"column":2},"end":{"line":17,"column":3}},"loc":{"start":{"line":17,"column":19},"end":{"line":23,"column":3}},"line":17},"3":{"name":"(anonymous_3)","decl":{"start":{"line":26,"column":16},"end":{"line":26,"column":17}},"loc":{"start":{"line":26,"column":29},"end":{"line":26,"column":43}},"line":26}},"branchMap":{"0":{"loc":{"start":{"line":9,"column":2},"end":{"line":11,"column":3}},"type":"if","locations":[{"start":{"line":9,"column":2},"end":{"line":11,"column":3}},{"start":{},"end":{}}],"line":9},"1":{"loc":{"start":{"line":19,"column":4},"end":{"line":21,"column":5}},"type":"if","locations":[{"start":{"line":19,"column":4},"end":{"line":21,"column":5}},{"start":{},"end":{}}],"line":19}},"s":{"0":10,"1":0,"2":0,"3":0,"4":0,"5":0,"6":10,"7":0,"8":0,"9":0,"10":0,"11":0,"12":10,"13":0},"f":{"0":0,"1":0,"2":0,"3":0},"b":{"0":[0,0],"1":[0,0]},"_coverageSchema":"1a1c01bbd47fc00a2c39e90264f33305004495a9","hash":"8df553ef42c1d781286cee93d2cc2696be3da947"}
,"D:\\Work\\Phincon\\caloried\\client\\src\\utils\\testHelper.js": {"path":"D:\\Work\\Phincon\\caloried\\client\\src\\utils\\testHelper.js","statementMap":{"0":{"start":{"line":12,"column":17},"end":{"line":15,"column":1}},"1":{"start":{"line":17,"column":20},"end":{"line":23,"column":1}},"2":{"start":{"line":18,"column":2},"end":{"line":22,"column":13}},"3":{"start":{"line":25,"column":0},"end":{"line":27,"column":2}},"4":{"start":{"line":29,"column":21},"end":{"line":29,"column":86}},"5":{"start":{"line":29,"column":38},"end":{"line":29,"column":86}},"6":{"start":{"line":31,"column":13},"end":{"line":31,"column":82}},"7":{"start":{"line":31,"column":23},"end":{"line":31,"column":82}},"8":{"start":{"line":31,"column":48},"end":{"line":31,"column":81}},"9":{"start":{"line":31,"column":65},"end":{"line":31,"column":74}}},"fnMap":{"0":{"name":"(anonymous_0)","decl":{"start":{"line":17,"column":20},"end":{"line":17,"column":21}},"loc":{"start":{"line":18,"column":2},"end":{"line":22,"column":13}},"line":18},"1":{"name":"(anonymous_1)","decl":{"start":{"line":29,"column":21},"end":{"line":29,"column":22}},"loc":{"start":{"line":29,"column":38},"end":{"line":29,"column":86}},"line":29},"2":{"name":"(anonymous_2)","decl":{"start":{"line":31,"column":13},"end":{"line":31,"column":14}},"loc":{"start":{"line":31,"column":23},"end":{"line":31,"column":82}},"line":31},"3":{"name":"(anonymous_3)","decl":{"start":{"line":31,"column":35},"end":{"line":31,"column":36}},"loc":{"start":{"line":31,"column":48},"end":{"line":31,"column":81}},"line":31},"4":{"name":"(anonymous_4)","decl":{"start":{"line":31,"column":59},"end":{"line":31,"column":60}},"loc":{"start":{"line":31,"column":65},"end":{"line":31,"column":74}},"line":31}},"branchMap":{},"s":{"0":10,"1":10,"2":43,"3":10,"4":10,"5":41,"6":10,"7":0,"8":0,"9":0},"f":{"0":43,"1":41,"2":0,"3":0,"4":0},"b":{},"_coverageSchema":"1a1c01bbd47fc00a2c39e90264f33305004495a9","hash":"4565347aa430c91d152ad9eb2fb1d564ba536ebe"}
}
