{"D:\\Work\\Phincon\\caloried\\client\\config\\development.js": {"path":"D:\\Work\\Phincon\\caloried\\client\\config\\development.js","statementMap":{},"fnMap":{},"branchMap":{},"s":{},"f":{},"b":{},"_coverageSchema":"1a1c01bbd47fc00a2c39e90264f33305004495a9","hash":"33cd8f0382cff3f96d914d9f77a56ddacc1fa78a"}
,"D:\\Work\\Phincon\\caloried\\client\\config\\index.js": {"path":"D:\\Work\\Phincon\\caloried\\client\\config\\index.js","statementMap":{"0":{"start":{"line":5,"column":16},"end":{"line":5,"column":53}},"1":{"start":{"line":7,"column":12},"end":{"line":7,"column":54}},"2":{"start":{"line":9,"column":15},"end":{"line":17,"column":1}}},"fnMap":{},"branchMap":{"0":{"loc":{"start":{"line":5,"column":16},"end":{"line":5,"column":53}},"type":"binary-expr","locations":[{"start":{"line":5,"column":16},"end":{"line":5,"column":36}},{"start":{"line":5,"column":40},"end":{"line":5,"column":53}}],"line":5}},"s":{"0":36,"1":36,"2":36},"f":{},"b":{"0":[36,0]},"_coverageSchema":"1a1c01bbd47fc00a2c39e90264f33305004495a9","hash":"0717afb20dca3a9fdb9bf83cb2a92e8a76051a89"}
,"D:\\Work\\Phincon\\caloried\\client\\config\\production.js": {"path":"D:\\Work\\Phincon\\caloried\\client\\config\\production.js","statementMap":{},"fnMap":{},"branchMap":{},"s":{},"f":{},"b":{},"_coverageSchema":"1a1c01bbd47fc00a2c39e90264f33305004495a9","hash":"db03339463fd1631196317f4c15782e063a914df"}
,"D:\\Work\\Phincon\\caloried\\client\\config\\test.env.js": {"path":"D:\\Work\\Phincon\\caloried\\client\\config\\test.env.js","statementMap":{},"fnMap":{},"branchMap":{},"s":{},"f":{},"b":{},"_coverageSchema":"1a1c01bbd47fc00a2c39e90264f33305004495a9","hash":"363b462c75b119c97bbc8e7a51ecbdafb8619ca4"}
,"D:\\Work\\Phincon\\caloried\\client\\src\\configureStore.js": {"path":"D:\\Work\\Phincon\\caloried\\client\\src\\configureStore.js","statementMap":{"0":{"start":{"line":9,"column":18},"end":{"line":9,"column":20}},"1":{"start":{"line":12,"column":23},"end":{"line":34,"column":1}},"2":{"start":{"line":13,"column":25},"end":{"line":13,"column":32}},"3":{"start":{"line":14,"column":34},"end":{"line":16,"column":3}},"4":{"start":{"line":18,"column":2},"end":{"line":20,"column":3}},"5":{"start":{"line":19,"column":4},"end":{"line":19,"column":120}},"6":{"start":{"line":19,"column":53},"end":{"line":19,"column":120}},"7":{"start":{"line":22,"column":27},"end":{"line":22,"column":72}},"8":{"start":{"line":23,"column":25},"end":{"line":23,"column":70}},"9":{"start":{"line":24,"column":22},"end":{"line":24,"column":38}},"10":{"start":{"line":25,"column":20},"end":{"line":25,"column":53}},"11":{"start":{"line":27,"column":16},"end":{"line":27,"column":91}},"12":{"start":{"line":29,"column":2},"end":{"line":29,"column":37}},"13":{"start":{"line":32,"column":2},"end":{"line":32,"column":26}},"14":{"start":{"line":33,"column":2},"end":{"line":33,"column":15}},"15":{"start":{"line":36,"column":14},"end":{"line":36,"column":39}},"16":{"start":{"line":39,"column":25},"end":{"line":39,"column":44}}},"fnMap":{"0":{"name":"(anonymous_0)","decl":{"start":{"line":12,"column":23},"end":{"line":12,"column":24}},"loc":{"start":{"line":12,"column":46},"end":{"line":34,"column":1}},"line":12}},"branchMap":{"0":{"loc":{"start":{"line":12,"column":24},"end":{"line":12,"column":41}},"type":"default-arg","locations":[{"start":{"line":12,"column":39},"end":{"line":12,"column":41}}],"line":12},"1":{"loc":{"start":{"line":18,"column":2},"end":{"line":20,"column":3}},"type":"if","locations":[{"start":{"line":18,"column":2},"end":{"line":20,"column":3}},{"start":{},"end":{}}],"line":18},"2":{"loc":{"start":{"line":18,"column":6},"end":{"line":18,"column":73}},"type":"binary-expr","locations":[{"start":{"line":18,"column":6},"end":{"line":18,"column":43}},{"start":{"line":18,"column":47},"end":{"line":18,"column":73}}],"line":18},"3":{"loc":{"start":{"line":19,"column":4},"end":{"line":19,"column":120}},"type":"if","locations":[{"start":{"line":19,"column":4},"end":{"line":19,"column":120}},{"start":{},"end":{}}],"line":19}},"s":{"0":36,"1":36,"2":36,"3":36,"4":36,"5":36,"6":0,"7":36,"8":36,"9":36,"10":36,"11":36,"12":36,"13":36,"14":36,"15":36,"16":36},"f":{"0":36},"b":{"0":[0],"1":[36,0],"2":[36,36],"3":[0,36]},"_coverageSchema":"1a1c01bbd47fc00a2c39e90264f33305004495a9","hash":"108fe9d16431a2261f2653ca263525b9b9261dca"}
,"D:\\Work\\Phincon\\caloried\\client\\src\\persistence.js": {"path":"D:\\Work\\Phincon\\caloried\\client\\src\\persistence.js","statementMap":{"0":{"start":{"line":4,"column":28},"end":{"line":8,"column":1}},"1":{"start":{"line":10,"column":32},"end":{"line":22,"column":56}},"2":{"start":{"line":11,"column":2},"end":{"line":22,"column":56}},"3":{"start":{"line":12,"column":30},"end":{"line":21,"column":5}},"4":{"start":{"line":22,"column":27},"end":{"line":22,"column":51}}},"fnMap":{"0":{"name":"(anonymous_0)","decl":{"start":{"line":10,"column":32},"end":{"line":10,"column":33}},"loc":{"start":{"line":11,"column":2},"end":{"line":22,"column":56}},"line":11},"1":{"name":"(anonymous_1)","decl":{"start":{"line":12,"column":9},"end":{"line":12,"column":10}},"loc":{"start":{"line":12,"column":30},"end":{"line":21,"column":5}},"line":12},"2":{"name":"(anonymous_2)","decl":{"start":{"line":22,"column":12},"end":{"line":22,"column":13}},"loc":{"start":{"line":22,"column":27},"end":{"line":22,"column":51}},"line":22}},"branchMap":{},"s":{"0":36,"1":36,"2":36,"3":144,"4":144},"f":{"0":36,"1":144,"2":144},"b":{},"_coverageSchema":"1a1c01bbd47fc00a2c39e90264f33305004495a9","hash":"2bc4d52a1f64dcbdf221f0ed58992a3df90de994"}
,"D:\\Work\\Phincon\\caloried\\client\\src\\reducers.js": {"path":"D:\\Work\\Phincon\\caloried\\client\\src\\reducers.js","statementMap":{"0":{"start":{"line":16,"column":23},"end":{"line":21,"column":1}},"1":{"start":{"line":23,"column":26},"end":{"line":30,"column":1}},"2":{"start":{"line":32,"column":22},"end":{"line":39,"column":1}},"3":{"start":{"line":33,"column":22},"end":{"line":36,"column":4}},"4":{"start":{"line":37,"column":22},"end":{"line":37,"column":67}},"5":{"start":{"line":37,"column":41},"end":{"line":37,"column":67}},"6":{"start":{"line":38,"column":2},"end":{"line":38,"column":21}}},"fnMap":{"0":{"name":"(anonymous_0)","decl":{"start":{"line":32,"column":22},"end":{"line":32,"column":23}},"loc":{"start":{"line":32,"column":28},"end":{"line":39,"column":1}},"line":32},"1":{"name":"(anonymous_1)","decl":{"start":{"line":37,"column":22},"end":{"line":37,"column":23}},"loc":{"start":{"line":37,"column":41},"end":{"line":37,"column":67}},"line":37}},"branchMap":{},"s":{"0":36,"1":36,"2":36,"3":36,"4":36,"5":257,"6":36},"f":{"0":36,"1":257},"b":{},"_coverageSchema":"1a1c01bbd47fc00a2c39e90264f33305004495a9","hash":"f14bf773430616bead270214a17f4c547aedc4ef"}
,"D:\\Work\\Phincon\\caloried\\client\\src\\rootSaga.js": {"path":"D:\\Work\\Phincon\\caloried\\client\\src\\rootSaga.js","statementMap":{"0":{"start":{"line":14,"column":2},"end":{"line":24,"column":5}}},"fnMap":{"0":{"name":"rootSaga","decl":{"start":{"line":13,"column":25},"end":{"line":13,"column":33}},"loc":{"start":{"line":13,"column":36},"end":{"line":25,"column":1}},"line":13}},"branchMap":{},"s":{"0":36},"f":{"0":36},"b":{},"_coverageSchema":"1a1c01bbd47fc00a2c39e90264f33305004495a9","hash":"e44f6f62040dfe73413b201aa88f615961503f15"}
,"D:\\Work\\Phincon\\caloried\\client\\src\\components\\CustomFoodForm\\index.jsx": {"path":"D:\\Work\\Phincon\\caloried\\client\\src\\components\\CustomFoodForm\\index.jsx","statementMap":{"0":{"start":{"line":21,"column":23},"end":{"line":292,"column":1}},"1":{"start":{"line":32,"column":19},"end":{"line":32,"column":32}},"2":{"start":{"line":40,"column":6},"end":{"line":40,"column":15}},"3":{"start":{"line":41,"column":24},"end":{"line":41,"column":32}},"4":{"start":{"line":42,"column":28},"end":{"line":42,"column":49}},"5":{"start":{"line":44,"column":2},"end":{"line":50,"column":23}},"6":{"start":{"line":45,"column":4},"end":{"line":49,"column":5}},"7":{"start":{"line":46,"column":6},"end":{"line":48,"column":9}},"8":{"start":{"line":47,"column":8},"end":{"line":47,"column":29}},"9":{"start":{"line":52,"column":27},"end":{"line":54,"column":3}},"10":{"start":{"line":53,"column":4},"end":{"line":53,"column":36}},"11":{"start":{"line":56,"column":28},"end":{"line":62,"column":3}},"12":{"start":{"line":57,"column":17},"end":{"line":57,"column":38}},"13":{"start":{"line":59,"column":4},"end":{"line":61,"column":5}},"14":{"start":{"line":60,"column":6},"end":{"line":60,"column":42}},"15":{"start":{"line":64,"column":19},"end":{"line":88,"column":3}},"16":{"start":{"line":65,"column":21},"end":{"line":65,"column":35}},"17":{"start":{"line":66,"column":4},"end":{"line":68,"column":7}},"18":{"start":{"line":67,"column":6},"end":{"line":67,"column":34}},"19":{"start":{"line":69,"column":4},"end":{"line":87,"column":5}},"20":{"start":{"line":70,"column":6},"end":{"line":74,"column":8}},"21":{"start":{"line":72,"column":10},"end":{"line":72,"column":20}},"22":{"start":{"line":76,"column":6},"end":{"line":86,"column":8}},"23":{"start":{"line":78,"column":10},"end":{"line":78,"column":20}},"24":{"start":{"line":79,"column":10},"end":{"line":81,"column":11}},"25":{"start":{"line":80,"column":12},"end":{"line":80,"column":75}},"26":{"start":{"line":83,"column":10},"end":{"line":83,"column":25}},"27":{"start":{"line":84,"column":10},"end":{"line":84,"column":18}},"28":{"start":{"line":90,"column":19},"end":{"line":95,"column":3}},"29":{"start":{"line":91,"column":4},"end":{"line":94,"column":5}},"30":{"start":{"line":92,"column":6},"end":{"line":92,"column":50}},"31":{"start":{"line":93,"column":6},"end":{"line":93,"column":16}},"32":{"start":{"line":97,"column":2},"end":{"line":291,"column":4}},"33":{"start":{"line":118,"column":16},"end":{"line":130,"column":18}},"34":{"start":{"line":120,"column":20},"end":{"line":120,"column":27}},"35":{"start":{"line":121,"column":20},"end":{"line":121,"column":46}},"36":{"start":{"line":125,"column":20},"end":{"line":125,"column":41}},"37":{"start":{"line":126,"column":20},"end":{"line":126,"column":48}},"38":{"start":{"line":294,"column":0},"end":{"line":304,"column":2}}},"fnMap":{"0":{"name":"(anonymous_0)","decl":{"start":{"line":21,"column":23},"end":{"line":21,"column":24}},"loc":{"start":{"line":31,"column":6},"end":{"line":292,"column":1}},"line":31},"1":{"name":"(anonymous_1)","decl":{"start":{"line":44,"column":12},"end":{"line":44,"column":13}},"loc":{"start":{"line":44,"column":18},"end":{"line":50,"column":3}},"line":44},"2":{"name":"(anonymous_2)","decl":{"start":{"line":46,"column":35},"end":{"line":46,"column":36}},"loc":{"start":{"line":46,"column":53},"end":{"line":48,"column":7}},"line":46},"3":{"name":"(anonymous_3)","decl":{"start":{"line":52,"column":27},"end":{"line":52,"column":28}},"loc":{"start":{"line":52,"column":33},"end":{"line":54,"column":3}},"line":52},"4":{"name":"(anonymous_4)","decl":{"start":{"line":56,"column":28},"end":{"line":56,"column":29}},"loc":{"start":{"line":56,"column":39},"end":{"line":62,"column":3}},"line":56},"5":{"name":"(anonymous_5)","decl":{"start":{"line":64,"column":19},"end":{"line":64,"column":20}},"loc":{"start":{"line":64,"column":29},"end":{"line":88,"column":3}},"line":64},"6":{"name":"(anonymous_6)","decl":{"start":{"line":66,"column":33},"end":{"line":66,"column":34}},"loc":{"start":{"line":66,"column":51},"end":{"line":68,"column":5}},"line":66},"7":{"name":"(anonymous_7)","decl":{"start":{"line":71,"column":50},"end":{"line":71,"column":51}},"loc":{"start":{"line":71,"column":56},"end":{"line":73,"column":9}},"line":71},"8":{"name":"(anonymous_8)","decl":{"start":{"line":77,"column":42},"end":{"line":77,"column":43}},"loc":{"start":{"line":77,"column":48},"end":{"line":85,"column":9}},"line":77},"9":{"name":"(anonymous_9)","decl":{"start":{"line":90,"column":19},"end":{"line":90,"column":20}},"loc":{"start":{"line":90,"column":25},"end":{"line":95,"column":3}},"line":90},"10":{"name":"(anonymous_10)","decl":{"start":{"line":117,"column":22},"end":{"line":117,"column":23}},"loc":{"start":{"line":118,"column":16},"end":{"line":130,"column":18}},"line":118},"11":{"name":"(anonymous_11)","decl":{"start":{"line":119,"column":23},"end":{"line":119,"column":24}},"loc":{"start":{"line":119,"column":30},"end":{"line":122,"column":19}},"line":119},"12":{"name":"(anonymous_12)","decl":{"start":{"line":124,"column":28},"end":{"line":124,"column":29}},"loc":{"start":{"line":124,"column":35},"end":{"line":127,"column":19}},"line":124}},"branchMap":{"0":{"loc":{"start":{"line":45,"column":4},"end":{"line":49,"column":5}},"type":"if","locations":[{"start":{"line":45,"column":4},"end":{"line":49,"column":5}},{"start":{},"end":{}}],"line":45},"1":{"loc":{"start":{"line":59,"column":4},"end":{"line":61,"column":5}},"type":"if","locations":[{"start":{"line":59,"column":4},"end":{"line":61,"column":5}},{"start":{},"end":{}}],"line":59},"2":{"loc":{"start":{"line":69,"column":4},"end":{"line":87,"column":5}},"type":"if","locations":[{"start":{"line":69,"column":4},"end":{"line":87,"column":5}},{"start":{"line":75,"column":11},"end":{"line":87,"column":5}}],"line":69},"3":{"loc":{"start":{"line":79,"column":10},"end":{"line":81,"column":11}},"type":"if","locations":[{"start":{"line":79,"column":10},"end":{"line":81,"column":11}},{"start":{},"end":{}}],"line":79},"4":{"loc":{"start":{"line":79,"column":14},"end":{"line":79,"column":35}},"type":"binary-expr","locations":[{"start":{"line":79,"column":14},"end":{"line":79,"column":19}},{"start":{"line":79,"column":23},"end":{"line":79,"column":35}}],"line":79},"5":{"loc":{"start":{"line":91,"column":4},"end":{"line":94,"column":5}},"type":"if","locations":[{"start":{"line":91,"column":4},"end":{"line":94,"column":5}},{"start":{},"end":{}}],"line":91},"6":{"loc":{"start":{"line":100,"column":9},"end":{"line":100,"column":99}},"type":"cond-expr","locations":[{"start":{"line":100,"column":16},"end":{"line":100,"column":55}},{"start":{"line":100,"column":58},"end":{"line":100,"column":99}}],"line":100},"7":{"loc":{"start":{"line":107,"column":21},"end":{"line":107,"column":85}},"type":"cond-expr","locations":[{"start":{"line":107,"column":49},"end":{"line":107,"column":54}},{"start":{"line":107,"column":57},"end":{"line":107,"column":85}}],"line":107},"8":{"loc":{"start":{"line":141,"column":34},"end":{"line":141,"column":71}},"type":"cond-expr","locations":[{"start":{"line":141,"column":48},"end":{"line":141,"column":66}},{"start":{"line":141,"column":69},"end":{"line":141,"column":71}}],"line":141},"9":{"loc":{"start":{"line":145,"column":17},"end":{"line":145,"column":92}},"type":"binary-expr","locations":[{"start":{"line":145,"column":17},"end":{"line":145,"column":28}},{"start":{"line":145,"column":32},"end":{"line":145,"column":92}}],"line":145},"10":{"loc":{"start":{"line":160,"column":36},"end":{"line":160,"column":80}},"type":"cond-expr","locations":[{"start":{"line":160,"column":57},"end":{"line":160,"column":75}},{"start":{"line":160,"column":78},"end":{"line":160,"column":80}}],"line":160},"11":{"loc":{"start":{"line":167,"column":19},"end":{"line":167,"column":108}},"type":"binary-expr","locations":[{"start":{"line":167,"column":19},"end":{"line":167,"column":37}},{"start":{"line":167,"column":41},"end":{"line":167,"column":108}}],"line":167},"12":{"loc":{"start":{"line":180,"column":36},"end":{"line":180,"column":80}},"type":"cond-expr","locations":[{"start":{"line":180,"column":57},"end":{"line":180,"column":75}},{"start":{"line":180,"column":78},"end":{"line":180,"column":80}}],"line":180},"13":{"loc":{"start":{"line":184,"column":19},"end":{"line":184,"column":108}},"type":"binary-expr","locations":[{"start":{"line":184,"column":19},"end":{"line":184,"column":37}},{"start":{"line":184,"column":41},"end":{"line":184,"column":108}}],"line":184},"14":{"loc":{"start":{"line":202,"column":34},"end":{"line":202,"column":75}},"type":"cond-expr","locations":[{"start":{"line":202,"column":52},"end":{"line":202,"column":70}},{"start":{"line":202,"column":73},"end":{"line":202,"column":75}}],"line":202},"15":{"loc":{"start":{"line":211,"column":15},"end":{"line":211,"column":98}},"type":"binary-expr","locations":[{"start":{"line":211,"column":15},"end":{"line":211,"column":30}},{"start":{"line":211,"column":34},"end":{"line":211,"column":98}}],"line":211},"16":{"loc":{"start":{"line":221,"column":34},"end":{"line":221,"column":74}},"type":"cond-expr","locations":[{"start":{"line":221,"column":51},"end":{"line":221,"column":69}},{"start":{"line":221,"column":72},"end":{"line":221,"column":74}}],"line":221},"17":{"loc":{"start":{"line":229,"column":17},"end":{"line":229,"column":98}},"type":"binary-expr","locations":[{"start":{"line":229,"column":17},"end":{"line":229,"column":31}},{"start":{"line":229,"column":35},"end":{"line":229,"column":98}}],"line":229},"18":{"loc":{"start":{"line":238,"column":34},"end":{"line":238,"column":72}},"type":"cond-expr","locations":[{"start":{"line":238,"column":49},"end":{"line":238,"column":67}},{"start":{"line":238,"column":70},"end":{"line":238,"column":72}}],"line":238},"19":{"loc":{"start":{"line":246,"column":17},"end":{"line":246,"column":94}},"type":"binary-expr","locations":[{"start":{"line":246,"column":17},"end":{"line":246,"column":29}},{"start":{"line":246,"column":33},"end":{"line":246,"column":94}}],"line":246},"20":{"loc":{"start":{"line":255,"column":34},"end":{"line":255,"column":70}},"type":"cond-expr","locations":[{"start":{"line":255,"column":47},"end":{"line":255,"column":65}},{"start":{"line":255,"column":68},"end":{"line":255,"column":70}}],"line":255},"21":{"loc":{"start":{"line":263,"column":17},"end":{"line":263,"column":90}},"type":"binary-expr","locations":[{"start":{"line":263,"column":17},"end":{"line":263,"column":27}},{"start":{"line":263,"column":31},"end":{"line":263,"column":90}}],"line":263},"22":{"loc":{"start":{"line":271,"column":13},"end":{"line":281,"column":13}},"type":"binary-expr","locations":[{"start":{"line":271,"column":13},"end":{"line":271,"column":17}},{"start":{"line":272,"column":14},"end":{"line":280,"column":30}}],"line":271},"23":{"loc":{"start":{"line":284,"column":17},"end":{"line":284,"column":97}},"type":"cond-expr","locations":[{"start":{"line":284,"column":24},"end":{"line":284,"column":58}},{"start":{"line":284,"column":61},"end":{"line":284,"column":97}}],"line":284}},"s":{"0":3,"1":9,"2":9,"3":9,"4":9,"5":9,"6":8,"7":0,"8":0,"9":9,"10":0,"11":9,"12":0,"13":0,"14":0,"15":9,"16":0,"17":0,"18":0,"19":0,"20":0,"21":0,"22":0,"23":0,"24":0,"25":0,"26":0,"27":0,"28":9,"29":0,"30":0,"31":0,"32":9,"33":3,"34":6,"35":6,"36":0,"37":0,"38":3},"f":{"0":9,"1":8,"2":0,"3":0,"4":0,"5":0,"6":0,"7":0,"8":0,"9":0,"10":3,"11":6,"12":0},"b":{"0":[0,8],"1":[0,0],"2":[0,0],"3":[0,0],"4":[0,0],"5":[0,0],"6":[0,9],"7":[0,9],"8":[0,9],"9":[9,0],"10":[0,9],"11":[9,0],"12":[0,9],"13":[9,0],"14":[0,9],"15":[9,0],"16":[0,9],"17":[9,0],"18":[0,9],"19":[9,0],"20":[0,9],"21":[9,0],"22":[9,0],"23":[0,9]},"_coverageSchema":"1a1c01bbd47fc00a2c39e90264f33305004495a9","hash":"003b79296a7b2f4ac702a638a6ab6f0c6765564c"}
,"D:\\Work\\Phincon\\caloried\\client\\src\\components\\FoodCard\\index.jsx": {"path":"D:\\Work\\Phincon\\caloried\\client\\src\\components\\FoodCard\\index.jsx","statementMap":{"0":{"start":{"line":17,"column":17},"end":{"line":140,"column":1}},"1":{"start":{"line":18,"column":29},"end":{"line":29,"column":3}},"2":{"start":{"line":19,"column":4},"end":{"line":21,"column":5}},"3":{"start":{"line":20,"column":6},"end":{"line":20,"column":49}},"4":{"start":{"line":22,"column":4},"end":{"line":24,"column":5}},"5":{"start":{"line":23,"column":6},"end":{"line":23,"column":50}},"6":{"start":{"line":25,"column":4},"end":{"line":27,"column":5}},"7":{"start":{"line":26,"column":6},"end":{"line":26,"column":49}},"8":{"start":{"line":28,"column":4},"end":{"line":28,"column":24}},"9":{"start":{"line":33,"column":2},"end":{"line":41,"column":3}},"10":{"start":{"line":34,"column":4},"end":{"line":38,"column":5}},"11":{"start":{"line":35,"column":6},"end":{"line":35,"column":28}},"12":{"start":{"line":37,"column":6},"end":{"line":37,"column":51}},"13":{"start":{"line":40,"column":4},"end":{"line":40,"column":24}},"14":{"start":{"line":43,"column":2},"end":{"line":139,"column":4}},"15":{"start":{"line":142,"column":0},"end":{"line":147,"column":2}},"16":{"start":{"line":149,"column":24},"end":{"line":151,"column":2}}},"fnMap":{"0":{"name":"(anonymous_0)","decl":{"start":{"line":17,"column":17},"end":{"line":17,"column":18}},"loc":{"start":{"line":17,"column":74},"end":{"line":140,"column":1}},"line":17},"1":{"name":"(anonymous_1)","decl":{"start":{"line":18,"column":29},"end":{"line":18,"column":30}},"loc":{"start":{"line":18,"column":35},"end":{"line":29,"column":3}},"line":18}},"branchMap":{"0":{"loc":{"start":{"line":19,"column":4},"end":{"line":21,"column":5}},"type":"if","locations":[{"start":{"line":19,"column":4},"end":{"line":21,"column":5}},{"start":{},"end":{}}],"line":19},"1":{"loc":{"start":{"line":22,"column":4},"end":{"line":24,"column":5}},"type":"if","locations":[{"start":{"line":22,"column":4},"end":{"line":24,"column":5}},{"start":{},"end":{}}],"line":22},"2":{"loc":{"start":{"line":25,"column":4},"end":{"line":27,"column":5}},"type":"if","locations":[{"start":{"line":25,"column":4},"end":{"line":27,"column":5}},{"start":{},"end":{}}],"line":25},"3":{"loc":{"start":{"line":33,"column":2},"end":{"line":41,"column":3}},"type":"if","locations":[{"start":{"line":33,"column":2},"end":{"line":41,"column":3}},{"start":{"line":39,"column":9},"end":{"line":41,"column":3}}],"line":33},"4":{"loc":{"start":{"line":34,"column":4},"end":{"line":38,"column":5}},"type":"if","locations":[{"start":{"line":34,"column":4},"end":{"line":38,"column":5}},{"start":{"line":36,"column":11},"end":{"line":38,"column":5}}],"line":34},"5":{"loc":{"start":{"line":47,"column":11},"end":{"line":55,"column":11}},"type":"cond-expr","locations":[{"start":{"line":48,"column":12},"end":{"line":48,"column":76}},{"start":{"line":50,"column":12},"end":{"line":54,"column":15}}],"line":47},"6":{"loc":{"start":{"line":59,"column":43},"end":{"line":59,"column":82}},"type":"cond-expr","locations":[{"start":{"line":59,"column":53},"end":{"line":59,"column":65}},{"start":{"line":59,"column":68},"end":{"line":59,"column":82}}],"line":59},"7":{"loc":{"start":{"line":62,"column":13},"end":{"line":73,"column":13}},"type":"cond-expr","locations":[{"start":{"line":63,"column":14},"end":{"line":63,"column":38}},{"start":{"line":65,"column":14},"end":{"line":72,"column":17}}],"line":62},"8":{"loc":{"start":{"line":71,"column":17},"end":{"line":71,"column":114}},"type":"binary-expr","locations":[{"start":{"line":71,"column":17},"end":{"line":71,"column":36}},{"start":{"line":71,"column":40},"end":{"line":71,"column":114}}],"line":71},"9":{"loc":{"start":{"line":75,"column":11},"end":{"line":96,"column":11}},"type":"cond-expr","locations":[{"start":{"line":76,"column":12},"end":{"line":76,"column":61}},{"start":{"line":78,"column":12},"end":{"line":95,"column":18}}],"line":75},"10":{"loc":{"start":{"line":102,"column":11},"end":{"line":125,"column":11}},"type":"cond-expr","locations":[{"start":{"line":103,"column":12},"end":{"line":103,"column":48}},{"start":{"line":105,"column":12},"end":{"line":124,"column":15}}],"line":102},"11":{"loc":{"start":{"line":128,"column":11},"end":{"line":134,"column":11}},"type":"cond-expr","locations":[{"start":{"line":129,"column":12},"end":{"line":129,"column":61}},{"start":{"line":131,"column":12},"end":{"line":133,"column":18}}],"line":128}},"s":{"0":3,"1":3,"2":3,"3":3,"4":0,"5":0,"6":0,"7":0,"8":0,"9":3,"10":3,"11":0,"12":3,"13":0,"14":3,"15":3,"16":3},"f":{"0":3,"1":3},"b":{"0":[3,0],"1":[0,0],"2":[0,0],"3":[3,0],"4":[0,3],"5":[0,3],"6":[0,3],"7":[0,3],"8":[3,3],"9":[0,3],"10":[0,3],"11":[0,3]},"_coverageSchema":"1a1c01bbd47fc00a2c39e90264f33305004495a9","hash":"8c6c96f88c906ad393d11eec67a25f910aa74dd5"}
,"D:\\Work\\Phincon\\caloried\\client\\src\\components\\NutritionCard\\index.jsx": {"path":"D:\\Work\\Phincon\\caloried\\client\\src\\components\\NutritionCard\\index.jsx","statementMap":{"0":{"start":{"line":5,"column":22},"end":{"line":17,"column":1}},"1":{"start":{"line":6,"column":2},"end":{"line":16,"column":8}},"2":{"start":{"line":19,"column":0},"end":{"line":24,"column":2}}},"fnMap":{"0":{"name":"(anonymous_0)","decl":{"start":{"line":5,"column":22},"end":{"line":5,"column":23}},"loc":{"start":{"line":6,"column":2},"end":{"line":16,"column":8}},"line":6}},"branchMap":{},"s":{"0":1,"1":3,"2":1},"f":{"0":3},"b":{},"_coverageSchema":"1a1c01bbd47fc00a2c39e90264f33305004495a9","hash":"77d26db0355c6786ce8d89b40437ec62b464e7f5"}
,"D:\\Work\\Phincon\\caloried\\client\\src\\components\\diary\\CalorieCounter\\index.jsx": {"path":"D:\\Work\\Phincon\\caloried\\client\\src\\components\\diary\\CalorieCounter\\index.jsx","statementMap":{"0":{"start":{"line":10,"column":23},"end":{"line":59,"column":1}},"1":{"start":{"line":11,"column":36},"end":{"line":11,"column":51}},"2":{"start":{"line":13,"column":28},"end":{"line":13,"column":63}},"3":{"start":{"line":14,"column":21},"end":{"line":14,"column":64}},"4":{"start":{"line":16,"column":27},"end":{"line":16,"column":51}},"5":{"start":{"line":16,"column":33},"end":{"line":16,"column":51}},"6":{"start":{"line":17,"column":27},"end":{"line":17,"column":52}},"7":{"start":{"line":17,"column":33},"end":{"line":17,"column":52}},"8":{"start":{"line":19,"column":2},"end":{"line":58,"column":4}},"9":{"start":{"line":61,"column":0},"end":{"line":64,"column":2}}},"fnMap":{"0":{"name":"(anonymous_0)","decl":{"start":{"line":10,"column":23},"end":{"line":10,"column":24}},"loc":{"start":{"line":10,"column":67},"end":{"line":59,"column":1}},"line":10},"1":{"name":"(anonymous_1)","decl":{"start":{"line":16,"column":27},"end":{"line":16,"column":28}},"loc":{"start":{"line":16,"column":33},"end":{"line":16,"column":51}},"line":16},"2":{"name":"(anonymous_2)","decl":{"start":{"line":17,"column":27},"end":{"line":17,"column":28}},"loc":{"start":{"line":17,"column":33},"end":{"line":17,"column":52}},"line":17}},"branchMap":{"0":{"loc":{"start":{"line":38,"column":9},"end":{"line":55,"column":9}},"type":"cond-expr","locations":[{"start":{"line":39,"column":10},"end":{"line":44,"column":16}},{"start":{"line":46,"column":10},"end":{"line":54,"column":16}}],"line":38}},"s":{"0":1,"1":5,"2":5,"3":5,"4":5,"5":1,"6":5,"7":1,"8":5,"9":1},"f":{"0":5,"1":1,"2":1},"b":{"0":[1,4]},"_coverageSchema":"1a1c01bbd47fc00a2c39e90264f33305004495a9","hash":"7ac0c3ae46e637b54854734d55581cffc8e31deb"}
,"D:\\Work\\Phincon\\caloried\\client\\src\\components\\diary\\DiaryDate\\index.jsx": {"path":"D:\\Work\\Phincon\\caloried\\client\\src\\components\\diary\\DiaryDate\\index.jsx","statementMap":{"0":{"start":{"line":13,"column":18},"end":{"line":83,"column":1}},"1":{"start":{"line":14,"column":19},"end":{"line":14,"column":32}},"2":{"start":{"line":15,"column":30},"end":{"line":15,"column":44}},"3":{"start":{"line":17,"column":25},"end":{"line":23,"column":3}},"4":{"start":{"line":18,"column":4},"end":{"line":22,"column":7}},"5":{"start":{"line":19,"column":22},"end":{"line":19,"column":72}},"6":{"start":{"line":20,"column":6},"end":{"line":20,"column":33}},"7":{"start":{"line":21,"column":6},"end":{"line":21,"column":21}},"8":{"start":{"line":25,"column":25},"end":{"line":31,"column":3}},"9":{"start":{"line":26,"column":4},"end":{"line":30,"column":7}},"10":{"start":{"line":27,"column":22},"end":{"line":27,"column":72}},"11":{"start":{"line":28,"column":6},"end":{"line":28,"column":33}},"12":{"start":{"line":29,"column":6},"end":{"line":29,"column":21}},"13":{"start":{"line":33,"column":28},"end":{"line":35,"column":3}},"14":{"start":{"line":34,"column":4},"end":{"line":34,"column":35}},"15":{"start":{"line":37,"column":29},"end":{"line":39,"column":3}},"16":{"start":{"line":38,"column":4},"end":{"line":38,"column":20}},"17":{"start":{"line":41,"column":24},"end":{"line":46,"column":4}},"18":{"start":{"line":48,"column":2},"end":{"line":82,"column":4}},"19":{"start":{"line":76,"column":12},"end":{"line":76,"column":36}},"20":{"start":{"line":77,"column":12},"end":{"line":77,"column":39}},"21":{"start":{"line":85,"column":0},"end":{"line":89,"column":2}}},"fnMap":{"0":{"name":"(anonymous_0)","decl":{"start":{"line":13,"column":18},"end":{"line":13,"column":19}},"loc":{"start":{"line":13,"column":80},"end":{"line":83,"column":1}},"line":13},"1":{"name":"(anonymous_1)","decl":{"start":{"line":17,"column":25},"end":{"line":17,"column":26}},"loc":{"start":{"line":17,"column":31},"end":{"line":23,"column":3}},"line":17},"2":{"name":"(anonymous_2)","decl":{"start":{"line":18,"column":19},"end":{"line":18,"column":20}},"loc":{"start":{"line":18,"column":33},"end":{"line":22,"column":5}},"line":18},"3":{"name":"(anonymous_3)","decl":{"start":{"line":25,"column":25},"end":{"line":25,"column":26}},"loc":{"start":{"line":25,"column":31},"end":{"line":31,"column":3}},"line":25},"4":{"name":"(anonymous_4)","decl":{"start":{"line":26,"column":19},"end":{"line":26,"column":20}},"loc":{"start":{"line":26,"column":33},"end":{"line":30,"column":5}},"line":26},"5":{"name":"(anonymous_5)","decl":{"start":{"line":33,"column":28},"end":{"line":33,"column":29}},"loc":{"start":{"line":33,"column":39},"end":{"line":35,"column":3}},"line":33},"6":{"name":"(anonymous_6)","decl":{"start":{"line":37,"column":29},"end":{"line":37,"column":30}},"loc":{"start":{"line":37,"column":35},"end":{"line":39,"column":3}},"line":37},"7":{"name":"(anonymous_7)","decl":{"start":{"line":75,"column":20},"end":{"line":75,"column":21}},"loc":{"start":{"line":75,"column":33},"end":{"line":78,"column":11}},"line":75}},"branchMap":{},"s":{"0":1,"1":4,"2":4,"3":4,"4":0,"5":0,"6":0,"7":0,"8":4,"9":0,"10":0,"11":0,"12":0,"13":4,"14":1,"15":4,"16":0,"17":4,"18":4,"19":0,"20":0,"21":1},"f":{"0":4,"1":0,"2":0,"3":0,"4":0,"5":1,"6":0,"7":0},"b":{},"_coverageSchema":"1a1c01bbd47fc00a2c39e90264f33305004495a9","hash":"b06af50a52cedeab4495bff80108a20d9e9aba26"}
,"D:\\Work\\Phincon\\caloried\\client\\src\\components\\diary\\MacronutrientBar\\index.jsx": {"path":"D:\\Work\\Phincon\\caloried\\client\\src\\components\\diary\\MacronutrientBar\\index.jsx","statementMap":{"0":{"start":{"line":5,"column":25},"end":{"line":25,"column":1}},"1":{"start":{"line":6,"column":38},"end":{"line":6,"column":53}},"2":{"start":{"line":7,"column":21},"end":{"line":7,"column":62}},"3":{"start":{"line":9,"column":2},"end":{"line":24,"column":4}},"4":{"start":{"line":12,"column":26},"end":{"line":12,"column":45}},"5":{"start":{"line":13,"column":26},"end":{"line":13,"column":46}},"6":{"start":{"line":27,"column":0},"end":{"line":31,"column":2}}},"fnMap":{"0":{"name":"(anonymous_0)","decl":{"start":{"line":5,"column":25},"end":{"line":5,"column":26}},"loc":{"start":{"line":5,"column":57},"end":{"line":25,"column":1}},"line":5},"1":{"name":"(anonymous_1)","decl":{"start":{"line":12,"column":20},"end":{"line":12,"column":21}},"loc":{"start":{"line":12,"column":26},"end":{"line":12,"column":45}},"line":12},"2":{"name":"(anonymous_2)","decl":{"start":{"line":13,"column":20},"end":{"line":13,"column":21}},"loc":{"start":{"line":13,"column":26},"end":{"line":13,"column":46}},"line":13}},"branchMap":{"0":{"loc":{"start":{"line":7,"column":21},"end":{"line":7,"column":62}},"type":"cond-expr","locations":[{"start":{"line":7,"column":33},"end":{"line":7,"column":58}},{"start":{"line":7,"column":61},"end":{"line":7,"column":62}}],"line":7},"1":{"loc":{"start":{"line":22,"column":43},"end":{"line":22,"column":111}},"type":"cond-expr","locations":[{"start":{"line":22,"column":56},"end":{"line":22,"column":81}},{"start":{"line":22,"column":84},"end":{"line":22,"column":111}}],"line":22}},"s":{"0":1,"1":5,"2":5,"3":5,"4":1,"5":1,"6":1},"f":{"0":5,"1":1,"2":1},"b":{"0":[5,0],"1":[1,4]},"_coverageSchema":"1a1c01bbd47fc00a2c39e90264f33305004495a9","hash":"159e987859083496c0d6d49f46e4eef6d62fdc8f"}
,"D:\\Work\\Phincon\\caloried\\client\\src\\components\\forms\\ActivityLevel\\index.jsx": {"path":"D:\\Work\\Phincon\\caloried\\client\\src\\components\\forms\\ActivityLevel\\index.jsx","statementMap":{"0":{"start":{"line":21,"column":22},"end":{"line":110,"column":1}},"1":{"start":{"line":22,"column":19},"end":{"line":22,"column":32}},"2":{"start":{"line":23,"column":50},"end":{"line":23,"column":78}},"3":{"start":{"line":25,"column":21},"end":{"line":51,"column":3}},"4":{"start":{"line":53,"column":31},"end":{"line":55,"column":3}},"5":{"start":{"line":54,"column":4},"end":{"line":54,"column":42}},"6":{"start":{"line":57,"column":26},"end":{"line":61,"column":3}},"7":{"start":{"line":58,"column":4},"end":{"line":60,"column":5}},"8":{"start":{"line":59,"column":6},"end":{"line":59,"column":48}},"9":{"start":{"line":63,"column":27},"end":{"line":67,"column":3}},"10":{"start":{"line":64,"column":4},"end":{"line":66,"column":5}},"11":{"start":{"line":65,"column":6},"end":{"line":65,"column":48}},"12":{"start":{"line":69,"column":27},"end":{"line":72,"column":3}},"13":{"start":{"line":70,"column":4},"end":{"line":70,"column":49}},"14":{"start":{"line":71,"column":4},"end":{"line":71,"column":25}},"15":{"start":{"line":74,"column":19},"end":{"line":74,"column":47}},"16":{"start":{"line":76,"column":2},"end":{"line":109,"column":4}},"17":{"start":{"line":95,"column":12},"end":{"line":99,"column":14}},"18":{"start":{"line":97,"column":29},"end":{"line":97,"column":53}},"19":{"start":{"line":111,"column":0},"end":{"line":114,"column":2}},"20":{"start":{"line":116,"column":24},"end":{"line":118,"column":2}}},"fnMap":{"0":{"name":"(anonymous_0)","decl":{"start":{"line":21,"column":22},"end":{"line":21,"column":23}},"loc":{"start":{"line":21,"column":70},"end":{"line":110,"column":1}},"line":21},"1":{"name":"(anonymous_1)","decl":{"start":{"line":53,"column":31},"end":{"line":53,"column":32}},"loc":{"start":{"line":53,"column":39},"end":{"line":55,"column":3}},"line":53},"2":{"name":"(anonymous_2)","decl":{"start":{"line":57,"column":26},"end":{"line":57,"column":27}},"loc":{"start":{"line":57,"column":32},"end":{"line":61,"column":3}},"line":57},"3":{"name":"(anonymous_3)","decl":{"start":{"line":63,"column":27},"end":{"line":63,"column":28}},"loc":{"start":{"line":63,"column":33},"end":{"line":67,"column":3}},"line":63},"4":{"name":"(anonymous_4)","decl":{"start":{"line":69,"column":27},"end":{"line":69,"column":28}},"loc":{"start":{"line":69,"column":33},"end":{"line":72,"column":3}},"line":69},"5":{"name":"(anonymous_5)","decl":{"start":{"line":94,"column":39},"end":{"line":94,"column":40}},"loc":{"start":{"line":95,"column":12},"end":{"line":99,"column":14}},"line":95},"6":{"name":"(anonymous_6)","decl":{"start":{"line":97,"column":23},"end":{"line":97,"column":24}},"loc":{"start":{"line":97,"column":29},"end":{"line":97,"column":53}},"line":97}},"branchMap":{"0":{"loc":{"start":{"line":23,"column":59},"end":{"line":23,"column":77}},"type":"binary-expr","locations":[{"start":{"line":23,"column":59},"end":{"line":23,"column":72}},{"start":{"line":23,"column":76},"end":{"line":23,"column":77}}],"line":23},"1":{"loc":{"start":{"line":58,"column":4},"end":{"line":60,"column":5}},"type":"if","locations":[{"start":{"line":58,"column":4},"end":{"line":60,"column":5}},{"start":{},"end":{}}],"line":58},"2":{"loc":{"start":{"line":64,"column":4},"end":{"line":66,"column":5}},"type":"if","locations":[{"start":{"line":64,"column":4},"end":{"line":66,"column":5}},{"start":{},"end":{}}],"line":64},"3":{"loc":{"start":{"line":84,"column":9},"end":{"line":86,"column":9}},"type":"binary-expr","locations":[{"start":{"line":84,"column":9},"end":{"line":84,"column":29}},{"start":{"line":85,"column":10},"end":{"line":85,"column":98}}],"line":84},"4":{"loc":{"start":{"line":88,"column":9},"end":{"line":90,"column":9}},"type":"binary-expr","locations":[{"start":{"line":88,"column":9},"end":{"line":88,"column":58}},{"start":{"line":89,"column":10},"end":{"line":89,"column":101}}],"line":88},"5":{"loc":{"start":{"line":98,"column":53},"end":{"line":98,"column":97}},"type":"cond-expr","locations":[{"start":{"line":98,"column":78},"end":{"line":98,"column":92}},{"start":{"line":98,"column":95},"end":{"line":98,"column":97}}],"line":98}},"s":{"0":2,"1":2,"2":2,"3":2,"4":2,"5":0,"6":2,"7":0,"8":0,"9":2,"10":0,"11":0,"12":2,"13":0,"14":0,"15":2,"16":2,"17":10,"18":0,"19":2,"20":2},"f":{"0":2,"1":0,"2":0,"3":0,"4":0,"5":10,"6":0},"b":{"0":[2,2],"1":[0,0],"2":[0,0],"3":[2,0],"4":[2,2],"5":[2,8]},"_coverageSchema":"1a1c01bbd47fc00a2c39e90264f33305004495a9","hash":"1b5703ee007e13fbb900e7e565e816f9d169b1fa"}
,"D:\\Work\\Phincon\\caloried\\client\\src\\components\\forms\\BodyMetrics\\index.jsx": {"path":"D:\\Work\\Phincon\\caloried\\client\\src\\components\\forms\\BodyMetrics\\index.jsx","statementMap":{"0":{"start":{"line":17,"column":20},"end":{"line":164,"column":1}},"1":{"start":{"line":18,"column":19},"end":{"line":18,"column":32}},"2":{"start":{"line":19,"column":40},"end":{"line":24,"column":4}},"3":{"start":{"line":26,"column":26},"end":{"line":28,"column":3}},"4":{"start":{"line":27,"column":4},"end":{"line":27,"column":44}},"5":{"start":{"line":30,"column":28},"end":{"line":32,"column":3}},"6":{"start":{"line":31,"column":4},"end":{"line":31,"column":72}},"7":{"start":{"line":34,"column":26},"end":{"line":55,"column":3}},"8":{"start":{"line":35,"column":41},"end":{"line":35,"column":52}},"9":{"start":{"line":36,"column":18},"end":{"line":36,"column":28}},"10":{"start":{"line":37,"column":20},"end":{"line":37,"column":33}},"11":{"start":{"line":38,"column":4},"end":{"line":41,"column":5}},"12":{"start":{"line":39,"column":6},"end":{"line":39,"column":58}},"13":{"start":{"line":40,"column":6},"end":{"line":40,"column":19}},"14":{"start":{"line":42,"column":4},"end":{"line":45,"column":5}},"15":{"start":{"line":43,"column":6},"end":{"line":43,"column":59}},"16":{"start":{"line":44,"column":6},"end":{"line":44,"column":19}},"17":{"start":{"line":46,"column":4},"end":{"line":49,"column":5}},"18":{"start":{"line":47,"column":6},"end":{"line":47,"column":61}},"19":{"start":{"line":48,"column":6},"end":{"line":48,"column":19}},"20":{"start":{"line":50,"column":4},"end":{"line":53,"column":5}},"21":{"start":{"line":51,"column":6},"end":{"line":51,"column":61}},"22":{"start":{"line":52,"column":6},"end":{"line":52,"column":19}},"23":{"start":{"line":54,"column":4},"end":{"line":54,"column":16}},"24":{"start":{"line":57,"column":27},"end":{"line":62,"column":3}},"25":{"start":{"line":58,"column":4},"end":{"line":61,"column":5}},"26":{"start":{"line":59,"column":6},"end":{"line":59,"column":40}},"27":{"start":{"line":60,"column":6},"end":{"line":60,"column":27}},"28":{"start":{"line":63,"column":2},"end":{"line":163,"column":4}},"29":{"start":{"line":82,"column":31},"end":{"line":82,"column":54}},"30":{"start":{"line":94,"column":31},"end":{"line":94,"column":56}},"31":{"start":{"line":166,"column":0},"end":{"line":169,"column":2}},"32":{"start":{"line":171,"column":24},"end":{"line":173,"column":2}}},"fnMap":{"0":{"name":"(anonymous_0)","decl":{"start":{"line":17,"column":20},"end":{"line":17,"column":21}},"loc":{"start":{"line":17,"column":62},"end":{"line":164,"column":1}},"line":17},"1":{"name":"(anonymous_1)","decl":{"start":{"line":26,"column":26},"end":{"line":26,"column":27}},"loc":{"start":{"line":26,"column":35},"end":{"line":28,"column":3}},"line":26},"2":{"name":"(anonymous_2)","decl":{"start":{"line":30,"column":28},"end":{"line":30,"column":29}},"loc":{"start":{"line":30,"column":35},"end":{"line":32,"column":3}},"line":30},"3":{"name":"(anonymous_3)","decl":{"start":{"line":34,"column":26},"end":{"line":34,"column":27}},"loc":{"start":{"line":34,"column":32},"end":{"line":55,"column":3}},"line":34},"4":{"name":"(anonymous_4)","decl":{"start":{"line":57,"column":27},"end":{"line":57,"column":28}},"loc":{"start":{"line":57,"column":33},"end":{"line":62,"column":3}},"line":57},"5":{"name":"(anonymous_5)","decl":{"start":{"line":82,"column":25},"end":{"line":82,"column":26}},"loc":{"start":{"line":82,"column":31},"end":{"line":82,"column":54}},"line":82},"6":{"name":"(anonymous_6)","decl":{"start":{"line":94,"column":25},"end":{"line":94,"column":26}},"loc":{"start":{"line":94,"column":31},"end":{"line":94,"column":56}},"line":94}},"branchMap":{"0":{"loc":{"start":{"line":20,"column":9},"end":{"line":20,"column":26}},"type":"binary-expr","locations":[{"start":{"line":20,"column":9},"end":{"line":20,"column":20}},{"start":{"line":20,"column":24},"end":{"line":20,"column":26}}],"line":20},"1":{"loc":{"start":{"line":21,"column":9},"end":{"line":21,"column":26}},"type":"binary-expr","locations":[{"start":{"line":21,"column":9},"end":{"line":21,"column":20}},{"start":{"line":21,"column":24},"end":{"line":21,"column":26}}],"line":21},"2":{"loc":{"start":{"line":22,"column":12},"end":{"line":22,"column":32}},"type":"binary-expr","locations":[{"start":{"line":22,"column":12},"end":{"line":22,"column":26}},{"start":{"line":22,"column":30},"end":{"line":22,"column":32}}],"line":22},"3":{"loc":{"start":{"line":23,"column":12},"end":{"line":23,"column":32}},"type":"binary-expr","locations":[{"start":{"line":23,"column":12},"end":{"line":23,"column":26}},{"start":{"line":23,"column":30},"end":{"line":23,"column":32}}],"line":23},"4":{"loc":{"start":{"line":38,"column":4},"end":{"line":41,"column":5}},"type":"if","locations":[{"start":{"line":38,"column":4},"end":{"line":41,"column":5}},{"start":{},"end":{}}],"line":38},"5":{"loc":{"start":{"line":42,"column":4},"end":{"line":45,"column":5}},"type":"if","locations":[{"start":{"line":42,"column":4},"end":{"line":45,"column":5}},{"start":{},"end":{}}],"line":42},"6":{"loc":{"start":{"line":42,"column":8},"end":{"line":42,"column":32}},"type":"binary-expr","locations":[{"start":{"line":42,"column":8},"end":{"line":42,"column":12}},{"start":{"line":42,"column":16},"end":{"line":42,"column":32}}],"line":42},"7":{"loc":{"start":{"line":46,"column":4},"end":{"line":49,"column":5}},"type":"if","locations":[{"start":{"line":46,"column":4},"end":{"line":49,"column":5}},{"start":{},"end":{}}],"line":46},"8":{"loc":{"start":{"line":46,"column":8},"end":{"line":46,"column":47}},"type":"binary-expr","locations":[{"start":{"line":46,"column":8},"end":{"line":46,"column":15}},{"start":{"line":46,"column":19},"end":{"line":46,"column":31}},{"start":{"line":46,"column":35},"end":{"line":46,"column":47}}],"line":46},"9":{"loc":{"start":{"line":50,"column":4},"end":{"line":53,"column":5}},"type":"if","locations":[{"start":{"line":50,"column":4},"end":{"line":53,"column":5}},{"start":{},"end":{}}],"line":50},"10":{"loc":{"start":{"line":50,"column":8},"end":{"line":50,"column":46}},"type":"binary-expr","locations":[{"start":{"line":50,"column":8},"end":{"line":50,"column":15}},{"start":{"line":50,"column":19},"end":{"line":50,"column":30}},{"start":{"line":50,"column":34},"end":{"line":50,"column":46}}],"line":50},"11":{"loc":{"start":{"line":58,"column":4},"end":{"line":61,"column":5}},"type":"if","locations":[{"start":{"line":58,"column":4},"end":{"line":61,"column":5}},{"start":{},"end":{}}],"line":58},"12":{"loc":{"start":{"line":80,"column":18},"end":{"line":80,"column":70}},"type":"cond-expr","locations":[{"start":{"line":80,"column":47},"end":{"line":80,"column":65}},{"start":{"line":80,"column":68},"end":{"line":80,"column":70}}],"line":80},"13":{"loc":{"start":{"line":92,"column":18},"end":{"line":92,"column":74}},"type":"cond-expr","locations":[{"start":{"line":92,"column":49},"end":{"line":92,"column":69}},{"start":{"line":92,"column":72},"end":{"line":92,"column":74}}],"line":92}},"s":{"0":2,"1":7,"2":7,"3":7,"4":1,"5":7,"6":3,"7":7,"8":0,"9":0,"10":0,"11":0,"12":0,"13":0,"14":0,"15":0,"16":0,"17":0,"18":0,"19":0,"20":0,"21":0,"22":0,"23":0,"24":7,"25":0,"26":0,"27":0,"28":7,"29":0,"30":1,"31":2,"32":2},"f":{"0":7,"1":1,"2":3,"3":0,"4":0,"5":0,"6":1},"b":{"0":[7,7],"1":[7,7],"2":[7,7],"3":[7,7],"4":[0,0],"5":[0,0],"6":[0,0],"7":[0,0],"8":[0,0,0],"9":[0,0],"10":[0,0,0],"11":[0,0],"12":[0,7],"13":[4,3]},"_coverageSchema":"1a1c01bbd47fc00a2c39e90264f33305004495a9","hash":"943b970720acef8f6d7e8b93ef1cd16366dd43e0"}
,"D:\\Work\\Phincon\\caloried\\client\\src\\components\\forms\\CreateAccount\\index.jsx": {"path":"D:\\Work\\Phincon\\caloried\\client\\src\\components\\forms\\CreateAccount\\index.jsx","statementMap":{"0":{"start":{"line":18,"column":22},"end":{"line":97,"column":1}},"1":{"start":{"line":19,"column":19},"end":{"line":19,"column":32}},"2":{"start":{"line":21,"column":40},"end":{"line":26,"column":4}},"3":{"start":{"line":28,"column":28},"end":{"line":30,"column":3}},"4":{"start":{"line":29,"column":4},"end":{"line":29,"column":72}},"5":{"start":{"line":31,"column":39},"end":{"line":31,"column":46}},"6":{"start":{"line":32,"column":30},"end":{"line":32,"column":41}},"7":{"start":{"line":34,"column":27},"end":{"line":51,"column":3}},"8":{"start":{"line":35,"column":25},"end":{"line":43,"column":5}},"9":{"start":{"line":45,"column":4},"end":{"line":45,"column":46}},"10":{"start":{"line":46,"column":4},"end":{"line":50,"column":6}},"11":{"start":{"line":48,"column":8},"end":{"line":48,"column":29}},"12":{"start":{"line":53,"column":2},"end":{"line":96,"column":4}},"13":{"start":{"line":98,"column":0},"end":{"line":104,"column":2}},"14":{"start":{"line":106,"column":24},"end":{"line":111,"column":2}}},"fnMap":{"0":{"name":"(anonymous_0)","decl":{"start":{"line":18,"column":22},"end":{"line":18,"column":23}},"loc":{"start":{"line":18,"column":94},"end":{"line":97,"column":1}},"line":18},"1":{"name":"(anonymous_1)","decl":{"start":{"line":28,"column":28},"end":{"line":28,"column":29}},"loc":{"start":{"line":28,"column":35},"end":{"line":30,"column":3}},"line":28},"2":{"name":"(anonymous_2)","decl":{"start":{"line":34,"column":27},"end":{"line":34,"column":28}},"loc":{"start":{"line":34,"column":33},"end":{"line":51,"column":3}},"line":34},"3":{"name":"(anonymous_3)","decl":{"start":{"line":47,"column":29},"end":{"line":47,"column":30}},"loc":{"start":{"line":47,"column":35},"end":{"line":49,"column":7}},"line":47}},"branchMap":{"0":{"loc":{"start":{"line":22,"column":14},"end":{"line":22,"column":36}},"type":"binary-expr","locations":[{"start":{"line":22,"column":14},"end":{"line":22,"column":30}},{"start":{"line":22,"column":34},"end":{"line":22,"column":36}}],"line":22},"1":{"loc":{"start":{"line":23,"column":11},"end":{"line":23,"column":30}},"type":"binary-expr","locations":[{"start":{"line":23,"column":11},"end":{"line":23,"column":24}},{"start":{"line":23,"column":28},"end":{"line":23,"column":30}}],"line":23}},"s":{"0":2,"1":4,"2":4,"3":4,"4":1,"5":4,"6":4,"7":4,"8":0,"9":0,"10":0,"11":0,"12":4,"13":2,"14":2},"f":{"0":4,"1":1,"2":0,"3":0},"b":{"0":[4,4],"1":[4,4]},"_coverageSchema":"1a1c01bbd47fc00a2c39e90264f33305004495a9","hash":"a91b71f0b2953fabea961c93fde7b4a673b239b5"}
,"D:\\Work\\Phincon\\caloried\\client\\src\\components\\forms\\FormCard\\index.jsx": {"path":"D:\\Work\\Phincon\\caloried\\client\\src\\components\\forms\\FormCard\\index.jsx","statementMap":{"0":{"start":{"line":15,"column":16},"end":{"line":22,"column":1}},"1":{"start":{"line":24,"column":17},"end":{"line":31,"column":1}},"2":{"start":{"line":25,"column":22},"end":{"line":25,"column":42}},"3":{"start":{"line":26,"column":2},"end":{"line":30,"column":4}},"4":{"start":{"line":33,"column":0},"end":{"line":35,"column":2}},"5":{"start":{"line":37,"column":24},"end":{"line":39,"column":2}}},"fnMap":{"0":{"name":"(anonymous_0)","decl":{"start":{"line":24,"column":17},"end":{"line":24,"column":18}},"loc":{"start":{"line":24,"column":38},"end":{"line":31,"column":1}},"line":24}},"branchMap":{},"s":{"0":1,"1":1,"2":2,"3":2,"4":1,"5":1},"f":{"0":2},"b":{},"_coverageSchema":"1a1c01bbd47fc00a2c39e90264f33305004495a9","hash":"a17fdbbd3d1f5de1d61f39de7ba554441a60b808"}
,"D:\\Work\\Phincon\\caloried\\client\\src\\components\\forms\\FormFooter\\index.jsx": {"path":"D:\\Work\\Phincon\\caloried\\client\\src\\components\\forms\\FormFooter\\index.jsx","statementMap":{"0":{"start":{"line":15,"column":19},"end":{"line":53,"column":1}},"1":{"start":{"line":16,"column":19},"end":{"line":16,"column":32}},"2":{"start":{"line":18,"column":25},"end":{"line":20,"column":3}},"3":{"start":{"line":19,"column":4},"end":{"line":19,"column":17}},"4":{"start":{"line":22,"column":29},"end":{"line":24,"column":3}},"5":{"start":{"line":23,"column":4},"end":{"line":23,"column":29}},"6":{"start":{"line":26,"column":2},"end":{"line":52,"column":4}},"7":{"start":{"line":55,"column":0},"end":{"line":58,"column":2}},"8":{"start":{"line":60,"column":24},"end":{"line":62,"column":2}}},"fnMap":{"0":{"name":"(anonymous_0)","decl":{"start":{"line":15,"column":19},"end":{"line":15,"column":20}},"loc":{"start":{"line":15,"column":52},"end":{"line":53,"column":1}},"line":15},"1":{"name":"(anonymous_1)","decl":{"start":{"line":18,"column":25},"end":{"line":18,"column":26}},"loc":{"start":{"line":18,"column":31},"end":{"line":20,"column":3}},"line":18},"2":{"name":"(anonymous_2)","decl":{"start":{"line":22,"column":29},"end":{"line":22,"column":30}},"loc":{"start":{"line":22,"column":35},"end":{"line":24,"column":3}},"line":22}},"branchMap":{"0":{"loc":{"start":{"line":28,"column":7},"end":{"line":32,"column":7}},"type":"binary-expr","locations":[{"start":{"line":28,"column":7},"end":{"line":28,"column":22}},{"start":{"line":29,"column":8},"end":{"line":31,"column":26}}],"line":28},"1":{"loc":{"start":{"line":33,"column":7},"end":{"line":37,"column":7}},"type":"binary-expr","locations":[{"start":{"line":33,"column":7},"end":{"line":33,"column":24}},{"start":{"line":34,"column":8},"end":{"line":36,"column":24}}],"line":33},"2":{"loc":{"start":{"line":38,"column":7},"end":{"line":42,"column":7}},"type":"binary-expr","locations":[{"start":{"line":38,"column":7},"end":{"line":38,"column":22}},{"start":{"line":38,"column":26},"end":{"line":38,"column":41}},{"start":{"line":39,"column":8},"end":{"line":41,"column":24}}],"line":38},"3":{"loc":{"start":{"line":43,"column":7},"end":{"line":50,"column":7}},"type":"binary-expr","locations":[{"start":{"line":43,"column":7},"end":{"line":43,"column":24}},{"start":{"line":44,"column":8},"end":{"line":49,"column":24}}],"line":43}},"s":{"0":7,"1":24,"2":24,"3":1,"4":24,"5":0,"6":24,"7":7,"8":7},"f":{"0":24,"1":1,"2":0},"b":{"0":[24,0],"1":[24,24],"2":[24,24,0],"3":[24,0]},"_coverageSchema":"1a1c01bbd47fc00a2c39e90264f33305004495a9","hash":"e0a979dc7b46107c5f4c41cb958945b11ccb65ad"}
,"D:\\Work\\Phincon\\caloried\\client\\src\\components\\forms\\FormHeader\\index.jsx": {"path":"D:\\Work\\Phincon\\caloried\\client\\src\\components\\forms\\FormHeader\\index.jsx","statementMap":{"0":{"start":{"line":5,"column":19},"end":{"line":10,"column":1}},"1":{"start":{"line":6,"column":2},"end":{"line":9,"column":8}},"2":{"start":{"line":12,"column":0},"end":{"line":15,"column":2}}},"fnMap":{"0":{"name":"(anonymous_0)","decl":{"start":{"line":5,"column":19},"end":{"line":5,"column":20}},"loc":{"start":{"line":6,"column":2},"end":{"line":9,"column":8}},"line":6}},"branchMap":{},"s":{"0":6,"1":19,"2":6},"f":{"0":19},"b":{},"_coverageSchema":"1a1c01bbd47fc00a2c39e90264f33305004495a9","hash":"84eb9f1e4b5a76581cbd4a9845269b8333780d5a"}
,"D:\\Work\\Phincon\\caloried\\client\\src\\components\\forms\\GoalsForm\\index.jsx": {"path":"D:\\Work\\Phincon\\caloried\\client\\src\\components\\forms\\GoalsForm\\index.jsx","statementMap":{"0":{"start":{"line":18,"column":18},"end":{"line":66,"column":1}},"1":{"start":{"line":19,"column":19},"end":{"line":19,"column":32}},"2":{"start":{"line":20,"column":42},"end":{"line":20,"column":56}},"3":{"start":{"line":21,"column":16},"end":{"line":25,"column":3}},"4":{"start":{"line":27,"column":27},"end":{"line":29,"column":3}},"5":{"start":{"line":28,"column":4},"end":{"line":28,"column":29}},"6":{"start":{"line":31,"column":27},"end":{"line":38,"column":3}},"7":{"start":{"line":32,"column":4},"end":{"line":37,"column":5}},"8":{"start":{"line":33,"column":6},"end":{"line":33,"column":59}},"9":{"start":{"line":35,"column":6},"end":{"line":35,"column":38}},"10":{"start":{"line":36,"column":6},"end":{"line":36,"column":27}},"11":{"start":{"line":40,"column":2},"end":{"line":65,"column":4}},"12":{"start":{"line":49,"column":10},"end":{"line":57,"column":16}},"13":{"start":{"line":52,"column":27},"end":{"line":52,"column":48}},"14":{"start":{"line":68,"column":0},"end":{"line":71,"column":2}},"15":{"start":{"line":73,"column":24},"end":{"line":75,"column":2}}},"fnMap":{"0":{"name":"(anonymous_0)","decl":{"start":{"line":18,"column":18},"end":{"line":18,"column":19}},"loc":{"start":{"line":18,"column":57},"end":{"line":66,"column":1}},"line":18},"1":{"name":"(anonymous_1)","decl":{"start":{"line":27,"column":27},"end":{"line":27,"column":28}},"loc":{"start":{"line":27,"column":40},"end":{"line":29,"column":3}},"line":27},"2":{"name":"(anonymous_2)","decl":{"start":{"line":31,"column":27},"end":{"line":31,"column":28}},"loc":{"start":{"line":31,"column":33},"end":{"line":38,"column":3}},"line":31},"3":{"name":"(anonymous_3)","decl":{"start":{"line":48,"column":35},"end":{"line":48,"column":36}},"loc":{"start":{"line":49,"column":10},"end":{"line":57,"column":16}},"line":49},"4":{"name":"(anonymous_4)","decl":{"start":{"line":52,"column":21},"end":{"line":52,"column":22}},"loc":{"start":{"line":52,"column":27},"end":{"line":52,"column":48}},"line":52}},"branchMap":{"0":{"loc":{"start":{"line":32,"column":4},"end":{"line":37,"column":5}},"type":"if","locations":[{"start":{"line":32,"column":4},"end":{"line":37,"column":5}},{"start":{"line":34,"column":11},"end":{"line":37,"column":5}}],"line":32},"1":{"loc":{"start":{"line":51,"column":48},"end":{"line":51,"column":90}},"type":"cond-expr","locations":[{"start":{"line":51,"column":71},"end":{"line":51,"column":85}},{"start":{"line":51,"column":88},"end":{"line":51,"column":90}}],"line":51}},"s":{"0":2,"1":4,"2":4,"3":4,"4":4,"5":1,"6":4,"7":0,"8":0,"9":0,"10":0,"11":4,"12":12,"13":1,"14":2,"15":2},"f":{"0":4,"1":1,"2":0,"3":12,"4":1},"b":{"0":[0,0],"1":[1,11]},"_coverageSchema":"1a1c01bbd47fc00a2c39e90264f33305004495a9","hash":"7b39b3a6496df440b5d530dce1d02331e294d774"}
,"D:\\Work\\Phincon\\caloried\\client\\src\\components\\forms\\VerifyEmail\\index.jsx": {"path":"D:\\Work\\Phincon\\caloried\\client\\src\\components\\forms\\VerifyEmail\\index.jsx","statementMap":{"0":{"start":{"line":18,"column":20},"end":{"line":114,"column":1}},"1":{"start":{"line":19,"column":19},"end":{"line":19,"column":32}},"2":{"start":{"line":20,"column":19},"end":{"line":20,"column":32}},"3":{"start":{"line":21,"column":24},"end":{"line":21,"column":38}},"4":{"start":{"line":22,"column":50},"end":{"line":22,"column":64}},"5":{"start":{"line":23,"column":34},"end":{"line":23,"column":45}},"6":{"start":{"line":24,"column":32},"end":{"line":24,"column":60}},"7":{"start":{"line":26,"column":23},"end":{"line":34,"column":3}},"8":{"start":{"line":27,"column":4},"end":{"line":33,"column":6}},"9":{"start":{"line":29,"column":8},"end":{"line":29,"column":34}},"10":{"start":{"line":30,"column":8},"end":{"line":30,"column":39}},"11":{"start":{"line":31,"column":8},"end":{"line":31,"column":46}},"12":{"start":{"line":31,"column":33},"end":{"line":31,"column":44}},"13":{"start":{"line":36,"column":26},"end":{"line":59,"column":3}},"14":{"start":{"line":37,"column":4},"end":{"line":58,"column":6}},"15":{"start":{"line":39,"column":8},"end":{"line":56,"column":11}},"16":{"start":{"line":52,"column":10},"end":{"line":55,"column":11}},"17":{"start":{"line":53,"column":12},"end":{"line":53,"column":34}},"18":{"start":{"line":54,"column":12},"end":{"line":54,"column":33}},"19":{"start":{"line":61,"column":2},"end":{"line":64,"column":9}},"20":{"start":{"line":62,"column":4},"end":{"line":62,"column":30}},"21":{"start":{"line":63,"column":4},"end":{"line":63,"column":35}},"22":{"start":{"line":66,"column":19},"end":{"line":77,"column":3}},"23":{"start":{"line":67,"column":4},"end":{"line":70,"column":5}},"24":{"start":{"line":68,"column":6},"end":{"line":68,"column":33}},"25":{"start":{"line":69,"column":6},"end":{"line":69,"column":62}},"26":{"start":{"line":72,"column":4},"end":{"line":76,"column":6}},"27":{"start":{"line":79,"column":2},"end":{"line":113,"column":4}},"28":{"start":{"line":97,"column":34},"end":{"line":97,"column":54}},"29":{"start":{"line":116,"column":0},"end":{"line":119,"column":2}},"30":{"start":{"line":121,"column":24},"end":{"line":123,"column":2}}},"fnMap":{"0":{"name":"(anonymous_0)","decl":{"start":{"line":18,"column":20},"end":{"line":18,"column":21}},"loc":{"start":{"line":18,"column":62},"end":{"line":114,"column":1}},"line":18},"1":{"name":"(anonymous_1)","decl":{"start":{"line":26,"column":23},"end":{"line":26,"column":24}},"loc":{"start":{"line":26,"column":29},"end":{"line":34,"column":3}},"line":26},"2":{"name":"(anonymous_2)","decl":{"start":{"line":28,"column":56},"end":{"line":28,"column":57}},"loc":{"start":{"line":28,"column":62},"end":{"line":32,"column":7}},"line":28},"3":{"name":"(anonymous_3)","decl":{"start":{"line":31,"column":20},"end":{"line":31,"column":21}},"loc":{"start":{"line":31,"column":33},"end":{"line":31,"column":44}},"line":31},"4":{"name":"(anonymous_4)","decl":{"start":{"line":36,"column":26},"end":{"line":36,"column":27}},"loc":{"start":{"line":36,"column":32},"end":{"line":59,"column":3}},"line":36},"5":{"name":"(anonymous_5)","decl":{"start":{"line":38,"column":36},"end":{"line":38,"column":37}},"loc":{"start":{"line":38,"column":42},"end":{"line":57,"column":7}},"line":38},"6":{"name":"(anonymous_6)","decl":{"start":{"line":51,"column":16},"end":{"line":51,"column":17}},"loc":{"start":{"line":51,"column":28},"end":{"line":56,"column":9}},"line":51},"7":{"name":"(anonymous_7)","decl":{"start":{"line":61,"column":12},"end":{"line":61,"column":13}},"loc":{"start":{"line":61,"column":18},"end":{"line":64,"column":3}},"line":61},"8":{"name":"(anonymous_8)","decl":{"start":{"line":66,"column":19},"end":{"line":66,"column":20}},"loc":{"start":{"line":66,"column":56},"end":{"line":77,"column":3}},"line":66},"9":{"name":"(anonymous_9)","decl":{"start":{"line":97,"column":23},"end":{"line":97,"column":24}},"loc":{"start":{"line":97,"column":34},"end":{"line":97,"column":54}},"line":97}},"branchMap":{"0":{"loc":{"start":{"line":52,"column":10},"end":{"line":55,"column":11}},"type":"if","locations":[{"start":{"line":52,"column":10},"end":{"line":55,"column":11}},{"start":{},"end":{}}],"line":52},"1":{"loc":{"start":{"line":67,"column":4},"end":{"line":70,"column":5}},"type":"if","locations":[{"start":{"line":67,"column":4},"end":{"line":70,"column":5}},{"start":{},"end":{}}],"line":67},"2":{"loc":{"start":{"line":67,"column":8},"end":{"line":67,"column":37}},"type":"binary-expr","locations":[{"start":{"line":67,"column":8},"end":{"line":67,"column":17}},{"start":{"line":67,"column":21},"end":{"line":67,"column":37}}],"line":67},"3":{"loc":{"start":{"line":74,"column":19},"end":{"line":74,"column":57}},"type":"cond-expr","locations":[{"start":{"line":74,"column":34},"end":{"line":74,"column":47}},{"start":{"line":74,"column":50},"end":{"line":74,"column":57}}],"line":74},"4":{"loc":{"start":{"line":105,"column":40},"end":{"line":105,"column":84}},"type":"cond-expr","locations":[{"start":{"line":105,"column":59},"end":{"line":105,"column":79}},{"start":{"line":105,"column":82},"end":{"line":105,"column":84}}],"line":105},"5":{"loc":{"start":{"line":106,"column":19},"end":{"line":106,"column":58}},"type":"cond-expr","locations":[{"start":{"line":106,"column":39},"end":{"line":106,"column":51}},{"start":{"line":106,"column":54},"end":{"line":106,"column":58}}],"line":106}},"s":{"0":2,"1":4,"2":4,"3":4,"4":4,"5":4,"6":4,"7":4,"8":0,"9":0,"10":0,"11":0,"12":0,"13":4,"14":0,"15":0,"16":0,"17":0,"18":0,"19":4,"20":2,"21":2,"22":4,"23":8,"24":0,"25":0,"26":8,"27":4,"28":16,"29":2,"30":2},"f":{"0":4,"1":0,"2":0,"3":0,"4":0,"5":0,"6":0,"7":2,"8":8,"9":16},"b":{"0":[0,0],"1":[0,8],"2":[8,0],"3":[0,8],"4":[4,0],"5":[0,4]},"_coverageSchema":"1a1c01bbd47fc00a2c39e90264f33305004495a9","hash":"f3f118dcf8b3a83e16c17729d4ca9ce319e2b0bb"}
,"D:\\Work\\Phincon\\caloried\\client\\src\\components\\forms\\Welcome\\index.jsx": {"path":"D:\\Work\\Phincon\\caloried\\client\\src\\components\\forms\\Welcome\\index.jsx","statementMap":{"0":{"start":{"line":9,"column":16},"end":{"line":28,"column":1}},"1":{"start":{"line":10,"column":19},"end":{"line":10,"column":32}},"2":{"start":{"line":11,"column":2},"end":{"line":27,"column":4}},"3":{"start":{"line":24,"column":38},"end":{"line":24,"column":58}}},"fnMap":{"0":{"name":"(anonymous_0)","decl":{"start":{"line":9,"column":16},"end":{"line":9,"column":17}},"loc":{"start":{"line":9,"column":22},"end":{"line":28,"column":1}},"line":9},"1":{"name":"(anonymous_1)","decl":{"start":{"line":24,"column":32},"end":{"line":24,"column":33}},"loc":{"start":{"line":24,"column":38},"end":{"line":24,"column":58}},"line":24}},"branchMap":{},"s":{"0":2,"1":4,"2":4,"3":0},"f":{"0":4,"1":0},"b":{},"_coverageSchema":"1a1c01bbd47fc00a2c39e90264f33305004495a9","hash":"e0298042869a54b38e7afef69932860541eee52a"}
,"D:\\Work\\Phincon\\caloried\\client\\src\\components\\landing-page\\FeatureCard\\index.jsx": {"path":"D:\\Work\\Phincon\\caloried\\client\\src\\components\\landing-page\\FeatureCard\\index.jsx","statementMap":{"0":{"start":{"line":5,"column":20},"end":{"line":13,"column":1}},"1":{"start":{"line":6,"column":2},"end":{"line":12,"column":8}},"2":{"start":{"line":15,"column":0},"end":{"line":19,"column":2}}},"fnMap":{"0":{"name":"(anonymous_0)","decl":{"start":{"line":5,"column":20},"end":{"line":5,"column":21}},"loc":{"start":{"line":6,"column":2},"end":{"line":12,"column":8}},"line":6}},"branchMap":{},"s":{"0":3,"1":22,"2":3},"f":{"0":22},"b":{},"_coverageSchema":"1a1c01bbd47fc00a2c39e90264f33305004495a9","hash":"922fa096f14f57e0daf43bdd92394c6f4f726824"}
,"D:\\Work\\Phincon\\caloried\\client\\src\\components\\landing-page\\Features\\index.jsx": {"path":"D:\\Work\\Phincon\\caloried\\client\\src\\components\\landing-page\\Features\\index.jsx","statementMap":{"0":{"start":{"line":8,"column":17},"end":{"line":41,"column":1}},"1":{"start":{"line":9,"column":2},"end":{"line":40,"column":8}},"2":{"start":{"line":43,"column":0},"end":{"line":45,"column":2}}},"fnMap":{"0":{"name":"(anonymous_0)","decl":{"start":{"line":8,"column":17},"end":{"line":8,"column":18}},"loc":{"start":{"line":9,"column":2},"end":{"line":40,"column":8}},"line":9}},"branchMap":{},"s":{"0":2,"1":4,"2":2},"f":{"0":4},"b":{},"_coverageSchema":"1a1c01bbd47fc00a2c39e90264f33305004495a9","hash":"baa6372343c6e5ec10daba2b3cfe70de5953dcd7"}
,"D:\\Work\\Phincon\\caloried\\client\\src\\components\\landing-page\\Footer\\index.jsx": {"path":"D:\\Work\\Phincon\\caloried\\client\\src\\components\\landing-page\\Footer\\index.jsx","statementMap":{"0":{"start":{"line":5,"column":15},"end":{"line":28,"column":1}},"1":{"start":{"line":6,"column":2},"end":{"line":27,"column":11}}},"fnMap":{"0":{"name":"(anonymous_0)","decl":{"start":{"line":5,"column":15},"end":{"line":5,"column":16}},"loc":{"start":{"line":6,"column":2},"end":{"line":27,"column":11}},"line":6}},"branchMap":{},"s":{"0":2,"1":4},"f":{"0":4},"b":{},"_coverageSchema":"1a1c01bbd47fc00a2c39e90264f33305004495a9","hash":"9085341e447f60ba9dfab79e34c991566a7457c8"}
,"D:\\Work\\Phincon\\caloried\\client\\src\\components\\landing-page\\Hero\\index.jsx": {"path":"D:\\Work\\Phincon\\caloried\\client\\src\\components\\landing-page\\Hero\\index.jsx","statementMap":{"0":{"start":{"line":7,"column":13},"end":{"line":30,"column":1}},"1":{"start":{"line":8,"column":19},"end":{"line":8,"column":32}},"2":{"start":{"line":9,"column":2},"end":{"line":29,"column":4}},"3":{"start":{"line":21,"column":59},"end":{"line":21,"column":79}}},"fnMap":{"0":{"name":"(anonymous_0)","decl":{"start":{"line":7,"column":13},"end":{"line":7,"column":14}},"loc":{"start":{"line":7,"column":19},"end":{"line":30,"column":1}},"line":7},"1":{"name":"(anonymous_1)","decl":{"start":{"line":21,"column":53},"end":{"line":21,"column":54}},"loc":{"start":{"line":21,"column":59},"end":{"line":21,"column":79}},"line":21}},"branchMap":{},"s":{"0":2,"1":5,"2":5,"3":1},"f":{"0":5,"1":1},"b":{},"_coverageSchema":"1a1c01bbd47fc00a2c39e90264f33305004495a9","hash":"b870dd774ea666b5bab353f1d4597ba21f44639a"}
,"D:\\Work\\Phincon\\caloried\\client\\src\\components\\profile\\ChangePasswordModal\\index.jsx": {"path":"D:\\Work\\Phincon\\caloried\\client\\src\\components\\profile\\ChangePasswordModal\\index.jsx","statementMap":{"0":{"start":{"line":15,"column":28},"end":{"line":108,"column":1}},"1":{"start":{"line":16,"column":19},"end":{"line":16,"column":32}},"2":{"start":{"line":22,"column":6},"end":{"line":22,"column":15}},"3":{"start":{"line":24,"column":56},"end":{"line":24,"column":71}},"4":{"start":{"line":25,"column":48},"end":{"line":25,"column":63}},"5":{"start":{"line":27,"column":41},"end":{"line":33,"column":3}},"6":{"start":{"line":28,"column":4},"end":{"line":32,"column":5}},"7":{"start":{"line":29,"column":6},"end":{"line":29,"column":51}},"8":{"start":{"line":30,"column":11},"end":{"line":32,"column":5}},"9":{"start":{"line":31,"column":6},"end":{"line":31,"column":43}},"10":{"start":{"line":35,"column":19},"end":{"line":42,"column":3}},"11":{"start":{"line":36,"column":4},"end":{"line":41,"column":6}},"12":{"start":{"line":38,"column":8},"end":{"line":38,"column":18}},"13":{"start":{"line":39,"column":8},"end":{"line":39,"column":16}},"14":{"start":{"line":43,"column":2},"end":{"line":107,"column":4}},"15":{"start":{"line":63,"column":31},"end":{"line":63,"column":72}},"16":{"start":{"line":85,"column":31},"end":{"line":85,"column":68}},"17":{"start":{"line":110,"column":0},"end":{"line":115,"column":2}}},"fnMap":{"0":{"name":"(anonymous_0)","decl":{"start":{"line":15,"column":28},"end":{"line":15,"column":29}},"loc":{"start":{"line":15,"column":83},"end":{"line":108,"column":1}},"line":15},"1":{"name":"(anonymous_1)","decl":{"start":{"line":27,"column":41},"end":{"line":27,"column":42}},"loc":{"start":{"line":27,"column":59},"end":{"line":33,"column":3}},"line":27},"2":{"name":"(anonymous_2)","decl":{"start":{"line":35,"column":19},"end":{"line":35,"column":20}},"loc":{"start":{"line":35,"column":29},"end":{"line":42,"column":3}},"line":35},"3":{"name":"(anonymous_3)","decl":{"start":{"line":37,"column":34},"end":{"line":37,"column":35}},"loc":{"start":{"line":37,"column":40},"end":{"line":40,"column":7}},"line":37},"4":{"name":"(anonymous_4)","decl":{"start":{"line":63,"column":25},"end":{"line":63,"column":26}},"loc":{"start":{"line":63,"column":31},"end":{"line":63,"column":72}},"line":63},"5":{"name":"(anonymous_5)","decl":{"start":{"line":85,"column":25},"end":{"line":85,"column":26}},"loc":{"start":{"line":85,"column":31},"end":{"line":85,"column":68}},"line":85}},"branchMap":{"0":{"loc":{"start":{"line":28,"column":4},"end":{"line":32,"column":5}},"type":"if","locations":[{"start":{"line":28,"column":4},"end":{"line":32,"column":5}},{"start":{"line":30,"column":11},"end":{"line":32,"column":5}}],"line":28},"1":{"loc":{"start":{"line":30,"column":11},"end":{"line":32,"column":5}},"type":"if","locations":[{"start":{"line":30,"column":11},"end":{"line":32,"column":5}},{"start":{},"end":{}}],"line":30},"2":{"loc":{"start":{"line":56,"column":22},"end":{"line":56,"column":63}},"type":"cond-expr","locations":[{"start":{"line":56,"column":44},"end":{"line":56,"column":50}},{"start":{"line":56,"column":53},"end":{"line":56,"column":63}}],"line":56},"3":{"loc":{"start":{"line":57,"column":47},"end":{"line":57,"column":95}},"type":"cond-expr","locations":[{"start":{"line":57,"column":72},"end":{"line":57,"column":90}},{"start":{"line":57,"column":93},"end":{"line":57,"column":95}}],"line":57},"4":{"loc":{"start":{"line":67,"column":17},"end":{"line":67,"column":73}},"type":"cond-expr","locations":[{"start":{"line":67,"column":39},"end":{"line":67,"column":56}},{"start":{"line":67,"column":59},"end":{"line":67,"column":73}}],"line":67},"5":{"loc":{"start":{"line":70,"column":13},"end":{"line":70,"column":110}},"type":"binary-expr","locations":[{"start":{"line":70,"column":13},"end":{"line":70,"column":35}},{"start":{"line":70,"column":39},"end":{"line":70,"column":110}}],"line":70},"6":{"loc":{"start":{"line":78,"column":22},"end":{"line":78,"column":59}},"type":"cond-expr","locations":[{"start":{"line":78,"column":40},"end":{"line":78,"column":46}},{"start":{"line":78,"column":49},"end":{"line":78,"column":59}}],"line":78},"7":{"loc":{"start":{"line":79,"column":47},"end":{"line":79,"column":91}},"type":"cond-expr","locations":[{"start":{"line":79,"column":68},"end":{"line":79,"column":86}},{"start":{"line":79,"column":89},"end":{"line":79,"column":91}}],"line":79},"8":{"loc":{"start":{"line":89,"column":17},"end":{"line":89,"column":69}},"type":"cond-expr","locations":[{"start":{"line":89,"column":35},"end":{"line":89,"column":52}},{"start":{"line":89,"column":55},"end":{"line":89,"column":69}}],"line":89},"9":{"loc":{"start":{"line":92,"column":13},"end":{"line":92,"column":102}},"type":"binary-expr","locations":[{"start":{"line":92,"column":13},"end":{"line":92,"column":31}},{"start":{"line":92,"column":35},"end":{"line":92,"column":102}}],"line":92}},"s":{"0":2,"1":10,"2":10,"3":10,"4":10,"5":10,"6":2,"7":1,"8":1,"9":1,"10":10,"11":0,"12":0,"13":0,"14":10,"15":1,"16":1,"17":2},"f":{"0":10,"1":2,"2":0,"3":0,"4":1,"5":1},"b":{"0":[1,1],"1":[1,0],"2":[1,9],"3":[0,10],"4":[1,9],"5":[10,0],"6":[1,9],"7":[0,10],"8":[1,9],"9":[10,0]},"_coverageSchema":"1a1c01bbd47fc00a2c39e90264f33305004495a9","hash":"806c08e79370e8760a68a24fd5f4f40708e5f215"}
,"D:\\Work\\Phincon\\caloried\\client\\src\\components\\profile\\EditProfileModal\\index.jsx": {"path":"D:\\Work\\Phincon\\caloried\\client\\src\\components\\profile\\EditProfileModal\\index.jsx","statementMap":{"0":{"start":{"line":17,"column":25},"end":{"line":259,"column":1}},"1":{"start":{"line":18,"column":19},"end":{"line":18,"column":32}},"2":{"start":{"line":25,"column":6},"end":{"line":25,"column":15}},"3":{"start":{"line":27,"column":36},"end":{"line":27,"column":55}},"4":{"start":{"line":28,"column":30},"end":{"line":28,"column":52}},"5":{"start":{"line":29,"column":24},"end":{"line":29,"column":32}},"6":{"start":{"line":31,"column":26},"end":{"line":34,"column":3}},"7":{"start":{"line":32,"column":4},"end":{"line":32,"column":25}},"8":{"start":{"line":33,"column":4},"end":{"line":33,"column":22}},"9":{"start":{"line":36,"column":28},"end":{"line":38,"column":3}},"10":{"start":{"line":37,"column":4},"end":{"line":37,"column":34}},"11":{"start":{"line":40,"column":29},"end":{"line":46,"column":3}},"12":{"start":{"line":41,"column":17},"end":{"line":41,"column":38}},"13":{"start":{"line":43,"column":4},"end":{"line":45,"column":5}},"14":{"start":{"line":44,"column":6},"end":{"line":44,"column":43}},"15":{"start":{"line":48,"column":19},"end":{"line":56,"column":3}},"16":{"start":{"line":49,"column":21},"end":{"line":49,"column":35}},"17":{"start":{"line":51,"column":4},"end":{"line":53,"column":7}},"18":{"start":{"line":52,"column":6},"end":{"line":52,"column":34}},"19":{"start":{"line":55,"column":4},"end":{"line":55,"column":60}},"20":{"start":{"line":55,"column":48},"end":{"line":55,"column":57}},"21":{"start":{"line":58,"column":2},"end":{"line":258,"column":4}},"22":{"start":{"line":73,"column":16},"end":{"line":85,"column":18}},"23":{"start":{"line":75,"column":20},"end":{"line":75,"column":27}},"24":{"start":{"line":76,"column":20},"end":{"line":76,"column":46}},"25":{"start":{"line":80,"column":20},"end":{"line":80,"column":42}},"26":{"start":{"line":81,"column":20},"end":{"line":81,"column":48}},"27":{"start":{"line":128,"column":35},"end":{"line":128,"column":58}},"28":{"start":{"line":139,"column":35},"end":{"line":139,"column":60}},"29":{"start":{"line":261,"column":0},"end":{"line":267,"column":2}}},"fnMap":{"0":{"name":"(anonymous_0)","decl":{"start":{"line":17,"column":25},"end":{"line":17,"column":26}},"loc":{"start":{"line":17,"column":86},"end":{"line":259,"column":1}},"line":17},"1":{"name":"(anonymous_1)","decl":{"start":{"line":31,"column":26},"end":{"line":31,"column":27}},"loc":{"start":{"line":31,"column":35},"end":{"line":34,"column":3}},"line":31},"2":{"name":"(anonymous_2)","decl":{"start":{"line":36,"column":28},"end":{"line":36,"column":29}},"loc":{"start":{"line":36,"column":34},"end":{"line":38,"column":3}},"line":36},"3":{"name":"(anonymous_3)","decl":{"start":{"line":40,"column":29},"end":{"line":40,"column":30}},"loc":{"start":{"line":40,"column":40},"end":{"line":46,"column":3}},"line":40},"4":{"name":"(anonymous_4)","decl":{"start":{"line":48,"column":19},"end":{"line":48,"column":20}},"loc":{"start":{"line":48,"column":29},"end":{"line":56,"column":3}},"line":48},"5":{"name":"(anonymous_5)","decl":{"start":{"line":51,"column":33},"end":{"line":51,"column":34}},"loc":{"start":{"line":51,"column":51},"end":{"line":53,"column":5}},"line":51},"6":{"name":"(anonymous_6)","decl":{"start":{"line":55,"column":42},"end":{"line":55,"column":43}},"loc":{"start":{"line":55,"column":48},"end":{"line":55,"column":57}},"line":55},"7":{"name":"(anonymous_7)","decl":{"start":{"line":72,"column":22},"end":{"line":72,"column":23}},"loc":{"start":{"line":73,"column":16},"end":{"line":85,"column":18}},"line":73},"8":{"name":"(anonymous_8)","decl":{"start":{"line":74,"column":23},"end":{"line":74,"column":24}},"loc":{"start":{"line":74,"column":30},"end":{"line":77,"column":19}},"line":74},"9":{"name":"(anonymous_9)","decl":{"start":{"line":79,"column":28},"end":{"line":79,"column":29}},"loc":{"start":{"line":79,"column":35},"end":{"line":82,"column":19}},"line":79},"10":{"name":"(anonymous_10)","decl":{"start":{"line":128,"column":29},"end":{"line":128,"column":30}},"loc":{"start":{"line":128,"column":35},"end":{"line":128,"column":58}},"line":128},"11":{"name":"(anonymous_11)","decl":{"start":{"line":139,"column":29},"end":{"line":139,"column":30}},"loc":{"start":{"line":139,"column":35},"end":{"line":139,"column":60}},"line":139}},"branchMap":{"0":{"loc":{"start":{"line":43,"column":4},"end":{"line":45,"column":5}},"type":"if","locations":[{"start":{"line":43,"column":4},"end":{"line":45,"column":5}},{"start":{},"end":{}}],"line":43},"1":{"loc":{"start":{"line":64,"column":19},"end":{"line":64,"column":86}},"type":"cond-expr","locations":[{"start":{"line":64,"column":48},"end":{"line":64,"column":54}},{"start":{"line":64,"column":57},"end":{"line":64,"column":86}}],"line":64},"2":{"loc":{"start":{"line":96,"column":51},"end":{"line":96,"column":92}},"type":"cond-expr","locations":[{"start":{"line":96,"column":69},"end":{"line":96,"column":87}},{"start":{"line":96,"column":90},"end":{"line":96,"column":92}}],"line":96},"3":{"loc":{"start":{"line":101,"column":17},"end":{"line":101,"column":100}},"type":"binary-expr","locations":[{"start":{"line":101,"column":17},"end":{"line":101,"column":32}},{"start":{"line":101,"column":36},"end":{"line":101,"column":100}}],"line":101},"4":{"loc":{"start":{"line":110,"column":51},"end":{"line":110,"column":89}},"type":"cond-expr","locations":[{"start":{"line":110,"column":66},"end":{"line":110,"column":84}},{"start":{"line":110,"column":87},"end":{"line":110,"column":89}}],"line":110},"5":{"loc":{"start":{"line":115,"column":17},"end":{"line":115,"column":94}},"type":"binary-expr","locations":[{"start":{"line":115,"column":17},"end":{"line":115,"column":29}},{"start":{"line":115,"column":33},"end":{"line":115,"column":94}}],"line":115},"6":{"loc":{"start":{"line":130,"column":22},"end":{"line":130,"column":68}},"type":"cond-expr","locations":[{"start":{"line":130,"column":45},"end":{"line":130,"column":63}},{"start":{"line":130,"column":66},"end":{"line":130,"column":68}}],"line":130},"7":{"loc":{"start":{"line":141,"column":22},"end":{"line":141,"column":72}},"type":"cond-expr","locations":[{"start":{"line":141,"column":47},"end":{"line":141,"column":67}},{"start":{"line":141,"column":70},"end":{"line":141,"column":72}}],"line":141},"8":{"loc":{"start":{"line":157,"column":51},"end":{"line":157,"column":87}},"type":"cond-expr","locations":[{"start":{"line":157,"column":64},"end":{"line":157,"column":82}},{"start":{"line":157,"column":85},"end":{"line":157,"column":87}}],"line":157},"9":{"loc":{"start":{"line":165,"column":17},"end":{"line":165,"column":90}},"type":"binary-expr","locations":[{"start":{"line":165,"column":17},"end":{"line":165,"column":27}},{"start":{"line":165,"column":31},"end":{"line":165,"column":90}}],"line":165},"10":{"loc":{"start":{"line":173,"column":51},"end":{"line":173,"column":90}},"type":"cond-expr","locations":[{"start":{"line":173,"column":67},"end":{"line":173,"column":85}},{"start":{"line":173,"column":88},"end":{"line":173,"column":90}}],"line":173},"11":{"loc":{"start":{"line":179,"column":17},"end":{"line":179,"column":96}},"type":"binary-expr","locations":[{"start":{"line":179,"column":17},"end":{"line":179,"column":30}},{"start":{"line":179,"column":34},"end":{"line":179,"column":96}}],"line":179},"12":{"loc":{"start":{"line":187,"column":51},"end":{"line":187,"column":90}},"type":"cond-expr","locations":[{"start":{"line":187,"column":67},"end":{"line":187,"column":85}},{"start":{"line":187,"column":88},"end":{"line":187,"column":90}}],"line":187},"13":{"loc":{"start":{"line":193,"column":17},"end":{"line":193,"column":96}},"type":"binary-expr","locations":[{"start":{"line":193,"column":17},"end":{"line":193,"column":30}},{"start":{"line":193,"column":34},"end":{"line":193,"column":96}}],"line":193}},"s":{"0":2,"1":3,"2":3,"3":3,"4":3,"5":3,"6":3,"7":0,"8":0,"9":3,"10":0,"11":3,"12":0,"13":0,"14":0,"15":3,"16":0,"17":0,"18":0,"19":0,"20":0,"21":3,"22":3,"23":6,"24":6,"25":0,"26":0,"27":0,"28":0,"29":2},"f":{"0":3,"1":0,"2":0,"3":0,"4":0,"5":0,"6":0,"7":3,"8":6,"9":0,"10":0,"11":0},"b":{"0":[0,0],"1":[0,3],"2":[0,3],"3":[3,0],"4":[0,3],"5":[3,0],"6":[3,0],"7":[0,3],"8":[0,3],"9":[3,0],"10":[0,3],"11":[3,0],"12":[0,3],"13":[3,0]},"_coverageSchema":"1a1c01bbd47fc00a2c39e90264f33305004495a9","hash":"66f1125284e3e46c8a63b994dfa4e40f454dca1a"}
[...]
,"D:\\Work\\Phincon\\caloried\\client\\src\\utils\\authUtils.js": {"path":"D:\\Work\\Phincon\\caloried\\client\\src\\utils\\authUtils.js","statementMap":{"0":{"start":{"line":3,"column":27},"end":{"line":10,"column":1}},"1":{"start":{"line":4,"column":2},"end":{"line":9,"column":3}},"2":{"start":{"line":5,"column":20},"end":{"line":5,"column":36}},"3":{"start":{"line":6,"column":4},"end":{"line":6,"column":34}},"4":{"start":{"line":8,"column":4},"end":{"line":8,"column":17}}},"fnMap":{"0":{"name":"(anonymous_0)","decl":{"start":{"line":3,"column":27},"end":{"line":3,"column":28}},"loc":{"start":{"line":3,"column":44},"end":{"line":10,"column":1}},"line":3}},"branchMap":{},"s":{"0":3,"1":5,"2":5,"3":0,"4":5},"f":{"0":5},"b":{},"_coverageSchema":"1a1c01bbd47fc00a2c39e90264f33305004495a9","hash":"4026688cc8af7fa046eb3ad63cac60338af1249c"}
,"D:\\Work\\Phincon\\caloried\\client\\src\\utils\\calculateUtils.js": {"path":"D:\\Work\\Phincon\\caloried\\client\\src\\utils\\calculateUtils.js","statementMap":{"0":{"start":{"line":2,"column":42},"end":{"line":30,"column":1}},"1":{"start":{"line":3,"column":2},"end":{"line":5,"column":3}},"2":{"start":{"line":4,"column":4},"end":{"line":4,"column":14}},"3":{"start":{"line":7,"column":31},"end":{"line":7,"column":57}},"4":{"start":{"line":10,"column":2},"end":{"line":18,"column":3}},"5":{"start":{"line":12,"column":6},"end":{"line":13,"column":48}},"6":{"start":{"line":12,"column":50},"end":{"line":12,"column":107}},"7":{"start":{"line":15,"column":4},"end":{"line":15,"column":79}},"8":{"start":{"line":17,"column":4},"end":{"line":17,"column":30}},"9":{"start":{"line":20,"column":28},"end":{"line":20,"column":30}},"10":{"start":{"line":21,"column":2},"end":{"line":27,"column":5}},"11":{"start":{"line":22,"column":26},"end":{"line":22,"column":68}},"12":{"start":{"line":23,"column":4},"end":{"line":26,"column":6}},"13":{"start":{"line":29,"column":2},"end":{"line":29,"column":27}},"14":{"start":{"line":32,"column":39},"end":{"line":50,"column":1}},"15":{"start":{"line":33,"column":22},"end":{"line":33,"column":23}},"16":{"start":{"line":34,"column":21},"end":{"line":34,"column":22}},"17":{"start":{"line":35,"column":19},"end":{"line":35,"column":20}},"18":{"start":{"line":36,"column":17},"end":{"line":36,"column":18}},"19":{"start":{"line":38,"column":2},"end":{"line":47,"column":3}},"20":{"start":{"line":39,"column":4},"end":{"line":46,"column":7}},"21":{"start":{"line":40,"column":6},"end":{"line":45,"column":9}},"22":{"start":{"line":41,"column":8},"end":{"line":41,"column":78}},"23":{"start":{"line":42,"column":8},"end":{"line":42,"column":76}},"24":{"start":{"line":43,"column":8},"end":{"line":43,"column":72}},"25":{"start":{"line":44,"column":8},"end":{"line":44,"column":56}},"26":{"start":{"line":48,"column":2},"end":{"line":48,"column":45}},"27":{"start":{"line":49,"column":2},"end":{"line":49,"column":63}},"28":{"start":{"line":52,"column":43},"end":{"line":55,"column":1}},"29":{"start":{"line":53,"column":2},"end":{"line":53,"column":44}},"30":{"start":{"line":53,"column":35},"end":{"line":53,"column":44}},"31":{"start":{"line":54,"column":2},"end":{"line":54,"column":69}},"32":{"start":{"line":57,"column":28},"end":{"line":68,"column":1}},"33":{"start":{"line":58,"column":19},"end":{"line":58,"column":32}},"34":{"start":{"line":59,"column":16},"end":{"line":59,"column":26}},"35":{"start":{"line":60,"column":12},"end":{"line":60,"column":56}},"36":{"start":{"line":61,"column":12},"end":{"line":61,"column":50}},"37":{"start":{"line":63,"column":2},"end":{"line":65,"column":3}},"38":{"start":{"line":64,"column":4},"end":{"line":64,"column":10}},"39":{"start":{"line":67,"column":2},"end":{"line":67,"column":13}},"40":{"start":{"line":70,"column":46},"end":{"line":74,"column":2}},"41":{"start":{"line":70,"column":72},"end":{"line":74,"column":1}},"42":{"start":{"line":76,"column":47},"end":{"line":84,"column":1}},"43":{"start":{"line":77,"column":16},"end":{"line":77,"column":78}},"44":{"start":{"line":77,"column":55},"end":{"line":77,"column":74}},"45":{"start":{"line":79,"column":2},"end":{"line":83,"column":6}},"46":{"start":{"line":79,"column":38},"end":{"line":83,"column":3}}},"fnMap":{"0":{"name":"(anonymous_0)","decl":{"start":{"line":2,"column":42},"end":{"line":2,"column":43}},"loc":{"start":{"line":2,"column":94},"end":{"line":30,"column":1}},"line":2},"1":{"name":"(anonymous_1)","decl":{"start":{"line":12,"column":37},"end":{"line":12,"column":38}},"loc":{"start":{"line":12,"column":50},"end":{"line":12,"column":107}},"line":12},"2":{"name":"(anonymous_2)","decl":{"start":{"line":21,"column":46},"end":{"line":21,"column":47}},"loc":{"start":{"line":21,"column":63},"end":{"line":27,"column":3}},"line":21},"3":{"name":"(anonymous_3)","decl":{"start":{"line":32,"column":39},"end":{"line":32,"column":40}},"loc":{"start":{"line":32,"column":50},"end":{"line":50,"column":1}},"line":32},"4":{"name":"(anonymous_4)","decl":{"start":{"line":39,"column":18},"end":{"line":39,"column":19}},"loc":{"start":{"line":39,"column":28},"end":{"line":46,"column":5}},"line":39},"5":{"name":"(anonymous_5)","decl":{"start":{"line":40,"column":28},"end":{"line":40,"column":29}},"loc":{"start":{"line":40,"column":41},"end":{"line":45,"column":7}},"line":40},"6":{"name":"(anonymous_6)","decl":{"start":{"line":52,"column":43},"end":{"line":52,"column":44}},"loc":{"start":{"line":52,"column":84},"end":{"line":55,"column":1}},"line":52},"7":{"name":"(anonymous_7)","decl":{"start":{"line":57,"column":28},"end":{"line":57,"column":29}},"loc":{"start":{"line":57,"column":37},"end":{"line":68,"column":1}},"line":57},"8":{"name":"(anonymous_8)","decl":{"start":{"line":70,"column":46},"end":{"line":70,"column":47}},"loc":{"start":{"line":70,"column":72},"end":{"line":74,"column":1}},"line":70},"9":{"name":"(anonymous_9)","decl":{"start":{"line":76,"column":47},"end":{"line":76,"column":48}},"loc":{"start":{"line":76,"column":65},"end":{"line":84,"column":1}},"line":76},"10":{"name":"(anonymous_10)","decl":{"start":{"line":77,"column":37},"end":{"line":77,"column":38}},"loc":{"start":{"line":77,"column":55},"end":{"line":77,"column":74}},"line":77},"11":{"name":"(anonymous_11)","decl":{"start":{"line":79,"column":27},"end":{"line":79,"column":28}},"loc":{"start":{"line":79,"column":38},"end":{"line":83,"column":3}},"line":79}},"branchMap":{"0":{"loc":{"start":{"line":3,"column":2},"end":{"line":5,"column":3}},"type":"if","locations":[{"start":{"line":3,"column":2},"end":{"line":5,"column":3}},{"start":{},"end":{}}],"line":3},"1":{"loc":{"start":{"line":3,"column":6},"end":{"line":3,"column":44}},"type":"binary-expr","locations":[{"start":{"line":3,"column":6},"end":{"line":3,"column":18}},{"start":{"line":3,"column":22},"end":{"line":3,"column":44}}],"line":3},"2":{"loc":{"start":{"line":10,"column":2},"end":{"line":18,"column":3}},"type":"if","locations":[{"start":{"line":10,"column":2},"end":{"line":18,"column":3}},{"start":{"line":16,"column":9},"end":{"line":18,"column":3}}],"line":10},"3":{"loc":{"start":{"line":12,"column":6},"end":{"line":13,"column":48}},"type":"binary-expr","locations":[{"start":{"line":12,"column":6},"end":{"line":13,"column":24}},{"start":{"line":13,"column":28},"end":{"line":13,"column":48}}],"line":12},"4":{"loc":{"start":{"line":38,"column":2},"end":{"line":47,"column":3}},"type":"if","locations":[{"start":{"line":38,"column":2},"end":{"line":47,"column":3}},{"start":{},"end":{}}],"line":38},"5":{"loc":{"start":{"line":53,"column":2},"end":{"line":53,"column":44}},"type":"if","locations":[{"start":{"line":53,"column":2},"end":{"line":53,"column":44}},{"start":{},"end":{}}],"line":53},"6":{"loc":{"start":{"line":53,"column":6},"end":{"line":53,"column":33}},"type":"binary-expr","locations":[{"start":{"line":53,"column":6},"end":{"line":53,"column":15}},{"start":{"line":53,"column":19},"end":{"line":53,"column":33}}],"line":53},"7":{"loc":{"start":{"line":63,"column":2},"end":{"line":65,"column":3}},"type":"if","locations":[{"start":{"line":63,"column":2},"end":{"line":65,"column":3}},{"start":{},"end":{}}],"line":63},"8":{"loc":{"start":{"line":63,"column":6},"end":{"line":63,"column":64}},"type":"binary-expr","locations":[{"start":{"line":63,"column":6},"end":{"line":63,"column":11}},{"start":{"line":63,"column":16},"end":{"line":63,"column":23}},{"start":{"line":63,"column":27},"end":{"line":63,"column":63}}],"line":63},"9":{"loc":{"start":{"line":82,"column":11},"end":{"line":82,"column":66}},"type":"cond-expr","locations":[{"start":{"line":82,"column":23},"end":{"line":82,"column":62}},{"start":{"line":82,"column":65},"end":{"line":82,"column":66}}],"line":82}},"s":{"0":1,"1":0,"2":0,"3":0,"4":0,"5":0,"6":0,"7":0,"8":0,"9":0,"10":0,"11":0,"12":0,"13":0,"14":1,"15":0,"16":0,"17":0,"18":0,"19":0,"20":0,"21":0,"22":0,"23":0,"24":0,"25":0,"26":0,"27":0,"28":1,"29":0,"30":0,"31":0,"32":1,"33":4,"34":4,"35":4,"36":4,"37":4,"38":0,"39":4,"40":1,"41":0,"42":1,"43":0,"44":0,"45":0,"46":0},"f":{"0":0,"1":0,"2":0,"3":0,"4":0,"5":0,"6":0,"7":4,"8":0,"9":0,"10":0,"11":0},"b":{"0":[0,0],"1":[0,0],"2":[0,0],"3":[0,0],"4":[0,0],"5":[0,0],"6":[0,0],"7":[0,4],"8":[4,4,0],"9":[0,0]},"_coverageSchema":"1a1c01bbd47fc00a2c39e90264f33305004495a9","hash":"87b8455b944712cb1d8583b3a9b69d796fbf2b85"}
,"D:\\Work\\Phincon\\caloried\\client\\src\\utils\\formatUtils.js": {"path":"D:\\Work\\Phincon\\caloried\\client\\src\\utils\\formatUtils.js","statementMap":{"0":{"start":{"line":1,"column":26},"end":{"line":10,"column":1}},"1":{"start":{"line":2,"column":2},"end":{"line":4,"column":3}},"2":{"start":{"line":3,"column":4},"end":{"line":3,"column":22}},"3":{"start":{"line":6,"column":2},"end":{"line":6,"column":24}},"4":{"start":{"line":8,"column":20},"end":{"line":8,"column":79}},"5":{"start":{"line":9,"column":2},"end":{"line":9,"column":50}},"6":{"start":{"line":12,"column":33},"end":{"line":32,"column":1}},"7":{"start":{"line":13,"column":2},"end":{"line":15,"column":3}},"8":{"start":{"line":14,"column":4},"end":{"line":14,"column":22}},"9":{"start":{"line":17,"column":2},"end":{"line":17,"column":24}},"10":{"start":{"line":19,"column":28},"end":{"line":23,"column":4}},"11":{"start":{"line":25,"column":28},"end":{"line":29,"column":4}},"12":{"start":{"line":31,"column":2},"end":{"line":31,"column":55}},"13":{"start":{"line":34,"column":32},"end":{"line":49,"column":1}},"14":{"start":{"line":35,"column":2},"end":{"line":48,"column":3}},"15":{"start":{"line":37,"column":6},"end":{"line":37,"column":25}},"16":{"start":{"line":39,"column":6},"end":{"line":39,"column":30}},"17":{"start":{"line":41,"column":6},"end":{"line":41,"column":33}},"18":{"start":{"line":43,"column":6},"end":{"line":43,"column":27}},"19":{"start":{"line":45,"column":6},"end":{"line":45,"column":32}},"20":{"start":{"line":47,"column":6},"end":{"line":47,"column":38}},"21":{"start":{"line":51,"column":36},"end":{"line":56,"column":4}},"22":{"start":{"line":52,"column":2},"end":{"line":56,"column":4}},"23":{"start":{"line":53,"column":17},"end":{"line":53,"column":33}},"24":{"start":{"line":54,"column":26},"end":{"line":54,"column":94}},"25":{"start":{"line":55,"column":4},"end":{"line":55,"column":41}},"26":{"start":{"line":58,"column":36},"end":{"line":69,"column":2}},"27":{"start":{"line":58,"column":47},"end":{"line":69,"column":1}}},"fnMap":{"0":{"name":"(anonymous_0)","decl":{"start":{"line":1,"column":26},"end":{"line":1,"column":27}},"loc":{"start":{"line":1,"column":36},"end":{"line":10,"column":1}},"line":1},"1":{"name":"(anonymous_1)","decl":{"start":{"line":12,"column":33},"end":{"line":12,"column":34}},"loc":{"start":{"line":12,"column":43},"end":{"line":32,"column":1}},"line":12},"2":{"name":"(anonymous_2)","decl":{"start":{"line":34,"column":32},"end":{"line":34,"column":33}},"loc":{"start":{"line":34,"column":50},"end":{"line":49,"column":1}},"line":34},"3":{"name":"(anonymous_3)","decl":{"start":{"line":51,"column":36},"end":{"line":51,"column":37}},"loc":{"start":{"line":52,"column":2},"end":{"line":56,"column":4}},"line":52},"4":{"name":"(anonymous_4)","decl":{"start":{"line":52,"column":11},"end":{"line":52,"column":12}},"loc":{"start":{"line":52,"column":21},"end":{"line":56,"column":3}},"line":52},"5":{"name":"(anonymous_5)","decl":{"start":{"line":58,"column":36},"end":{"line":58,"column":37}},"loc":{"start":{"line":58,"column":47},"end":{"line":69,"column":1}},"line":58}},"branchMap":{"0":{"loc":{"start":{"line":2,"column":2},"end":{"line":4,"column":3}},"type":"if","locations":[{"start":{"line":2,"column":2},"end":{"line":4,"column":3}},{"start":{},"end":{}}],"line":2},"1":{"loc":{"start":{"line":13,"column":2},"end":{"line":15,"column":3}},"type":"if","locations":[{"start":{"line":13,"column":2},"end":{"line":15,"column":3}},{"start":{},"end":{}}],"line":13},"2":{"loc":{"start":{"line":35,"column":2},"end":{"line":48,"column":3}},"type":"switch","locations":[{"start":{"line":36,"column":4},"end":{"line":37,"column":25}},{"start":{"line":38,"column":4},"end":{"line":39,"column":30}},{"start":{"line":40,"column":4},"end":{"line":41,"column":33}},{"start":{"line":42,"column":4},"end":{"line":43,"column":27}},{"start":{"line":44,"column":4},"end":{"line":45,"column":32}},{"start":{"line":46,"column":4},"end":{"line":47,"column":38}}],"line":35}},"s":{"0":3,"1":3,"2":0,"3":3,"4":3,"5":3,"6":3,"7":0,"8":0,"9":0,"10":0,"11":0,"12":0,"13":3,"14":4,"15":0,"16":0,"17":0,"18":0,"19":0,"20":4,"21":3,"22":0,"23":0,"24":0,"25":0,"26":3,"27":0},"f":{"0":3,"1":0,"2":4,"3":0,"4":0,"5":0},"b":{"0":[0,3],"1":[0,0],"2":[0,0,0,0,0,4]},"_coverageSchema":"1a1c01bbd47fc00a2c39e90264f33305004495a9","hash":"172014cfeac6fffe513e815b6a71a1ed53b4c79d"}
,"D:\\Work\\Phincon\\caloried\\client\\src\\utils\\request.js": {"path":"D:\\Work\\Phincon\\caloried\\client\\src\\utils\\request.js","statementMap":{"0":{"start":{"line":6,"column":0},"end":{"line":13,"column":3}},"1":{"start":{"line":7,"column":16},"end":{"line":7,"column":32}},"2":{"start":{"line":8,"column":20},"end":{"line":8,"column":32}},"3":{"start":{"line":9,"column":2},"end":{"line":11,"column":3}},"4":{"start":{"line":10,"column":4},"end":{"line":10,"column":56}},"5":{"start":{"line":12,"column":2},"end":{"line":12,"column":19}},"6":{"start":{"line":15,"column":0},"end":{"line":24,"column":2}},"7":{"start":{"line":16,"column":16},"end":{"line":16,"column":24}},"8":{"start":{"line":18,"column":25},"end":{"line":18,"column":30}},"9":{"start":{"line":19,"column":4},"end":{"line":21,"column":5}},"10":{"start":{"line":20,"column":6},"end":{"line":20,"column":29}},"11":{"start":{"line":22,"column":4},"end":{"line":22,"column":33}},"12":{"start":{"line":26,"column":16},"end":{"line":26,"column":43}},"13":{"start":{"line":26,"column":29},"end":{"line":26,"column":43}}},"fnMap":{"0":{"name":"(anonymous_0)","decl":{"start":{"line":6,"column":31},"end":{"line":6,"column":32}},"loc":{"start":{"line":6,"column":46},"end":{"line":13,"column":1}},"line":6},"1":{"name":"(anonymous_1)","decl":{"start":{"line":16,"column":2},"end":{"line":16,"column":3}},"loc":{"start":{"line":16,"column":16},"end":{"line":16,"column":24}},"line":16},"2":{"name":"(anonymous_2)","decl":{"start":{"line":17,"column":2},"end":{"line":17,"column":3}},"loc":{"start":{"line":17,"column":19},"end":{"line":23,"column":3}},"line":17},"3":{"name":"(anonymous_3)","decl":{"start":{"line":26,"column":16},"end":{"line":26,"column":17}},"loc":{"start":{"line":26,"column":29},"end":{"line":26,"column":43}},"line":26}},"branchMap":{"0":{"loc":{"start":{"line":9,"column":2},"end":{"line":11,"column":3}},"type":"if","locations":[{"start":{"line":9,"column":2},"end":{"line":11,"column":3}},{"start":{},"end":{}}],"line":9},"1":{"loc":{"start":{"line":19,"column":4},"end":{"line":21,"column":5}},"type":"if","locations":[{"start":{"line":19,"column":4},"end":{"line":21,"column":5}},{"start":{},"end":{}}],"line":19}},"s":{"0":36,"1":0,"2":0,"3":0,"4":0,"5":0,"6":36,"7":0,"8":0,"9":0,"10":0,"11":0,"12":36,"13":0},"f":{"0":0,"1":0,"2":0,"3":0},"b":{"0":[0,0],"1":[0,0]},"_coverageSchema":"1a1c01bbd47fc00a2c39e90264f33305004495a9","hash":"8df553ef42c1d781286cee93d2cc2696be3da947"}
,"D:\\Work\\Phincon\\caloried\\client\\src\\utils\\testHelper.js": {"path":"D:\\Work\\Phincon\\caloried\\client\\src\\utils\\testHelper.js","statementMap":{"0":{"start":{"line":12,"column":17},"end":{"line":15,"column":1}},"1":{"start":{"line":17,"column":20},"end":{"line":23,"column":1}},"2":{"start":{"line":18,"column":2},"end":{"line":22,"column":13}},"3":{"start":{"line":25,"column":0},"end":{"line":27,"column":2}},"4":{"start":{"line":29,"column":21},"end":{"line":29,"column":86}},"5":{"start":{"line":29,"column":38},"end":{"line":29,"column":86}},"6":{"start":{"line":31,"column":13},"end":{"line":31,"column":82}},"7":{"start":{"line":31,"column":23},"end":{"line":31,"column":82}},"8":{"start":{"line":31,"column":48},"end":{"line":31,"column":81}},"9":{"start":{"line":31,"column":65},"end":{"line":31,"column":74}}},"fnMap":{"0":{"name":"(anonymous_0)","decl":{"start":{"line":17,"column":20},"end":{"line":17,"column":21}},"loc":{"start":{"line":18,"column":2},"end":{"line":22,"column":13}},"line":18},"1":{"name":"(anonymous_1)","decl":{"start":{"line":29,"column":21},"end":{"line":29,"column":22}},"loc":{"start":{"line":29,"column":38},"end":{"line":29,"column":86}},"line":29},"2":{"name":"(anonymous_2)","decl":{"start":{"line":31,"column":13},"end":{"line":31,"column":14}},"loc":{"start":{"line":31,"column":23},"end":{"line":31,"column":82}},"line":31},"3":{"name":"(anonymous_3)","decl":{"start":{"line":31,"column":35},"end":{"line":31,"column":36}},"loc":{"start":{"line":31,"column":48},"end":{"line":31,"column":81}},"line":31},"4":{"name":"(anonymous_4)","decl":{"start":{"line":31,"column":59},"end":{"line":31,"column":60}},"loc":{"start":{"line":31,"column":65},"end":{"line":31,"column":74}},"line":31}},"branchMap":{},"s":{"0":36,"1":36,"2":119,"3":36,"4":36,"5":117,"6":36,"7":0,"8":0,"9":0},"f":{"0":119,"1":117,"2":0,"3":0,"4":0},"b":{},"_coverageSchema":"1a1c01bbd47fc00a2c39e90264f33305004495a9","hash":"4565347aa430c91d152ad9eb2fb1d564ba536ebe"}
}
