TN:
SF:config\development.js
FNF:0
FNH:0
LF:0
LH:0
BRF:0
BRH:0
end_of_record
TN:
SF:config\index.js
FNF:0
FNH:0
DA:5,34
DA:7,34
DA:9,34
LF:3
LH:3
BRDA:5,0,0,34
BRDA:5,0,1,0
BRF:2
BRH:1
end_of_record
TN:
SF:config\production.js
FNF:0
FNH:0
LF:0
LH:0
BRF:0
BRH:0
end_of_record
TN:
SF:config\test.env.js
FNF:0
FNH:0
LF:0
LH:0
BRF:0
BRH:0
end_of_record
TN:
SF:src\configureStore.js
FN:12,(anonymous_0)
FNF:1
FNH:1
FNDA:34,(anonymous_0)
DA:9,34
DA:12,34
DA:13,34
DA:14,34
DA:18,34
DA:19,34
DA:22,34
DA:23,34
DA:24,34
DA:25,34
DA:27,34
DA:29,34
DA:32,34
DA:33,34
DA:36,34
DA:39,34
LF:16
LH:16
BRDA:12,0,0,0
BRDA:18,1,0,34
BRDA:18,1,1,0
BRDA:18,2,0,34
BRDA:18,2,1,34
BRDA:19,3,0,0
BRDA:19,3,1,34
BRF:7
BRH:4
end_of_record
TN:
SF:src\persistence.js
FN:10,(anonymous_0)
FN:12,(anonymous_1)
FN:22,(anonymous_2)
FNF:3
FNH:3
FNDA:34,(anonymous_0)
FNDA:136,(anonymous_1)
FNDA:136,(anonymous_2)
DA:4,34
DA:10,34
DA:11,34
DA:12,136
DA:22,136
LF:5
LH:5
BRF:0
BRH:0
end_of_record
TN:
SF:src\reducers.js
FN:30,(anonymous_0)
FN:35,(anonymous_1)
FNF:2
FNH:2
FNDA:34,(anonymous_0)
FNDA:239,(anonymous_1)
DA:15,34
DA:22,34
DA:30,34
DA:31,34
DA:35,239
DA:36,34
LF:6
LH:6
BRF:0
BRH:0
end_of_record
TN:
SF:src\rootSaga.js
FN:12,rootSaga
FNF:1
FNH:1
FNDA:34,rootSaga
DA:13,34
LF:1
LH:1
BRF:0
BRH:0
end_of_record
TN:
SF:src\components\FoodCard\index.jsx
FN:15,(anonymous_0)
FNF:1
FNH:1
FNDA:3,(anonymous_0)
DA:15,2
DA:16,3
DA:119,2
DA:126,2
LF:4
LH:4
BRDA:19,0,0,0
BRDA:19,0,1,3
BRDA:27,1,0,3
BRDA:27,1,1,0
BRDA:37,2,0,0
BRDA:37,2,1,3
BRDA:40,3,0,0
BRDA:40,3,1,3
BRDA:49,4,0,3
BRDA:49,4,1,3
BRDA:53,5,0,0
BRDA:53,5,1,3
BRDA:80,6,0,0
BRDA:80,6,1,3
BRDA:106,7,0,0
BRDA:106,7,1,3
BRF:16
BRH:9
end_of_record
TN:
SF:src\components\NutritionCard\index.jsx
FN:5,(anonymous_0)
FNF:1
FNH:1
FNDA:3,(anonymous_0)
DA:5,1
DA:6,3
DA:19,1
LF:3
LH:3
BRF:0
BRH:0
end_of_record
TN:
SF:src\components\diary\CalorieCounter\index.jsx
FN:10,(anonymous_0)
FN:16,(anonymous_1)
FN:17,(anonymous_2)
FNF:3
FNH:3
FNDA:5,(anonymous_0)
FNDA:1,(anonymous_1)
FNDA:1,(anonymous_2)
DA:10,1
DA:11,5
DA:13,5
DA:14,5
DA:16,5
DA:17,5
DA:19,5
DA:61,1
LF:8
LH:8
BRDA:38,0,0,1
BRDA:38,0,1,4
BRF:2
BRH:2
end_of_record
TN:
SF:src\components\diary\DiaryDate\index.jsx
FN:13,(anonymous_0)
FN:17,(anonymous_1)
FN:18,(anonymous_2)
FN:25,(anonymous_3)
FN:26,(anonymous_4)
FN:33,(anonymous_5)
FN:37,(anonymous_6)
FN:75,(anonymous_7)
FNF:8
FNH:2
FNDA:4,(anonymous_0)
FNDA:0,(anonymous_1)
FNDA:0,(anonymous_2)
FNDA:0,(anonymous_3)
FNDA:0,(anonymous_4)
FNDA:1,(anonymous_5)
FNDA:0,(anonymous_6)
FNDA:0,(anonymous_7)
DA:13,1
DA:14,4
DA:15,4
DA:17,4
DA:18,0
DA:19,0
DA:20,0
DA:21,0
DA:25,4
DA:26,0
DA:27,0
DA:28,0
DA:29,0
DA:33,4
DA:34,1
DA:37,4
DA:38,0
DA:41,4
DA:48,4
DA:76,0
DA:77,0
DA:85,1
LF:22
LH:11
BRF:0
BRH:0
end_of_record
TN:
SF:src\components\diary\MacronutrientBar\index.jsx
FN:5,(anonymous_0)
FN:12,(anonymous_1)
FN:13,(anonymous_2)
FNF:3
FNH:3
FNDA:5,(anonymous_0)
FNDA:1,(anonymous_1)
FNDA:1,(anonymous_2)
DA:5,1
DA:6,5
DA:7,5
DA:9,5
DA:12,1
DA:13,1
DA:27,1
LF:7
LH:7
BRDA:7,0,0,5
BRDA:7,0,1,0
BRDA:22,1,0,1
BRDA:22,1,1,4
BRF:4
BRH:3
end_of_record
TN:
SF:src\components\forms\ActivityLevel\index.jsx
FN:21,(anonymous_0)
FN:53,(anonymous_1)
FN:57,(anonymous_2)
FN:63,(anonymous_3)
FN:69,(anonymous_4)
FN:94,(anonymous_5)
FN:97,(anonymous_6)
FNF:7
FNH:2
FNDA:2,(anonymous_0)
FNDA:0,(anonymous_1)
FNDA:0,(anonymous_2)
FNDA:0,(anonymous_3)
FNDA:0,(anonymous_4)
FNDA:10,(anonymous_5)
FNDA:0,(anonymous_6)
DA:21,2
DA:22,2
DA:23,2
DA:25,2
DA:53,2
DA:54,0
DA:57,2
DA:58,0
DA:59,0
DA:63,2
DA:64,0
DA:65,0
DA:69,2
DA:70,0
DA:71,0
DA:74,2
DA:76,2
DA:95,10
DA:97,0
DA:111,2
DA:116,2
LF:21
LH:13
BRDA:23,0,0,2
BRDA:23,0,1,2
BRDA:58,1,0,0
BRDA:58,1,1,0
BRDA:64,2,0,0
BRDA:64,2,1,0
BRDA:84,3,0,2
BRDA:84,3,1,0
BRDA:88,4,0,2
BRDA:88,4,1,2
BRDA:98,5,0,2
BRDA:98,5,1,8
BRF:12
BRH:7
end_of_record
TN:
SF:src\components\forms\BodyMetrics\index.jsx
FN:17,(anonymous_0)
FN:26,(anonymous_1)
FN:30,(anonymous_2)
FN:34,(anonymous_3)
FN:57,(anonymous_4)
FN:82,(anonymous_5)
FN:94,(anonymous_6)
FNF:7
FNH:4
FNDA:7,(anonymous_0)
FNDA:1,(anonymous_1)
FNDA:3,(anonymous_2)
FNDA:0,(anonymous_3)
FNDA:0,(anonymous_4)
FNDA:0,(anonymous_5)
FNDA:1,(anonymous_6)
DA:17,2
DA:18,7
DA:19,7
DA:26,7
DA:27,1
DA:30,7
DA:31,3
DA:34,7
DA:35,0
DA:36,0
DA:37,0
DA:38,0
DA:39,0
DA:40,0
DA:42,0
DA:43,0
DA:44,0
DA:46,0
DA:47,0
DA:48,0
DA:50,0
DA:51,0
DA:52,0
DA:54,0
DA:57,7
DA:58,0
DA:59,0
DA:60,0
DA:63,7
DA:82,0
DA:94,1
DA:166,2
DA:171,2
LF:33
LH:13
BRDA:20,0,0,7
BRDA:20,0,1,7
BRDA:21,1,0,7
BRDA:21,1,1,7
BRDA:22,2,0,7
BRDA:22,2,1,7
BRDA:23,3,0,7
BRDA:23,3,1,7
BRDA:38,4,0,0
BRDA:38,4,1,0
BRDA:42,5,0,0
BRDA:42,5,1,0
BRDA:42,6,0,0
BRDA:42,6,1,0
BRDA:46,7,0,0
BRDA:46,7,1,0
BRDA:46,8,0,0
BRDA:46,8,1,0
BRDA:46,8,2,0
BRDA:50,9,0,0
BRDA:50,9,1,0
BRDA:50,10,0,0
BRDA:50,10,1,0
BRDA:50,10,2,0
BRDA:58,11,0,0
BRDA:58,11,1,0
BRDA:80,12,0,0
BRDA:80,12,1,7
BRDA:92,13,0,4
BRDA:92,13,1,3
BRF:30
BRH:11
end_of_record
TN:
SF:src\components\forms\CreateAccount\index.jsx
FN:18,(anonymous_0)
FN:28,(anonymous_1)
FN:34,(anonymous_2)
FN:47,(anonymous_3)
FNF:4
FNH:2
FNDA:4,(anonymous_0)
FNDA:1,(anonymous_1)
FNDA:0,(anonymous_2)
FNDA:0,(anonymous_3)
DA:18,2
DA:19,4
DA:21,4
DA:28,4
DA:29,1
DA:31,4
DA:32,4
DA:34,4
DA:35,0
DA:45,0
DA:46,0
DA:48,0
DA:53,4
DA:98,2
DA:106,2
LF:15
LH:11
BRDA:22,0,0,4
BRDA:22,0,1,4
BRDA:23,1,0,4
BRDA:23,1,1,4
BRF:4
BRH:4
end_of_record
TN:
SF:src\components\forms\FormCard\index.jsx
FN:24,(anonymous_0)
FNF:1
FNH:1
FNDA:2,(anonymous_0)
DA:15,1
DA:24,1
DA:25,2
DA:26,2
DA:33,1
DA:37,1
LF:6
LH:6
BRF:0
BRH:0
end_of_record
TN:
SF:src\components\forms\FormFooter\index.jsx
FN:15,(anonymous_0)
FN:18,(anonymous_1)
FN:22,(anonymous_2)
FNF:3
FNH:2
FNDA:24,(anonymous_0)
FNDA:1,(anonymous_1)
FNDA:0,(anonymous_2)
DA:15,7
DA:16,24
DA:18,24
DA:19,1
DA:22,24
DA:23,0
DA:26,24
DA:55,7
DA:60,7
LF:9
LH:8
BRDA:28,0,0,24
BRDA:28,0,1,0
BRDA:33,1,0,24
BRDA:33,1,1,24
BRDA:38,2,0,24
BRDA:38,2,1,24
BRDA:38,2,2,0
BRDA:43,3,0,24
BRDA:43,3,1,0
BRF:9
BRH:6
end_of_record
TN:
SF:src\components\forms\FormHeader\index.jsx
FN:5,(anonymous_0)
FNF:1
FNH:1
FNDA:19,(anonymous_0)
DA:5,6
DA:6,19
DA:12,6
LF:3
LH:3
BRF:0
BRH:0
end_of_record
TN:
SF:src\components\forms\GoalsForm\index.jsx
FN:18,(anonymous_0)
FN:27,(anonymous_1)
FN:31,(anonymous_2)
FN:48,(anonymous_3)
FN:52,(anonymous_4)
FNF:5
FNH:4
FNDA:4,(anonymous_0)
FNDA:1,(anonymous_1)
FNDA:0,(anonymous_2)
FNDA:12,(anonymous_3)
FNDA:1,(anonymous_4)
DA:18,2
DA:19,4
DA:20,4
DA:21,4
DA:27,4
DA:28,1
DA:31,4
DA:32,0
DA:33,0
DA:35,0
DA:36,0
DA:40,4
DA:49,12
DA:52,1
DA:68,2
DA:73,2
LF:16
LH:12
BRDA:32,0,0,0
BRDA:32,0,1,0
BRDA:51,1,0,1
BRDA:51,1,1,11
BRF:4
BRH:2
end_of_record
TN:
SF:src\components\forms\VerifyEmail\index.jsx
FN:18,(anonymous_0)
FN:26,(anonymous_1)
FN:28,(anonymous_2)
FN:31,(anonymous_3)
FN:36,(anonymous_4)
FN:38,(anonymous_5)
FN:51,(anonymous_6)
FN:61,(anonymous_7)
FN:66,(anonymous_8)
FN:97,(anonymous_9)
FNF:10
FNH:4
FNDA:4,(anonymous_0)
FNDA:0,(anonymous_1)
FNDA:0,(anonymous_2)
FNDA:0,(anonymous_3)
FNDA:0,(anonymous_4)
FNDA:0,(anonymous_5)
FNDA:0,(anonymous_6)
FNDA:2,(anonymous_7)
FNDA:8,(anonymous_8)
FNDA:16,(anonymous_9)
DA:18,2
DA:19,4
DA:20,4
DA:21,4
DA:22,4
DA:23,4
DA:24,4
DA:26,4
DA:27,0
DA:29,0
DA:30,0
DA:31,0
DA:36,4
DA:37,0
DA:39,0
DA:52,0
DA:53,0
DA:54,0
DA:61,4
DA:62,2
DA:63,2
DA:66,4
DA:67,8
DA:68,0
DA:69,0
DA:72,8
DA:79,4
DA:97,16
DA:116,2
DA:121,2
LF:30
LH:19
BRDA:52,0,0,0
BRDA:52,0,1,0
BRDA:67,1,0,0
BRDA:67,1,1,8
BRDA:67,2,0,8
BRDA:67,2,1,0
BRDA:74,3,0,0
BRDA:74,3,1,8
BRDA:105,4,0,4
BRDA:105,4,1,0
BRDA:106,5,0,0
BRDA:106,5,1,4
BRF:12
BRH:5
end_of_record
TN:
SF:src\components\forms\Welcome\index.jsx
FN:9,(anonymous_0)
FN:24,(anonymous_1)
FNF:2
FNH:1
FNDA:4,(anonymous_0)
FNDA:0,(anonymous_1)
DA:9,2
DA:10,4
DA:11,4
DA:24,0
LF:4
LH:3
BRF:0
BRH:0
end_of_record
TN:
SF:src\components\landing-page\FeatureCard\index.jsx
FN:5,(anonymous_0)
FNF:1
FNH:1
FNDA:22,(anonymous_0)
DA:5,3
DA:6,22
DA:15,3
LF:3
LH:3
BRF:0
BRH:0
end_of_record
TN:
SF:src\components\landing-page\Features\index.jsx
FN:8,(anonymous_0)
FNF:1
FNH:1
FNDA:4,(anonymous_0)
DA:8,2
DA:9,4
DA:43,2
LF:3
LH:3
BRF:0
BRH:0
end_of_record
TN:
SF:src\components\landing-page\Footer\index.jsx
FN:5,(anonymous_0)
FNF:1
FNH:1
FNDA:4,(anonymous_0)
DA:5,2
DA:6,4
LF:2
LH:2
BRF:0
BRH:0
end_of_record
TN:
SF:src\components\landing-page\Hero\index.jsx
FN:7,(anonymous_0)
FN:21,(anonymous_1)
FNF:2
FNH:2
FNDA:5,(anonymous_0)
FNDA:1,(anonymous_1)
DA:7,2
DA:8,5
DA:9,5
DA:21,1
LF:4
LH:4
BRF:0
BRH:0
end_of_record
TN:
SF:src\components\profile\ChangePasswordModal\index.jsx
FN:15,(anonymous_0)
FN:27,(anonymous_1)
FN:35,(anonymous_2)
FN:37,(anonymous_3)
FN:63,(anonymous_4)
FN:85,(anonymous_5)
FNF:6
FNH:4
FNDA:10,(anonymous_0)
FNDA:2,(anonymous_1)
FNDA:0,(anonymous_2)
FNDA:0,(anonymous_3)
FNDA:1,(anonymous_4)
FNDA:1,(anonymous_5)
DA:15,2
DA:16,10
DA:22,10
DA:24,10
DA:25,10
DA:27,10
DA:28,2
DA:29,1
DA:30,1
DA:31,1
DA:35,10
DA:36,0
DA:38,0
DA:39,0
DA:43,10
DA:63,1
DA:85,1
DA:110,2
LF:18
LH:15
BRDA:28,0,0,1
BRDA:28,0,1,1
BRDA:30,1,0,1
BRDA:30,1,1,0
BRDA:56,2,0,1
BRDA:56,2,1,9
BRDA:57,3,0,0
BRDA:57,3,1,10
BRDA:67,4,0,1
BRDA:67,4,1,9
BRDA:70,5,0,10
BRDA:70,5,1,0
BRDA:78,6,0,1
BRDA:78,6,1,9
BRDA:79,7,0,0
BRDA:79,7,1,10
BRDA:89,8,0,1
BRDA:89,8,1,9
BRDA:92,9,0,10
BRDA:92,9,1,0
BRF:20
BRH:15
end_of_record
TN:
SF:src\components\profile\EditProfileModal\index.jsx
FN:17,(anonymous_0)
FN:31,(anonymous_1)
FN:36,(anonymous_2)
FN:40,(anonymous_3)
FN:48,(anonymous_4)
FN:51,(anonymous_5)
FN:55,(anonymous_6)
FN:72,(anonymous_7)
FN:74,(anonymous_8)
FN:79,(anonymous_9)
FN:128,(anonymous_10)
FN:139,(anonymous_11)
FNF:12
FNH:3
FNDA:3,(anonymous_0)
FNDA:0,(anonymous_1)
FNDA:0,(anonymous_2)
FNDA:0,(anonymous_3)
FNDA:0,(anonymous_4)
FNDA:0,(anonymous_5)
FNDA:0,(anonymous_6)
FNDA:3,(anonymous_7)
FNDA:6,(anonymous_8)
FNDA:0,(anonymous_9)
FNDA:0,(anonymous_10)
FNDA:0,(anonymous_11)
DA:17,2
DA:18,3
DA:25,3
DA:27,3
DA:28,3
DA:29,3
DA:31,3
DA:32,0
DA:33,0
DA:36,3
DA:37,0
DA:40,3
DA:41,0
DA:43,0
DA:44,0
DA:48,3
DA:49,0
DA:51,0
DA:52,0
DA:55,0
DA:58,3
DA:73,3
DA:75,6
DA:76,6
DA:80,0
DA:81,0
DA:128,0
DA:139,0
DA:261,2
LF:29
LH:15
BRDA:43,0,0,0
BRDA:43,0,1,0
BRDA:64,1,0,0
BRDA:64,1,1,3
BRDA:96,2,0,0
BRDA:96,2,1,3
BRDA:101,3,0,3
BRDA:101,3,1,0
BRDA:110,4,0,0
BRDA:110,4,1,3
BRDA:115,5,0,3
BRDA:115,5,1,0
BRDA:130,6,0,3
BRDA:130,6,1,0
BRDA:141,7,0,0
BRDA:141,7,1,3
BRDA:157,8,0,0
BRDA:157,8,1,3
BRDA:165,9,0,3
BRDA:165,9,1,0
BRDA:173,10,0,0
BRDA:173,10,1,3
BRDA:179,11,0,3
BRDA:179,11,1,0
BRDA:187,12,0,0
BRDA:187,12,1,3
BRDA:193,13,0,3
BRDA:193,13,1,0
BRF:28
BRH:13
end_of_record
TN:
SF:src\components\profile\ProfileCard\index.jsx
FN:10,(anonymous_0)
FN:12,(anonymous_1)
FN:46,(anonymous_2)
FNF:3
FNH:3
FNDA:5,(anonymous_0)
FNDA:5,(anonymous_1)
FNDA:1,(anonymous_2)
DA:10,1
DA:11,5
DA:12,5
DA:13,5
DA:15,1
DA:21,1
DA:27,3
DA:33,0
DA:37,5
DA:39,5
DA:46,1
DA:108,1
LF:12
LH:11
BRDA:13,0,0,1
BRDA:13,0,1,1
BRDA:13,0,2,3
BRDA:13,0,3,0
BRF:4
BRH:3
end_of_record
TN:
SF:src\components\profile\ProfileMenu\index.jsx
FN:13,(anonymous_0)
FN:18,(anonymous_1)
FN:23,(anonymous_2)
FN:27,(anonymous_3)
FN:60,(anonymous_4)
FN:69,(anonymous_5)
FN:75,(anonymous_6)
FN:81,(anonymous_7)
FNF:8
FNH:4
FNDA:8,(anonymous_0)
FNDA:1,(anonymous_1)
FNDA:3,(anonymous_2)
FNDA:0,(anonymous_3)
FNDA:1,(anonymous_4)
FNDA:0,(anonymous_5)
FNDA:0,(anonymous_6)
FNDA:0,(anonymous_7)
DA:13,2
DA:14,8
DA:15,8
DA:16,8
DA:18,8
DA:19,1
DA:20,1
DA:23,8
DA:24,3
DA:27,8
DA:28,0
DA:30,8
DA:60,1
DA:69,0
DA:75,0
DA:81,0
DA:98,2
LF:17
LH:13
BRF:0
BRH:0
end_of_record
TN:
SF:src\components\ui\BottomNavbar\index.jsx
FN:8,(anonymous_0)
FN:12,(anonymous_1)
FN:14,(anonymous_2)
FN:24,(anonymous_3)
FN:34,(anonymous_4)
FN:44,(anonymous_5)
FN:54,(anonymous_6)
FNF:7
FNH:7
FNDA:8,(anonymous_0)
FNDA:32,(anonymous_1)
FNDA:32,(anonymous_2)
FNDA:1,(anonymous_3)
FNDA:1,(anonymous_4)
FNDA:1,(anonymous_5)
FNDA:1,(anonymous_6)
DA:8,1
DA:9,8
DA:10,8
DA:12,32
DA:14,32
DA:16,8
DA:24,1
DA:34,1
DA:44,1
DA:54,1
LF:10
LH:10
BRDA:14,0,0,8
BRDA:14,0,1,24
BRF:2
BRH:2
end_of_record
TN:
SF:src\components\ui\FormInput\index.jsx
FN:7,(anonymous_0)
FN:10,(anonymous_1)
FNF:2
FNH:1
FNDA:34,(anonymous_0)
FNDA:0,(anonymous_1)
DA:7,4
DA:8,34
DA:10,34
DA:11,0
DA:13,34
DA:35,4
LF:6
LH:5
BRDA:19,0,0,0
BRDA:19,0,1,34
BRDA:19,1,0,34
BRDA:19,1,1,19
BRDA:25,2,0,34
BRDA:25,2,1,19
BRDA:27,3,0,0
BRDA:27,3,1,19
BRF:8
BRH:6
end_of_record
TN:
SF:src\components\ui\Loader\index.jsx
FN:7,(anonymous_0)
FNF:1
FNH:1
FNDA:3,(anonymous_0)
DA:7,1
DA:8,3
DA:19,1
LF:3
LH:3
BRDA:12,0,0,3
BRDA:12,0,1,1
BRF:2
BRH:2
end_of_record
TN:
SF:src\components\ui\Logo\index.jsx
FN:6,(anonymous_0)
FNF:1
FNH:1
FNDA:12,(anonymous_0)
DA:6,3
DA:7,12
DA:12,3
LF:3
LH:3
BRF:0
BRH:0
end_of_record
TN:
SF:src\components\ui\Navbar\index.jsx
FN:22,(anonymous_0)
FN:26,(anonymous_1)
FN:36,(anonymous_2)
FN:46,(anonymous_3)
FN:49,(anonymous_4)
FNF:5
FNH:5
FNDA:8,(anonymous_0)
FNDA:8,(anonymous_1)
FNDA:1,(anonymous_2)
FNDA:1,(anonymous_3)
FNDA:1,(anonymous_4)
DA:22,1
DA:23,8
DA:24,8
DA:26,8
DA:27,8
DA:28,0
DA:32,8
DA:36,1
DA:46,1
DA:49,1
DA:65,1
DA:71,1
LF:12
LH:11
BRDA:27,0,0,0
BRDA:27,0,1,8
BRDA:37,1,0,8
BRDA:37,1,1,0
BRDA:44,2,0,8
BRDA:44,2,1,8
BRDA:57,3,0,8
BRDA:57,3,1,0
BRF:8
BRH:5
end_of_record
TN:
SF:src\components\ui\NutritionPopup\index.jsx
FN:11,(anonymous_0)
FNF:1
FNH:1
FNDA:3,(anonymous_0)
DA:11,1
DA:12,3
DA:66,1
LF:3
LH:3
BRF:0
BRH:0
end_of_record
TN:
SF:src\components\ui\PopupMessage\Dialog.jsx
FN:9,(anonymous_0)
FNF:1
FNH:1
FNDA:3,(anonymous_0)
DA:9,1
DA:10,3
DA:25,1
LF:3
LH:3
BRDA:13,0,0,3
BRDA:13,0,1,0
BRDA:16,1,0,3
BRDA:16,1,1,0
BRF:4
BRH:2
end_of_record
TN:
SF:src\components\ui\PrimaryButton\index.jsx
FN:5,(anonymous_0)
FNF:1
FNH:1
FNDA:42,(anonymous_0)
DA:5,11
DA:6,42
DA:16,11
LF:3
LH:3
BRDA:5,0,0,42
BRDA:7,1,0,42
BRDA:7,1,1,0
BRF:3
BRH:2
end_of_record
TN:
SF:src\components\ui\SearchBar\index.jsx
FN:12,(anonymous_0)
FN:17,(anonymous_1)
FN:22,(anonymous_2)
FN:34,(anonymous_3)
FNF:4
FNH:1
FNDA:8,(anonymous_0)
FNDA:0,(anonymous_1)
FNDA:0,(anonymous_2)
FNDA:0,(anonymous_3)
DA:12,2
DA:13,8
DA:14,8
DA:15,8
DA:17,8
DA:18,0
DA:19,0
DA:22,8
DA:23,0
DA:24,0
DA:27,8
DA:34,0
DA:44,2
LF:13
LH:8
BRDA:23,0,0,0
BRDA:23,0,1,0
BRF:2
BRH:0
end_of_record
TN:
SF:src\components\ui\SecondaryButton\index.jsx
FN:5,(anonymous_0)
FNF:1
FNH:1
FNDA:18,(anonymous_0)
DA:5,11
DA:6,18
DA:11,11
LF:3
LH:3
BRF:0
BRH:0
end_of_record
TN:
SF:src\components\ui\Sidebar\index.jsx
FN:10,(anonymous_0)
FN:15,(anonymous_1)
FN:19,(anonymous_2)
FN:21,(anonymous_3)
FN:29,(anonymous_4)
FN:38,(anonymous_5)
FN:47,(anonymous_6)
FN:56,(anonymous_7)
FNF:8
FNH:8
FNDA:15,(anonymous_0)
FNDA:7,(anonymous_1)
FNDA:32,(anonymous_2)
FNDA:32,(anonymous_3)
FNDA:1,(anonymous_4)
FNDA:1,(anonymous_5)
FNDA:1,(anonymous_6)
FNDA:1,(anonymous_7)
DA:10,1
DA:11,15
DA:12,15
DA:13,15
DA:15,15
DA:16,7
DA:19,32
DA:21,32
DA:23,15
DA:29,1
DA:38,1
DA:47,1
DA:56,1
DA:73,1
LF:14
LH:14
BRDA:21,0,0,8
BRDA:21,0,1,24
BRDA:25,1,0,15
BRDA:25,1,1,8
BRDA:67,2,0,8
BRDA:67,2,1,7
BRF:6
BRH:6
end_of_record
TN:
SF:src\components\ui\ThemeToggle\index.jsx
FN:9,(anonymous_0)
FN:12,(anonymous_1)
FNF:2
FNH:1
FNDA:8,(anonymous_0)
FNDA:0,(anonymous_1)
DA:9,1
DA:10,8
DA:12,8
DA:13,0
DA:16,8
DA:23,1
LF:6
LH:5
BRDA:13,0,0,0
BRDA:13,0,1,0
BRDA:18,1,0,8
BRDA:18,1,1,0
BRF:4
BRH:1
end_of_record
TN:
SF:src\components\ui\TranslateDropdown\index.jsx
FN:14,(anonymous_0)
FN:19,(anonymous_1)
FN:23,(anonymous_2)
FN:27,(anonymous_3)
FN:42,(anonymous_4)
FN:50,(anonymous_5)
FNF:6
FNH:1
FNDA:8,(anonymous_0)
FNDA:0,(anonymous_1)
FNDA:0,(anonymous_2)
FNDA:0,(anonymous_3)
FNDA:0,(anonymous_4)
FNDA:0,(anonymous_5)
DA:14,1
DA:15,8
DA:16,8
DA:17,8
DA:19,8
DA:20,0
DA:23,8
DA:24,0
DA:27,8
DA:28,0
DA:29,0
DA:31,0
DA:34,8
DA:42,0
DA:50,0
DA:63,1
DA:67,1
LF:17
LH:10
BRDA:28,0,0,0
BRDA:28,0,1,0
BRDA:37,1,0,8
BRDA:37,1,1,0
BRF:4
BRH:1
end_of_record
TN:
SF:src\containers\App\actions.js
FN:3,(anonymous_0)
FN:8,(anonymous_1)
FN:13,(anonymous_2)
FN:22,(anonymous_3)
FN:31,(anonymous_4)
FN:36,(anonymous_5)
FNF:6
FNH:0
FNDA:0,(anonymous_0)
FNDA:0,(anonymous_1)
FNDA:0,(anonymous_2)
FNDA:0,(anonymous_3)
FNDA:0,(anonymous_4)
FNDA:0,(anonymous_5)
DA:3,34
DA:8,34
DA:13,34
DA:22,34
DA:31,34
DA:36,34
LF:6
LH:6
BRDA:13,0,0,0
BRDA:13,1,0,0
BRF:2
BRH:0
end_of_record
TN:
SF:src\containers\App\constants.js
FNF:0
FNH:0
DA:1,34
DA:2,34
DA:3,34
DA:4,34
DA:6,34
LF:5
LH:5
BRF:0
BRH:0
end_of_record
TN:
SF:src\containers\App\reducer.js
FN:18,(anonymous_0)
FN:19,(anonymous_1)
FNF:2
FNH:2
FNDA:307,(anonymous_0)
FNDA:307,(anonymous_1)
DA:5,34
DA:16,34
DA:18,34
DA:19,307
DA:20,307
DA:22,0
DA:23,0
DA:25,0
DA:26,0
DA:28,0
DA:29,0
DA:31,0
DA:32,0
LF:13
LH:5
BRDA:18,0,0,102
BRDA:20,1,0,0
BRDA:20,1,1,0
BRDA:20,1,2,0
BRDA:20,1,3,0
BRF:5
BRH:1
end_of_record
TN:
SF:src\containers\App\saga.js
FN:7,doPing
FN:17,appSaga
FNF:2
FNH:1
FNDA:0,doPing
FNDA:34,appSaga
DA:8,0
DA:9,0
DA:10,0
DA:12,0
DA:14,0
DA:18,34
LF:6
LH:1
BRF:0
BRH:0
end_of_record
TN:
SF:src\containers\App\selectors.js
FN:4,(anonymous_0)
FN:6,(anonymous_1)
FN:7,(anonymous_2)
FN:8,(anonymous_3)
FN:9,(anonymous_4)
FNF:5
FNH:3
FNDA:11,(anonymous_0)
FNDA:1,(anonymous_1)
FNDA:0,(anonymous_2)
FNDA:0,(anonymous_3)
FNDA:1,(anonymous_4)
DA:4,11
DA:6,3
DA:7,3
DA:8,3
DA:9,3
LF:5
LH:5
BRDA:4,0,0,11
BRDA:4,0,1,0
BRF:2
BRH:1
end_of_record
TN:
SF:src\containers\Client\actions.js
FN:16,(anonymous_0)
FN:21,(anonymous_1)
FN:26,(anonymous_2)
FN:32,(anonymous_3)
FN:38,(anonymous_4)
FN:44,(anonymous_5)
FN:50,(anonymous_6)
FN:55,(anonymous_7)
FN:60,(anonymous_8)
FN:64,(anonymous_9)
FN:71,(anonymous_10)
FN:76,(anonymous_11)
FNF:12
FNH:1
FNDA:0,(anonymous_0)
FNDA:0,(anonymous_1)
FNDA:0,(anonymous_2)
FNDA:0,(anonymous_3)
FNDA:0,(anonymous_4)
FNDA:0,(anonymous_5)
FNDA:0,(anonymous_6)
FNDA:0,(anonymous_7)
FNDA:1,(anonymous_8)
FNDA:0,(anonymous_9)
FNDA:0,(anonymous_10)
FNDA:0,(anonymous_11)
DA:16,34
DA:21,34
DA:26,34
DA:32,34
DA:38,34
DA:44,34
DA:50,34
DA:55,34
DA:60,34
DA:64,34
DA:71,34
DA:76,34
LF:12
LH:12
BRF:0
BRH:0
end_of_record
TN:
SF:src\containers\Client\constants.js
FNF:0
FNH:0
DA:1,34
DA:2,34
DA:3,34
DA:4,34
DA:5,34
DA:6,34
DA:7,34
DA:8,34
DA:9,34
DA:10,34
DA:11,34
DA:12,34
LF:12
LH:12
BRF:0
BRH:0
end_of_record
TN:
SF:src\containers\Client\reducer.js
FN:14,(anonymous_0)
FN:15,(anonymous_1)
FNF:2
FNH:2
FNDA:307,(anonymous_0)
FNDA:307,(anonymous_1)
DA:5,34
DA:12,34
DA:14,34
DA:15,307
DA:16,307
DA:18,0
DA:19,0
DA:21,0
DA:22,0
DA:24,0
DA:25,0
DA:27,0
DA:28,0
DA:30,1
LF:14
LH:6
BRDA:14,0,0,102
BRDA:16,1,0,0
BRDA:16,1,1,0
BRDA:16,1,2,0
BRDA:16,1,3,0
BRDA:16,1,4,1
BRF:6
BRH:2
end_of_record
TN:
SF:src\containers\Client\saga.js
FN:26,doRegister
FN:44,doResendVerificationEmail
FN:61,doLogin
FN:82,doAdminLogin
FN:102,doVerifyOtp
FN:118,doForgotPassword
FN:134,doResetPassword
FN:151,clientSaga
FNF:8
FNH:1
FNDA:0,doRegister
FNDA:0,doResendVerificationEmail
FNDA:0,doLogin
FNDA:0,doAdminLogin
FNDA:0,doVerifyOtp
FNDA:0,doForgotPassword
FNDA:0,doResetPassword
FNDA:34,clientSaga
DA:27,0
DA:28,0
DA:29,0
DA:30,0
DA:31,0
DA:32,0
DA:34,0
DA:35,0
DA:37,0
DA:40,0
DA:45,0
DA:46,0
DA:47,0
DA:48,0
DA:49,0
DA:51,0
DA:52,0
DA:54,0
DA:57,0
DA:62,0
DA:63,0
DA:64,0
DA:65,0
DA:67,0
DA:68,0
DA:69,0
DA:70,0
DA:72,0
DA:73,0
DA:75,0
DA:78,0
DA:83,0
DA:84,0
DA:85,0
DA:86,0
DA:88,0
DA:89,0
DA:90,0
DA:92,0
DA:93,0
DA:95,0
DA:98,0
DA:103,0
DA:104,0
DA:105,0
DA:106,0
DA:108,0
DA:109,0
DA:111,0
DA:114,0
DA:119,0
DA:120,0
DA:121,0
DA:122,0
DA:124,0
DA:125,0
DA:127,0
DA:130,0
DA:135,0
DA:136,0
DA:137,0
DA:138,0
DA:139,0
DA:140,0
DA:142,0
DA:143,0
DA:145,0
DA:148,0
DA:152,34
DA:153,34
DA:154,34
DA:155,34
DA:156,34
DA:157,34
DA:158,34
LF:75
LH:7
BRDA:34,0,0,0
BRDA:34,0,1,0
BRDA:34,1,0,0
BRDA:34,1,1,0
BRDA:51,2,0,0
BRDA:51,2,1,0
BRDA:51,3,0,0
BRDA:51,3,1,0
BRDA:72,4,0,0
BRDA:72,4,1,0
BRDA:72,5,0,0
BRDA:72,5,1,0
BRDA:92,6,0,0
BRDA:92,6,1,0
BRDA:92,7,0,0
BRDA:92,7,1,0
BRDA:108,8,0,0
BRDA:108,8,1,0
BRDA:108,9,0,0
BRDA:108,9,1,0
BRDA:124,10,0,0
BRDA:124,10,1,0
BRDA:124,11,0,0
BRDA:124,11,1,0
BRDA:142,12,0,0
BRDA:142,12,1,0
BRDA:142,13,0,0
BRDA:142,13,1,0
BRF:28
BRH:0
end_of_record
TN:
SF:src\containers\Client\selectors.js
FN:4,(anonymous_0)
FN:6,(anonymous_1)
FN:7,(anonymous_2)
FN:8,(anonymous_3)
FN:9,(anonymous_4)
FNF:5
FNH:2
FNDA:14,(anonymous_0)
FNDA:0,(anonymous_1)
FNDA:3,(anonymous_2)
FNDA:0,(anonymous_3)
FNDA:0,(anonymous_4)
DA:4,14
DA:6,3
DA:7,3
DA:8,3
DA:9,3
LF:5
LH:5
BRDA:4,0,0,14
BRDA:4,0,1,0
BRF:2
BRH:1
end_of_record
TN:
SF:src\containers\Language\constants.js
FNF:0
FNH:0
DA:1,34
DA:2,34
LF:2
LH:2
BRF:0
BRH:0
end_of_record
TN:
SF:src\containers\Language\reducer.js
FN:15,(anonymous_0)
FN:16,(anonymous_1)
FNF:2
FNH:2
FNDA:307,(anonymous_0)
FNDA:307,(anonymous_1)
DA:8,34
DA:15,34
DA:16,307
DA:17,307
DA:19,0
DA:20,0
LF:6
LH:4
BRDA:15,0,0,102
BRDA:17,1,0,0
BRF:2
BRH:1
end_of_record
TN:
SF:src\domain\api.js
FN:14,(anonymous_0)
FN:28,(anonymous_1)
FN:34,(anonymous_2)
FN:37,(anonymous_3)
FN:38,(anonymous_4)
FN:40,(anonymous_5)
FN:41,(anonymous_6)
FN:42,(anonymous_7)
FN:44,(anonymous_8)
FN:45,(anonymous_9)
FN:46,(anonymous_10)
FN:49,(anonymous_11)
FN:50,(anonymous_12)
FN:52,(anonymous_13)
FN:56,(anonymous_14)
FN:58,(anonymous_15)
FN:60,(anonymous_16)
FN:62,(anonymous_17)
FN:66,(anonymous_18)
FN:74,(anonymous_19)
FN:78,(anonymous_20)
FN:80,(anonymous_21)
FN:82,(anonymous_22)
FN:84,(anonymous_23)
FN:86,(anonymous_24)
FN:88,(anonymous_25)
FNF:26
FNH:0
FNDA:0,(anonymous_0)
FNDA:0,(anonymous_1)
FNDA:0,(anonymous_2)
FNDA:0,(anonymous_3)
FNDA:0,(anonymous_4)
FNDA:0,(anonymous_5)
FNDA:0,(anonymous_6)
FNDA:0,(anonymous_7)
FNDA:0,(anonymous_8)
FNDA:0,(anonymous_9)
FNDA:0,(anonymous_10)
FNDA:0,(anonymous_11)
FNDA:0,(anonymous_12)
FNDA:0,(anonymous_13)
FNDA:0,(anonymous_14)
FNDA:0,(anonymous_15)
FNDA:0,(anonymous_16)
FNDA:0,(anonymous_17)
FNDA:0,(anonymous_18)
FNDA:0,(anonymous_19)
FNDA:0,(anonymous_20)
FNDA:0,(anonymous_21)
FNDA:0,(anonymous_22)
FNDA:0,(anonymous_23)
FNDA:0,(anonymous_24)
FNDA:0,(anonymous_25)
DA:6,34
DA:14,34
DA:15,0
DA:19,0
DA:20,0
DA:28,0
DA:29,0
DA:30,0
DA:34,34
DA:37,34
DA:38,34
DA:39,0
DA:40,34
DA:41,34
DA:42,34
DA:43,0
DA:44,34
DA:45,34
DA:46,34
DA:49,34
DA:50,34
DA:51,0
DA:52,34
DA:53,0
DA:56,34
DA:57,0
DA:58,34
DA:59,0
DA:60,34
DA:61,0
DA:62,34
DA:63,0
DA:66,34
DA:67,0
DA:74,34
DA:75,0
DA:78,34
DA:79,0
DA:80,34
DA:81,0
DA:82,34
DA:83,0
DA:84,34
DA:85,0
DA:86,34
DA:87,0
DA:88,34
DA:89,0
LF:48
LH:26
BRDA:14,0,0,0
BRDA:14,1,0,0
BRDA:14,2,0,0
BRF:3
BRH:0
end_of_record
TN:
SF:src\languages\en.js
FNF:0
FNH:0
LF:0
LH:0
BRF:0
BRH:0
end_of_record
TN:
SF:src\languages\id.js
FNF:0
FNH:0
LF:0
LH:0
BRF:0
BRH:0
end_of_record
TN:
SF:src\pages\Admin\actions.js
FN:12,(anonymous_0)
FN:21,(anonymous_1)
FN:27,(anonymous_2)
FN:33,(anonymous_3)
FN:38,(anonymous_4)
FN:43,(anonymous_5)
FN:48,(anonymous_6)
FN:53,(anonymous_7)
FNF:8
FNH:0
FNDA:0,(anonymous_0)
FNDA:0,(anonymous_1)
FNDA:0,(anonymous_2)
FNDA:0,(anonymous_3)
FNDA:0,(anonymous_4)
FNDA:0,(anonymous_5)
FNDA:0,(anonymous_6)
FNDA:0,(anonymous_7)
DA:12,34
DA:21,34
DA:27,34
DA:33,34
DA:38,34
DA:43,34
DA:48,34
DA:53,34
LF:8
LH:8
BRF:0
BRH:0
end_of_record
TN:
SF:src\pages\Admin\constants.js
FNF:0
FNH:0
DA:1,34
DA:2,34
DA:3,34
DA:4,34
DA:5,34
DA:6,34
DA:7,34
DA:8,34
LF:8
LH:8
BRF:0
BRH:0
end_of_record
TN:
SF:src\pages\Admin\reducer.js
FN:13,(anonymous_0)
FN:14,(anonymous_1)
FN:21,(anonymous_2)
FNF:3
FNH:2
FNDA:307,(anonymous_0)
FNDA:307,(anonymous_1)
FNDA:0,(anonymous_2)
DA:4,34
DA:11,34
DA:13,34
DA:14,307
DA:15,307
DA:17,0
DA:18,0
DA:19,0
DA:21,0
DA:22,0
DA:24,0
DA:25,0
DA:27,0
DA:28,0
LF:14
LH:5
BRDA:13,0,0,102
BRDA:15,1,0,0
BRDA:15,1,1,0
BRDA:15,1,2,0
BRDA:15,1,3,0
BRF:5
BRH:1
end_of_record
TN:
SF:src\pages\Admin\saga.js
FN:13,doGetAllUsers
FN:29,doDeleteUserById
FN:46,doGetUserDemographics
FN:62,doGetUserSexDistribution
FN:78,adminSaga
FNF:5
FNH:1
FNDA:0,doGetAllUsers
FNDA:0,doDeleteUserById
FNDA:0,doGetUserDemographics
FNDA:0,doGetUserSexDistribution
FNDA:34,adminSaga
DA:14,0
DA:15,0
DA:16,0
DA:17,0
DA:19,0
DA:20,0
DA:22,0
DA:25,0
DA:30,0
DA:31,0
DA:32,0
DA:33,0
DA:34,0
DA:36,0
DA:37,0
DA:39,0
DA:42,0
DA:47,0
DA:48,0
DA:49,0
DA:50,0
DA:52,0
DA:53,0
DA:55,0
DA:58,0
DA:63,0
DA:64,0
DA:65,0
DA:66,0
DA:68,0
DA:69,0
DA:71,0
DA:74,0
DA:79,34
DA:80,34
DA:81,34
DA:82,34
LF:37
LH:4
BRDA:19,0,0,0
BRDA:19,0,1,0
BRDA:19,1,0,0
BRDA:19,1,1,0
BRDA:36,2,0,0
BRDA:36,2,1,0
BRDA:36,3,0,0
BRDA:36,3,1,0
BRDA:52,4,0,0
BRDA:52,4,1,0
BRDA:52,5,0,0
BRDA:52,5,1,0
BRDA:68,6,0,0
BRDA:68,6,1,0
BRDA:68,7,0,0
BRDA:68,7,1,0
BRF:16
BRH:0
end_of_record
TN:
SF:src\pages\Dashboard\actions.js
FN:10,(anonymous_0)
FN:15,(anonymous_1)
FN:20,(anonymous_2)
FN:26,(anonymous_3)
FN:31,(anonymous_4)
FN:37,(anonymous_5)
FNF:6
FNH:0
FNDA:0,(anonymous_0)
FNDA:0,(anonymous_1)
FNDA:0,(anonymous_2)
FNDA:0,(anonymous_3)
FNDA:0,(anonymous_4)
FNDA:0,(anonymous_5)
DA:10,34
DA:15,34
DA:20,34
DA:26,34
DA:31,34
DA:37,34
LF:6
LH:6
BRF:0
BRH:0
end_of_record
TN:
SF:src\pages\Dashboard\constants.js
FNF:0
FNH:0
DA:1,34
DA:2,34
DA:3,34
DA:4,34
DA:5,34
DA:6,34
LF:6
LH:6
BRF:0
BRH:0
end_of_record
TN:
SF:src\pages\Dashboard\reducer.js
FN:12,(anonymous_0)
FN:13,(anonymous_1)
FNF:2
FNH:2
FNDA:307,(anonymous_0)
FNDA:307,(anonymous_1)
DA:4,34
DA:10,34
DA:12,34
DA:13,307
DA:14,307
DA:16,0
DA:17,0
DA:19,0
DA:20,0
DA:22,0
DA:23,0
LF:11
LH:5
BRDA:12,0,0,102
BRDA:14,1,0,0
BRDA:14,1,1,0
BRDA:14,1,2,0
BRF:4
BRH:1
end_of_record
TN:
SF:src\pages\Dashboard\saga.js
FN:8,doGetUserActivity
FN:24,doGetUserCaloriesConsumed
FN:40,doGetUserWeightEntries
FN:56,dashboardSaga
FNF:4
FNH:1
FNDA:0,doGetUserActivity
FNDA:0,doGetUserCaloriesConsumed
FNDA:0,doGetUserWeightEntries
FNDA:34,dashboardSaga
DA:9,0
DA:10,0
DA:11,0
DA:12,0
DA:14,0
DA:15,0
DA:17,0
DA:20,0
DA:25,0
DA:26,0
DA:27,0
DA:28,0
DA:30,0
DA:31,0
DA:33,0
DA:36,0
DA:41,0
DA:42,0
DA:43,0
DA:44,0
DA:46,0
DA:47,0
DA:49,0
DA:52,0
DA:57,34
DA:58,34
DA:59,34
LF:27
LH:3
BRDA:14,0,0,0
BRDA:14,0,1,0
BRDA:14,1,0,0
BRDA:14,1,1,0
BRDA:30,2,0,0
BRDA:30,2,1,0
BRDA:30,3,0,0
BRDA:30,3,1,0
BRDA:46,4,0,0
BRDA:46,4,1,0
BRDA:46,5,0,0
BRDA:46,5,1,0
BRF:12
BRH:0
end_of_record
TN:
SF:src\pages\Diary\actions.js
FN:15,(anonymous_0)
FN:20,(anonymous_1)
FN:26,(anonymous_2)
FN:32,(anonymous_3)
FN:38,(anonymous_4)
FN:43,(anonymous_5)
FN:48,(anonymous_6)
FN:52,(anonymous_7)
FN:60,(anonymous_8)
FN:66,(anonymous_9)
FN:72,(anonymous_10)
FNF:11
FNH:0
FNDA:0,(anonymous_0)
FNDA:0,(anonymous_1)
FNDA:0,(anonymous_2)
FNDA:0,(anonymous_3)
FNDA:0,(anonymous_4)
FNDA:0,(anonymous_5)
FNDA:0,(anonymous_6)
FNDA:0,(anonymous_7)
FNDA:0,(anonymous_8)
FNDA:0,(anonymous_9)
FNDA:0,(anonymous_10)
DA:15,34
DA:20,34
DA:26,34
DA:32,34
DA:38,34
DA:43,34
DA:48,34
DA:52,34
DA:60,34
DA:66,34
DA:72,34
LF:11
LH:11
BRF:0
BRH:0
end_of_record
TN:
SF:src\pages\Diary\constants.js
FNF:0
FNH:0
DA:1,34
DA:2,34
DA:3,34
DA:4,34
DA:5,34
DA:6,34
DA:7,34
DA:8,34
DA:9,34
DA:10,34
DA:11,34
LF:11
LH:11
BRF:0
BRH:0
end_of_record
TN:
SF:src\pages\Diary\reducer.js
FN:20,(anonymous_0)
FN:21,(anonymous_1)
FN:40,(anonymous_2)
FN:41,(anonymous_3)
FNF:4
FNH:2
FNDA:307,(anonymous_0)
FNDA:307,(anonymous_1)
FNDA:0,(anonymous_2)
FNDA:0,(anonymous_3)
DA:11,34
DA:18,34
DA:20,34
DA:21,307
DA:22,307
DA:24,0
DA:25,0
DA:27,0
DA:28,0
DA:30,0
DA:31,0
DA:33,0
DA:34,0
DA:36,0
DA:37,0
DA:38,0
DA:40,0
DA:41,0
DA:43,0
LF:19
LH:5
BRDA:20,0,0,102
BRDA:22,1,0,0
BRDA:22,1,1,0
BRDA:22,1,2,0
BRDA:22,1,3,0
BRDA:22,1,4,0
BRDA:22,1,5,0
BRF:7
BRH:1
end_of_record
TN:
SF:src\pages\Diary\saga.js
FN:8,doGetUserById
FN:22,doGetMealsByDate
FN:38,doEditFoodInDiary
FN:62,doDeleteFoodFromDiary
FN:79,diarySaga
FNF:5
FNH:1
FNDA:0,doGetUserById
FNDA:0,doGetMealsByDate
FNDA:0,doEditFoodInDiary
FNDA:0,doDeleteFoodFromDiary
FNDA:34,diarySaga
DA:9,0
DA:10,0
DA:11,0
DA:12,0
DA:14,0
DA:15,0
DA:18,0
DA:23,0
DA:24,0
DA:25,0
DA:26,0
DA:28,0
DA:29,0
DA:31,0
DA:34,0
DA:39,0
DA:40,0
DA:41,0
DA:44,0
DA:45,0
DA:47,0
DA:50,0
DA:52,0
DA:53,0
DA:55,0
DA:58,0
DA:63,0
DA:64,0
DA:65,0
DA:66,0
DA:67,0
DA:69,0
DA:70,0
DA:72,0
DA:75,0
DA:80,34
DA:81,34
DA:82,34
DA:83,34
LF:39
LH:4
BRDA:14,0,0,0
BRDA:14,0,1,0
BRDA:28,1,0,0
BRDA:28,1,1,0
BRDA:28,2,0,0
BRDA:28,2,1,0
BRDA:44,3,0,0
BRDA:44,3,1,0
BRDA:52,4,0,0
BRDA:52,4,1,0
BRDA:52,5,0,0
BRDA:52,5,1,0
BRDA:69,6,0,0
BRDA:69,6,1,0
BRDA:69,7,0,0
BRDA:69,7,1,0
BRF:16
BRH:0
end_of_record
TN:
SF:src\pages\Diary\selectors.js
FN:4,(anonymous_0)
FN:6,(anonymous_1)
FN:7,(anonymous_2)
FN:8,(anonymous_3)
FN:9,(anonymous_4)
FNF:5
FNH:2
FNDA:11,(anonymous_0)
FNDA:2,(anonymous_1)
FNDA:0,(anonymous_2)
FNDA:0,(anonymous_3)
FNDA:0,(anonymous_4)
DA:4,11
DA:6,2
DA:7,2
DA:8,2
DA:9,2
LF:5
LH:5
BRDA:4,0,0,11
BRDA:4,0,1,0
BRF:2
BRH:1
end_of_record
TN:
SF:src\pages\FoodDetails\actions.js
FN:3,(anonymous_0)
FN:10,(anonymous_1)
FN:15,(anonymous_2)
FNF:3
FNH:0
FNDA:0,(anonymous_0)
FNDA:0,(anonymous_1)
FNDA:0,(anonymous_2)
DA:3,34
DA:10,34
DA:15,34
LF:3
LH:3
BRF:0
BRH:0
end_of_record
TN:
SF:src\pages\FoodDetails\constants.js
FNF:0
FNH:0
DA:1,34
DA:2,34
DA:3,34
LF:3
LH:3
BRF:0
BRH:0
end_of_record
TN:
SF:src\pages\FoodDetails\reducer.js
FN:10,(anonymous_0)
FN:11,(anonymous_1)
FNF:2
FNH:2
FNDA:307,(anonymous_0)
FNDA:307,(anonymous_1)
DA:4,34
DA:8,34
DA:10,34
DA:11,307
DA:12,307
DA:14,0
DA:15,0
LF:7
LH:5
BRDA:10,0,0,102
BRDA:12,1,0,0
BRF:2
BRH:1
end_of_record
TN:
SF:src\pages\FoodDetails\saga.js
FN:8,doGetFoodDetails
FN:24,doAddFoodToDiary
FN:40,foodDetailsSaga
FNF:3
FNH:1
FNDA:0,doGetFoodDetails
FNDA:0,doAddFoodToDiary
FNDA:34,foodDetailsSaga
DA:9,0
DA:10,0
DA:11,0
DA:12,0
DA:14,0
DA:15,0
DA:17,0
DA:20,0
DA:25,0
DA:26,0
DA:27,0
DA:28,0
DA:30,0
DA:31,0
DA:33,0
DA:36,0
DA:41,34
DA:42,34
LF:18
LH:2
BRDA:14,0,0,0
BRDA:14,0,1,0
BRDA:14,1,0,0
BRDA:14,1,1,0
BRDA:30,2,0,0
BRDA:30,2,1,0
BRDA:30,3,0,0
BRDA:30,3,1,0
BRF:8
BRH:0
end_of_record
TN:
SF:src\pages\FoodSearch\actions.js
FN:3,(anonymous_0)
FN:12,(anonymous_1)
FN:19,(anonymous_2)
FNF:3
FNH:0
FNDA:0,(anonymous_0)
FNDA:0,(anonymous_1)
FNDA:0,(anonymous_2)
DA:3,34
DA:12,34
DA:19,34
LF:3
LH:3
BRF:0
BRH:0
end_of_record
TN:
SF:src\pages\FoodSearch\constants.js
FNF:0
FNH:0
DA:1,34
DA:2,34
DA:3,34
LF:3
LH:3
BRF:0
BRH:0
end_of_record
TN:
SF:src\pages\FoodSearch\index.jsx
FN:19,(anonymous_0)
FN:29,(anonymous_1)
FN:37,(anonymous_2)
FN:45,(anonymous_3)
FN:54,(anonymous_4)
FN:68,(anonymous_5)
FN:76,(anonymous_6)
FN:85,(anonymous_7)
FN:85,(anonymous_8)
FNF:9
FNH:5
FNDA:4,(anonymous_0)
FNDA:4,(anonymous_1)
FNDA:0,(anonymous_2)
FNDA:1,(anonymous_3)
FNDA:0,(anonymous_4)
FNDA:12,(anonymous_5)
FNDA:1,(anonymous_6)
FNDA:0,(anonymous_7)
FNDA:0,(anonymous_8)
DA:19,1
DA:20,4
DA:21,4
DA:22,4
DA:23,4
DA:24,4
DA:25,4
DA:26,4
DA:27,4
DA:29,4
DA:30,4
DA:31,0
DA:32,0
DA:37,4
DA:38,0
DA:39,0
DA:40,0
DA:41,0
DA:45,4
DA:46,1
DA:47,1
DA:48,0
DA:49,0
DA:50,0
DA:54,4
DA:55,0
DA:58,4
DA:69,12
DA:76,1
DA:85,0
DA:104,1
DA:113,1
LF:32
LH:21
BRDA:25,0,0,4
BRDA:25,0,1,4
BRDA:26,1,0,4
BRDA:26,1,1,4
BRDA:30,2,0,0
BRDA:30,2,1,4
BRDA:31,3,0,0
BRDA:31,3,1,0
BRDA:38,4,0,0
BRDA:38,4,1,0
BRDA:47,5,0,0
BRDA:47,5,1,1
BRDA:63,6,0,0
BRDA:63,6,1,4
BRDA:72,7,0,4
BRDA:72,7,1,8
BRDA:84,8,0,0
BRDA:84,8,1,4
BRDA:84,9,0,4
BRDA:84,9,1,0
BRF:20
BRH:11
end_of_record
TN:
SF:src\pages\FoodSearch\reducer.js
FN:13,(anonymous_0)
FN:14,(anonymous_1)
FNF:2
FNH:2
FNDA:307,(anonymous_0)
FNDA:307,(anonymous_1)
DA:4,34
DA:11,34
DA:13,34
DA:14,307
DA:15,307
DA:17,0
DA:18,0
DA:19,0
DA:21,0
DA:22,0
LF:10
LH:5
BRDA:13,0,0,102
BRDA:15,1,0,0
BRDA:15,1,1,0
BRF:3
BRH:1
end_of_record
TN:
SF:src\pages\FoodSearch\saga.js
FN:8,doGetFoods
FN:24,foodSearchSaga
FNF:2
FNH:1
FNDA:0,doGetFoods
FNDA:34,foodSearchSaga
DA:9,0
DA:10,0
DA:11,0
DA:12,0
DA:14,0
DA:15,0
DA:17,0
DA:20,0
DA:25,34
LF:9
LH:1
BRDA:14,0,0,0
BRDA:14,0,1,0
BRDA:14,1,0,0
BRDA:14,1,1,0
BRF:4
BRH:0
end_of_record
TN:
SF:src\pages\FoodSearch\selectors.js
FN:4,(anonymous_0)
FN:6,(anonymous_1)
FN:7,(anonymous_2)
FN:8,(anonymous_3)
FN:9,(anonymous_4)
FNF:5
FNH:5
FNDA:12,(anonymous_0)
FNDA:1,(anonymous_1)
FNDA:1,(anonymous_2)
FNDA:1,(anonymous_3)
FNDA:1,(anonymous_4)
DA:4,12
DA:6,1
DA:7,1
DA:8,1
DA:9,1
LF:5
LH:5
BRDA:4,0,0,12
BRDA:4,0,1,0
BRF:2
BRH:1
end_of_record
TN:
SF:src\pages\LandingPage\index.jsx
FN:5,(anonymous_0)
FNF:1
FNH:1
FNDA:2,(anonymous_0)
DA:5,1
DA:6,2
LF:2
LH:2
BRF:0
BRH:0
end_of_record
TN:
SF:src\pages\NotFound\index.jsx
FN:8,(anonymous_0)
FN:16,(anonymous_1)
FNF:2
FNH:2
FNDA:3,(anonymous_0)
FNDA:1,(anonymous_1)
DA:8,1
DA:9,3
DA:10,3
DA:16,1
LF:4
LH:4
BRF:0
BRH:0
end_of_record
TN:
SF:src\pages\Profile\actions.js
FN:3,(anonymous_0)
FN:10,(anonymous_1)
FNF:2
FNH:0
FNDA:0,(anonymous_0)
FNDA:0,(anonymous_1)
DA:3,3
DA:10,3
LF:2
LH:2
BRF:0
BRH:0
end_of_record
TN:
SF:src\pages\Profile\constants.js
FNF:0
FNH:0
DA:1,34
DA:2,34
LF:2
LH:2
BRF:0
BRH:0
end_of_record
TN:
SF:src\pages\Profile\index.jsx
FN:25,(anonymous_0)
FN:31,(anonymous_1)
FN:37,(anonymous_2)
FN:41,(anonymous_3)
FN:45,(anonymous_4)
FN:50,(anonymous_5)
FNF:6
FNH:4
FNDA:4,(anonymous_0)
FNDA:3,(anonymous_1)
FNDA:0,(anonymous_2)
FNDA:1,(anonymous_3)
FNDA:0,(anonymous_4)
FNDA:4,(anonymous_5)
DA:25,1
DA:26,4
DA:28,4
DA:29,4
DA:31,4
DA:32,3
DA:33,0
DA:37,4
DA:38,0
DA:41,4
DA:42,1
DA:45,4
DA:46,0
DA:47,0
DA:50,4
DA:51,4
DA:53,0
DA:59,0
DA:65,0
DA:71,4
DA:75,4
DA:77,4
DA:209,1
DA:215,1
LF:24
LH:17
BRDA:32,0,0,0
BRDA:32,0,1,3
BRDA:51,1,0,0
BRDA:51,1,1,0
BRDA:51,1,2,0
BRDA:51,1,3,4
BRDA:203,2,0,4
BRDA:203,2,1,0
BRF:8
BRH:3
end_of_record
TN:
SF:src\pages\Profile\saga.js
FN:8,doEditProfile
FN:26,doChangePassword
FN:39,profileSaga
FNF:3
FNH:1
FNDA:0,doEditProfile
FNDA:0,doChangePassword
FNDA:34,profileSaga
DA:9,0
DA:10,0
DA:11,0
DA:12,0
DA:13,0
DA:14,0
DA:16,0
DA:17,0
DA:19,0
DA:22,0
DA:27,0
DA:28,0
DA:29,0
DA:30,0
DA:31,0
DA:33,0
DA:35,0
DA:40,34
DA:41,34
LF:19
LH:2
BRDA:16,0,0,0
BRDA:16,0,1,0
BRDA:16,1,0,0
BRDA:16,1,1,0
BRF:4
BRH:0
end_of_record
TN:
SF:src\pages\ResetPassword\index.jsx
FN:14,(anonymous_0)
FN:24,(anonymous_1)
FN:26,(anonymous_2)
FN:49,(anonymous_3)
FNF:4
FNH:2
FNDA:4,(anonymous_0)
FNDA:0,(anonymous_1)
FNDA:0,(anonymous_2)
FNDA:1,(anonymous_3)
DA:14,1
DA:15,4
DA:16,4
DA:17,4
DA:18,4
DA:20,4
DA:22,4
DA:24,4
DA:25,0
DA:27,0
DA:32,4
DA:49,1
DA:60,1
LF:13
LH:11
BRF:0
BRH:0
end_of_record
TN:
SF:src\pages\SignIn\index.jsx
FN:15,(anonymous_0)
FN:22,(anonymous_1)
FN:26,(anonymous_2)
FN:32,(anonymous_3)
FN:39,(anonymous_4)
FN:43,(anonymous_5)
FN:72,(anonymous_6)
FN:80,(anonymous_7)
FNF:8
FNH:4
FNDA:7,(anonymous_0)
FNDA:0,(anonymous_1)
FNDA:0,(anonymous_2)
FNDA:0,(anonymous_3)
FNDA:1,(anonymous_4)
FNDA:0,(anonymous_5)
FNDA:1,(anonymous_6)
FNDA:1,(anonymous_7)
DA:15,1
DA:16,7
DA:17,7
DA:18,7
DA:19,7
DA:20,7
DA:22,7
DA:23,0
DA:24,0
DA:25,0
DA:27,0
DA:31,0
DA:33,0
DA:39,7
DA:40,1
DA:43,7
DA:44,0
DA:45,0
DA:49,7
DA:72,1
DA:80,1
DA:135,1
LF:22
LH:14
BRDA:24,0,0,0
BRDA:24,0,1,0
BRDA:44,1,0,0
BRDA:44,1,1,0
BRDA:51,2,0,1
BRDA:51,2,1,6
BRDA:53,3,0,1
BRDA:53,3,1,6
BRDA:56,4,0,1
BRDA:56,4,1,6
BRDA:60,5,0,1
BRDA:60,5,1,6
BRDA:82,6,0,7
BRDA:82,6,1,6
BRDA:89,7,0,1
BRDA:89,7,1,6
BRDA:95,8,0,7
BRDA:95,8,1,6
BRDA:105,9,0,1
BRDA:105,9,1,6
BRDA:123,10,0,1
BRDA:123,10,1,6
BRF:22
BRH:18
end_of_record
TN:
SF:src\pages\SignUp\actions.js
FN:11,(anonymous_0)
FN:15,(anonymous_1)
FN:19,(anonymous_2)
FN:24,(anonymous_3)
FN:29,(anonymous_4)
FN:34,(anonymous_5)
FN:39,(anonymous_6)
FNF:7
FNH:0
FNDA:0,(anonymous_0)
FNDA:0,(anonymous_1)
FNDA:0,(anonymous_2)
FNDA:0,(anonymous_3)
FNDA:0,(anonymous_4)
FNDA:0,(anonymous_5)
FNDA:0,(anonymous_6)
DA:11,8
DA:15,8
DA:19,8
DA:24,8
DA:29,8
DA:34,8
DA:39,8
LF:7
LH:7
BRF:0
BRH:0
end_of_record
TN:
SF:src\pages\SignUp\constants.js
FNF:0
FNH:0
DA:1,34
DA:2,34
DA:3,34
DA:4,34
DA:5,34
DA:6,34
DA:7,34
LF:7
LH:7
BRF:0
BRH:0
end_of_record
TN:
SF:src\pages\SignUp\index.jsx
FN:12,(anonymous_0)
FNF:1
FNH:1
FNDA:2,(anonymous_0)
DA:12,1
DA:13,2
DA:58,1
DA:62,1
LF:4
LH:4
BRDA:15,0,0,0
BRDA:15,0,1,2
BRDA:23,1,0,0
BRDA:23,1,1,2
BRDA:31,2,0,0
BRDA:31,2,1,2
BRDA:39,3,0,0
BRDA:39,3,1,2
BRF:8
BRH:4
end_of_record
TN:
SF:src\pages\SignUp\reducer.js
FN:22,(anonymous_0)
FN:23,(anonymous_1)
FNF:2
FNH:2
FNDA:307,(anonymous_0)
FNDA:307,(anonymous_1)
DA:12,34
DA:20,34
DA:22,34
DA:23,307
DA:24,307
DA:26,0
DA:27,0
DA:29,0
DA:31,0
DA:32,0
DA:34,0
DA:36,0
DA:37,0
DA:39,0
DA:40,0
DA:42,0
DA:43,0
DA:45,0
DA:46,0
DA:48,0
DA:49,0
DA:50,0
DA:51,0
DA:52,0
LF:24
LH:5
BRDA:22,0,0,102
BRDA:24,1,0,0
BRDA:24,1,1,0
BRDA:24,1,2,0
BRDA:24,1,3,0
BRDA:24,1,4,0
BRDA:24,1,5,0
BRDA:24,1,6,0
BRDA:26,2,0,0
BRDA:26,2,1,0
BRDA:31,3,0,0
BRDA:31,3,1,0
BRF:12
BRH:1
end_of_record
TN:
SF:src\pages\SignUp\selectors.js
FN:4,(anonymous_0)
FN:6,(anonymous_1)
FN:7,(anonymous_2)
FN:8,(anonymous_3)
FN:9,(anonymous_4)
FN:10,(anonymous_5)
FNF:6
FNH:6
FNDA:50,(anonymous_0)
FNDA:7,(anonymous_1)
FNDA:2,(anonymous_2)
FNDA:2,(anonymous_3)
FNDA:2,(anonymous_4)
FNDA:2,(anonymous_5)
DA:4,50
DA:6,8
DA:7,8
DA:8,8
DA:9,8
DA:10,8
LF:6
LH:6
BRDA:4,0,0,50
BRDA:4,0,1,0
BRF:2
BRH:1
end_of_record
TN:
SF:src\utils\authUtils.js
FN:3,(anonymous_0)
FNF:1
FNH:1
FNDA:3,(anonymous_0)
DA:3,2
DA:4,3
DA:5,3
DA:6,0
DA:8,3
LF:5
LH:4
BRF:0
BRH:0
end_of_record
TN:
SF:src\utils\calculateUtils.js
FN:2,(anonymous_0)
FN:12,(anonymous_1)
FN:21,(anonymous_2)
FN:32,(anonymous_3)
FN:39,(anonymous_4)
FN:40,(anonymous_5)
FN:52,(anonymous_6)
FN:57,(anonymous_7)
FN:70,(anonymous_8)
FN:76,(anonymous_9)
FN:77,(anonymous_10)
FN:79,(anonymous_11)
FN:86,(anonymous_12)
FN:87,(anonymous_13)
FNF:14
FNH:1
FNDA:0,(anonymous_0)
FNDA:0,(anonymous_1)
FNDA:0,(anonymous_2)
FNDA:0,(anonymous_3)
FNDA:0,(anonymous_4)
FNDA:0,(anonymous_5)
FNDA:0,(anonymous_6)
FNDA:4,(anonymous_7)
FNDA:0,(anonymous_8)
FNDA:0,(anonymous_9)
FNDA:0,(anonymous_10)
FNDA:0,(anonymous_11)
FNDA:0,(anonymous_12)
FNDA:0,(anonymous_13)
DA:2,1
DA:3,0
DA:4,0
DA:7,0
DA:10,0
DA:12,0
DA:15,0
DA:17,0
DA:20,0
DA:21,0
DA:22,0
DA:23,0
DA:29,0
DA:32,1
DA:33,0
DA:34,0
DA:35,0
DA:36,0
DA:38,0
DA:39,0
DA:40,0
DA:41,0
DA:42,0
DA:43,0
DA:44,0
DA:48,0
DA:49,0
DA:52,1
DA:53,0
DA:54,0
DA:57,1
DA:58,4
DA:59,4
DA:60,4
DA:61,4
DA:63,4
DA:64,0
DA:67,4
DA:70,1
DA:76,1
DA:77,0
DA:79,0
DA:86,1
DA:87,0
DA:89,0
DA:90,0
DA:92,0
DA:93,0
DA:94,0
DA:96,0
LF:50
LH:13
BRDA:3,0,0,0
BRDA:3,0,1,0
BRDA:3,1,0,0
BRDA:3,1,1,0
BRDA:10,2,0,0
BRDA:10,2,1,0
BRDA:12,3,0,0
BRDA:12,3,1,0
BRDA:38,4,0,0
BRDA:38,4,1,0
BRDA:53,5,0,0
BRDA:53,5,1,0
BRDA:53,6,0,0
BRDA:53,6,1,0
BRDA:63,7,0,0
BRDA:63,7,1,4
BRDA:63,8,0,4
BRDA:63,8,1,4
BRDA:63,8,2,0
BRDA:82,9,0,0
BRDA:82,9,1,0
BRF:21
BRH:3
end_of_record
TN:
SF:src\utils\formatUtils.js
FN:1,(anonymous_0)
FN:12,(anonymous_1)
FN:34,(anonymous_2)
FN:51,(anonymous_3)
FN:52,(anonymous_4)
FNF:5
FNH:2
FNDA:3,(anonymous_0)
FNDA:0,(anonymous_1)
FNDA:4,(anonymous_2)
FNDA:0,(anonymous_3)
FNDA:0,(anonymous_4)
DA:1,2
DA:2,3
DA:3,0
DA:6,3
DA:8,3
DA:9,3
DA:12,2
DA:13,0
DA:14,0
DA:17,0
DA:19,0
DA:25,0
DA:31,0
DA:34,2
DA:35,4
DA:37,0
DA:39,0
DA:41,0
DA:43,0
DA:45,0
DA:47,4
DA:51,2
DA:52,0
DA:53,0
DA:54,0
DA:55,0
LF:26
LH:10
BRDA:2,0,0,0
BRDA:2,0,1,3
BRDA:13,1,0,0
BRDA:13,1,1,0
BRDA:35,2,0,0
BRDA:35,2,1,0
BRDA:35,2,2,0
BRDA:35,2,3,0
BRDA:35,2,4,0
BRDA:35,2,5,4
BRF:10
BRH:2
end_of_record
TN:
SF:src\utils\request.js
FN:6,(anonymous_0)
FN:16,(anonymous_1)
FN:17,(anonymous_2)
FN:26,(anonymous_3)
FNF:4
FNH:0
FNDA:0,(anonymous_0)
FNDA:0,(anonymous_1)
FNDA:0,(anonymous_2)
FNDA:0,(anonymous_3)
DA:6,34
DA:7,0
DA:8,0
DA:9,0
DA:10,0
DA:12,0
DA:15,34
DA:16,0
DA:18,0
DA:19,0
DA:20,0
DA:22,0
DA:26,34
LF:13
LH:3
BRDA:9,0,0,0
BRDA:9,0,1,0
BRDA:19,1,0,0
BRDA:19,1,1,0
BRF:4
BRH:0
end_of_record
TN:
SF:src\utils\testHelper.js
FN:17,(anonymous_0)
FN:29,(anonymous_1)
FN:31,(anonymous_2)
FN:31,(anonymous_3)
FN:31,(anonymous_4)
FNF:5
FNH:2
FNDA:114,(anonymous_0)
FNDA:112,(anonymous_1)
FNDA:0,(anonymous_2)
FNDA:0,(anonymous_3)
FNDA:0,(anonymous_4)
DA:12,34
DA:17,34
DA:18,114
DA:25,34
DA:29,112
DA:31,34
LF:6
LH:6
BRF:0
BRH:0
end_of_record
