TN:
SF:config\development.js
FNF:0
FNH:0
LF:0
LH:0
BRF:0
BRH:0
end_of_record
TN:
SF:config\index.js
FNF:0
FNH:0
DA:5,10
DA:7,10
DA:9,10
LF:3
LH:3
BRDA:5,0,0,10
BRDA:5,0,1,0
BRF:2
BRH:1
end_of_record
TN:
SF:config\production.js
FNF:0
FNH:0
LF:0
LH:0
BRF:0
BRH:0
end_of_record
TN:
SF:config\test.env.js
FNF:0
FNH:0
LF:0
LH:0
BRF:0
BRH:0
end_of_record
TN:
SF:src\components\NutritionCard\index.jsx
FN:5,(anonymous_0)
FNF:1
FNH:1
FNDA:3,(anonymous_0)
DA:5,1
DA:6,3
DA:19,1
LF:3
LH:3
BRF:0
BRH:0
end_of_record
TN:
SF:src\components\diary\CalorieCounter\index.jsx
FN:10,(anonymous_0)
FN:16,(anonymous_1)
FN:17,(anonymous_2)
FNF:3
FNH:3
FNDA:5,(anonymous_0)
FNDA:1,(anonymous_1)
FNDA:1,(anonymous_2)
DA:10,1
DA:11,5
DA:13,5
DA:14,5
DA:16,5
DA:17,5
DA:19,5
DA:61,1
LF:8
LH:8
BRDA:38,0,0,1
BRDA:38,0,1,4
BRF:2
BRH:2
end_of_record
TN:
SF:src\components\diary\DiaryDate\index.jsx
FN:13,(anonymous_0)
FN:17,(anonymous_1)
FN:18,(anonymous_2)
FN:25,(anonymous_3)
FN:26,(anonymous_4)
FN:33,(anonymous_5)
FN:37,(anonymous_6)
FN:74,(anonymous_7)
FNF:8
FNH:1
FNDA:2,(anonymous_0)
FNDA:0,(anonymous_1)
FNDA:0,(anonymous_2)
FNDA:0,(anonymous_3)
FNDA:0,(anonymous_4)
FNDA:0,(anonymous_5)
FNDA:0,(anonymous_6)
FNDA:0,(anonymous_7)
DA:13,1
DA:14,2
DA:15,2
DA:17,2
DA:18,0
DA:19,0
DA:20,0
DA:21,0
DA:25,2
DA:26,0
DA:27,0
DA:28,0
DA:29,0
DA:33,2
DA:34,0
DA:37,2
DA:38,0
DA:41,2
DA:48,2
DA:75,0
DA:76,0
DA:84,1
LF:22
LH:10
BRF:0
BRH:0
end_of_record
TN:
SF:src\components\diary\MacronutrientBar\index.jsx
FN:5,(anonymous_0)
FN:12,(anonymous_1)
FN:13,(anonymous_2)
FNF:3
FNH:3
FNDA:5,(anonymous_0)
FNDA:1,(anonymous_1)
FNDA:1,(anonymous_2)
DA:5,1
DA:6,5
DA:7,5
DA:9,5
DA:12,1
DA:13,1
DA:27,1
LF:7
LH:7
BRDA:7,0,0,5
BRDA:7,0,1,0
BRDA:22,1,0,1
BRDA:22,1,1,4
BRF:4
BRH:3
end_of_record
TN:
SF:src\components\profile\ProfileMenu\index.jsx
FN:13,(anonymous_0)
FN:18,(anonymous_1)
FN:23,(anonymous_2)
FN:27,(anonymous_3)
FN:53,(anonymous_4)
FN:59,(anonymous_5)
FN:65,(anonymous_6)
FN:71,(anonymous_7)
FNF:8
FNH:0
FNDA:0,(anonymous_0)
FNDA:0,(anonymous_1)
FNDA:0,(anonymous_2)
FNDA:0,(anonymous_3)
FNDA:0,(anonymous_4)
FNDA:0,(anonymous_5)
FNDA:0,(anonymous_6)
FNDA:0,(anonymous_7)
DA:13,1
DA:14,0
DA:15,0
DA:16,0
DA:18,0
DA:19,0
DA:20,0
DA:23,0
DA:24,0
DA:27,0
DA:28,0
DA:30,0
DA:53,0
DA:59,0
DA:65,0
DA:71,0
DA:88,1
LF:17
LH:2
BRF:0
BRH:0
end_of_record
TN:
SF:src\components\ui\BottomNavbar\index.jsx
FN:8,(anonymous_0)
FN:12,(anonymous_1)
FN:14,(anonymous_2)
FN:24,(anonymous_3)
FN:34,(anonymous_4)
FN:44,(anonymous_5)
FN:54,(anonymous_6)
FNF:7
FNH:7
FNDA:8,(anonymous_0)
FNDA:32,(anonymous_1)
FNDA:32,(anonymous_2)
FNDA:1,(anonymous_3)
FNDA:1,(anonymous_4)
FNDA:1,(anonymous_5)
FNDA:1,(anonymous_6)
DA:8,1
DA:9,8
DA:10,8
DA:12,32
DA:14,32
DA:16,8
DA:24,1
DA:34,1
DA:44,1
DA:54,1
LF:10
LH:10
BRDA:14,0,0,8
BRDA:14,0,1,24
BRF:2
BRH:2
end_of_record
TN:
SF:src\components\ui\Loader\index.jsx
FN:7,(anonymous_0)
FNF:1
FNH:1
FNDA:3,(anonymous_0)
DA:7,1
DA:8,3
DA:19,1
LF:3
LH:3
BRDA:12,0,0,3
BRDA:12,0,1,1
BRF:2
BRH:2
end_of_record
TN:
SF:src\components\ui\Logo\index.jsx
FN:6,(anonymous_0)
FNF:1
FNH:1
FNDA:7,(anonymous_0)
DA:6,1
DA:7,7
DA:12,1
LF:3
LH:3
BRF:0
BRH:0
end_of_record
TN:
SF:src\components\ui\Navbar\index.jsx
FN:22,(anonymous_0)
FN:26,(anonymous_1)
FN:36,(anonymous_2)
FN:46,(anonymous_3)
FN:49,(anonymous_4)
FNF:5
FNH:4
FNDA:7,(anonymous_0)
FNDA:7,(anonymous_1)
FNDA:0,(anonymous_2)
FNDA:1,(anonymous_3)
FNDA:1,(anonymous_4)
DA:22,1
DA:23,7
DA:24,7
DA:26,7
DA:27,7
DA:28,0
DA:32,7
DA:36,0
DA:46,1
DA:49,1
DA:65,1
DA:71,1
LF:12
LH:10
BRDA:27,0,0,0
BRDA:27,0,1,7
BRDA:37,1,0,7
BRDA:37,1,1,0
BRDA:44,2,0,7
BRDA:44,2,1,7
BRDA:57,3,0,7
BRDA:57,3,1,0
BRF:8
BRH:5
end_of_record
TN:
SF:src\components\ui\NutritionPopup\index.jsx
FN:11,(anonymous_0)
FNF:1
FNH:1
FNDA:3,(anonymous_0)
DA:11,1
DA:12,3
DA:66,1
LF:3
LH:3
BRF:0
BRH:0
end_of_record
TN:
SF:src\components\ui\PopupMessage\Dialog.jsx
FN:9,(anonymous_0)
FNF:1
FNH:1
FNDA:3,(anonymous_0)
DA:9,1
DA:10,3
DA:25,1
LF:3
LH:3
BRDA:13,0,0,3
BRDA:13,0,1,0
BRDA:16,1,0,3
BRDA:16,1,1,0
BRF:4
BRH:2
end_of_record
TN:
SF:src\components\ui\PrimaryButton\index.jsx
FN:5,(anonymous_0)
FNF:1
FNH:1
FNDA:7,(anonymous_0)
DA:5,1
DA:6,7
DA:16,1
LF:3
LH:3
BRDA:5,0,0,7
BRDA:7,1,0,7
BRDA:7,1,1,0
BRF:3
BRH:2
end_of_record
TN:
SF:src\components\ui\SearchBar\index.jsx
FN:12,(anonymous_0)
FN:17,(anonymous_1)
FN:22,(anonymous_2)
FN:34,(anonymous_3)
FNF:4
FNH:1
FNDA:8,(anonymous_0)
FNDA:0,(anonymous_1)
FNDA:0,(anonymous_2)
FNDA:0,(anonymous_3)
DA:12,2
DA:13,8
DA:14,8
DA:15,8
DA:17,8
DA:18,0
DA:19,0
DA:22,8
DA:23,0
DA:24,0
DA:27,8
DA:34,0
DA:44,2
LF:13
LH:8
BRDA:23,0,0,0
BRDA:23,0,1,0
BRF:2
BRH:0
end_of_record
TN:
SF:src\components\ui\SecondaryButton\index.jsx
FN:5,(anonymous_0)
FNF:1
FNH:1
FNDA:7,(anonymous_0)
DA:5,1
DA:6,7
DA:11,1
LF:3
LH:3
BRF:0
BRH:0
end_of_record
TN:
SF:src\components\ui\Sidebar\index.jsx
FN:10,(anonymous_0)
FN:15,(anonymous_1)
FN:19,(anonymous_2)
FN:21,(anonymous_3)
FN:29,(anonymous_4)
FN:38,(anonymous_5)
FN:47,(anonymous_6)
FN:56,(anonymous_7)
FNF:8
FNH:8
FNDA:15,(anonymous_0)
FNDA:7,(anonymous_1)
FNDA:32,(anonymous_2)
FNDA:32,(anonymous_3)
FNDA:1,(anonymous_4)
FNDA:1,(anonymous_5)
FNDA:1,(anonymous_6)
FNDA:1,(anonymous_7)
DA:10,1
DA:11,15
DA:12,15
DA:13,15
DA:15,15
DA:16,7
DA:19,32
DA:21,32
DA:23,15
DA:29,1
DA:38,1
DA:47,1
DA:56,1
DA:73,1
LF:14
LH:14
BRDA:21,0,0,8
BRDA:21,0,1,24
BRDA:25,1,0,15
BRDA:25,1,1,8
BRDA:67,2,0,8
BRDA:67,2,1,7
BRF:6
BRH:6
end_of_record
TN:
SF:src\components\ui\ThemeToggle\index.jsx
FN:9,(anonymous_0)
FN:12,(anonymous_1)
FNF:2
FNH:1
FNDA:7,(anonymous_0)
FNDA:0,(anonymous_1)
DA:9,1
DA:10,7
DA:12,7
DA:13,0
DA:16,7
DA:23,1
LF:6
LH:5
BRDA:13,0,0,0
BRDA:13,0,1,0
BRDA:18,1,0,7
BRDA:18,1,1,0
BRF:4
BRH:1
end_of_record
TN:
SF:src\components\ui\TranslateDropdown\index.jsx
FN:14,(anonymous_0)
FN:19,(anonymous_1)
FN:23,(anonymous_2)
FN:27,(anonymous_3)
FN:42,(anonymous_4)
FN:50,(anonymous_5)
FNF:6
FNH:1
FNDA:7,(anonymous_0)
FNDA:0,(anonymous_1)
FNDA:0,(anonymous_2)
FNDA:0,(anonymous_3)
FNDA:0,(anonymous_4)
FNDA:0,(anonymous_5)
DA:14,1
DA:15,7
DA:16,7
DA:17,7
DA:19,7
DA:20,0
DA:23,7
DA:24,0
DA:27,7
DA:28,0
DA:29,0
DA:31,0
DA:34,7
DA:42,0
DA:50,0
DA:63,1
DA:67,1
LF:17
LH:10
BRDA:28,0,0,0
BRDA:28,0,1,0
BRDA:37,1,0,7
BRDA:37,1,1,0
BRF:4
BRH:1
end_of_record
TN:
SF:src\containers\Client\actions.js
FN:16,(anonymous_0)
FN:21,(anonymous_1)
FN:26,(anonymous_2)
FN:32,(anonymous_3)
FN:38,(anonymous_4)
FN:44,(anonymous_5)
FN:50,(anonymous_6)
FN:55,(anonymous_7)
FN:60,(anonymous_8)
FN:64,(anonymous_9)
FN:71,(anonymous_10)
FN:76,(anonymous_11)
FNF:12
FNH:0
FNDA:0,(anonymous_0)
FNDA:0,(anonymous_1)
FNDA:0,(anonymous_2)
FNDA:0,(anonymous_3)
FNDA:0,(anonymous_4)
FNDA:0,(anonymous_5)
FNDA:0,(anonymous_6)
FNDA:0,(anonymous_7)
FNDA:0,(anonymous_8)
FNDA:0,(anonymous_9)
FNDA:0,(anonymous_10)
FNDA:0,(anonymous_11)
DA:16,10
DA:21,10
DA:26,10
DA:32,10
DA:38,10
DA:44,10
DA:50,10
DA:55,10
DA:60,10
DA:64,10
DA:71,10
DA:76,10
LF:12
LH:12
BRF:0
BRH:0
end_of_record
TN:
SF:src\containers\Client\saga.js
FN:26,doRegister
FN:44,doResendVerificationEmail
FN:61,doLogin
FN:82,doAdminLogin
FN:102,doVerifyOtp
FN:118,doForgotPassword
FN:134,doResetPassword
FN:151,clientSaga
FNF:8
FNH:1
FNDA:0,doRegister
FNDA:0,doResendVerificationEmail
FNDA:0,doLogin
FNDA:0,doAdminLogin
FNDA:0,doVerifyOtp
FNDA:0,doForgotPassword
FNDA:0,doResetPassword
FNDA:10,clientSaga
DA:27,0
DA:28,0
DA:29,0
DA:30,0
DA:31,0
DA:32,0
DA:34,0
DA:35,0
DA:37,0
DA:40,0
DA:45,0
DA:46,0
DA:47,0
DA:48,0
DA:49,0
DA:51,0
DA:52,0
DA:54,0
DA:57,0
DA:62,0
DA:63,0
DA:64,0
DA:65,0
DA:67,0
DA:68,0
DA:69,0
DA:70,0
DA:72,0
DA:73,0
DA:75,0
DA:78,0
DA:83,0
DA:84,0
DA:85,0
DA:86,0
DA:88,0
DA:89,0
DA:90,0
DA:92,0
DA:93,0
DA:95,0
DA:98,0
DA:103,0
DA:104,0
DA:105,0
DA:106,0
DA:108,0
DA:109,0
DA:111,0
DA:114,0
DA:119,0
DA:120,0
DA:121,0
DA:122,0
DA:124,0
DA:125,0
DA:127,0
DA:130,0
DA:135,0
DA:136,0
DA:137,0
DA:138,0
DA:139,0
DA:140,0
DA:142,0
DA:143,0
DA:145,0
DA:148,0
DA:152,10
DA:153,10
DA:154,10
DA:155,10
DA:156,10
DA:157,10
DA:158,10
LF:75
LH:7
BRDA:34,0,0,0
BRDA:34,0,1,0
BRDA:34,1,0,0
BRDA:34,1,1,0
BRDA:51,2,0,0
BRDA:51,2,1,0
BRDA:51,3,0,0
BRDA:51,3,1,0
BRDA:72,4,0,0
BRDA:72,4,1,0
BRDA:72,5,0,0
BRDA:72,5,1,0
BRDA:92,6,0,0
BRDA:92,6,1,0
BRDA:92,7,0,0
BRDA:92,7,1,0
BRDA:108,8,0,0
BRDA:108,8,1,0
BRDA:108,9,0,0
BRDA:108,9,1,0
BRDA:124,10,0,0
BRDA:124,10,1,0
BRDA:124,11,0,0
BRDA:124,11,1,0
BRDA:142,12,0,0
BRDA:142,12,1,0
BRDA:142,13,0,0
BRDA:142,13,1,0
BRF:28
BRH:0
end_of_record
TN:
SF:src\containers\Language\constants.js
FNF:0
FNH:0
DA:1,10
DA:2,10
LF:2
LH:2
BRF:0
BRH:0
end_of_record
TN:
SF:src\languages\en.js
FNF:0
FNH:0
LF:0
LH:0
BRF:0
BRH:0
end_of_record
TN:
SF:src\languages\id.js
FNF:0
FNH:0
LF:0
LH:0
BRF:0
BRH:0
end_of_record
TN:
SF:src\utils\request.js
FN:6,(anonymous_0)
FN:16,(anonymous_1)
FN:17,(anonymous_2)
FN:26,(anonymous_3)
FNF:4
FNH:0
FNDA:0,(anonymous_0)
FNDA:0,(anonymous_1)
FNDA:0,(anonymous_2)
FNDA:0,(anonymous_3)
DA:6,10
DA:7,0
DA:8,0
DA:9,0
DA:10,0
DA:12,0
DA:15,10
DA:16,0
DA:18,0
DA:19,0
DA:20,0
DA:22,0
DA:26,10
LF:13
LH:3
BRDA:9,0,0,0
BRDA:9,0,1,0
BRDA:19,1,0,0
BRDA:19,1,1,0
BRF:4
BRH:0
end_of_record
TN:
SF:src\utils\testHelper.js
FN:17,(anonymous_0)
FN:29,(anonymous_1)
FN:31,(anonymous_2)
FN:31,(anonymous_3)
FN:31,(anonymous_4)
FNF:5
FNH:2
FNDA:43,(anonymous_0)
FNDA:41,(anonymous_1)
FNDA:0,(anonymous_2)
FNDA:0,(anonymous_3)
FNDA:0,(anonymous_4)
DA:12,10
DA:17,10
DA:18,43
DA:25,10
DA:29,41
DA:31,10
LF:6
LH:6
BRF:0
BRH:0
end_of_record
